#
# There is insufficient memory for the Java Runtime Environment to continue.
# Native memory allocation (malloc) failed to allocate 1048576 bytes. Error detail: AllocateHeap
# Possible reasons:
#   The system is out of physical RAM or swap space
#   This process is running with CompressedOops enabled, and the Java Heap may be blocking the growth of the native heap
# Possible solutions:
#   Reduce memory load on the system
#   Increase physical memory or swap space
#   Check if swap backing store is full
#   Decrease Java heap size (-Xmx/-Xms)
#   Decrease number of Java threads
#   Decrease Java thread stack sizes (-Xss)
#   Set larger code cache with -XX:ReservedCodeCacheSize=
#   JVM is running with Unscaled Compressed Oops mode in which the Java heap is
#     placed in the first 4GB address space. The Java Heap base address is the
#     maximum limit for the native heap growth. Please use -XX:HeapBaseMinAddress
#     to set the Java Heap base and to place the Java Heap above 4GB virtual address.
# This output file may be truncated or incomplete.
#
#  Out of Memory Error (allocation.cpp:44), pid=20112, tid=18564
#
# JRE version:  (17.0.11+9) (build )
# Java VM: OpenJDK 64-Bit Server VM (17.0.11+9, mixed mode, tiered, compressed oops, compressed class ptrs, parallel gc, windows-amd64)
# No core dump will be written. Minidumps are not enabled by default on client versions of Windows
#

---------------  S U M M A R Y ------------

Command Line: --add-modules=ALL-SYSTEM --add-opens=java.base/java.util=ALL-UNNAMED --add-opens=java.base/java.lang=ALL-UNNAMED --add-opens=java.base/sun.nio.fs=ALL-UNNAMED -Declipse.application=org.eclipse.jdt.ls.core.id1 -Dosgi.bundles.defaultStartLevel=4 -Declipse.product=org.eclipse.jdt.ls.core.product -Djava.import.generatesMetadataFilesAtProjectRoot=false -DDetectVMInstallationsJob.disabled=true -Dfile.encoding=utf8 -XX:+UseParallelGC -XX:GCTimeRatio=4 -XX:AdaptiveSizePolicyWeight=90 -Dsun.zip.disableMemoryMapping=true -Xmx1G -Xms100m -Xlog:disable -javaagent:c:\Users\varma\.vscode\extensions\redhat.java-1.32.0-win32-x64\lombok\lombok-1.18.33.jar -XX:+HeapDumpOnOutOfMemoryError -XX:HeapDumpPath=c:\Users\varma\AppData\Roaming\Code\User\workspaceStorage\bdf171c65d0104ca5f6174ad7a05614d\redhat.java -Daether.dependencyCollector.impl=bf c:\Users\varma\.vscode\extensions\redhat.java-1.32.0-win32-x64\server\plugins\org.eclipse.equinox.launcher_1.6.900.v20240613-2009.jar -configuration c:\Users\varma\AppData\Roaming\Code\User\globalStorage\redhat.java\1.32.0\config_win -data c:\Users\varma\AppData\Roaming\Code\User\workspaceStorage\bdf171c65d0104ca5f6174ad7a05614d\redhat.java\jdt_ws --pipe=\\.\pipe\lsp-70e2c0b3d4717c7bb617725ba2f16e7b-sock

Host: Intel(R) Core(TM) i5-10210U CPU @ 1.60GHz, 8 cores, 11G,  Windows 10 , 64 bit Build 21996 (10.0.21996.1)
Time: Thu Jul  4 21:21:30 2024 India Standard Time elapsed time: 0.086803 seconds (0d 0h 0m 0s)

---------------  T H R E A D  ---------------

Current thread (0x000001d172741e40):  JavaThread "Unknown thread" [_thread_in_vm, id=18564, stack(0x0000000c97000000,0x0000000c97100000)]

Stack: [0x0000000c97000000,0x0000000c97100000]
Native frames: (J=compiled Java code, j=interpreted, Vv=VM code, C=native code)
V  [jvm.dll+0x67d429]
V  [jvm.dll+0x834b7a]
V  [jvm.dll+0x83663e]
V  [jvm.dll+0x836ca3]
V  [jvm.dll+0x247dbf]
V  [jvm.dll+0xa6cb3]
V  [jvm.dll+0x6b0076]
V  [jvm.dll+0x6b0ce9]
V  [jvm.dll+0x689b53]
V  [jvm.dll+0x806c4b]
V  [jvm.dll+0x36c5e4]
V  [jvm.dll+0x7e4f56]
V  [jvm.dll+0x3efdcf]
V  [jvm.dll+0x3f1921]
C  [jli.dll+0x528f]
C  [ucrtbase.dll+0x26c0c]
C  [KERNEL32.DLL+0x154e0]
C  [ntdll.dll+0x485b]


---------------  P R O C E S S  ---------------

Threads class SMR info:
_java_thread_list=0x00007ff9fe1aeed8, length=0, elements={
}

Java Threads: ( => current thread )

Other Threads:
  0x000001d172756b10 GCTaskThread "GC Thread#0" [stack: 0x0000000c97100000,0x0000000c97200000] [id=6636]

=>0x000001d172741e40 (exited) JavaThread "Unknown thread" [_thread_in_vm, id=18564, stack(0x0000000c97000000,0x0000000c97100000)]

Threads with active compile tasks:

VM state: not at safepoint (normal execution)

VM Mutex/Monitor currently owned by a thread: None

Heap address: 0x00000000c0000000, size: 1024 MB, Compressed Oops mode: 32-bit

CDS archive(s) not mapped
Compressed class space mapped at: 0x0000000100000000-0x0000000140000000, reserved size: 1073741824
Narrow klass base: 0x0000000000000000, Narrow klass shift: 3, Narrow klass range: 0x140000000

GC Precious Log:
 CPUs: 8 total, 8 available
 Memory: 12091M
 Large Page Support: Disabled
 NUMA Support: Disabled
 Compressed Oops: Enabled (32-bit)
 Alignments: Space 512K, Generation 512K, Heap 2M
 Heap Min Capacity: 100M
 Heap Initial Capacity: 100M
 Heap Max Capacity: 1G
 Pre-touch: Disabled
 Parallel Workers: 8

Heap:
 PSYoungGen      total 29696K, used 512K [0x00000000eab00000, 0x00000000ecc00000, 0x0000000100000000)
  eden space 25600K, 2% used [0x00000000eab00000,0x00000000eab80070,0x00000000ec400000)
  from space 4096K, 0% used [0x00000000ec800000,0x00000000ec800000,0x00000000ecc00000)
  to   space 4096K, 0% used [0x00000000ec400000,0x00000000ec400000,0x00000000ec800000)
 ParOldGen       total 68608K, used 0K [0x00000000c0000000, 0x00000000c4300000, 0x00000000eab00000)
  object space 68608K, 0% used [0x00000000c0000000,0x00000000c0000000,0x00000000c4300000)
 Metaspace       used 1149K, committed 1216K, reserved 1114112K
  class space    used 101K, committed 128K, reserved 1048576K

Card table byte_map: [0x000001d1720e0000,0x000001d1722f0000] _byte_map_base: 0x000001d171ae0000

Marking Bits: (ParMarkBitMap*) 0x00007ff9fe21d820
 Begin Bits: [0x000001d1753e0000, 0x000001d1763e0000)
 End Bits:   [0x000001d1763e0000, 0x000001d1773e0000)

Polling page: 0x000001d1706d0000

Metaspace:

Usage:
  Non-class:      1.02 MB used.
      Class:    101.05 KB used.
       Both:      1.12 MB used.

Virtual space:
  Non-class space:       64.00 MB reserved,       1.06 MB (  2%) committed,  1 nodes.
      Class space:        1.00 GB reserved,     128.00 KB ( <1%) committed,  1 nodes.
             Both:        1.06 GB reserved,       1.19 MB ( <1%) committed. 

Chunk freelists:
   Non-Class:  12.00 MB
       Class:  15.75 MB
        Both:  27.75 MB

MaxMetaspaceSize: unlimited
CompressedClassSpaceSize: 1.00 GB
Initial GC threshold: 21.00 MB
Current GC threshold: 17179869184.00 GB
CDS: off
MetaspaceReclaimPolicy: balanced
 - commit_granule_bytes: 65536.
 - commit_granule_words: 8192.
 - virtual_space_node_default_size: 8388608.
 - enlarge_chunks_in_place: 1.
 - new_chunks_are_fully_committed: 0.
 - uncommit_free_chunks: 1.
 - use_allocation_guard: 0.
 - handle_deallocations: 1.


Internal statistics:

num_allocs_failed_limit: 0.
num_arena_births: 2.
num_arena_deaths: 0.
num_vsnodes_births: 2.
num_vsnodes_deaths: 0.
num_space_committed: 19.
num_space_uncommitted: 0.
num_chunks_returned_to_freelist: 0.
num_chunks_taken_from_freelist: 3.
num_chunk_merges: 0.
num_chunk_splits: 2.
num_chunks_enlarged: 0.
num_inconsistent_stats: 0.

CodeHeap 'non-profiled nmethods': size=120000Kb used=0Kb max_used=0Kb free=120000Kb
 bounds [0x000001d107ad0000, 0x000001d107d40000, 0x000001d10f000000]
CodeHeap 'profiled nmethods': size=120000Kb used=0Kb max_used=0Kb free=120000Kb
 bounds [0x000001d100000000, 0x000001d100270000, 0x000001d107530000]
CodeHeap 'non-nmethods': size=5760Kb used=202Kb max_used=353Kb free=5557Kb
 bounds [0x000001d107530000, 0x000001d1077a0000, 0x000001d107ad0000]
 total_blobs=66 nmethods=0 adapters=47
 compilation: enabled
              stopped_count=0, restarted_count=0
 full_count=0

Compilation events (0 events):
No events

GC Heap History (0 events):
No events

Dll operation events (1 events):
Event: 0.016 Loaded shared library c:\Users\varma\.vscode\extensions\redhat.java-1.32.0-win32-x64\jre\17.0.11-win32-x86_64\bin\java.dll

Deoptimization events (0 events):
No events

Classes unloaded (0 events):
No events

Classes redefined (0 events):
No events

Internal exceptions (0 events):
No events

VM Operations (0 events):
No events

Events (20 events):
Event: 0.075 loading class java/lang/Long
Event: 0.076 loading class java/lang/Long done
Event: 0.076 loading class java/util/Iterator
Event: 0.076 loading class java/util/Iterator done
Event: 0.076 loading class java/lang/reflect/RecordComponent
Event: 0.076 loading class java/lang/reflect/RecordComponent done
Event: 0.076 loading class jdk/internal/vm/vector/VectorSupport
Event: 0.077 loading class jdk/internal/vm/vector/VectorSupport done
Event: 0.077 loading class jdk/internal/vm/vector/VectorSupport$VectorPayload
Event: 0.077 loading class jdk/internal/vm/vector/VectorSupport$VectorPayload done
Event: 0.077 loading class jdk/internal/vm/vector/VectorSupport$Vector
Event: 0.077 loading class jdk/internal/vm/vector/VectorSupport$Vector done
Event: 0.077 loading class jdk/internal/vm/vector/VectorSupport$VectorMask
Event: 0.077 loading class jdk/internal/vm/vector/VectorSupport$VectorMask done
Event: 0.077 loading class jdk/internal/vm/vector/VectorSupport$VectorShuffle
Event: 0.077 loading class jdk/internal/vm/vector/VectorSupport$VectorShuffle done
Event: 0.081 loading class java/lang/NullPointerException
Event: 0.082 loading class java/lang/NullPointerException done
Event: 0.082 loading class java/lang/ArithmeticException
Event: 0.082 loading class java/lang/ArithmeticException done


Dynamic libraries:
0x00007ff62ec70000 - 0x00007ff62ec7e000 	c:\Users\varma\.vscode\extensions\redhat.java-1.32.0-win32-x64\jre\17.0.11-win32-x86_64\bin\java.exe
0x00007ffa56760000 - 0x00007ffa56967000 	C:\WINDOWS\SYSTEM32\ntdll.dll
0x00007ffa55b20000 - 0x00007ffa55bdd000 	C:\WINDOWS\System32\KERNEL32.DLL
0x00007ffa53c80000 - 0x00007ffa53ff2000 	C:\WINDOWS\System32\KERNELBASE.dll
0x00007ffa54280000 - 0x00007ffa54391000 	C:\WINDOWS\System32\ucrtbase.dll
0x00007ffa1ff40000 - 0x00007ffa1ff5b000 	c:\Users\varma\.vscode\extensions\redhat.java-1.32.0-win32-x64\jre\17.0.11-win32-x86_64\bin\VCRUNTIME140.dll
0x00007ffa229c0000 - 0x00007ffa229d7000 	c:\Users\varma\.vscode\extensions\redhat.java-1.32.0-win32-x64\jre\17.0.11-win32-x86_64\bin\jli.dll
0x00007ffa54b80000 - 0x00007ffa54d2c000 	C:\WINDOWS\System32\USER32.dll
0x00007ffa54000000 - 0x00007ffa54026000 	C:\WINDOWS\System32\win32u.dll
0x00007ffa56280000 - 0x00007ffa562a9000 	C:\WINDOWS\System32\GDI32.dll
0x00007ffa54160000 - 0x00007ffa54272000 	C:\WINDOWS\System32\gdi32full.dll
0x00007ffa54420000 - 0x00007ffa544bd000 	C:\WINDOWS\System32\msvcp_win.dll
0x00007ffa1d330000 - 0x00007ffa1d5d5000 	C:\WINDOWS\WinSxS\amd64_microsoft.windows.common-controls_6595b64144ccf1df_6.0.21996.1_none_7d6b053978bcd706\COMCTL32.dll
0x00007ffa56010000 - 0x00007ffa560b3000 	C:\WINDOWS\System32\msvcrt.dll
0x00007ffa54da0000 - 0x00007ffa54dd1000 	C:\WINDOWS\System32\IMM32.DLL
0x00007ffa367c0000 - 0x00007ffa367cc000 	c:\Users\varma\.vscode\extensions\redhat.java-1.32.0-win32-x64\jre\17.0.11-win32-x86_64\bin\vcruntime140_1.dll
0x00007ffa10a40000 - 0x00007ffa10acd000 	c:\Users\varma\.vscode\extensions\redhat.java-1.32.0-win32-x64\jre\17.0.11-win32-x86_64\bin\msvcp140.dll
0x00007ff9fd680000 - 0x00007ff9fe2e2000 	c:\Users\varma\.vscode\extensions\redhat.java-1.32.0-win32-x64\jre\17.0.11-win32-x86_64\bin\server\jvm.dll
0x00007ffa54a30000 - 0x00007ffa54adc000 	C:\WINDOWS\System32\ADVAPI32.dll
0x00007ffa54ae0000 - 0x00007ffa54b7d000 	C:\WINDOWS\System32\sechost.dll
0x00007ffa55be0000 - 0x00007ffa55d01000 	C:\WINDOWS\System32\RPCRT4.dll
0x00007ffa526c0000 - 0x00007ffa5270d000 	C:\WINDOWS\SYSTEM32\POWRPROF.dll
0x00007ffa2efb0000 - 0x00007ffa2efb9000 	C:\WINDOWS\SYSTEM32\WSOCK32.dll
0x00007ffa55a50000 - 0x00007ffa55abf000 	C:\WINDOWS\System32\WS2_32.dll
0x00007ffa4d540000 - 0x00007ffa4d573000 	C:\WINDOWS\SYSTEM32\WINMM.dll
0x00007ffa4d3a0000 - 0x00007ffa4d3aa000 	C:\WINDOWS\SYSTEM32\VERSION.dll
0x00007ffa527b0000 - 0x00007ffa527c3000 	C:\WINDOWS\SYSTEM32\UMPDC.dll
0x00007ffa52ea0000 - 0x00007ffa52eb7000 	C:\WINDOWS\SYSTEM32\kernel.appcore.dll
0x00007ffa341a0000 - 0x00007ffa341aa000 	c:\Users\varma\.vscode\extensions\redhat.java-1.32.0-win32-x64\jre\17.0.11-win32-x86_64\bin\jimage.dll
0x00007ffa51800000 - 0x00007ffa51a21000 	C:\WINDOWS\SYSTEM32\DBGHELP.DLL
0x00007ffa331b0000 - 0x00007ffa331e1000 	C:\WINDOWS\SYSTEM32\dbgcore.DLL
0x00007ffa543a0000 - 0x00007ffa54420000 	C:\WINDOWS\System32\bcryptPrimitives.dll
0x00007ffa33900000 - 0x00007ffa3390e000 	c:\Users\varma\.vscode\extensions\redhat.java-1.32.0-win32-x64\jre\17.0.11-win32-x86_64\bin\instrument.dll
0x00007ffa16060000 - 0x00007ffa16085000 	c:\Users\varma\.vscode\extensions\redhat.java-1.32.0-win32-x64\jre\17.0.11-win32-x86_64\bin\java.dll
0x00007ffa1aa90000 - 0x00007ffa1aaa8000 	c:\Users\varma\.vscode\extensions\redhat.java-1.32.0-win32-x64\jre\17.0.11-win32-x86_64\bin\zip.dll

dbghelp: loaded successfully - version: 4.0.5 - missing functions: none
symbol engine: initialized successfully - sym options: 0x614 - pdb path: .;c:\Users\varma\.vscode\extensions\redhat.java-1.32.0-win32-x64\jre\17.0.11-win32-x86_64\bin;C:\WINDOWS\SYSTEM32;C:\WINDOWS\WinSxS\amd64_microsoft.windows.common-controls_6595b64144ccf1df_6.0.21996.1_none_7d6b053978bcd706;c:\Users\varma\.vscode\extensions\redhat.java-1.32.0-win32-x64\jre\17.0.11-win32-x86_64\bin\server

VM Arguments:
jvm_args: --add-modules=ALL-SYSTEM --add-opens=java.base/java.util=ALL-UNNAMED --add-opens=java.base/java.lang=ALL-UNNAMED --add-opens=java.base/sun.nio.fs=ALL-UNNAMED -Declipse.application=org.eclipse.jdt.ls.core.id1 -Dosgi.bundles.defaultStartLevel=4 -Declipse.product=org.eclipse.jdt.ls.core.product -Djava.import.generatesMetadataFilesAtProjectRoot=false -DDetectVMInstallationsJob.disabled=true -Dfile.encoding=utf8 -XX:+UseParallelGC -XX:GCTimeRatio=4 -XX:AdaptiveSizePolicyWeight=90 -Dsun.zip.disableMemoryMapping=true -Xmx1G -Xms100m -Xlog:disable -javaagent:c:\Users\varma\.vscode\extensions\redhat.java-1.32.0-win32-x64\lombok\lombok-1.18.33.jar -XX:+HeapDumpOnOutOfMemoryError -XX:HeapDumpPath=c:\Users\varma\AppData\Roaming\Code\User\workspaceStorage\bdf171c65d0104ca5f6174ad7a05614d\redhat.java -Daether.dependencyCollector.impl=bf 
java_command: c:\Users\varma\.vscode\extensions\redhat.java-1.32.0-win32-x64\server\plugins\org.eclipse.equinox.launcher_1.6.900.v20240613-2009.jar -configuration c:\Users\varma\AppData\Roaming\Code\User\globalStorage\redhat.java\1.32.0\config_win -data c:\Users\varma\AppData\Roaming\Code\User\workspaceStorage\bdf171c65d0104ca5f6174ad7a05614d\redhat.java\jdt_ws --pipe=\\.\pipe\lsp-70e2c0b3d4717c7bb617725ba2f16e7b-sock
java_class_path (initial): c:\Users\varma\.vscode\extensions\redhat.java-1.32.0-win32-x64\server\plugins\org.eclipse.equinox.launcher_1.6.900.v20240613-2009.jar
Launcher Type: SUN_STANDARD

[Global flags]
    uintx AdaptiveSizePolicyWeight                 = 90                                        {product} {command line}
     intx CICompilerCount                          = 4                                         {product} {ergonomic}
    uintx GCTimeRatio                              = 4                                         {product} {command line}
     bool HeapDumpOnOutOfMemoryError               = true                                   {manageable} {command line}
    ccstr HeapDumpPath                             = c:\Users\varma\AppData\Roaming\Code\User\workspaceStorage\bdf171c65d0104ca5f6174ad7a05614d\redhat.java         {manageable} {command line}
   size_t InitialHeapSize                          = 104857600                                 {product} {command line}
   size_t MaxHeapSize                              = 1073741824                                {product} {command line}
   size_t MaxNewSize                               = 357564416                                 {product} {ergonomic}
   size_t MinHeapDeltaBytes                        = 524288                                    {product} {ergonomic}
   size_t MinHeapSize                              = 104857600                                 {product} {command line}
   size_t NewSize                                  = 34603008                                  {product} {ergonomic}
    uintx NonNMethodCodeHeapSize                   = 5839372                                {pd product} {ergonomic}
    uintx NonProfiledCodeHeapSize                  = 122909434                              {pd product} {ergonomic}
   size_t OldSize                                  = 70254592                                  {product} {ergonomic}
    uintx ProfiledCodeHeapSize                     = 122909434                              {pd product} {ergonomic}
    uintx ReservedCodeCacheSize                    = 251658240                              {pd product} {ergonomic}
     bool SegmentedCodeCache                       = true                                      {product} {ergonomic}
   size_t SoftMaxHeapSize                          = 1073741824                             {manageable} {ergonomic}
     bool UseCompressedClassPointers               = true                           {product lp64_product} {ergonomic}
     bool UseCompressedOops                        = true                           {product lp64_product} {ergonomic}
     bool UseLargePagesIndividualAllocation        = false                                  {pd product} {ergonomic}
     bool UseParallelGC                            = true                                      {product} {command line}

Logging:
Log output configuration:
 #0: stdout all=off uptime,level,tags
 #1: stderr all=off uptime,level,tags

Environment Variables:
JAVA_HOME=C:\Program Files\Java\jdk-18.0.1.1
CLASSPATH=C:\mysql-connector-j-8.1.0.jar;.;
PATH=C:\Windows\System32;C:\Program Files\nodejs\;C:\Program Files\HP\HP One Agent;C:\Android Emulator;C:\Android Emulator\cmdline-tools\tools;C:\Android Emulator\cmdline-tools\tools\bin;C:\Program Files\MySQL\MySQL Server 8.0\bin;C:\Users\varma\Downloads\platform-tools-latest-windows\platform-tools;C:\Program Files\Java\jdk-18.0.1.1\bin;C:\Users\varma\AppData\Local\Programs\Microsoft VS Code\bin;C:\Users\varma\AppData\Roaming\npm;C:\Program Files\Git\bin;;C:\Program Files\JetBrains\IntelliJ IDEA Community Edition 2024.1.2\bin;
USERNAME=varma
OS=Windows_NT
PROCESSOR_IDENTIFIER=Intel64 Family 6 Model 142 Stepping 12, GenuineIntel
TMP=C:\Users\varma\AppData\Local\Temp
TEMP=C:\Users\varma\AppData\Local\Temp



Periodic native trim disabled


---------------  S Y S T E M  ---------------

OS:
 Windows 10 , 64 bit Build 21996 (10.0.21996.1)
OS uptime: 0 days 3:30 hours

CPU: total 8 (initial active 8) (4 cores per cpu, 2 threads per core) family 6 model 142 stepping 12 microcode 0xea, cx8, cmov, fxsr, ht, mmx, 3dnowpref, sse, sse2, sse3, ssse3, sse4.1, sse4.2, popcnt, lzcnt, tsc, tscinvbit, avx, avx2, aes, erms, clmul, bmi1, bmi2, adx, fma, vzeroupper, clflush, clflushopt
Processor Information for all 8 processors :
  Max Mhz: 2112, Current Mhz: 1609, Mhz Limit: 1605

Memory: 4k page, system-wide physical 12091M (1428M free)
TotalPageFile size 16091M (AvailPageFile size 5M)
current process WorkingSet (physical memory assigned to process): 16M, peak: 16M
current process commit charge ("private bytes"): 166M, peak: 167M

vm_info: OpenJDK 64-Bit Server VM (17.0.11+9) for windows-amd64 JRE (17.0.11+9), built on Apr 17 2024 06:07:48 by "admin" with MS VC++ 16.10 / 16.11 (VS2019)

END.
