#
# There is insufficient memory for the Java Runtime Environment to continue.
# Native memory allocation (mmap) failed to map 65536 bytes for Failed to commit metaspace.
# Possible reasons:
#   The system is out of physical RAM or swap space
#   The process is running with CompressedOops enabled, and the Java Heap may be blocking the growth of the native heap
# Possible solutions:
#   Reduce memory load on the system
#   Increase physical memory or swap space
#   Check if swap backing store is full
#   Decrease Java heap size (-Xmx/-Xms)
#   Decrease number of Java threads
#   Decrease Java thread stack sizes (-Xss)
#   Set larger code cache with -XX:ReservedCodeCacheSize=
#   JVM is running with Zero Based Compressed Oops mode in which the Java heap is
#     placed in the first 32GB address space. The Java Heap base address is the
#     maximum limit for the native heap growth. Please use -XX:HeapBaseMinAddress
#     to set the Java Heap base and to place the Java Heap above 32GB virtual address.
# This output file may be truncated or incomplete.
#
#  Out of Memory Error (virtualSpaceNode.cpp:110), pid=14008, tid=7156
#
# JRE version: Java(TM) SE Runtime Environment (18.0.1.1+2) (build 18.0.1.1+2-6)
# Java VM: Java HotSpot(TM) 64-Bit Server VM (18.0.1.1+2-6, mixed mode, sharing, tiered, compressed oops, compressed class ptrs, g1 gc, windows-amd64)
# No core dump will be written. Minidumps are not enabled by default on client versions of Windows
#

---------------  S U M M A R Y ------------

Command Line: -javaagent:C:\Program Files\JetBrains\IntelliJ IDEA Community Edition 2024.1.2\lib\idea_rt.jar=5029:C:\Program Files\JetBrains\IntelliJ IDEA Community Edition 2024.1.2\bin -Dfile.encoding=UTF-8 -Dsun.stdout.encoding=UTF-8 -Dsun.stderr.encoding=UTF-8 com.vms.medxbid.SpringSecurityJwtApplication

Host: Intel(R) Core(TM) i5-10210U CPU @ 1.60GHz, 8 cores, 11G,  Windows 10 , 64 bit Build 21996 (10.0.21996.1)
Time: Thu Jul 11 17:58:37 2024 India Standard Time elapsed time: 8.856212 seconds (0d 0h 0m 8s)

---------------  T H R E A D  ---------------

Current thread (0x0000022148b021d0):  JavaThread "main" [_thread_in_vm, id=7156, stack(0x0000008d25800000,0x0000008d25900000)]

Stack: [0x0000008d25800000,0x0000008d25900000]
Native frames: (J=compiled Java code, j=interpreted, Vv=VM code, C=native code)
V  [jvm.dll+0x69887a]
V  [jvm.dll+0x7f38bd]
V  [jvm.dll+0x7f51ce]
V  [jvm.dll+0x7f5883]
V  [jvm.dll+0x25ca3f]
V  [jvm.dll+0x7ef5cb]
V  [jvm.dll+0x63ea76]
V  [jvm.dll+0x1d721e]
V  [jvm.dll+0x64141b]
V  [jvm.dll+0x64121e]
V  [jvm.dll+0x63f43e]
V  [jvm.dll+0x649ab7]
V  [jvm.dll+0x202381]
V  [jvm.dll+0x2028b5]
V  [jvm.dll+0x2032ef]
V  [jvm.dll+0x1f8781]
V  [jvm.dll+0x55d685]
V  [jvm.dll+0x76db23]
V  [jvm.dll+0x76dc04]
V  [jvm.dll+0x42d234]
V  [jvm.dll+0x432f3f]
C  [java.dll+0x17ec]

Java frames: (J=compiled Java code, j=interpreted, Vv=VM code)
J 778  java.lang.ClassLoader.defineClass1(Ljava/lang/ClassLoader;Ljava/lang/String;[BIILjava/security/ProtectionDomain;Ljava/lang/String;)Ljava/lang/Class; java.base@18.0.1.1 (0 bytes) @ 0x0000022157f43a63 [0x0000022157f439a0+0x00000000000000c3]
J 1457 c1 java.lang.ClassLoader.defineClass(Ljava/lang/String;[BIILjava/security/ProtectionDomain;)Ljava/lang/Class; java.base@18.0.1.1 (43 bytes) @ 0x0000022150c595dc [0x0000022150c59280+0x000000000000035c]
J 1010 c1 java.security.SecureClassLoader.defineClass(Ljava/lang/String;[BIILjava/security/CodeSource;)Ljava/lang/Class; java.base@18.0.1.1 (16 bytes) @ 0x0000022150b8d80c [0x0000022150b8d740+0x00000000000000cc]
J 779 c1 jdk.internal.loader.BuiltinClassLoader.defineClass(Ljava/lang/String;Ljdk/internal/loader/Resource;)Ljava/lang/Class; java.base@18.0.1.1 (121 bytes) @ 0x0000022150b1c9f4 [0x0000022150b1ba80+0x0000000000000f74]
J 876 c1 jdk.internal.loader.BuiltinClassLoader.findClassOnClassPathOrNull(Ljava/lang/String;)Ljava/lang/Class; java.base@18.0.1.1 (64 bytes) @ 0x0000022150b4db3c [0x0000022150b4ce60+0x0000000000000cdc]
J 2727 c2 jdk.internal.loader.BuiltinClassLoader.loadClassOrNull(Ljava/lang/String;Z)Ljava/lang/Class; java.base@18.0.1.1 (143 bytes) @ 0x000002215804309c [0x00000221580420c0+0x0000000000000fdc]
J 4174 c2 java.lang.ClassLoader.loadClass(Ljava/lang/String;)Ljava/lang/Class; java.base@18.0.1.1 (7 bytes) @ 0x0000022158148e94 [0x0000022158148e40+0x0000000000000054]
v  ~StubRoutines::call_stub
j  org.hibernate.boot.model.internal.AnnotationBinder.bindQueries(Lorg/hibernate/annotations/common/reflection/XAnnotatedElement;Lorg/hibernate/boot/spi/MetadataBuildingContext;)V+36
j  org.hibernate.boot.model.internal.AnnotationBinder.bindClass(Lorg/hibernate/annotations/common/reflection/XClass;Ljava/util/Map;Lorg/hibernate/boot/spi/MetadataBuildingContext;)V+6
j  org.hibernate.boot.model.source.internal.annotations.AnnotationMetadataSourceProcessorImpl.processEntityHierarchies(Ljava/util/Set;)V+84
j  org.hibernate.boot.model.process.spi.MetadataBuildingProcess$1.processEntityHierarchies(Ljava/util/Set;)V+63
j  org.hibernate.boot.model.process.spi.MetadataBuildingProcess.complete(Lorg/hibernate/boot/model/process/spi/ManagedResources;Lorg/hibernate/boot/spi/BootstrapContext;Lorg/hibernate/boot/spi/MetadataBuildingOptions;)Lorg/hibernate/boot/spi/MetadataImplementor;+173
j  org.hibernate.jpa.boot.internal.EntityManagerFactoryBuilderImpl.metadata()Lorg/hibernate/boot/spi/MetadataImplementor;+30
j  org.hibernate.jpa.boot.internal.EntityManagerFactoryBuilderImpl.build()Ljakarta/persistence/EntityManagerFactory;+3
j  org.springframework.orm.jpa.vendor.SpringHibernateJpaPersistenceProvider.createContainerEntityManagerFactory(Ljakarta/persistence/spi/PersistenceUnitInfo;Ljava/util/Map;)Ljakarta/persistence/EntityManagerFactory;+59
j  org.springframework.orm.jpa.LocalContainerEntityManagerFactoryBean.createNativeEntityManagerFactory()Ljakarta/persistence/EntityManagerFactory;+111
j  org.springframework.orm.jpa.AbstractEntityManagerFactoryBean.buildNativeEntityManagerFactory()Ljakarta/persistence/EntityManagerFactory;+1
j  org.springframework.orm.jpa.AbstractEntityManagerFactoryBean.afterPropertiesSet()V+192
j  org.springframework.orm.jpa.LocalContainerEntityManagerFactoryBean.afterPropertiesSet()V+84
j  org.springframework.beans.factory.support.AbstractAutowireCapableBeanFactory.invokeInitMethods(Ljava/lang/String;Ljava/lang/Object;Lorg/springframework/beans/factory/support/RootBeanDefinition;)V+56
j  org.springframework.beans.factory.support.AbstractAutowireCapableBeanFactory.initializeBean(Ljava/lang/String;Ljava/lang/Object;Lorg/springframework/beans/factory/support/RootBeanDefinition;)Ljava/lang/Object;+34
j  org.springframework.beans.factory.support.AbstractAutowireCapableBeanFactory.doCreateBean(Ljava/lang/String;Lorg/springframework/beans/factory/support/RootBeanDefinition;[Ljava/lang/Object;)Ljava/lang/Object;+228
j  org.springframework.beans.factory.support.AbstractAutowireCapableBeanFactory.createBean(Ljava/lang/String;Lorg/springframework/beans/factory/support/RootBeanDefinition;[Ljava/lang/Object;)Ljava/lang/Object;+153
j  org.springframework.beans.factory.support.AbstractBeanFactory.lambda$doGetBean$0(Ljava/lang/String;Lorg/springframework/beans/factory/support/RootBeanDefinition;[Ljava/lang/Object;)Ljava/lang/Object;+4
j  org.springframework.beans.factory.support.AbstractBeanFactory$$Lambda$272+0x0000000800daad98.getObject()Ljava/lang/Object;+16
j  org.springframework.beans.factory.support.DefaultSingletonBeanRegistry.getSingleton(Ljava/lang/String;Lorg/springframework/beans/factory/ObjectFactory;)Ljava/lang/Object;+114
J 2520 c1 org.springframework.beans.factory.support.AbstractBeanFactory.doGetBean(Ljava/lang/String;Ljava/lang/Class;[Ljava/lang/Object;Z)Ljava/lang/Object; (740 bytes) @ 0x0000022150ebc6d4 [0x0000022150eba3c0+0x0000000000002314]
j  org.springframework.beans.factory.support.AbstractBeanFactory.getBean(Ljava/lang/String;)Ljava/lang/Object;+5
j  org.springframework.beans.factory.support.BeanDefinitionValueResolver.resolveReference(Ljava/lang/Object;Lorg/springframework/beans/factory/config/RuntimeBeanReference;)Ljava/lang/Object;+145
j  org.springframework.beans.factory.support.BeanDefinitionValueResolver.resolveValueIfNecessary(Ljava/lang/Object;Ljava/lang/Object;)Ljava/lang/Object;+15
j  org.springframework.beans.factory.support.ConstructorResolver.resolveConstructorArguments(Ljava/lang/String;Lorg/springframework/beans/factory/support/RootBeanDefinition;Lorg/springframework/beans/BeanWrapper;Lorg/springframework/beans/factory/config/ConstructorArgumentValues;Lorg/springframework/beans/factory/config/ConstructorArgumentValues;)I+182
j  org.springframework.beans.factory.support.ConstructorResolver.instantiateUsingFactoryMethod(Ljava/lang/String;Lorg/springframework/beans/factory/support/RootBeanDefinition;[Ljava/lang/Object;)Lorg/springframework/beans/BeanWrapper;+588
j  org.springframework.beans.factory.support.AbstractAutowireCapableBeanFactory.instantiateUsingFactoryMethod(Ljava/lang/String;Lorg/springframework/beans/factory/support/RootBeanDefinition;[Ljava/lang/Object;)Lorg/springframework/beans/BeanWrapper;+11
j  org.springframework.beans.factory.support.AbstractAutowireCapableBeanFactory.createBeanInstance(Ljava/lang/String;Lorg/springframework/beans/factory/support/RootBeanDefinition;[Ljava/lang/Object;)Lorg/springframework/beans/BeanWrapper;+89
j  org.springframework.beans.factory.support.AbstractAutowireCapableBeanFactory.doCreateBean(Ljava/lang/String;Lorg/springframework/beans/factory/support/RootBeanDefinition;[Ljava/lang/Object;)Ljava/lang/Object;+34
j  org.springframework.beans.factory.support.AbstractAutowireCapableBeanFactory.createBean(Ljava/lang/String;Lorg/springframework/beans/factory/support/RootBeanDefinition;[Ljava/lang/Object;)Ljava/lang/Object;+153
j  org.springframework.beans.factory.support.AbstractBeanFactory.lambda$doGetBean$0(Ljava/lang/String;Lorg/springframework/beans/factory/support/RootBeanDefinition;[Ljava/lang/Object;)Ljava/lang/Object;+4
j  org.springframework.beans.factory.support.AbstractBeanFactory$$Lambda$272+0x0000000800daad98.getObject()Ljava/lang/Object;+16
j  org.springframework.beans.factory.support.DefaultSingletonBeanRegistry.getSingleton(Ljava/lang/String;Lorg/springframework/beans/factory/ObjectFactory;)Ljava/lang/Object;+114
J 2520 c1 org.springframework.beans.factory.support.AbstractBeanFactory.doGetBean(Ljava/lang/String;Ljava/lang/Class;[Ljava/lang/Object;Z)Ljava/lang/Object; (740 bytes) @ 0x0000022150ebc6d4 [0x0000022150eba3c0+0x0000000000002314]
j  org.springframework.beans.factory.support.AbstractBeanFactory.getBean(Ljava/lang/String;)Ljava/lang/Object;+5
j  org.springframework.beans.factory.support.BeanDefinitionValueResolver.resolveReference(Ljava/lang/Object;Lorg/springframework/beans/factory/config/RuntimeBeanReference;)Ljava/lang/Object;+145
j  org.springframework.beans.factory.support.BeanDefinitionValueResolver.resolveValueIfNecessary(Ljava/lang/Object;Ljava/lang/Object;)Ljava/lang/Object;+15
j  org.springframework.beans.factory.support.AbstractAutowireCapableBeanFactory.applyPropertyValues(Ljava/lang/String;Lorg/springframework/beans/factory/config/BeanDefinition;Lorg/springframework/beans/BeanWrapper;Lorg/springframework/beans/PropertyValues;)V+274
j  org.springframework.beans.factory.support.AbstractAutowireCapableBeanFactory.populateBean(Ljava/lang/String;Lorg/springframework/beans/factory/support/RootBeanDefinition;Lorg/springframework/beans/BeanWrapper;)V+351
j  org.springframework.beans.factory.support.AbstractAutowireCapableBeanFactory.doCreateBean(Ljava/lang/String;Lorg/springframework/beans/factory/support/RootBeanDefinition;[Ljava/lang/Object;)Ljava/lang/Object;+220
j  org.springframework.beans.factory.support.AbstractAutowireCapableBeanFactory.createBean(Ljava/lang/String;Lorg/springframework/beans/factory/support/RootBeanDefinition;[Ljava/lang/Object;)Ljava/lang/Object;+153
j  org.springframework.beans.factory.support.AbstractBeanFactory.lambda$doGetBean$0(Ljava/lang/String;Lorg/springframework/beans/factory/support/RootBeanDefinition;[Ljava/lang/Object;)Ljava/lang/Object;+4
j  org.springframework.beans.factory.support.AbstractBeanFactory$$Lambda$272+0x0000000800daad98.getObject()Ljava/lang/Object;+16
j  org.springframework.beans.factory.support.DefaultSingletonBeanRegistry.getSingleton(Ljava/lang/String;Lorg/springframework/beans/factory/ObjectFactory;)Ljava/lang/Object;+114
J 2520 c1 org.springframework.beans.factory.support.AbstractBeanFactory.doGetBean(Ljava/lang/String;Ljava/lang/Class;[Ljava/lang/Object;Z)Ljava/lang/Object; (740 bytes) @ 0x0000022150ebc6d4 [0x0000022150eba3c0+0x0000000000002314]
j  org.springframework.beans.factory.support.AbstractBeanFactory.getBean(Ljava/lang/String;)Ljava/lang/Object;+5
j  org.springframework.beans.factory.config.DependencyDescriptor.resolveCandidate(Ljava/lang/String;Ljava/lang/Class;Lorg/springframework/beans/factory/BeanFactory;)Ljava/lang/Object;+2
j  org.springframework.beans.factory.support.DefaultListableBeanFactory.doResolveDependency(Lorg/springframework/beans/factory/config/DependencyDescriptor;Ljava/lang/String;Ljava/util/Set;Lorg/springframework/beans/TypeConverter;)Ljava/lang/Object;+473
j  org.springframework.beans.factory.support.DefaultListableBeanFactory.resolveDependency(Lorg/springframework/beans/factory/config/DependencyDescriptor;Ljava/lang/String;Ljava/util/Set;Lorg/springframework/beans/TypeConverter;)Ljava/lang/Object;+117
j  org.springframework.beans.factory.annotation.AutowiredAnnotationBeanPostProcessor$AutowiredFieldElement.resolveFieldValue(Ljava/lang/reflect/Field;Ljava/lang/Object;Ljava/lang/String;)Ljava/lang/Object;+81
j  org.springframework.beans.factory.annotation.AutowiredAnnotationBeanPostProcessor$AutowiredFieldElement.inject(Ljava/lang/Object;Ljava/lang/String;Lorg/springframework/beans/PropertyValues;)V+74
j  org.springframework.beans.factory.annotation.InjectionMetadata.inject(Ljava/lang/Object;Ljava/lang/String;Lorg/springframework/beans/PropertyValues;)V+68
j  org.springframework.beans.factory.annotation.AutowiredAnnotationBeanPostProcessor.postProcessProperties(Lorg/springframework/beans/PropertyValues;Ljava/lang/Object;Ljava/lang/String;)Lorg/springframework/beans/PropertyValues;+17
j  org.springframework.beans.factory.support.AbstractAutowireCapableBeanFactory.populateBean(Ljava/lang/String;Lorg/springframework/beans/factory/support/RootBeanDefinition;Lorg/springframework/beans/BeanWrapper;)V+280
j  org.springframework.beans.factory.support.AbstractAutowireCapableBeanFactory.doCreateBean(Ljava/lang/String;Lorg/springframework/beans/factory/support/RootBeanDefinition;[Ljava/lang/Object;)Ljava/lang/Object;+220
j  org.springframework.beans.factory.support.AbstractAutowireCapableBeanFactory.createBean(Ljava/lang/String;Lorg/springframework/beans/factory/support/RootBeanDefinition;[Ljava/lang/Object;)Ljava/lang/Object;+153
j  org.springframework.beans.factory.support.AbstractBeanFactory.lambda$doGetBean$0(Ljava/lang/String;Lorg/springframework/beans/factory/support/RootBeanDefinition;[Ljava/lang/Object;)Ljava/lang/Object;+4
j  org.springframework.beans.factory.support.AbstractBeanFactory$$Lambda$272+0x0000000800daad98.getObject()Ljava/lang/Object;+16
j  org.springframework.beans.factory.support.DefaultSingletonBeanRegistry.getSingleton(Ljava/lang/String;Lorg/springframework/beans/factory/ObjectFactory;)Ljava/lang/Object;+114
J 2520 c1 org.springframework.beans.factory.support.AbstractBeanFactory.doGetBean(Ljava/lang/String;Ljava/lang/Class;[Ljava/lang/Object;Z)Ljava/lang/Object; (740 bytes) @ 0x0000022150ebc6d4 [0x0000022150eba3c0+0x0000000000002314]
j  org.springframework.beans.factory.support.AbstractBeanFactory.getBean(Ljava/lang/String;)Ljava/lang/Object;+5
j  org.springframework.beans.factory.config.DependencyDescriptor.resolveCandidate(Ljava/lang/String;Ljava/lang/Class;Lorg/springframework/beans/factory/BeanFactory;)Ljava/lang/Object;+2
j  org.springframework.beans.factory.support.DefaultListableBeanFactory.doResolveDependency(Lorg/springframework/beans/factory/config/DependencyDescriptor;Ljava/lang/String;Ljava/util/Set;Lorg/springframework/beans/TypeConverter;)Ljava/lang/Object;+473
j  org.springframework.beans.factory.support.DefaultListableBeanFactory.resolveDependency(Lorg/springframework/beans/factory/config/DependencyDescriptor;Ljava/lang/String;Ljava/util/Set;Lorg/springframework/beans/TypeConverter;)Ljava/lang/Object;+117
j  org.springframework.beans.factory.annotation.AutowiredAnnotationBeanPostProcessor$AutowiredFieldElement.resolveFieldValue(Ljava/lang/reflect/Field;Ljava/lang/Object;Ljava/lang/String;)Ljava/lang/Object;+81
j  org.springframework.beans.factory.annotation.AutowiredAnnotationBeanPostProcessor$AutowiredFieldElement.inject(Ljava/lang/Object;Ljava/lang/String;Lorg/springframework/beans/PropertyValues;)V+74
j  org.springframework.beans.factory.annotation.InjectionMetadata.inject(Ljava/lang/Object;Ljava/lang/String;Lorg/springframework/beans/PropertyValues;)V+68
j  org.springframework.beans.factory.annotation.AutowiredAnnotationBeanPostProcessor.postProcessProperties(Lorg/springframework/beans/PropertyValues;Ljava/lang/Object;Ljava/lang/String;)Lorg/springframework/beans/PropertyValues;+17
j  org.springframework.beans.factory.support.AbstractAutowireCapableBeanFactory.populateBean(Ljava/lang/String;Lorg/springframework/beans/factory/support/RootBeanDefinition;Lorg/springframework/beans/BeanWrapper;)V+280
j  org.springframework.beans.factory.support.AbstractAutowireCapableBeanFactory.doCreateBean(Ljava/lang/String;Lorg/springframework/beans/factory/support/RootBeanDefinition;[Ljava/lang/Object;)Ljava/lang/Object;+220
j  org.springframework.beans.factory.support.AbstractAutowireCapableBeanFactory.createBean(Ljava/lang/String;Lorg/springframework/beans/factory/support/RootBeanDefinition;[Ljava/lang/Object;)Ljava/lang/Object;+153
j  org.springframework.beans.factory.support.AbstractBeanFactory.lambda$doGetBean$0(Ljava/lang/String;Lorg/springframework/beans/factory/support/RootBeanDefinition;[Ljava/lang/Object;)Ljava/lang/Object;+4
j  org.springframework.beans.factory.support.AbstractBeanFactory$$Lambda$272+0x0000000800daad98.getObject()Ljava/lang/Object;+16
j  org.springframework.beans.factory.support.DefaultSingletonBeanRegistry.getSingleton(Ljava/lang/String;Lorg/springframework/beans/factory/ObjectFactory;)Ljava/lang/Object;+114
J 2520 c1 org.springframework.beans.factory.support.AbstractBeanFactory.doGetBean(Ljava/lang/String;Ljava/lang/Class;[Ljava/lang/Object;Z)Ljava/lang/Object; (740 bytes) @ 0x0000022150ebc6d4 [0x0000022150eba3c0+0x0000000000002314]
J 2602 c1 org.springframework.beans.factory.support.AbstractBeanFactory.getBean(Ljava/lang/String;Ljava/lang/Class;)Ljava/lang/Object; (9 bytes) @ 0x0000022150ef0bc4 [0x0000022150ef0ac0+0x0000000000000104]
j  org.springframework.boot.web.servlet.ServletContextInitializerBeans.getOrderedBeansOfType(Lorg/springframework/beans/factory/ListableBeanFactory;Ljava/lang/Class;Ljava/util/Set;)Ljava/util/List;+69
j  org.springframework.boot.web.servlet.ServletContextInitializerBeans.addAsRegistrationBean(Lorg/springframework/beans/factory/ListableBeanFactory;Ljava/lang/Class;Ljava/lang/Class;Lorg/springframework/boot/web/servlet/ServletContextInitializerBeans$RegistrationBeanAdapter;)V+7
j  org.springframework.boot.web.servlet.ServletContextInitializerBeans.addAsRegistrationBean(Lorg/springframework/beans/factory/ListableBeanFactory;Ljava/lang/Class;Lorg/springframework/boot/web/servlet/ServletContextInitializerBeans$RegistrationBeanAdapter;)V+5
j  org.springframework.boot.web.servlet.ServletContextInitializerBeans.addAdaptableBeans(Lorg/springframework/beans/factory/ListableBeanFactory;)V+32
j  org.springframework.boot.web.servlet.ServletContextInitializerBeans.<init>(Lorg/springframework/beans/factory/ListableBeanFactory;[Ljava/lang/Class;)V+54
j  org.springframework.boot.web.servlet.context.ServletWebServerApplicationContext.getServletContextInitializerBeans()Ljava/util/Collection;+12
j  org.springframework.boot.web.servlet.context.ServletWebServerApplicationContext.selfInitialize(Ljakarta/servlet/ServletContext;)V+19
j  org.springframework.boot.web.servlet.context.ServletWebServerApplicationContext$$Lambda$684+0x0000000800f3adf8.onStartup(Ljakarta/servlet/ServletContext;)V+5
j  org.springframework.boot.web.embedded.tomcat.TomcatStarter.onStartup(Ljava/util/Set;Ljakarta/servlet/ServletContext;)V+28
j  org.apache.catalina.core.StandardContext.startInternal()V+1048
j  org.apache.catalina.util.LifecycleBase.start()V+210
j  org.apache.catalina.core.ContainerBase$StartChild.call()Ljava/lang/Void;+4
j  org.apache.catalina.core.ContainerBase$StartChild.call()Ljava/lang/Object;+1
j  java.util.concurrent.FutureTask.run()V+39 java.base@18.0.1.1
j  org.apache.tomcat.util.threads.InlineExecutorService.execute(Ljava/lang/Runnable;)V+38
j  java.util.concurrent.AbstractExecutorService.submit(Ljava/util/concurrent/Callable;)Ljava/util/concurrent/Future;+20 java.base@18.0.1.1
j  org.apache.catalina.core.ContainerBase.startInternal()V+116
j  org.apache.catalina.core.StandardHost.startInternal()V+177
j  org.apache.catalina.util.LifecycleBase.start()V+210
j  org.apache.catalina.core.ContainerBase$StartChild.call()Ljava/lang/Void;+4
j  org.apache.catalina.core.ContainerBase$StartChild.call()Ljava/lang/Object;+1
j  java.util.concurrent.FutureTask.run()V+39 java.base@18.0.1.1
j  org.apache.tomcat.util.threads.InlineExecutorService.execute(Ljava/lang/Runnable;)V+38
j  java.util.concurrent.AbstractExecutorService.submit(Ljava/util/concurrent/Callable;)Ljava/util/concurrent/Future;+20 java.base@18.0.1.1
j  org.apache.catalina.core.ContainerBase.startInternal()V+116
j  org.apache.catalina.core.StandardEngine.startInternal()V+38
j  org.apache.catalina.util.LifecycleBase.start()V+210
j  org.apache.catalina.core.StandardService.startInternal()V+63
j  org.apache.catalina.util.LifecycleBase.start()V+210
j  org.apache.catalina.core.StandardServer.startInternal()V+94
j  org.apache.catalina.util.LifecycleBase.start()V+210
j  org.apache.catalina.startup.Tomcat.start()V+9
j  org.springframework.boot.web.embedded.tomcat.TomcatWebServer.initialize()V+55
j  org.springframework.boot.web.embedded.tomcat.TomcatWebServer.<init>(Lorg/apache/catalina/startup/Tomcat;ZLorg/springframework/boot/web/server/Shutdown;)V+66
j  org.springframework.boot.web.embedded.tomcat.TomcatServletWebServerFactory.getTomcatWebServer(Lorg/apache/catalina/startup/Tomcat;)Lorg/springframework/boot/web/embedded/tomcat/TomcatWebServer;+21
j  org.springframework.boot.web.embedded.tomcat.TomcatServletWebServerFactory.getWebServer([Lorg/springframework/boot/web/servlet/ServletContextInitializer;)Lorg/springframework/boot/web/server/WebServer;+212
j  org.springframework.boot.web.servlet.context.ServletWebServerApplicationContext.createWebServer()V+67
j  org.springframework.boot.web.servlet.context.ServletWebServerApplicationContext.onRefresh()V+5
j  org.springframework.context.support.AbstractApplicationContext.refresh()V+85
j  org.springframework.boot.web.servlet.context.ServletWebServerApplicationContext.refresh()V+1
j  org.springframework.boot.SpringApplication.refresh(Lorg/springframework/context/ConfigurableApplicationContext;)V+1
j  org.springframework.boot.SpringApplication.refreshContext(Lorg/springframework/context/ConfigurableApplicationContext;)V+16
j  org.springframework.boot.SpringApplication.run([Ljava/lang/String;)Lorg/springframework/context/ConfigurableApplicationContext;+110
j  org.springframework.boot.SpringApplication.run([Ljava/lang/Class;[Ljava/lang/String;)Lorg/springframework/context/ConfigurableApplicationContext;+9
j  org.springframework.boot.SpringApplication.run(Ljava/lang/Class;[Ljava/lang/String;)Lorg/springframework/context/ConfigurableApplicationContext;+9
j  com.vms.medxbid.SpringSecurityJwtApplication.main([Ljava/lang/String;)V+3
v  ~StubRoutines::call_stub

---------------  P R O C E S S  ---------------

Threads class SMR info:
_java_thread_list=0x00000221719c05d0, length=18, elements={
0x0000022148b021d0, 0x0000022169168020, 0x0000022169168c80, 0x0000022169180910,
0x00000221691821d0, 0x0000022169182b70, 0x0000022169183510, 0x00000221691841e0,
0x0000022169185bd0, 0x00000221691885c0, 0x000002216d464310, 0x000002216d69ca00,
0x000002216d69cec0, 0x000002216f513870, 0x000002216f8406d0, 0x000002216f8423b0,
0x000002216f841a10, 0x00000221727fd020
}

Java Threads: ( => current thread )
=>0x0000022148b021d0 JavaThread "main" [_thread_in_vm, id=7156, stack(0x0000008d25800000,0x0000008d25900000)]
  0x0000022169168020 JavaThread "Reference Handler" daemon [_thread_blocked, id=12316, stack(0x0000008d25f00000,0x0000008d26000000)]
  0x0000022169168c80 JavaThread "Finalizer" daemon [_thread_blocked, id=19416, stack(0x0000008d26000000,0x0000008d26100000)]
  0x0000022169180910 JavaThread "Signal Dispatcher" daemon [_thread_blocked, id=3220, stack(0x0000008d26100000,0x0000008d26200000)]
  0x00000221691821d0 JavaThread "Attach Listener" daemon [_thread_blocked, id=6360, stack(0x0000008d26200000,0x0000008d26300000)]
  0x0000022169182b70 JavaThread "Service Thread" daemon [_thread_blocked, id=14832, stack(0x0000008d26300000,0x0000008d26400000)]
  0x0000022169183510 JavaThread "Monitor Deflation Thread" daemon [_thread_blocked, id=3744, stack(0x0000008d26400000,0x0000008d26500000)]
  0x00000221691841e0 JavaThread "C2 CompilerThread0" daemon [_thread_in_native, id=10572, stack(0x0000008d26500000,0x0000008d26600000)]
  0x0000022169185bd0 JavaThread "C1 CompilerThread0" daemon [_thread_blocked, id=16332, stack(0x0000008d26600000,0x0000008d26700000)]
  0x00000221691885c0 JavaThread "Sweeper thread" daemon [_thread_blocked, id=11604, stack(0x0000008d26700000,0x0000008d26800000)]
  0x000002216d464310 JavaThread "Common-Cleaner" daemon [_thread_blocked, id=492, stack(0x0000008d26800000,0x0000008d26900000)]
  0x000002216d69ca00 JavaThread "Monitor Ctrl-Break" daemon [_thread_in_native, id=8788, stack(0x0000008d26a00000,0x0000008d26b00000)]
  0x000002216d69cec0 JavaThread "Notification Thread" daemon [_thread_blocked, id=19276, stack(0x0000008d26b00000,0x0000008d26c00000)]
  0x000002216f513870 JavaThread "C2 CompilerThread1" daemon [_thread_in_native, id=19304, stack(0x0000008d27600000,0x0000008d27700000)]
  0x000002216f8406d0 JavaThread "PostgreSQL-JDBC-Cleaner" daemon [_thread_blocked, id=4308, stack(0x0000008d27700000,0x0000008d27800000)]
  0x000002216f8423b0 JavaThread "medxbid housekeeper" daemon [_thread_blocked, id=11748, stack(0x0000008d27800000,0x0000008d27900000)]
  0x000002216f841a10 JavaThread "medxbid connection adder" daemon [_thread_in_vm, id=3028, stack(0x0000008d27900000,0x0000008d27a00000)]
  0x00000221727fd020 JavaThread "C2 CompilerThread2" daemon [_thread_in_native, id=8204, stack(0x0000008d27a00000,0x0000008d27b00000)]

Other Threads:
  0x0000022169162ab0 VMThread "VM Thread" [stack: 0x0000008d25e00000,0x0000008d25f00000] [id=11780]
  0x0000022148b03030 WatcherThread "VM Periodic Task Thread" [stack: 0x0000008d26c00000,0x0000008d26d00000] [id=17108]
  0x0000022148b59bc0 WorkerThread "GC Thread#0" [stack: 0x0000008d25900000,0x0000008d25a00000] [id=7608]
  0x000002216df966f0 WorkerThread "GC Thread#1" [stack: 0x0000008d26d00000,0x0000008d26e00000] [id=5432]
  0x000002216df96990 WorkerThread "GC Thread#2" [stack: 0x0000008d26e00000,0x0000008d26f00000] [id=2308]
  0x000002216df96c30 WorkerThread "GC Thread#3" [stack: 0x0000008d26f00000,0x0000008d27000000] [id=11360]
  0x000002216dfdfe60 WorkerThread "GC Thread#4" [stack: 0x0000008d27000000,0x0000008d27100000] [id=7500]
  0x000002216dfe0910 WorkerThread "GC Thread#5" [stack: 0x0000008d27100000,0x0000008d27200000] [id=17156]
  0x000002216e515850 WorkerThread "GC Thread#6" [stack: 0x0000008d27300000,0x0000008d27400000] [id=14268]
  0x000002216e689d30 WorkerThread "GC Thread#7" [stack: 0x0000008d27400000,0x0000008d27500000] [id=2072]
  0x000002214699ec40 ConcurrentGCThread "G1 Main Marker" [stack: 0x0000008d25a00000,0x0000008d25b00000] [id=4644]
  0x0000022148b66a90 WorkerThread "G1 Conc#0" [stack: 0x0000008d25b00000,0x0000008d25c00000] [id=18724]
  0x000002216f5afc30 WorkerThread "G1 Conc#1" [stack: 0x0000008d27200000,0x0000008d27300000] [id=13084]
  0x0000022148baa390 ConcurrentGCThread "G1 Refine#0" [stack: 0x0000008d25c00000,0x0000008d25d00000] [id=1132]
  0x000002216eda4520 ConcurrentGCThread "G1 Refine#1" [stack: 0x0000008d26900000,0x0000008d26a00000] [id=8360]
  0x0000022148babcb0 ConcurrentGCThread "G1 Service" [stack: 0x0000008d25d00000,0x0000008d25e00000] [id=3756]

Threads with active compile tasks:
C2 CompilerThread0     8891 4325  s    4       java.util.jar.JarFile::getInputStream (72 bytes)
C2 CompilerThread1     8891 4327       4       jdk.internal.org.objectweb.asm.MethodWriter::computeAllFrames (510 bytes)
C2 CompilerThread2     8891 4337   !   4       com.sun.crypto.provider.PBKDF2KeyImpl::deriveKey (295 bytes)

VM state: not at safepoint (normal execution)

VM Mutex/Monitor currently owned by a thread:  ([mutex/lock_event])
[0x0000022148afc000] Metaspace_lock - owner thread: 0x0000022148b021d0

Heap address: 0x0000000743000000, size: 3024 MB, Compressed Oops mode: Zero based, Oop shift amount: 3

CDS archive(s) mapped at: [0x0000000800000000-0x0000000800ba0000-0x0000000800ba0000), size 12189696, SharedBaseAddress: 0x0000000800000000, ArchiveRelocationMode: 0.
Compressed class space mapped at: 0x0000000800c00000-0x0000000840c00000, reserved size: 1073741824
Narrow klass base: 0x0000000800000000, Narrow klass shift: 0, Narrow klass range: 0x100000000

GC Precious Log:
 CardTable entry size: 512
 Card Set container configuration: InlinePtr #cards 4 size 8 Array Of Cards #cards 16 size 48 Howl #buckets 8 coarsen threshold 3686 Howl Bitmap #cards 512 size 80 coarsen threshold 460 Card regions per heap region 1 cards per card region 4096
 CPUs: 8 total, 8 available
 Memory: 12091M
 Large Page Support: Disabled
 NUMA Support: Disabled
 Compressed Oops: Enabled (Zero based)
 Heap Region Size: 2M
 Heap Min Capacity: 8M
 Heap Initial Capacity: 190M
 Heap Max Capacity: 3024M
 Pre-touch: Disabled
 Parallel Workers: 8
 Concurrent Workers: 2
 Concurrent Refinement Workers: 8
 Periodic GC: Disabled

Heap:
 garbage-first heap   total 61440K, used 29608K [0x0000000743000000, 0x0000000800000000)
  region size 2048K, 8 young (16384K), 2 survivors (4096K)
 Metaspace       used 38900K, committed 39360K, reserved 1114112K
  class space    used 5013K, committed 5248K, reserved 1048576K

Heap Regions: E=young(eden), S=young(survivor), O=old, HS=humongous(starts), HC=humongous(continues), CS=collection set, F=free, OA=open archive, CA=closed archive, TAMS=top-at-mark-start (previous, next)
|   0|0x0000000743000000, 0x0000000743200000, 0x0000000743200000|100%| O|  |TAMS 0x0000000743200000, 0x0000000743000000| Untracked 
|   1|0x0000000743200000, 0x0000000743400000, 0x0000000743400000|100%| O|  |TAMS 0x0000000743400000, 0x0000000743200000| Untracked 
|   2|0x0000000743400000, 0x0000000743600000, 0x0000000743600000|100%| O|  |TAMS 0x0000000743600000, 0x0000000743400000| Untracked 
|   3|0x0000000743600000, 0x0000000743600000, 0x0000000743800000|  0%| F|  |TAMS 0x0000000743600000, 0x0000000743600000| Untracked 
|   4|0x0000000743800000, 0x0000000743a00000, 0x0000000743a00000|100%| O|  |TAMS 0x0000000743a00000, 0x0000000743800000| Untracked 
|   5|0x0000000743a00000, 0x0000000743c00000, 0x0000000743c00000|100%| O|  |TAMS 0x0000000743c00000, 0x0000000743a00000| Untracked 
|   6|0x0000000743c00000, 0x0000000743e00000, 0x0000000743e00000|100%| O|  |TAMS 0x0000000743e00000, 0x0000000743c00000| Untracked 
|   7|0x0000000743e00000, 0x0000000744000000, 0x0000000744000000|100%| O|  |TAMS 0x0000000744000000, 0x0000000743e00000| Untracked 
|   8|0x0000000744000000, 0x0000000744200000, 0x0000000744200000|100%| O|  |TAMS 0x0000000744200000, 0x0000000744000000| Complete 
|   9|0x0000000744200000, 0x0000000744279800, 0x0000000744400000| 23%| O|  |TAMS 0x0000000744279800, 0x0000000744200000| Untracked 
|  10|0x0000000744400000, 0x0000000744400000, 0x0000000744600000|  0%| F|  |TAMS 0x0000000744400000, 0x0000000744400000| Untracked 
|  11|0x0000000744600000, 0x0000000744600000, 0x0000000744800000|  0%| F|  |TAMS 0x0000000744600000, 0x0000000744600000| Untracked 
|  12|0x0000000744800000, 0x0000000744800000, 0x0000000744a00000|  0%| F|  |TAMS 0x0000000744800000, 0x0000000744800000| Untracked 
|  13|0x0000000744a00000, 0x0000000744a00000, 0x0000000744c00000|  0%| F|  |TAMS 0x0000000744a00000, 0x0000000744a00000| Untracked 
|  14|0x0000000744c00000, 0x0000000744c00000, 0x0000000744e00000|  0%| F|  |TAMS 0x0000000744c00000, 0x0000000744c00000| Untracked 
|  15|0x0000000744e00000, 0x0000000744e00000, 0x0000000745000000|  0%| F|  |TAMS 0x0000000744e00000, 0x0000000744e00000| Untracked 
|  16|0x0000000745000000, 0x0000000745000000, 0x0000000745200000|  0%| F|  |TAMS 0x0000000745000000, 0x0000000745000000| Untracked 
|  17|0x0000000745200000, 0x0000000745200000, 0x0000000745400000|  0%| F|  |TAMS 0x0000000745200000, 0x0000000745200000| Untracked 
|  18|0x0000000745400000, 0x0000000745400000, 0x0000000745600000|  0%| F|  |TAMS 0x0000000745400000, 0x0000000745400000| Untracked 
|  19|0x0000000745600000, 0x0000000745600000, 0x0000000745800000|  0%| F|  |TAMS 0x0000000745600000, 0x0000000745600000| Untracked 
|  20|0x0000000745800000, 0x0000000745800000, 0x0000000745a00000|  0%| F|  |TAMS 0x0000000745800000, 0x0000000745800000| Untracked 
|  21|0x0000000745a00000, 0x0000000745a70938, 0x0000000745c00000| 21%| S|CS|TAMS 0x0000000745a00000, 0x0000000745a00000| Complete 
|  22|0x0000000745c00000, 0x0000000745e00000, 0x0000000745e00000|100%| S|CS|TAMS 0x0000000745c00000, 0x0000000745c00000| Complete 
|  23|0x0000000745e00000, 0x0000000745e00000, 0x0000000746000000|  0%| F|  |TAMS 0x0000000745e00000, 0x0000000745e00000| Untracked 
|  24|0x0000000746000000, 0x0000000746164070, 0x0000000746200000| 69%| E|  |TAMS 0x0000000746000000, 0x0000000746000000| Complete 
|  62|0x000000074ac00000, 0x000000074ae00000, 0x000000074ae00000|100%| E|CS|TAMS 0x000000074ac00000, 0x000000074ac00000| Complete 
|  63|0x000000074ae00000, 0x000000074b000000, 0x000000074b000000|100%| E|CS|TAMS 0x000000074ae00000, 0x000000074ae00000| Complete 
|  64|0x000000074b000000, 0x000000074b200000, 0x000000074b200000|100%| E|CS|TAMS 0x000000074b000000, 0x000000074b000000| Complete 
|  65|0x000000074b200000, 0x000000074b400000, 0x000000074b400000|100%| E|CS|TAMS 0x000000074b200000, 0x000000074b200000| Complete 
|  94|0x000000074ec00000, 0x000000074ee00000, 0x000000074ee00000|100%| E|CS|TAMS 0x000000074ec00000, 0x000000074ec00000| Complete 

Card table byte_map: [0x000002215fd50000,0x0000022160340000] _byte_map_base: 0x000002215c338000

Marking Bits (Prev, Next): (CMBitMap*) 0x0000022148b59f60, (CMBitMap*) 0x0000022148b59fa0
 Prev Bits: [0x0000022160930000, 0x0000022163870000)
 Next Bits: [0x0000022163870000, 0x00000221667b0000)

Polling page: 0x0000022146ad0000

Metaspace:

Usage:
  Non-class:     33.09 MB used.
      Class:      4.90 MB used.
       Both:     37.99 MB used.

Virtual space:
  Non-class space:       64.00 MB reserved,      33.31 MB ( 52%) committed,  1 nodes.
      Class space:        1.00 GB reserved,       5.12 MB ( <1%) committed,  1 nodes.
             Both:        1.06 GB reserved,      38.44 MB (  4%) committed. 

Chunk freelists:
   Non-Class:  2.36 MB
       Class:  2.89 MB
        Both:  5.25 MB

MaxMetaspaceSize: unlimited
CompressedClassSpaceSize: 1.00 GB
Initial GC threshold: 21.00 MB
Current GC threshold: 59.06 MB
CDS: on
MetaspaceReclaimPolicy: balanced
 - commit_granule_bytes: 65536.
 - commit_granule_words: 8192.
 - virtual_space_node_default_size: 8388608.
 - enlarge_chunks_in_place: 1.
 - new_chunks_are_fully_committed: 0.
 - uncommit_free_chunks: 1.
 - use_allocation_guard: 0.


Internal statistics:

num_allocs_failed_limit: 6.
num_arena_births: 666.
num_arena_deaths: 0.
num_vsnodes_births: 2.
num_vsnodes_deaths: 0.
num_space_committed: 615.
num_space_uncommitted: 0.
num_chunks_returned_to_freelist: 6.
num_chunks_taken_from_freelist: 2004.
num_chunk_merges: 6.
num_chunk_splits: 1439.
num_chunks_enlarged: 1123.
num_inconsistent_stats: 0.

CodeHeap 'non-profiled nmethods': size=120000Kb used=2520Kb max_used=2520Kb free=117479Kb
 bounds [0x0000022157f00000, 0x0000022158180000, 0x000002215f430000]
CodeHeap 'profiled nmethods': size=120000Kb used=9236Kb max_used=9236Kb free=110763Kb
 bounds [0x00000221509d0000, 0x00000221512e0000, 0x0000022157f00000]
CodeHeap 'non-nmethods': size=5760Kb used=1243Kb max_used=1318Kb free=4516Kb
 bounds [0x0000022150430000, 0x00000221506a0000, 0x00000221509d0000]
 total_blobs=4859 nmethods=4316 adapters=455
 compilation: enabled
              stopped_count=0, restarted_count=0
 full_count=0

Compilation events (20 events):
Event: 8.794 Thread 0x00000221691841e0 4325  s    4       java.util.jar.JarFile::getInputStream (72 bytes)
Event: 8.803 Thread 0x0000022169185bd0 4326       3       sun.reflect.annotation.AnnotationParser::skipAnnotation (40 bytes)
Event: 8.803 Thread 0x0000022169185bd0 nmethod 4326 0x00000221512cf590 code [0x00000221512cf780, 0x00000221512cfd08]
Event: 8.805 Thread 0x0000022169185bd0 4328       3       java.lang.reflect.Proxy$ProxyBuilder::ensureAccess (39 bytes)
Event: 8.806 Thread 0x0000022169185bd0 nmethod 4328 0x00000221512cff10 code [0x00000221512d0160, 0x00000221512d09a8]
Event: 8.808 Thread 0x000002216f513870 nmethod 4313 0x0000022158173f10 code [0x00000221581740e0, 0x0000022158174e48]
Event: 8.808 Thread 0x000002216f513870 4327       4       jdk.internal.org.objectweb.asm.MethodWriter::computeAllFrames (510 bytes)
Event: 8.818 Thread 0x0000022169185bd0 4329       3       jdk.internal.misc.Unsafe::copyMemory (33 bytes)
Event: 8.819 Thread 0x0000022169185bd0 nmethod 4329 0x00000221512d0d90 code [0x00000221512d1040, 0x00000221512d1d98]
Event: 8.820 Thread 0x0000022169185bd0 4332       3       sun.security.provider.DigestBase::engineUpdate (176 bytes)
Event: 8.821 Thread 0x0000022169185bd0 nmethod 4332 0x00000221512d2390 code [0x00000221512d2600, 0x00000221512d3278]
Event: 8.821 Thread 0x0000022169185bd0 4333       3       sun.security.provider.DigestBase::engineReset (33 bytes)
Event: 8.821 Thread 0x0000022169185bd0 nmethod 4333 0x00000221512d3610 code [0x00000221512d37c0, 0x00000221512d3a58]
Event: 8.821 Thread 0x0000022169185bd0 4330       3       jdk.internal.misc.Unsafe::copyMemoryChecks (21 bytes)
Event: 8.822 Thread 0x0000022169185bd0 nmethod 4330 0x00000221512d3b10 code [0x00000221512d3dc0, 0x00000221512d4b28]
Event: 8.822 Thread 0x0000022169185bd0 4336       1       org.hibernate.annotations.common.reflection.java.JavaXAnnotatedElement::toAnnotatedElement (5 bytes)
Event: 8.822 Thread 0x0000022169185bd0 nmethod 4336 0x0000022158175c10 code [0x0000022158175da0, 0x0000022158175e78]
Event: 8.824 Thread 0x0000022169185bd0 4341       1       org.hibernate.annotations.common.reflection.java.JavaXClass::toClass (5 bytes)
Event: 8.824 Thread 0x0000022169185bd0 nmethod 4341 0x0000022158175f10 code [0x00000221581760a0, 0x0000022158176178]
Event: 8.825 Thread 0x00000221727fd020 4337   !   4       com.sun.crypto.provider.PBKDF2KeyImpl::deriveKey (295 bytes)

GC Heap History (14 events):
Event: 1.033 GC heap before
{Heap before GC invocations=0 (full 0):
 garbage-first heap   total 194560K, used 22528K [0x0000000743000000, 0x0000000800000000)
  region size 2048K, 11 young (22528K), 0 survivors (0K)
 Metaspace       used 6088K, committed 6336K, reserved 1114112K
  class space    used 697K, committed 832K, reserved 1048576K
}
Event: 1.039 GC heap after
{Heap after GC invocations=1 (full 0):
 garbage-first heap   total 194560K, used 6549K [0x0000000743000000, 0x0000000800000000)
  region size 2048K, 2 young (4096K), 2 survivors (4096K)
 Metaspace       used 6088K, committed 6336K, reserved 1114112K
  class space    used 697K, committed 832K, reserved 1048576K
}
Event: 1.502 GC heap before
{Heap before GC invocations=1 (full 0):
 garbage-first heap   total 194560K, used 31125K [0x0000000743000000, 0x0000000800000000)
  region size 2048K, 15 young (30720K), 2 survivors (4096K)
 Metaspace       used 13037K, committed 13312K, reserved 1114112K
  class space    used 1539K, committed 1664K, reserved 1048576K
}
Event: 1.508 GC heap after
{Heap after GC invocations=2 (full 0):
 garbage-first heap   total 194560K, used 9386K [0x0000000743000000, 0x0000000800000000)
  region size 2048K, 2 young (4096K), 2 survivors (4096K)
 Metaspace       used 13037K, committed 13312K, reserved 1114112K
  class space    used 1539K, committed 1664K, reserved 1048576K
}
Event: 3.412 GC heap before
{Heap before GC invocations=2 (full 0):
 garbage-first heap   total 194560K, used 60586K [0x0000000743000000, 0x0000000800000000)
  region size 2048K, 29 young (59392K), 2 survivors (4096K)
 Metaspace       used 21293K, committed 21504K, reserved 1114112K
  class space    used 2565K, committed 2688K, reserved 1048576K
}
Event: 3.430 GC heap after
{Heap after GC invocations=3 (full 0):
 garbage-first heap   total 194560K, used 13832K [0x0000000743000000, 0x0000000800000000)
  region size 2048K, 4 young (8192K), 4 survivors (8192K)
 Metaspace       used 21293K, committed 21504K, reserved 1114112K
  class space    used 2565K, committed 2688K, reserved 1048576K
}
Event: 6.133 GC heap before
{Heap before GC invocations=4 (full 0):
 garbage-first heap   total 61440K, used 42504K [0x0000000743000000, 0x0000000800000000)
  region size 2048K, 18 young (36864K), 4 survivors (8192K)
 Metaspace       used 26571K, committed 27008K, reserved 1114112K
  class space    used 3310K, committed 3520K, reserved 1048576K
}
Event: 6.164 GC heap after
{Heap after GC invocations=5 (full 0):
 garbage-first heap   total 61440K, used 16824K [0x0000000743000000, 0x0000000800000000)
  region size 2048K, 2 young (4096K), 2 survivors (4096K)
 Metaspace       used 26571K, committed 27008K, reserved 1114112K
  class space    used 3310K, committed 3520K, reserved 1048576K
}
Event: 6.291 GC heap before
{Heap before GC invocations=5 (full 0):
 garbage-first heap   total 61440K, used 18872K [0x0000000743000000, 0x0000000800000000)
  region size 2048K, 3 young (6144K), 2 survivors (4096K)
 Metaspace       used 27222K, committed 27648K, reserved 1114112K
  class space    used 3374K, committed 3584K, reserved 1048576K
}
Event: 6.310 GC heap after
{Heap after GC invocations=6 (full 0):
 garbage-first heap   total 61440K, used 17602K [0x0000000743000000, 0x0000000800000000)
  region size 2048K, 1 young (2048K), 1 survivors (2048K)
 Metaspace       used 27222K, committed 27648K, reserved 1114112K
  class space    used 3374K, committed 3584K, reserved 1048576K
}
Event: 7.817 GC heap before
{Heap before GC invocations=6 (full 0):
 garbage-first heap   total 61440K, used 38082K [0x0000000743000000, 0x0000000800000000)
  region size 2048K, 12 young (24576K), 1 survivors (2048K)
 Metaspace       used 31803K, committed 32320K, reserved 1114112K
  class space    used 3990K, committed 4224K, reserved 1048576K
}
Event: 7.822 GC heap after
{Heap after GC invocations=7 (full 0):
 garbage-first heap   total 61440K, used 18691K [0x0000000743000000, 0x0000000800000000)
  region size 2048K, 1 young (2048K), 1 survivors (2048K)
 Metaspace       used 31803K, committed 32320K, reserved 1114112K
  class space    used 3990K, committed 4224K, reserved 1048576K
}
Event: 8.263 GC heap before
{Heap before GC invocations=7 (full 0):
 garbage-first heap   total 61440K, used 30979K [0x0000000743000000, 0x0000000800000000)
  region size 2048K, 8 young (16384K), 1 survivors (2048K)
 Metaspace       used 35540K, committed 35968K, reserved 1114112K
  class space    used 4580K, committed 4800K, reserved 1048576K
}
Event: 8.268 GC heap after
{Heap after GC invocations=8 (full 0):
 garbage-first heap   total 61440K, used 19368K [0x0000000743000000, 0x0000000800000000)
  region size 2048K, 2 young (4096K), 2 survivors (4096K)
 Metaspace       used 35540K, committed 35968K, reserved 1114112K
  class space    used 4580K, committed 4800K, reserved 1048576K
}

Deoptimization events (20 events):
Event: 8.688 Thread 0x000002216f841a10 DEOPT PACKING pc=0x00000221581558cc sp=0x0000008d279fdec0
Event: 8.688 Thread 0x000002216f841a10 DEOPT UNPACKING pc=0x00000221504823a3 sp=0x0000008d279fde08 mode 2
Event: 8.695 Thread 0x0000022148b021d0 Uncommon trap: trap_request=0xffffffde fr.pc=0x00000221580b2c24 relative=0x0000000000000ee4
Event: 8.695 Thread 0x0000022148b021d0 Uncommon trap: reason=class_check action=maybe_recompile pc=0x00000221580b2c24 method=java.util.concurrent.ConcurrentHashMap.putVal(Ljava/lang/Object;Ljava/lang/Object;Z)Ljava/lang/Object; @ 159 c2
Event: 8.695 Thread 0x0000022148b021d0 DEOPT PACKING pc=0x00000221580b2c24 sp=0x0000008d258fa8c0
Event: 8.695 Thread 0x0000022148b021d0 DEOPT UNPACKING pc=0x00000221504823a3 sp=0x0000008d258fa850 mode 2
Event: 8.696 Thread 0x0000022148b021d0 Uncommon trap: trap_request=0xffffffde fr.pc=0x00000221580b2c24 relative=0x0000000000000ee4
Event: 8.696 Thread 0x0000022148b021d0 Uncommon trap: reason=class_check action=maybe_recompile pc=0x00000221580b2c24 method=java.util.concurrent.ConcurrentHashMap.putVal(Ljava/lang/Object;Ljava/lang/Object;Z)Ljava/lang/Object; @ 159 c2
Event: 8.696 Thread 0x0000022148b021d0 DEOPT PACKING pc=0x00000221580b2c24 sp=0x0000008d258fa8c0
Event: 8.696 Thread 0x0000022148b021d0 DEOPT UNPACKING pc=0x00000221504823a3 sp=0x0000008d258fa850 mode 2
Event: 8.819 Thread 0x000002216f841a10 Uncommon trap: trap_request=0xffffff45 fr.pc=0x00000221581534c8 relative=0x0000000000000968
Event: 8.819 Thread 0x000002216f841a10 Uncommon trap: reason=unstable_if action=reinterpret pc=0x00000221581534c8 method=sun.security.provider.SHA2.implReset()V @ 8 c2
Event: 8.819 Thread 0x000002216f841a10 DEOPT PACKING pc=0x00000221581534c8 sp=0x0000008d279fdf90
Event: 8.819 Thread 0x000002216f841a10 DEOPT UNPACKING pc=0x00000221504823a3 sp=0x0000008d279fdec8 mode 2
Event: 8.821 Thread 0x000002216f841a10 DEOPT PACKING pc=0x00000221512b791b sp=0x0000008d279fe250
Event: 8.821 Thread 0x000002216f841a10 DEOPT UNPACKING pc=0x0000022150482b43 sp=0x0000008d279fd728 mode 0
Event: 8.821 Thread 0x000002216f841a10 Uncommon trap: trap_request=0xffffff45 fr.pc=0x000002215816c6ec relative=0x0000000000007b2c
Event: 8.821 Thread 0x000002216f841a10 Uncommon trap: reason=unstable_if action=reinterpret pc=0x000002215816c6ec method=sun.security.provider.SHA2.implReset()V @ 8 c2
Event: 8.821 Thread 0x000002216f841a10 DEOPT PACKING pc=0x000002215816c6ec sp=0x0000008d279fe1e0
Event: 8.821 Thread 0x000002216f841a10 DEOPT UNPACKING pc=0x00000221504823a3 sp=0x0000008d279fdf30 mode 2

Classes loaded (20 events):
Event: 8.482 Loading class java/util/concurrent/ThreadPoolExecutor$Worker
Event: 8.482 Loading class java/util/concurrent/ThreadPoolExecutor$Worker done
Event: 8.482 Loading class java/lang/Thread$State
Event: 8.482 Loading class java/lang/Thread$State done
Event: 8.483 Loading class java/util/concurrent/TimeUnit$1
Event: 8.483 Loading class java/util/concurrent/TimeUnit$1 done
Event: 8.483 Loading class java/util/concurrent/locks/AbstractQueuedSynchronizer$ConditionNode
Event: 8.483 Loading class java/util/concurrent/locks/AbstractQueuedSynchronizer$Node
Event: 8.484 Loading class java/util/concurrent/locks/AbstractQueuedSynchronizer$Node done
Event: 8.484 Loading class java/util/concurrent/locks/AbstractQueuedSynchronizer$ConditionNode done
Event: 8.484 Loading class java/util/concurrent/ThreadPoolExecutor$CallerRunsPolicy
Event: 8.484 Loading class java/util/concurrent/ThreadPoolExecutor$CallerRunsPolicy done
Event: 8.487 Loading class java/util/concurrent/locks/AbstractQueuedSynchronizer$ExclusiveNode
Event: 8.487 Loading class java/util/concurrent/locks/AbstractQueuedSynchronizer$ExclusiveNode done
Event: 8.538 Loading class java/util/regex/Pattern$BnM
Event: 8.538 Loading class java/util/regex/Pattern$BnM done
Event: 8.571 Loading class java/util/regex/Pattern$1MatcherIterator
Event: 8.571 Loading class java/util/regex/Pattern$1MatcherIterator done
Event: 8.635 Loading class jdk/internal/reflect/MethodHandleIntegerFieldAccessorImpl
Event: 8.636 Loading class jdk/internal/reflect/MethodHandleIntegerFieldAccessorImpl done

Classes unloaded (0 events):
No events

Classes redefined (0 events):
No events

Internal exceptions (20 events):
Event: 5.773 Thread 0x0000022148b021d0 Exception <a 'java/lang/NoSuchMethodError'{0x0000000744bb8cd0}: 'java.lang.Object java.lang.invoke.DirectMethodHandle$Holder.invokeStaticInit(java.lang.Object, java.lang.Object, int, int, int, int)'> (0x0000000744bb8cd0) 
thrown [s\open\src\hotspot\share\interpreter\linkResolver.cpp, line 766]
Event: 6.272 Thread 0x0000022148b021d0 Exception <a 'java/lang/NoSuchMethodError'{0x000000074ed77fc0}: 'int java.lang.invoke.DirectMethodHandle$Holder.invokeVirtual(java.lang.Object, java.lang.Object, java.lang.Object, java.lang.Object)'> (0x000000074ed77fc0) 
thrown [s\open\src\hotspot\share\interpreter\linkResolver.cpp, line 766]
Event: 6.273 Thread 0x0000022148b021d0 Exception <a 'java/lang/NoSuchMethodError'{0x000000074ed7bcc0}: 'int java.lang.invoke.DelegatingMethodHandle$Holder.reinvoke_L(java.lang.Object, java.lang.Object, java.lang.Object, java.lang.Object)'> (0x000000074ed7bcc0) 
thrown [s\open\src\hotspot\share\interpreter\linkResolver.cpp, line 766]
Event: 6.350 Thread 0x0000022148b021d0 Exception <a 'java/lang/NoSuchMethodError'{0x000000074ec8c3e8}: 'java.lang.Object java.lang.invoke.DirectMethodHandle$Holder.invokeSpecial(java.lang.Object, java.lang.Object, long, java.lang.Object, java.lang.Object, java.lang.Object, java.lang.Object, java.lang.Object, java.lang.Object)'> (0x000000074ec8c3e8) 
thrown [s\open\src\hotspot\share\interpreter\linkResolver.cpp, line 766]
Event: 6.351 Thread 0x0000022148b021d0 Exception <a 'java/lang/NoSuchMethodError'{0x000000074ec90f18}: 'java.lang.Object java.lang.invoke.DelegatingMethodHandle$Holder.reinvoke_L(java.lang.Object, long, java.lang.Object, java.lang.Object, java.lang.Object, java.lang.Object, java.lang.Object, java.lang.Object)'> (0x000000074ec90f18) 
thrown [s\open\src\hotspot\share\interpreter\linkResolver.cpp, line 766]
Event: 6.464 Thread 0x0000022148b021d0 Exception <a 'java/io/FileNotFoundException'{0x000000074edded00}> (0x000000074edded00) 
thrown [s\open\src\hotspot\share\prims\jni.cpp, line 516]
Event: 6.533 Thread 0x0000022148b021d0 Exception <a 'java/lang/NoSuchMethodError'{0x000000074b175f68}: 'int java.lang.invoke.DirectMethodHandle$Holder.invokeInterface(java.lang.Object, java.lang.Object, java.lang.Object, java.lang.Object)'> (0x000000074b175f68) 
thrown [s\open\src\hotspot\share\interpreter\linkResolver.cpp, line 766]
Event: 6.856 Thread 0x0000022148b021d0 Exception <a 'java/lang/NoSuchMethodError'{0x000000074617a450}: 'java.lang.Object java.lang.invoke.DirectMethodHandle$Holder.newInvokeSpecial(java.lang.Object, java.lang.Object, java.lang.Object, java.lang.Object, java.lang.Object, java.lang.Object, java.lang.Object, java.lang.Object, java.lang.Object, java.lang.Object, java.lang.Object)'> (0x000000074617a450) 
thrown [s\open\src\hotspot\share\interpreter\linkResolver.cpp, line 766]
Event: 6.857 Thread 0x0000022148b021d0 Exception <a 'java/lang/NoSuchMethodError'{0x000000074617fe70}: 'java.lang.Object java.lang.invoke.DirectMethodHandle$Holder.invokeSpecial(java.lang.Object, java.lang.Object, java.lang.Object, java.lang.Object, java.lang.Object, java.lang.Object, java.lang.Object, java.lang.Object, java.lang.Object, java.lang.Object, java.lang.Object, java.lang.Object)'> (0x000000074617fe70) 
thrown [s\open\src\hotspot\share\interpreter\linkResolver.cpp, line 766]
Event: 6.966 Thread 0x0000022148b021d0 Exception <a 'sun/nio/fs/WindowsException'{0x0000000745f087e8}> (0x0000000745f087e8) 
thrown [s\open\src\hotspot\share\prims\jni.cpp, line 516]
Event: 7.074 Thread 0x0000022148b021d0 Exception <a 'java/lang/NoSuchMethodError'{0x0000000745d1de38}: 'void java.lang.invoke.DelegatingMethodHandle$Holder.reinvoke_L(java.lang.Object, java.lang.Object, java.lang.Object, java.lang.Object, int, java.lang.Object, java.lang.Object, java.lang.Object)'> (0x0000000745d1de38) 
thrown [s\open\src\hotspot\share\interpreter\linkResolver.cpp, line 766]
Event: 8.131 Thread 0x0000022148b021d0 Exception <a 'java/lang/NoSuchMethodError'{0x0000000746136708}: 'int java.lang.invoke.DirectMethodHandle$Holder.invokeStatic(java.lang.Object)'> (0x0000000746136708) 
thrown [s\open\src\hotspot\share\interpreter\linkResolver.cpp, line 766]
Event: 8.162 Thread 0x0000022148b021d0 Exception <a 'java/lang/NoSuchMethodError'{0x00000007461fef90}: method resolution failed> (0x00000007461fef90) 
thrown [s\open\src\hotspot\share\prims\methodHandles.cpp, line 1264]
Event: 8.174 Thread 0x0000022148b021d0 Exception <a 'java/lang/NoSuchMethodError'{0x0000000745e4ecc0}: 'int java.lang.invoke.DirectMethodHandle$Holder.invokeStaticInit(java.lang.Object, java.lang.Object, java.lang.Object, java.lang.Object)'> (0x0000000745e4ecc0) 
thrown [s\open\src\hotspot\share\interpreter\linkResolver.cpp, line 766]
Event: 8.304 Thread 0x0000022148b021d0 Exception <a 'sun/nio/fs/WindowsException'{0x000000074eccc498}> (0x000000074eccc498) 
thrown [s\open\src\hotspot\share\prims\jni.cpp, line 516]
Event: 8.420 Thread 0x0000022148b021d0 Implicit null exception at 0x00000221580ae5ec to 0x00000221580ae69c
Event: 8.617 Thread 0x0000022148b021d0 Exception <a 'java/lang/NoSuchMethodError'{0x000000074b1f9838}: 'java.lang.Object java.lang.invoke.DirectMethodHandle$Holder.invokeStaticInit(java.lang.Object, java.lang.Object, java.lang.Object, java.lang.Object)'> (0x000000074b1f9838) 
thrown [s\open\src\hotspot\share\interpreter\linkResolver.cpp, line 766]
Event: 8.636 Thread 0x0000022148b021d0 Exception <a 'java/lang/NoSuchMethodError'{0x000000074ae86c18}: 'int java.lang.invoke.Invokers$Holder.invokeExact_MT(java.lang.Object, java.lang.Object)'> (0x000000074ae86c18) 
thrown [s\open\src\hotspot\share\interpreter\linkResolver.cpp, line 766]
Event: 8.819 Thread 0x000002216f841a10 Implicit null exception at 0x0000022158152c53 to 0x0000022158153498
Event: 8.821 Thread 0x000002216f841a10 Implicit null exception at 0x0000022158165260 to 0x000002215816c66c

VM Operations (20 events):
Event: 6.450 Executing VM operation: HandshakeAllThreads
Event: 6.450 Executing VM operation: HandshakeAllThreads done
Event: 7.273 Executing VM operation: HandshakeAllThreads
Event: 7.273 Executing VM operation: HandshakeAllThreads done
Event: 7.517 Executing VM operation: ICBufferFull
Event: 7.517 Executing VM operation: ICBufferFull done
Event: 7.817 Executing VM operation: G1CollectForAllocation
Event: 7.822 Executing VM operation: G1CollectForAllocation done
Event: 8.263 Executing VM operation: CollectForMetadataAllocation
Event: 8.268 Executing VM operation: CollectForMetadataAllocation done
Event: 8.294 Executing VM operation: G1Concurrent
Event: 8.299 Executing VM operation: G1Concurrent done
Event: 8.301 Executing VM operation: HandshakeAllThreads
Event: 8.301 Executing VM operation: HandshakeAllThreads done
Event: 8.307 Executing VM operation: HandshakeAllThreads
Event: 8.307 Executing VM operation: HandshakeAllThreads done
Event: 8.310 Executing VM operation: G1Concurrent
Event: 8.311 Executing VM operation: G1Concurrent done
Event: 8.315 Executing VM operation: HandshakeAllThreads
Event: 8.315 Executing VM operation: HandshakeAllThreads done

Events (20 events):
Event: 1.693 Loaded shared library C:\Program Files\Java\jdk-18.0.1.1\bin\sunmscapi.dll
Event: 1.718 Thread 0x000002216e258530 Thread exited: 0x000002216e258530
Event: 1.853 Thread 0x000002216e258530 Thread added: 0x000002216e258530
Event: 1.898 Thread 0x000002216e258530 Thread exited: 0x000002216e258530
Event: 3.526 Thread 0x000002216e87db50 Thread exited: 0x000002216e87db50
Event: 5.035 Thread 0x000002216f7c33d0 Thread added: 0x000002216f7c33d0
Event: 5.604 Thread 0x000002216f7c33d0 Thread exited: 0x000002216f7c33d0
Event: 5.760 Thread 0x000002216d578160 Thread exited: 0x000002216d578160
Event: 6.435 Loaded shared library C:\Program Files\Java\jdk-18.0.1.1\bin\management.dll
Event: 6.440 Loaded shared library C:\Program Files\Java\jdk-18.0.1.1\bin\management_ext.dll
Event: 6.599 Thread 0x000002216f4be480 Thread added: 0x000002216f4be480
Event: 6.653 Thread 0x000002216f513870 Thread added: 0x000002216f513870
Event: 7.877 Thread 0x000002216f513870 Thread exited: 0x000002216f513870
Event: 7.878 Thread 0x000002216f4be480 Thread exited: 0x000002216f4be480
Event: 7.915 Loaded shared library C:\Program Files\Java\jdk-18.0.1.1\bin\verify.dll
Event: 8.345 Thread 0x000002216f513870 Thread added: 0x000002216f513870
Event: 8.442 Thread 0x000002216f8406d0 Thread added: 0x000002216f8406d0
Event: 8.482 Thread 0x000002216f8423b0 Thread added: 0x000002216f8423b0
Event: 8.594 Thread 0x000002216f841a10 Thread added: 0x000002216f841a10
Event: 8.825 Thread 0x00000221727fd020 Thread added: 0x00000221727fd020


Dynamic libraries:
0x00007ff78b720000 - 0x00007ff78b730000 	C:\Program Files\Java\jdk-18.0.1.1\bin\java.exe
0x00007ffc428a0000 - 0x00007ffc42aa7000 	C:\WINDOWS\SYSTEM32\ntdll.dll
0x00007ffc41390000 - 0x00007ffc4144d000 	C:\WINDOWS\System32\KERNEL32.DLL
0x00007ffc403c0000 - 0x00007ffc40732000 	C:\WINDOWS\System32\KERNELBASE.dll
0x00007ffc40070000 - 0x00007ffc40181000 	C:\WINDOWS\System32\ucrtbase.dll
0x00007ffc3cf50000 - 0x00007ffc3cf68000 	C:\Program Files\Java\jdk-18.0.1.1\bin\jli.dll
0x00007ffc3cf70000 - 0x00007ffc3cf8a000 	C:\Program Files\Java\jdk-18.0.1.1\bin\VCRUNTIME140.dll
0x00007ffc415e0000 - 0x00007ffc4168c000 	C:\WINDOWS\System32\ADVAPI32.dll
0x00007ffc41a50000 - 0x00007ffc41af3000 	C:\WINDOWS\System32\msvcrt.dll
0x00007ffc410a0000 - 0x00007ffc4113d000 	C:\WINDOWS\System32\sechost.dll
0x00007ffc414b0000 - 0x00007ffc415d1000 	C:\WINDOWS\System32\RPCRT4.dll
0x00007ffc41160000 - 0x00007ffc4130c000 	C:\WINDOWS\System32\USER32.dll
0x00007ffc40740000 - 0x00007ffc40766000 	C:\WINDOWS\System32\win32u.dll
0x00007ffc41b00000 - 0x00007ffc41b29000 	C:\WINDOWS\System32\GDI32.dll
0x00007ffc0ba10000 - 0x00007ffc0bcb5000 	C:\WINDOWS\WinSxS\amd64_microsoft.windows.common-controls_6595b64144ccf1df_6.0.21996.1_none_7d6b053978bcd706\COMCTL32.dll
0x00007ffc40200000 - 0x00007ffc40312000 	C:\WINDOWS\System32\gdi32full.dll
0x00007ffc40320000 - 0x00007ffc403bd000 	C:\WINDOWS\System32\msvcp_win.dll
0x00007ffc39030000 - 0x00007ffc3903a000 	C:\WINDOWS\SYSTEM32\VERSION.dll
0x00007ffc42790000 - 0x00007ffc427c1000 	C:\WINDOWS\System32\IMM32.DLL
0x00007ffc3cf40000 - 0x00007ffc3cf4c000 	C:\Program Files\Java\jdk-18.0.1.1\bin\vcruntime140_1.dll
0x00007ffc35ae0000 - 0x00007ffc35b6d000 	C:\Program Files\Java\jdk-18.0.1.1\bin\msvcp140.dll
0x00007ffbe6f60000 - 0x00007ffbe7b70000 	C:\Program Files\Java\jdk-18.0.1.1\bin\server\jvm.dll
0x00007ffc423f0000 - 0x00007ffc423f8000 	C:\WINDOWS\System32\PSAPI.DLL
0x00007ffc1bc40000 - 0x00007ffc1bc49000 	C:\WINDOWS\SYSTEM32\WSOCK32.dll
0x00007ffc42380000 - 0x00007ffc423ef000 	C:\WINDOWS\System32\WS2_32.dll
0x00007ffc39300000 - 0x00007ffc39333000 	C:\WINDOWS\SYSTEM32\WINMM.dll
0x00007ffc3eef0000 - 0x00007ffc3ef07000 	C:\WINDOWS\SYSTEM32\kernel.appcore.dll
0x00007ffc3cd30000 - 0x00007ffc3cd3a000 	C:\Program Files\Java\jdk-18.0.1.1\bin\jimage.dll
0x00007ffc3d530000 - 0x00007ffc3d751000 	C:\WINDOWS\SYSTEM32\DBGHELP.DLL
0x00007ffc1fc20000 - 0x00007ffc1fc51000 	C:\WINDOWS\SYSTEM32\dbgcore.DLL
0x00007ffc3fe80000 - 0x00007ffc3ff00000 	C:\WINDOWS\System32\bcryptPrimitives.dll
0x00007ffc3cd20000 - 0x00007ffc3cd2e000 	C:\Program Files\Java\jdk-18.0.1.1\bin\instrument.dll
0x00007ffc37b80000 - 0x00007ffc37ba5000 	C:\Program Files\Java\jdk-18.0.1.1\bin\java.dll
0x00007ffc35750000 - 0x00007ffc35826000 	C:\Program Files\Java\jdk-18.0.1.1\bin\jsvml.dll
0x00007ffc40840000 - 0x00007ffc40fa9000 	C:\WINDOWS\System32\SHELL32.dll
0x00007ffc3df80000 - 0x00007ffc3e7d8000 	C:\WINDOWS\SYSTEM32\windows.storage.dll
0x00007ffc41fa0000 - 0x00007ffc42315000 	C:\WINDOWS\System32\combase.dll
0x00007ffc3de10000 - 0x00007ffc3df76000 	C:\WINDOWS\SYSTEM32\wintypes.dll
0x00007ffc40fb0000 - 0x00007ffc4109a000 	C:\WINDOWS\System32\SHCORE.dll
0x00007ffc42400000 - 0x00007ffc4245d000 	C:\WINDOWS\System32\shlwapi.dll
0x00007ffc3fcf0000 - 0x00007ffc3fd11000 	C:\WINDOWS\SYSTEM32\profapi.dll
0x00007ffc377c0000 - 0x00007ffc377d8000 	C:\Program Files\Java\jdk-18.0.1.1\bin\zip.dll
0x00007ffc3a0f0000 - 0x00007ffc3a103000 	C:\Program Files\Java\jdk-18.0.1.1\bin\net.dll
0x00007ffc39f10000 - 0x00007ffc3a01c000 	C:\WINDOWS\SYSTEM32\WINHTTP.dll
0x00007ffc3f370000 - 0x00007ffc3f3d7000 	C:\WINDOWS\system32\mswsock.dll
0x00007ffc37980000 - 0x00007ffc37996000 	C:\Program Files\Java\jdk-18.0.1.1\bin\nio.dll
0x00007ffc37760000 - 0x00007ffc3777a000 	C:\Program Files\JetBrains\IntelliJ IDEA Community Edition 2024.1.2\bin\breakgen64.dll
0x00007ffc3a0b0000 - 0x00007ffc3a0be000 	C:\Program Files\Java\jdk-18.0.1.1\bin\sunmscapi.dll
0x00007ffc3ff00000 - 0x00007ffc40065000 	C:\WINDOWS\System32\CRYPT32.dll
0x00007ffc3f730000 - 0x00007ffc3f758000 	C:\WINDOWS\SYSTEM32\ncrypt.dll
0x00007ffc3f6f0000 - 0x00007ffc3f727000 	C:\WINDOWS\SYSTEM32\NTASN1.dll
0x00007ffc3f5b0000 - 0x00007ffc3f5c8000 	C:\WINDOWS\SYSTEM32\CRYPTSP.dll
0x00007ffc3ee50000 - 0x00007ffc3ee85000 	C:\WINDOWS\system32\rsaenh.dll
0x00007ffc3f460000 - 0x00007ffc3f489000 	C:\WINDOWS\SYSTEM32\USERENV.dll
0x00007ffc3f7b0000 - 0x00007ffc3f7d7000 	C:\WINDOWS\SYSTEM32\bcrypt.dll
0x00007ffc3f5d0000 - 0x00007ffc3f5dc000 	C:\WINDOWS\SYSTEM32\CRYPTBASE.dll
0x00007ffc3ea30000 - 0x00007ffc3ea5d000 	C:\WINDOWS\SYSTEM32\IPHLPAPI.DLL
0x00007ffc425e0000 - 0x00007ffc425e9000 	C:\WINDOWS\System32\NSI.dll
0x00007ffc3a110000 - 0x00007ffc3a129000 	C:\WINDOWS\SYSTEM32\dhcpcsvc6.DLL
0x00007ffc3ad40000 - 0x00007ffc3ad5e000 	C:\WINDOWS\SYSTEM32\dhcpcsvc.DLL
0x00007ffc3eaa0000 - 0x00007ffc3eb85000 	C:\WINDOWS\SYSTEM32\DNSAPI.dll
0x00007ffc3c660000 - 0x00007ffc3c669000 	C:\Program Files\Java\jdk-18.0.1.1\bin\management.dll
0x00007ffc3b0c0000 - 0x00007ffc3b0cb000 	C:\Program Files\Java\jdk-18.0.1.1\bin\management_ext.dll
0x00007ffc377b0000 - 0x00007ffc377c0000 	C:\Program Files\Java\jdk-18.0.1.1\bin\verify.dll
0x00007ffc23280000 - 0x00007ffc2328a000 	C:\Windows\System32\rasadhlp.dll
0x00007ffc38890000 - 0x00007ffc38911000 	C:\WINDOWS\System32\fwpuclnt.dll

dbghelp: loaded successfully - version: 4.0.5 - missing functions: none
symbol engine: initialized successfully - sym options: 0x614 - pdb path: .;C:\Program Files\Java\jdk-18.0.1.1\bin;C:\WINDOWS\SYSTEM32;C:\WINDOWS\WinSxS\amd64_microsoft.windows.common-controls_6595b64144ccf1df_6.0.21996.1_none_7d6b053978bcd706;C:\Program Files\Java\jdk-18.0.1.1\bin\server;C:\Program Files\JetBrains\IntelliJ IDEA Community Edition 2024.1.2\bin

VM Arguments:
jvm_args: -javaagent:C:\Program Files\JetBrains\IntelliJ IDEA Community Edition 2024.1.2\lib\idea_rt.jar=5029:C:\Program Files\JetBrains\IntelliJ IDEA Community Edition 2024.1.2\bin -Dfile.encoding=UTF-8 -Dsun.stdout.encoding=UTF-8 -Dsun.stderr.encoding=UTF-8 
java_command: com.vms.medxbid.SpringSecurityJwtApplication
java_class_path (initial): D:\medxbid-api\target\classes;C:\Users\varma\.m2\repository\org\springframework\boot\spring-boot-starter-web\3.2.5\spring-boot-starter-web-3.2.5.jar;C:\Users\varma\.m2\repository\org\springframework\boot\spring-boot-starter\3.2.5\spring-boot-starter-3.2.5.jar;C:\Users\varma\.m2\repository\org\springframework\boot\spring-boot\3.2.5\spring-boot-3.2.5.jar;C:\Users\varma\.m2\repository\org\springframework\boot\spring-boot-autoconfigure\3.2.5\spring-boot-autoconfigure-3.2.5.jar;C:\Users\varma\.m2\repository\org\springframework\boot\spring-boot-starter-logging\3.2.5\spring-boot-starter-logging-3.2.5.jar;C:\Users\varma\.m2\repository\ch\qos\logback\logback-classic\1.4.14\logback-classic-1.4.14.jar;C:\Users\varma\.m2\repository\ch\qos\logback\logback-core\1.4.14\logback-core-1.4.14.jar;C:\Users\varma\.m2\repository\org\apache\logging\log4j\log4j-to-slf4j\2.21.1\log4j-to-slf4j-2.21.1.jar;C:\Users\varma\.m2\repository\org\apache\logging\log4j\log4j-api\2.21.1\log4j-api-2.21.1.jar;C:\Users\varma\.m2\repository\org\slf4j\jul-to-slf4j\2.0.13\jul-to-slf4j-2.0.13.jar;C:\Users\varma\.m2\repository\jakarta\annotation\jakarta.annotation-api\2.1.1\jakarta.annotation-api-2.1.1.jar;C:\Users\varma\.m2\repository\org\yaml\snakeyaml\2.2\snakeyaml-2.2.jar;C:\Users\varma\.m2\repository\org\springframework\boot\spring-boot-starter-json\3.2.5\spring-boot-starter-json-3.2.5.jar;C:\Users\varma\.m2\repository\com\fasterxml\jackson\datatype\jackson-datatype-jdk8\2.15.4\jackson-datatype-jdk8-2.15.4.jar;C:\Users\varma\.m2\repository\com\fasterxml\jackson\datatype\jackson-datatype-jsr310\2.15.4\jackson-datatype-jsr310-2.15.4.jar;C:\Users\varma\.m2\repository\com\fasterxml\jackson\module\jackson-module-parameter-names\2.15.4\jackson-module-parameter-names-2.15.4.jar;C:\Users\varma\.m2\repository\org\springframework\boot\spring-boot-starter-tomcat\3.2.5\spring-boot-starter-tomcat-3.2.5.jar;C:\Users\varma\.m2\repository\org\apache\tomcat\embed\tomcat-embed-core\10.1.20\tomcat-embed-core-10.1.20.jar;C:\Users\varma\.m2\repository\org\apache\tomcat\embed\tomcat-embed-el\10.1.20\tomcat-embed-el-10.1.20.jar;C:\Users\varma\.m2\repository\org\apache\tomcat\embed\tomcat-embed-websocket\10.1.20\tomcat-embed-websocket-10.1.20.jar;C:\Users\varma\.m2\repository\org\springframework\spring-web\6.1.6\spring-web-6.1.6.jar;C:\Users\varma\.m2\repository\org\springframework\spring-beans\6.1.6\spring-beans-6.1.6.jar;C:\Users\varma\.m2\repository\io\micrometer\micrometer-observation\1.12.5\micrometer-observation-1.12.5.jar;C:\Users\varma\.m2\repository\io\micrometer\micrometer-commons\1.12.5\micrometer-commons-1.12.5.jar;C:\Users\varma\.m2\repository\org\springframework\spring-webmvc\6.1.6\spring-webmvc-6.1.6.jar;C:\Users\varma\.m2\repository\org\springframework\spring-context\6.1.6\spring-context-6.1.6.jar;C:\Users\varma\.m2\repository\org\springframework\spring-expression\6.1.6\spring-expression-6.1.6.jar;C:\Users\varma\.m2\repository\org\springframework\boot\spring-boot-starter-security\3.2.5\spring-boot-starter-security-3.2.5.jar;C:\Users\varma\.m2\repository\org\springframework\spring-aop\6.1.6\spring-aop-6.1.6.jar;C:\Users\varma\.m2\repository\org\springframework\security\spring-security-config\6.2.4\spring-security-config-6.2.4.jar;C:\Users\varma\.m2\repository\org\springframework\security\spring-security-web\6.2.4\spring-security-web-6.2.4.jar;C:\Users\varma\.m2\repository\org\springframework\boot\spring-boot-starter-data-jpa\3.2.5\spring-boot-starter-data-jpa-3.2.5.jar;C:\Users\varma\.m2\repository\org\springframework\boot\spring-boot-starter-aop\3.2.5\spring-boot-starter-aop-3.2.5.jar;C:\Users\varma\.m2\repository\org\aspectj\aspectjweaver\1.9.22\aspectjweaver-1.9.22.jar;C:\Users\varma\.m2\repository\org\springframework\boot\spring-boot-starter-jdbc\3.2.5\spring-boot-starter-jdbc-3.2.5.jar;C:\Users\varma\.m2\repository\com\zaxxer\HikariCP\5.0.1\HikariCP-5.0.1.jar;C:\Users\varma\.m2\repository\org\springframework\spring-jdbc\6.1.6\spring-jdbc-6.1.6.jar;C:\Users\varma\.m2\repository\org\hibernate\orm\hibernate-core\6.4.4.Final\hibernate-core-6.4.4.Final.jar;C:\Users\varma\.m2\repository\jakarta\persistence\jakarta.persistence-api\3.1.0\jakarta.persistence-api-3.1.0.jar;C:\Users\varma\.m2\repository\jakarta\transaction\jakarta.transaction-api\2.0.1\jakarta.transaction-api-2.0.1.jar;C:\Users\varma\.m2\repository\org\jboss\logging\jboss-logging\3.5.3.Final\jboss-logging-3.5.3.Final.jar;C:\Users\varma\.m2\repository\org\hibernate\common\hibernate-commons-annotations\6.0.6.Final\hibernate-commons-annotations-6.0.6.Final.jar;C:\Users\varma\.m2\repository\io\smallrye\jandex\3.1.2\jandex-3.1.2.jar;C:\Users\varma\.m2\repository\com\fasterxml\classmate\1.6.0\classmate-1.6.0.jar;C:\Users\varma\.m2\repository\net\bytebuddy\byte-buddy\1.14.13\byte-buddy-1.14.13.jar;C:\Users\varma\.m2\repository\org\glassfish\jaxb\jaxb-runtime\4.0.5\jaxb-runtime-4.0.5.jar;C:\Users\varma\.m2\repository\org\glassfish\jaxb\jaxb-core\4.0.5\jaxb-core-4.0.5.jar;C:\Users\varma\.m2\repository\org\eclipse\angus\angus-activation\2.0.2\angus-activation-2.0.2.jar;C:\Users\varma\.m2\repository\org\glassfish\jaxb\txw2\4.0.5\txw2-4.0.5.jar;C:\Users\varma\.m2\repository\com\sun\istack\istack-commons-runtime\4.1.2\istack-commons-runtime-4.1.2.jar;C:\Users\varma\.m2\repository\jakarta\inject\jakarta.inject-api\2.0.1\jakarta.inject-api-2.0.1.jar;C:\Users\varma\.m2\repository\org\antlr\antlr4-runtime\4.13.0\antlr4-runtime-4.13.0.jar;C:\Users\varma\.m2\repository\org\springframework\data\spring-data-jpa\3.2.5\spring-data-jpa-3.2.5.jar;C:\Users\varma\.m2\repository\org\springframework\data\spring-data-commons\3.2.5\spring-data-commons-3.2.5.jar;C:\Users\varma\.m2\repository\org\springframework\spring-orm\6.1.6\spring-orm-6.1.6.jar;C:\Users\varma\.m2\repository\org\springframework\spring-tx\6.1.6\spring-tx-6.1.6.jar;C:\Users\varma\.m2\repository\org\slf4j\slf4j-api\2.0.13\slf4j-api-2.0.13.jar;C:\Users\varma\.m2\repository\org\springframework\spring-aspects\6.1.6\spring-aspects-6.1.6.jar;C:\Users\varma\.m2\repository\io\jsonwebtoken\jjwt\0.9.1\jjwt-0.9.1.jar;C:\Users\varma\.m2\repository\com\fasterxml\jackson\core\jackson-databind\2.15.4\jackson-databind-2.15.4.jar;C:\Users\varma\.m2\repository\com\fasterxml\jackson\core\jackson-annotations\2.15.4\jackson-annotations-2.15.4.jar;C:\Users\varma\.m2\repository\com\fasterxml\jackson\core\jackson-core\2.15.4\jackson-core-2.15.4.jar;C:\Users\varma\.m2\repository\javax\xml\bind\jaxb-api\2.3.0\jaxb-api-2.3.0.jar;C:\Users\varma\.m2\repository\jakarta\xml\bind\jakarta.xml.bind-api\4.0.2\jakarta.xml.bind-api-4.0.2.jar;C:\Users\varma\.m2\repository\jakarta\activation\jakarta.activation-api\2.1.3\jakarta.activation-api-2.1.3.jar;C:\Users\varma\.m2\repository\org\springframework\spring-core\6.1.6\spring-core-6.1.6.jar;C:\Users\varma\.m2\repository\org\springframework\spring-jcl\6.1.6\spring-jcl-6.1.6.jar;C:\Users\varma\.m2\repository\org\springframework\security\spring-security-core\6.2.4\spring-security-core-6.2.4.jar;C:\Users\varma\.m2\repository\org\springframework\security\spring-security-crypto\6.2.4\spring-security-crypto-6.2.4.jar;C:\Users\varma\.m2\repository\org\postgresql\postgresql\42.7.3\postgresql-42.7.3.jar;C:\Users\varma\.m2\repository\org\checkerframework\checker-qual\3.42.0\checker-qual-3.42.0.jar
Launcher Type: SUN_STANDARD

[Global flags]
     intx CICompilerCount                          = 4                                         {product} {ergonomic}
     uint ConcGCThreads                            = 2                                         {product} {ergonomic}
     uint G1ConcRefinementThreads                  = 8                                         {product} {ergonomic}
   size_t G1HeapRegionSize                         = 2097152                                   {product} {ergonomic}
    uintx GCDrainStackTargetSize                   = 64                                        {product} {ergonomic}
   size_t InitialHeapSize                          = 199229440                                 {product} {ergonomic}
   size_t MarkStackSize                            = 4194304                                   {product} {ergonomic}
   size_t MaxHeapSize                              = 3170893824                                {product} {ergonomic}
   size_t MaxNewSize                               = 1902116864                                {product} {ergonomic}
   size_t MinHeapDeltaBytes                        = 2097152                                   {product} {ergonomic}
   size_t MinHeapSize                              = 8388608                                   {product} {ergonomic}
    uintx NonNMethodCodeHeapSize                   = 5839372                                {pd product} {ergonomic}
    uintx NonProfiledCodeHeapSize                  = 122909434                              {pd product} {ergonomic}
    uintx ProfiledCodeHeapSize                     = 122909434                              {pd product} {ergonomic}
    uintx ReservedCodeCacheSize                    = 251658240                              {pd product} {ergonomic}
     bool SegmentedCodeCache                       = true                                      {product} {ergonomic}
   size_t SoftMaxHeapSize                          = 3170893824                             {manageable} {ergonomic}
     bool UseCompressedClassPointers               = true                           {product lp64_product} {ergonomic}
     bool UseCompressedOops                        = true                           {product lp64_product} {ergonomic}
     bool UseG1GC                                  = true                                      {product} {ergonomic}
     bool UseLargePagesIndividualAllocation        = false                                  {pd product} {ergonomic}

Logging:
Log output configuration:
 #0: stdout all=warning uptime,level,tags foldmultilines=false
 #1: stderr all=off uptime,level,tags foldmultilines=false

Environment Variables:
JAVA_HOME=C:\Program Files\Java\jdk-18.0.1.1
CLASSPATH=C:\mysql-connector-j-8.1.0.jar;.;
PATH=C:\Windows\System32;C:\Program Files\nodejs\;C:\Program Files\HP\HP One Agent;C:\Android Emulator;C:\Android Emulator\cmdline-tools\tools;C:\Android Emulator\cmdline-tools\tools\bin;C:\Program Files\MySQL\MySQL Server 8.0\bin;C:\Users\varma\Downloads\platform-tools-latest-windows\platform-tools;C:\Program Files\Java\jdk-18.0.1.1\bin;C:\Users\varma\AppData\Local\Programs\Microsoft VS Code\bin;C:\Users\varma\AppData\Roaming\npm;C:\Program Files\Git\bin;;C:\Program Files\JetBrains\IntelliJ IDEA Community Edition 2024.1.2\bin;
USERNAME=varma
OS=Windows_NT
PROCESSOR_IDENTIFIER=Intel64 Family 6 Model 142 Stepping 12, GenuineIntel



---------------  S Y S T E M  ---------------

OS:
 Windows 10 , 64 bit Build 21996 (10.0.21996.1)
OS uptime: 0 days 7:24 hours

CPU: total 8 (initial active 8) (4 cores per cpu, 2 threads per core) family 6 model 142 stepping 12 microcode 0xea, cx8, cmov, fxsr, ht, mmx, 3dnowpref, sse, sse2, sse3, ssse3, sse4.1, sse4.2, popcnt, lzcnt, tsc, tscinvbit, avx, avx2, aes, erms, clmul, bmi1, bmi2, adx, fma, vzeroupper, clflush, clflushopt

Memory: 4k page, system-wide physical 12091M (1193M free)
TotalPageFile size 16091M (AvailPageFile size 7M)
current process WorkingSet (physical memory assigned to process): 216M, peak: 217M
current process commit charge ("private bytes"): 258M, peak: 343M

vm_info: Java HotSpot(TM) 64-Bit Server VM (18.0.1.1+2-6) for windows-amd64 JRE (18.0.1.1+2-6), built on Apr 25 2022 21:53:15 by "mach5one" with MS VC++ 16.8 / 16.9 (VS2019)

END.
