#
# There is insufficient memory for the Java Runtime Environment to continue.
# Native memory allocation (mmap) failed to map 65536 bytes for Failed to commit metaspace.
# Possible reasons:
#   The system is out of physical RAM or swap space
#   The process is running with CompressedOops enabled, and the Java Heap may be blocking the growth of the native heap
# Possible solutions:
#   Reduce memory load on the system
#   Increase physical memory or swap space
#   Check if swap backing store is full
#   Decrease Java heap size (-Xmx/-Xms)
#   Decrease number of Java threads
#   Decrease Java thread stack sizes (-Xss)
#   Set larger code cache with -XX:ReservedCodeCacheSize=
#   JVM is running with Zero Based Compressed Oops mode in which the Java heap is
#     placed in the first 32GB address space. The Java Heap base address is the
#     maximum limit for the native heap growth. Please use -XX:HeapBaseMinAddress
#     to set the Java Heap base and to place the Java Heap above 32GB virtual address.
# This output file may be truncated or incomplete.
#
#  Out of Memory Error (virtualSpaceNode.cpp:110), pid=9776, tid=15592
#
# JRE version: Java(TM) SE Runtime Environment (18.0.1.1+2) (build 18.0.1.1+2-6)
# Java VM: Java HotSpot(TM) 64-Bit Server VM (18.0.1.1+2-6, mixed mode, sharing, tiered, compressed oops, compressed class ptrs, g1 gc, windows-amd64)
# No core dump will be written. Minidumps are not enabled by default on client versions of Windows
#

---------------  S U M M A R Y ------------

Command Line: -javaagent:C:\Program Files\JetBrains\IntelliJ IDEA Community Edition 2024.1.2\lib\idea_rt.jar=4642:C:\Program Files\JetBrains\IntelliJ IDEA Community Edition 2024.1.2\bin -Dfile.encoding=UTF-8 -Dsun.stdout.encoding=UTF-8 -Dsun.stderr.encoding=UTF-8 com.vms.medxbid.SpringSecurityJwtApplication

Host: Intel(R) Core(TM) i5-10210U CPU @ 1.60GHz, 8 cores, 11G,  Windows 10 , 64 bit Build 21996 (10.0.21996.1)
Time: Sat Jul  6 17:47:40 2024 India Standard Time elapsed time: 0.403045 seconds (0d 0h 0m 0s)

---------------  T H R E A D  ---------------

Current thread (0x000002b58fd95070):  JavaThread "main" [_thread_in_vm, id=15592, stack(0x000000ea43000000,0x000000ea43100000)]

Stack: [0x000000ea43000000,0x000000ea43100000]
Native frames: (J=compiled Java code, j=interpreted, Vv=VM code, C=native code)
V  [jvm.dll+0x69887a]
V  [jvm.dll+0x7f38bd]
V  [jvm.dll+0x7f51ce]
V  [jvm.dll+0x7f5883]
V  [jvm.dll+0x25ca3f]
V  [jvm.dll+0x7ef5cb]
V  [jvm.dll+0x63ea76]
V  [jvm.dll+0x63eada]
V  [jvm.dll+0x64135e]
V  [jvm.dll+0x64121e]
V  [jvm.dll+0x63f43e]
V  [jvm.dll+0x650949]
V  [jvm.dll+0x649d34]
V  [jvm.dll+0x3a15a1]
C  0x000002b5976cc727

Java frames: (J=compiled Java code, j=interpreted, Vv=VM code)
j  sun.nio.ch.ChannelInputStream.available()I+0 java.base@18.0.1.1
j  sun.nio.cs.StreamDecoder.inReady()Z+11 java.base@18.0.1.1
j  sun.nio.cs.StreamDecoder.implRead([CII)I+102 java.base@18.0.1.1
j  sun.nio.cs.StreamDecoder.read([CII)I+180 java.base@18.0.1.1
j  java.io.InputStreamReader.read([CII)I+7 java.base@18.0.1.1
j  java.io.BufferedReader.fill()V+145 java.base@18.0.1.1
J 476 c1 java.io.BufferedReader.read()I java.base@18.0.1.1 (104 bytes) @ 0x000002b597d07b7c [0x000002b597d07a00+0x000000000000017c]
J 475 c1 java.io.StreamTokenizer.read()I java.base@18.0.1.1 (38 bytes) @ 0x000002b597d074ac [0x000002b597d07260+0x000000000000024c]
j  java.io.StreamTokenizer.nextToken()I+890 java.base@18.0.1.1
j  sun.security.provider.PolicyParser.match(Ljava/lang/String;)Ljava/lang/String;+261 java.base@18.0.1.1
j  sun.security.provider.PolicyParser.parsePermissionEntry()Lsun/security/provider/PolicyParser$PermissionEntry;+21 java.base@18.0.1.1
j  sun.security.provider.PolicyParser.parseGrantEntry()Lsun/security/provider/PolicyParser$GrantEntry;+630 java.base@18.0.1.1
j  sun.security.provider.PolicyParser.read(Ljava/io/Reader;)V+215 java.base@18.0.1.1
j  sun.security.provider.PolicyFile.initDefaultPolicy(Lsun/security/provider/PolicyFile$PolicyInfo;)V+81 java.base@18.0.1.1
j  sun.security.provider.PolicyFile$2.run()Ljava/lang/Void;+8 java.base@18.0.1.1
j  sun.security.provider.PolicyFile$2.run()Ljava/lang/Object;+1 java.base@18.0.1.1
j  java.security.AccessController.executePrivileged(Ljava/security/PrivilegedAction;Ljava/security/AccessControlContext;Ljava/lang/Class;)Ljava/lang/Object;+29 java.base@18.0.1.1
j  java.security.AccessController.doPrivileged(Ljava/security/PrivilegedAction;)Ljava/lang/Object;+5 java.base@18.0.1.1
j  sun.security.provider.PolicyFile.initPolicyFile(Lsun/security/provider/PolicyFile$PolicyInfo;Ljava/net/URL;)V+9 java.base@18.0.1.1
j  sun.security.provider.PolicyFile.init(Ljava/net/URL;)V+50 java.base@18.0.1.1
j  sun.security.provider.PolicyFile.<init>()V+24 java.base@18.0.1.1
j  java.security.Policy.loadPolicyProvider()Ljava/security/Policy;+38 java.base@18.0.1.1
j  java.security.Policy.getPolicyNoCheck()Ljava/security/Policy;+34 java.base@18.0.1.1
j  java.security.ProtectionDomain.implies(Ljava/security/Permission;)Z+16 java.base@18.0.1.1
j  java.security.ProtectionDomain.impliesWithAltFilePerm(Ljava/security/Permission;)Z+23 java.base@18.0.1.1
j  java.security.AccessControlContext.checkPermission(Ljava/security/Permission;)V+323 java.base@18.0.1.1
j  java.security.AccessController.checkPermission(Ljava/security/Permission;)V+161 java.base@18.0.1.1
j  ch.qos.logback.core.util.Loader$1.run()Ljava/lang/Boolean;+9
j  ch.qos.logback.core.util.Loader$1.run()Ljava/lang/Object;+1
j  java.security.AccessController.executePrivileged(Ljava/security/PrivilegedAction;Ljava/security/AccessControlContext;Ljava/lang/Class;)Ljava/lang/Object;+29 java.base@18.0.1.1
j  java.security.AccessController.doPrivileged(Ljava/security/PrivilegedAction;)Ljava/lang/Object;+5 java.base@18.0.1.1
j  ch.qos.logback.core.util.Loader.<clinit>()V+34
v  ~StubRoutines::call_stub
j  ch.qos.logback.classic.util.ContextInitializer.autoConfig(Ljava/lang/ClassLoader;)V+1
j  ch.qos.logback.classic.util.ContextInitializer.autoConfig()V+6
j  ch.qos.logback.classic.spi.LogbackServiceProvider.initializeLoggerContext()V+11
j  ch.qos.logback.classic.spi.LogbackServiceProvider.initialize()V+21
j  org.slf4j.LoggerFactory.bind()V+37
j  org.slf4j.LoggerFactory.performInitialization()V+0
j  org.slf4j.LoggerFactory.getProvider()Lorg/slf4j/spi/SLF4JServiceProvider;+21
j  org.slf4j.LoggerFactory.getILoggerFactory()Lorg/slf4j/ILoggerFactory;+0
j  org.slf4j.LoggerFactory.getLogger(Ljava/lang/String;)Lorg/slf4j/Logger;+0
j  org.apache.commons.logging.LogAdapter$Slf4jAdapter.createLocationAwareLog(Ljava/lang/String;)Lorg/apache/commons/logging/Log;+1
j  org.apache.commons.logging.LogAdapter$$Lambda$15+0x0000000800c09b68.apply(Ljava/lang/Object;)Ljava/lang/Object;+4
j  org.apache.commons.logging.LogAdapter.createLog(Ljava/lang/String;)Lorg/apache/commons/logging/Log;+4
j  org.apache.commons.logging.LogFactory.getLog(Ljava/lang/String;)Lorg/apache/commons/logging/Log;+1
j  org.apache.commons.logging.LogFactory.getLog(Ljava/lang/Class;)Lorg/apache/commons/logging/Log;+4
j  org.springframework.boot.SpringApplication.<clinit>()V+2
v  ~StubRoutines::call_stub
j  com.vms.medxbid.SpringSecurityJwtApplication.main([Ljava/lang/String;)V+3
v  ~StubRoutines::call_stub

---------------  P R O C E S S  ---------------

Threads class SMR info:
_java_thread_list=0x000002b5b4ccac20, length=14, elements={
0x000002b58fd95070, 0x000002b5b0221de0, 0x000002b5b0222a40, 0x000002b5b023bb10,
0x000002b5b023d530, 0x000002b5b023ded0, 0x000002b5b023e870, 0x000002b5b023f540,
0x000002b5b0240e40, 0x000002b5b024ec50, 0x000002b58fe49750, 0x000002b5b49b1bf0,
0x000002b5b4a180d0, 0x000002b5b4a18590
}

Java Threads: ( => current thread )
=>0x000002b58fd95070 JavaThread "main" [_thread_in_vm, id=15592, stack(0x000000ea43000000,0x000000ea43100000)]
  0x000002b5b0221de0 JavaThread "Reference Handler" daemon [_thread_blocked, id=12412, stack(0x000000ea43700000,0x000000ea43800000)]
  0x000002b5b0222a40 JavaThread "Finalizer" daemon [_thread_blocked, id=19800, stack(0x000000ea43800000,0x000000ea43900000)]
  0x000002b5b023bb10 JavaThread "Signal Dispatcher" daemon [_thread_blocked, id=20596, stack(0x000000ea43900000,0x000000ea43a00000)]
  0x000002b5b023d530 JavaThread "Attach Listener" daemon [_thread_blocked, id=13292, stack(0x000000ea43a00000,0x000000ea43b00000)]
  0x000002b5b023ded0 JavaThread "Service Thread" daemon [_thread_blocked, id=19080, stack(0x000000ea43b00000,0x000000ea43c00000)]
  0x000002b5b023e870 JavaThread "Monitor Deflation Thread" daemon [_thread_blocked, id=12248, stack(0x000000ea43c00000,0x000000ea43d00000)]
  0x000002b5b023f540 JavaThread "C2 CompilerThread0" daemon [_thread_blocked, id=1272, stack(0x000000ea43d00000,0x000000ea43e00000)]
  0x000002b5b0240e40 JavaThread "C1 CompilerThread0" daemon [_thread_in_vm, id=10852, stack(0x000000ea43e00000,0x000000ea43f00000)]
  0x000002b5b024ec50 JavaThread "Sweeper thread" daemon [_thread_blocked, id=21988, stack(0x000000ea43f00000,0x000000ea44000000)]
  0x000002b58fe49750 JavaThread "Common-Cleaner" daemon [_thread_blocked, id=17204, stack(0x000000ea44000000,0x000000ea44100000)]
  0x000002b5b49b1bf0 JavaThread "C2 CompilerThread1" daemon [_thread_blocked, id=12264, stack(0x000000ea44100000,0x000000ea44200000)]
  0x000002b5b4a180d0 JavaThread "Monitor Ctrl-Break" daemon [_thread_in_native, id=15872, stack(0x000000ea44200000,0x000000ea44300000)]
  0x000002b5b4a18590 JavaThread "Notification Thread" daemon [_thread_blocked, id=15776, stack(0x000000ea44300000,0x000000ea44400000)]

Other Threads:
  0x000002b58fe01890 VMThread "VM Thread" [stack: 0x000000ea43600000,0x000000ea43700000] [id=5800]
  0x000002b5b4cf7ed0 WatcherThread "VM Periodic Task Thread" [stack: 0x000000ea44400000,0x000000ea44500000] [id=19172]
  0x000002b58fdeb7d0 WorkerThread "GC Thread#0" [stack: 0x000000ea43100000,0x000000ea43200000] [id=21352]
  0x000002b58fdf9410 ConcurrentGCThread "G1 Main Marker" [stack: 0x000000ea43200000,0x000000ea43300000] [id=8296]
  0x000002b58fdf9e00 WorkerThread "G1 Conc#0" [stack: 0x000000ea43300000,0x000000ea43400000] [id=2468]
  0x000002b58fe39560 ConcurrentGCThread "G1 Refine#0" [stack: 0x000000ea43400000,0x000000ea43500000] [id=10072]
  0x000002b58fe39e70 ConcurrentGCThread "G1 Service" [stack: 0x000000ea43500000,0x000000ea43600000] [id=13584]

Threads with active compile tasks:
C1 CompilerThread0      418  481       3       sun.security.provider.PolicyParser::peek (182 bytes)

VM state: not at safepoint (normal execution)

VM Mutex/Monitor currently owned by a thread:  ([mutex/lock_event])
[0x000002b58fd8eb10] Metaspace_lock - owner thread: 0x000002b58fd95070
[0x000002b58fd91650] MethodData_lock - owner thread: 0x000002b5b0240e40

Heap address: 0x0000000743000000, size: 3024 MB, Compressed Oops mode: Zero based, Oop shift amount: 3

CDS archive(s) mapped at: [0x0000000800000000-0x0000000800ba0000-0x0000000800ba0000), size 12189696, SharedBaseAddress: 0x0000000800000000, ArchiveRelocationMode: 0.
Compressed class space mapped at: 0x0000000800c00000-0x0000000840c00000, reserved size: 1073741824
Narrow klass base: 0x0000000800000000, Narrow klass shift: 0, Narrow klass range: 0x100000000

GC Precious Log:
 CardTable entry size: 512
 Card Set container configuration: InlinePtr #cards 4 size 8 Array Of Cards #cards 16 size 48 Howl #buckets 8 coarsen threshold 3686 Howl Bitmap #cards 512 size 80 coarsen threshold 460 Card regions per heap region 1 cards per card region 4096
 CPUs: 8 total, 8 available
 Memory: 12091M
 Large Page Support: Disabled
 NUMA Support: Disabled
 Compressed Oops: Enabled (Zero based)
 Heap Region Size: 2M
 Heap Min Capacity: 8M
 Heap Initial Capacity: 190M
 Heap Max Capacity: 3024M
 Pre-touch: Disabled
 Parallel Workers: 8
 Concurrent Workers: 2
 Concurrent Refinement Workers: 8
 Periodic GC: Disabled

Heap:
 garbage-first heap   total 194560K, used 8192K [0x0000000743000000, 0x0000000800000000)
  region size 2048K, 5 young (10240K), 0 survivors (0K)
 Metaspace       used 1908K, committed 2048K, reserved 1114112K
  class space    used 157K, committed 256K, reserved 1048576K

Heap Regions: E=young(eden), S=young(survivor), O=old, HS=humongous(starts), HC=humongous(continues), CS=collection set, F=free, OA=open archive, CA=closed archive, TAMS=top-at-mark-start (previous, next)
|   0|0x0000000743000000, 0x0000000743000000, 0x0000000743200000|  0%| F|  |TAMS 0x0000000743000000, 0x0000000743000000| Untracked 
|   1|0x0000000743200000, 0x0000000743200000, 0x0000000743400000|  0%| F|  |TAMS 0x0000000743200000, 0x0000000743200000| Untracked 
|   2|0x0000000743400000, 0x0000000743400000, 0x0000000743600000|  0%| F|  |TAMS 0x0000000743400000, 0x0000000743400000| Untracked 
|   3|0x0000000743600000, 0x0000000743600000, 0x0000000743800000|  0%| F|  |TAMS 0x0000000743600000, 0x0000000743600000| Untracked 
|   4|0x0000000743800000, 0x0000000743800000, 0x0000000743a00000|  0%| F|  |TAMS 0x0000000743800000, 0x0000000743800000| Untracked 
|   5|0x0000000743a00000, 0x0000000743a00000, 0x0000000743c00000|  0%| F|  |TAMS 0x0000000743a00000, 0x0000000743a00000| Untracked 
|   6|0x0000000743c00000, 0x0000000743c00000, 0x0000000743e00000|  0%| F|  |TAMS 0x0000000743c00000, 0x0000000743c00000| Untracked 
|   7|0x0000000743e00000, 0x0000000743e00000, 0x0000000744000000|  0%| F|  |TAMS 0x0000000743e00000, 0x0000000743e00000| Untracked 
|   8|0x0000000744000000, 0x0000000744000000, 0x0000000744200000|  0%| F|  |TAMS 0x0000000744000000, 0x0000000744000000| Untracked 
|   9|0x0000000744200000, 0x0000000744200000, 0x0000000744400000|  0%| F|  |TAMS 0x0000000744200000, 0x0000000744200000| Untracked 
|  10|0x0000000744400000, 0x0000000744400000, 0x0000000744600000|  0%| F|  |TAMS 0x0000000744400000, 0x0000000744400000| Untracked 
|  11|0x0000000744600000, 0x0000000744600000, 0x0000000744800000|  0%| F|  |TAMS 0x0000000744600000, 0x0000000744600000| Untracked 
|  12|0x0000000744800000, 0x0000000744800000, 0x0000000744a00000|  0%| F|  |TAMS 0x0000000744800000, 0x0000000744800000| Untracked 
|  13|0x0000000744a00000, 0x0000000744a00000, 0x0000000744c00000|  0%| F|  |TAMS 0x0000000744a00000, 0x0000000744a00000| Untracked 
|  14|0x0000000744c00000, 0x0000000744c00000, 0x0000000744e00000|  0%| F|  |TAMS 0x0000000744c00000, 0x0000000744c00000| Untracked 
|  15|0x0000000744e00000, 0x0000000744e00000, 0x0000000745000000|  0%| F|  |TAMS 0x0000000744e00000, 0x0000000744e00000| Untracked 
|  16|0x0000000745000000, 0x0000000745000000, 0x0000000745200000|  0%| F|  |TAMS 0x0000000745000000, 0x0000000745000000| Untracked 
|  17|0x0000000745200000, 0x0000000745200000, 0x0000000745400000|  0%| F|  |TAMS 0x0000000745200000, 0x0000000745200000| Untracked 
|  18|0x0000000745400000, 0x0000000745400000, 0x0000000745600000|  0%| F|  |TAMS 0x0000000745400000, 0x0000000745400000| Untracked 
|  19|0x0000000745600000, 0x0000000745600000, 0x0000000745800000|  0%| F|  |TAMS 0x0000000745600000, 0x0000000745600000| Untracked 
|  20|0x0000000745800000, 0x0000000745800000, 0x0000000745a00000|  0%| F|  |TAMS 0x0000000745800000, 0x0000000745800000| Untracked 
|  21|0x0000000745a00000, 0x0000000745a00000, 0x0000000745c00000|  0%| F|  |TAMS 0x0000000745a00000, 0x0000000745a00000| Untracked 
|  22|0x0000000745c00000, 0x0000000745c00000, 0x0000000745e00000|  0%| F|  |TAMS 0x0000000745c00000, 0x0000000745c00000| Untracked 
|  23|0x0000000745e00000, 0x0000000745e00000, 0x0000000746000000|  0%| F|  |TAMS 0x0000000745e00000, 0x0000000745e00000| Untracked 
|  24|0x0000000746000000, 0x0000000746000000, 0x0000000746200000|  0%| F|  |TAMS 0x0000000746000000, 0x0000000746000000| Untracked 
|  25|0x0000000746200000, 0x0000000746200000, 0x0000000746400000|  0%| F|  |TAMS 0x0000000746200000, 0x0000000746200000| Untracked 
|  26|0x0000000746400000, 0x0000000746400000, 0x0000000746600000|  0%| F|  |TAMS 0x0000000746400000, 0x0000000746400000| Untracked 
|  27|0x0000000746600000, 0x0000000746600000, 0x0000000746800000|  0%| F|  |TAMS 0x0000000746600000, 0x0000000746600000| Untracked 
|  28|0x0000000746800000, 0x0000000746800000, 0x0000000746a00000|  0%| F|  |TAMS 0x0000000746800000, 0x0000000746800000| Untracked 
|  29|0x0000000746a00000, 0x0000000746a00000, 0x0000000746c00000|  0%| F|  |TAMS 0x0000000746a00000, 0x0000000746a00000| Untracked 
|  30|0x0000000746c00000, 0x0000000746c00000, 0x0000000746e00000|  0%| F|  |TAMS 0x0000000746c00000, 0x0000000746c00000| Untracked 
|  31|0x0000000746e00000, 0x0000000746e00000, 0x0000000747000000|  0%| F|  |TAMS 0x0000000746e00000, 0x0000000746e00000| Untracked 
|  32|0x0000000747000000, 0x0000000747000000, 0x0000000747200000|  0%| F|  |TAMS 0x0000000747000000, 0x0000000747000000| Untracked 
|  33|0x0000000747200000, 0x0000000747200000, 0x0000000747400000|  0%| F|  |TAMS 0x0000000747200000, 0x0000000747200000| Untracked 
|  34|0x0000000747400000, 0x0000000747400000, 0x0000000747600000|  0%| F|  |TAMS 0x0000000747400000, 0x0000000747400000| Untracked 
|  35|0x0000000747600000, 0x0000000747600000, 0x0000000747800000|  0%| F|  |TAMS 0x0000000747600000, 0x0000000747600000| Untracked 
|  36|0x0000000747800000, 0x0000000747800000, 0x0000000747a00000|  0%| F|  |TAMS 0x0000000747800000, 0x0000000747800000| Untracked 
|  37|0x0000000747a00000, 0x0000000747a00000, 0x0000000747c00000|  0%| F|  |TAMS 0x0000000747a00000, 0x0000000747a00000| Untracked 
|  38|0x0000000747c00000, 0x0000000747c00000, 0x0000000747e00000|  0%| F|  |TAMS 0x0000000747c00000, 0x0000000747c00000| Untracked 
|  39|0x0000000747e00000, 0x0000000747e00000, 0x0000000748000000|  0%| F|  |TAMS 0x0000000747e00000, 0x0000000747e00000| Untracked 
|  40|0x0000000748000000, 0x0000000748000000, 0x0000000748200000|  0%| F|  |TAMS 0x0000000748000000, 0x0000000748000000| Untracked 
|  41|0x0000000748200000, 0x0000000748200000, 0x0000000748400000|  0%| F|  |TAMS 0x0000000748200000, 0x0000000748200000| Untracked 
|  42|0x0000000748400000, 0x0000000748400000, 0x0000000748600000|  0%| F|  |TAMS 0x0000000748400000, 0x0000000748400000| Untracked 
|  43|0x0000000748600000, 0x0000000748600000, 0x0000000748800000|  0%| F|  |TAMS 0x0000000748600000, 0x0000000748600000| Untracked 
|  44|0x0000000748800000, 0x0000000748800000, 0x0000000748a00000|  0%| F|  |TAMS 0x0000000748800000, 0x0000000748800000| Untracked 
|  45|0x0000000748a00000, 0x0000000748a00000, 0x0000000748c00000|  0%| F|  |TAMS 0x0000000748a00000, 0x0000000748a00000| Untracked 
|  46|0x0000000748c00000, 0x0000000748c00000, 0x0000000748e00000|  0%| F|  |TAMS 0x0000000748c00000, 0x0000000748c00000| Untracked 
|  47|0x0000000748e00000, 0x0000000748e00000, 0x0000000749000000|  0%| F|  |TAMS 0x0000000748e00000, 0x0000000748e00000| Untracked 
|  48|0x0000000749000000, 0x0000000749000000, 0x0000000749200000|  0%| F|  |TAMS 0x0000000749000000, 0x0000000749000000| Untracked 
|  49|0x0000000749200000, 0x0000000749200000, 0x0000000749400000|  0%| F|  |TAMS 0x0000000749200000, 0x0000000749200000| Untracked 
|  50|0x0000000749400000, 0x0000000749400000, 0x0000000749600000|  0%| F|  |TAMS 0x0000000749400000, 0x0000000749400000| Untracked 
|  51|0x0000000749600000, 0x0000000749600000, 0x0000000749800000|  0%| F|  |TAMS 0x0000000749600000, 0x0000000749600000| Untracked 
|  52|0x0000000749800000, 0x0000000749800000, 0x0000000749a00000|  0%| F|  |TAMS 0x0000000749800000, 0x0000000749800000| Untracked 
|  53|0x0000000749a00000, 0x0000000749a00000, 0x0000000749c00000|  0%| F|  |TAMS 0x0000000749a00000, 0x0000000749a00000| Untracked 
|  54|0x0000000749c00000, 0x0000000749c00000, 0x0000000749e00000|  0%| F|  |TAMS 0x0000000749c00000, 0x0000000749c00000| Untracked 
|  55|0x0000000749e00000, 0x0000000749e00000, 0x000000074a000000|  0%| F|  |TAMS 0x0000000749e00000, 0x0000000749e00000| Untracked 
|  56|0x000000074a000000, 0x000000074a000000, 0x000000074a200000|  0%| F|  |TAMS 0x000000074a000000, 0x000000074a000000| Untracked 
|  57|0x000000074a200000, 0x000000074a200000, 0x000000074a400000|  0%| F|  |TAMS 0x000000074a200000, 0x000000074a200000| Untracked 
|  58|0x000000074a400000, 0x000000074a400000, 0x000000074a600000|  0%| F|  |TAMS 0x000000074a400000, 0x000000074a400000| Untracked 
|  59|0x000000074a600000, 0x000000074a600000, 0x000000074a800000|  0%| F|  |TAMS 0x000000074a600000, 0x000000074a600000| Untracked 
|  60|0x000000074a800000, 0x000000074a800000, 0x000000074aa00000|  0%| F|  |TAMS 0x000000074a800000, 0x000000074a800000| Untracked 
|  61|0x000000074aa00000, 0x000000074aa00000, 0x000000074ac00000|  0%| F|  |TAMS 0x000000074aa00000, 0x000000074aa00000| Untracked 
|  62|0x000000074ac00000, 0x000000074ac00000, 0x000000074ae00000|  0%| F|  |TAMS 0x000000074ac00000, 0x000000074ac00000| Untracked 
|  63|0x000000074ae00000, 0x000000074ae00000, 0x000000074b000000|  0%| F|  |TAMS 0x000000074ae00000, 0x000000074ae00000| Untracked 
|  64|0x000000074b000000, 0x000000074b000000, 0x000000074b200000|  0%| F|  |TAMS 0x000000074b000000, 0x000000074b000000| Untracked 
|  65|0x000000074b200000, 0x000000074b200000, 0x000000074b400000|  0%| F|  |TAMS 0x000000074b200000, 0x000000074b200000| Untracked 
|  66|0x000000074b400000, 0x000000074b400000, 0x000000074b600000|  0%| F|  |TAMS 0x000000074b400000, 0x000000074b400000| Untracked 
|  67|0x000000074b600000, 0x000000074b600000, 0x000000074b800000|  0%| F|  |TAMS 0x000000074b600000, 0x000000074b600000| Untracked 
|  68|0x000000074b800000, 0x000000074b800000, 0x000000074ba00000|  0%| F|  |TAMS 0x000000074b800000, 0x000000074b800000| Untracked 
|  69|0x000000074ba00000, 0x000000074ba00000, 0x000000074bc00000|  0%| F|  |TAMS 0x000000074ba00000, 0x000000074ba00000| Untracked 
|  70|0x000000074bc00000, 0x000000074bc00000, 0x000000074be00000|  0%| F|  |TAMS 0x000000074bc00000, 0x000000074bc00000| Untracked 
|  71|0x000000074be00000, 0x000000074be00000, 0x000000074c000000|  0%| F|  |TAMS 0x000000074be00000, 0x000000074be00000| Untracked 
|  72|0x000000074c000000, 0x000000074c000000, 0x000000074c200000|  0%| F|  |TAMS 0x000000074c000000, 0x000000074c000000| Untracked 
|  73|0x000000074c200000, 0x000000074c200000, 0x000000074c400000|  0%| F|  |TAMS 0x000000074c200000, 0x000000074c200000| Untracked 
|  74|0x000000074c400000, 0x000000074c400000, 0x000000074c600000|  0%| F|  |TAMS 0x000000074c400000, 0x000000074c400000| Untracked 
|  75|0x000000074c600000, 0x000000074c600000, 0x000000074c800000|  0%| F|  |TAMS 0x000000074c600000, 0x000000074c600000| Untracked 
|  76|0x000000074c800000, 0x000000074c800000, 0x000000074ca00000|  0%| F|  |TAMS 0x000000074c800000, 0x000000074c800000| Untracked 
|  77|0x000000074ca00000, 0x000000074ca00000, 0x000000074cc00000|  0%| F|  |TAMS 0x000000074ca00000, 0x000000074ca00000| Untracked 
|  78|0x000000074cc00000, 0x000000074cc00000, 0x000000074ce00000|  0%| F|  |TAMS 0x000000074cc00000, 0x000000074cc00000| Untracked 
|  79|0x000000074ce00000, 0x000000074ce00000, 0x000000074d000000|  0%| F|  |TAMS 0x000000074ce00000, 0x000000074ce00000| Untracked 
|  80|0x000000074d000000, 0x000000074d000000, 0x000000074d200000|  0%| F|  |TAMS 0x000000074d000000, 0x000000074d000000| Untracked 
|  81|0x000000074d200000, 0x000000074d200000, 0x000000074d400000|  0%| F|  |TAMS 0x000000074d200000, 0x000000074d200000| Untracked 
|  82|0x000000074d400000, 0x000000074d400000, 0x000000074d600000|  0%| F|  |TAMS 0x000000074d400000, 0x000000074d400000| Untracked 
|  83|0x000000074d600000, 0x000000074d600000, 0x000000074d800000|  0%| F|  |TAMS 0x000000074d600000, 0x000000074d600000| Untracked 
|  84|0x000000074d800000, 0x000000074d800000, 0x000000074da00000|  0%| F|  |TAMS 0x000000074d800000, 0x000000074d800000| Untracked 
|  85|0x000000074da00000, 0x000000074da00000, 0x000000074dc00000|  0%| F|  |TAMS 0x000000074da00000, 0x000000074da00000| Untracked 
|  86|0x000000074dc00000, 0x000000074dc00000, 0x000000074de00000|  0%| F|  |TAMS 0x000000074dc00000, 0x000000074dc00000| Untracked 
|  87|0x000000074de00000, 0x000000074de00000, 0x000000074e000000|  0%| F|  |TAMS 0x000000074de00000, 0x000000074de00000| Untracked 
|  88|0x000000074e000000, 0x000000074e000000, 0x000000074e200000|  0%| F|  |TAMS 0x000000074e000000, 0x000000074e000000| Untracked 
|  89|0x000000074e200000, 0x000000074e200000, 0x000000074e400000|  0%| F|  |TAMS 0x000000074e200000, 0x000000074e200000| Untracked 
|  90|0x000000074e400000, 0x000000074e5cc170, 0x000000074e600000| 89%| E|  |TAMS 0x000000074e400000, 0x000000074e400000| Complete 
|  91|0x000000074e600000, 0x000000074e800000, 0x000000074e800000|100%| E|CS|TAMS 0x000000074e600000, 0x000000074e600000| Complete 
|  92|0x000000074e800000, 0x000000074ea00000, 0x000000074ea00000|100%| E|CS|TAMS 0x000000074e800000, 0x000000074e800000| Complete 
|  93|0x000000074ea00000, 0x000000074ec00000, 0x000000074ec00000|100%| E|CS|TAMS 0x000000074ea00000, 0x000000074ea00000| Complete 
|  94|0x000000074ec00000, 0x000000074ee00000, 0x000000074ee00000|100%| E|CS|TAMS 0x000000074ec00000, 0x000000074ec00000| Complete 

Card table byte_map: [0x000002b5a6ff0000,0x000002b5a75e0000] _byte_map_base: 0x000002b5a35d8000

Marking Bits (Prev, Next): (CMBitMap*) 0x000002b58fdecde0, (CMBitMap*) 0x000002b58fdece20
 Prev Bits: [0x000002b5a7bd0000, 0x000002b5aab10000)
 Next Bits: [0x000002b5aab10000, 0x000002b5ada50000)

Polling page: 0x000002b58dd30000

Metaspace:

Usage:
  Non-class:      1.71 MB used.
      Class:    157.80 KB used.
       Both:      1.86 MB used.

Virtual space:
  Non-class space:       64.00 MB reserved,       1.75 MB (  3%) committed,  1 nodes.
      Class space:        1.00 GB reserved,     256.00 KB ( <1%) committed,  1 nodes.
             Both:        1.06 GB reserved,       2.00 MB ( <1%) committed. 

Chunk freelists:
   Non-Class:  3.47 MB
       Class:  3.67 MB
        Both:  7.14 MB

MaxMetaspaceSize: unlimited
CompressedClassSpaceSize: 1.00 GB
Initial GC threshold: 21.00 MB
Current GC threshold: 21.00 MB
CDS: on
MetaspaceReclaimPolicy: balanced
 - commit_granule_bytes: 65536.
 - commit_granule_words: 8192.
 - virtual_space_node_default_size: 8388608.
 - enlarge_chunks_in_place: 1.
 - new_chunks_are_fully_committed: 0.
 - uncommit_free_chunks: 1.
 - use_allocation_guard: 0.


Internal statistics:

num_allocs_failed_limit: 0.
num_arena_births: 24.
num_arena_deaths: 0.
num_vsnodes_births: 2.
num_vsnodes_deaths: 0.
num_space_committed: 32.
num_space_uncommitted: 0.
num_chunks_returned_to_freelist: 0.
num_chunks_taken_from_freelist: 56.
num_chunk_merges: 0.
num_chunk_splits: 36.
num_chunks_enlarged: 27.
num_inconsistent_stats: 0.

CodeHeap 'non-profiled nmethods': size=120000Kb used=152Kb max_used=152Kb free=119847Kb
 bounds [0x000002b59f190000, 0x000002b59f400000, 0x000002b5a66c0000]
CodeHeap 'profiled nmethods': size=120000Kb used=693Kb max_used=693Kb free=119306Kb
 bounds [0x000002b597c60000, 0x000002b597ed0000, 0x000002b59f190000]
CodeHeap 'non-nmethods': size=5760Kb used=1139Kb max_used=1168Kb free=4620Kb
 bounds [0x000002b5976c0000, 0x000002b597930000, 0x000002b597c60000]
 total_blobs=893 nmethods=482 adapters=324
 compilation: enabled
              stopped_count=0, restarted_count=0
 full_count=0

Compilation events (20 events):
Event: 0.391 Thread 0x000002b5b0240e40 nmethod 471 0x000002b597d01d10 code [0x000002b597d01ec0, 0x000002b597d02108]
Event: 0.392 Thread 0x000002b5b0240e40  472       3       java.lang.String::<init> (74 bytes)
Event: 0.392 Thread 0x000002b5b0240e40 nmethod 472 0x000002b597d02210 code [0x000002b597d023e0, 0x000002b597d02818]
Event: 0.393 Thread 0x000002b5b0240e40  473 %     3       java.util.Properties$LineReader::readLine @ 53 (584 bytes)
Event: 0.396 Thread 0x000002b5b0240e40 nmethod 473% 0x000002b597d02910 code [0x000002b597d02d00, 0x000002b597d05d98]
Event: 0.398 Thread 0x000002b5b0240e40  474       3       java.io.BufferedReader::ensureOpen (18 bytes)
Event: 0.399 Thread 0x000002b5b0240e40 nmethod 474 0x000002b597d06b90 code [0x000002b597d06d40, 0x000002b597d06f68]
Event: 0.399 Thread 0x000002b5b0240e40  475       3       java.io.StreamTokenizer::read (38 bytes)
Event: 0.399 Thread 0x000002b5b0240e40 nmethod 475 0x000002b597d07090 code [0x000002b597d07260, 0x000002b597d07688]
Event: 0.399 Thread 0x000002b5b0240e40  476   !   3       java.io.BufferedReader::read (104 bytes)
Event: 0.399 Thread 0x000002b5b0240e40 nmethod 476 0x000002b597d07810 code [0x000002b597d07a00, 0x000002b597d07ff8]
Event: 0.399 Thread 0x000002b5b0240e40  477       3       java.lang.String::equalsIgnoreCase (45 bytes)
Event: 0.400 Thread 0x000002b5b0240e40 nmethod 477 0x000002b597d08390 code [0x000002b597d08580, 0x000002b597d08ae8]
Event: 0.400 Thread 0x000002b5b0240e40  478       3       java.lang.String::<init> (14 bytes)
Event: 0.400 Thread 0x000002b5b0240e40 nmethod 478 0x000002b597d08d10 code [0x000002b597d08ee0, 0x000002b597d09238]
Event: 0.400 Thread 0x000002b5b0240e40  479       3       java.lang.String::rangeCheck (9 bytes)
Event: 0.400 Thread 0x000002b5b0240e40 nmethod 479 0x000002b597d09410 code [0x000002b597d095c0, 0x000002b597d09848]
Event: 0.400 Thread 0x000002b5b0240e40  480       3       java.io.StreamTokenizer::nextToken (1266 bytes)
Event: 0.401 Thread 0x000002b5b49b1bf0  483       4       java.io.StreamTokenizer::read (38 bytes)
Event: 0.401 Thread 0x000002b5b023f540  484   !   4       java.io.BufferedReader::read (104 bytes)

GC Heap History (0 events):
No events

Deoptimization events (20 events):
Event: 0.276 Thread 0x000002b58fd95070 Uncommon trap: trap_request=0xffffff45 fr.pc=0x000002b59f1a5030 relative=0x0000000000000190
Event: 0.276 Thread 0x000002b58fd95070 Uncommon trap: reason=unstable_if action=reinterpret pc=0x000002b59f1a5030 method=java.util.zip.ZipFile$Source.isMetaName([BII)Z @ 57 c2
Event: 0.276 Thread 0x000002b58fd95070 DEOPT PACKING pc=0x000002b59f1a5030 sp=0x000000ea430fdce0
Event: 0.276 Thread 0x000002b58fd95070 DEOPT UNPACKING pc=0x000002b5977123a3 sp=0x000000ea430fdc88 mode 2
Event: 0.292 Thread 0x000002b58fd95070 Uncommon trap: trap_request=0xffffff45 fr.pc=0x000002b59f1a5bdc relative=0x000000000000005c
Event: 0.292 Thread 0x000002b58fd95070 Uncommon trap: reason=unstable_if action=reinterpret pc=0x000002b59f1a5bdc method=java.lang.String.isLatin1()Z @ 10 c2
Event: 0.292 Thread 0x000002b58fd95070 DEOPT PACKING pc=0x000002b59f1a5bdc sp=0x000000ea430fe0f0
Event: 0.292 Thread 0x000002b58fd95070 DEOPT UNPACKING pc=0x000002b5977123a3 sp=0x000000ea430fe080 mode 2
Event: 0.292 Thread 0x000002b58fd95070 Uncommon trap: trap_request=0xffffff45 fr.pc=0x000002b59f191638 relative=0x00000000000000b8
Event: 0.292 Thread 0x000002b58fd95070 Uncommon trap: reason=unstable_if action=reinterpret pc=0x000002b59f191638 method=java.lang.String.isLatin1()Z @ 10 c2
Event: 0.292 Thread 0x000002b58fd95070 DEOPT PACKING pc=0x000002b59f191638 sp=0x000000ea430feb00
Event: 0.292 Thread 0x000002b58fd95070 DEOPT UNPACKING pc=0x000002b5977123a3 sp=0x000000ea430fea40 mode 2
Event: 0.361 Thread 0x000002b58fd95070 Uncommon trap: trap_request=0xffffff45 fr.pc=0x000002b59f1a58e4 relative=0x0000000000000064
Event: 0.361 Thread 0x000002b58fd95070 Uncommon trap: reason=unstable_if action=reinterpret pc=0x000002b59f1a58e4 method=java.io.WinNTFileSystem.isSlash(C)Z @ 9 c2
Event: 0.361 Thread 0x000002b58fd95070 DEOPT PACKING pc=0x000002b59f1a58e4 sp=0x000000ea430fd870
Event: 0.361 Thread 0x000002b58fd95070 DEOPT UNPACKING pc=0x000002b5977123a3 sp=0x000000ea430fd7f8 mode 2
Event: 0.363 Thread 0x000002b58fd95070 DEOPT PACKING pc=0x000002b597ca53de sp=0x000000ea430fcb70
Event: 0.363 Thread 0x000002b58fd95070 DEOPT UNPACKING pc=0x000002b597712b43 sp=0x000000ea430fc060 mode 0
Event: 0.364 Thread 0x000002b58fd95070 DEOPT PACKING pc=0x000002b597c9a256 sp=0x000000ea430f94b0
Event: 0.364 Thread 0x000002b58fd95070 DEOPT UNPACKING pc=0x000002b597712b43 sp=0x000000ea430f8950 mode 0

Classes loaded (20 events):
Event: 0.397 Loading class sun/security/provider/PolicyParser
Event: 0.397 Loading class sun/security/provider/PolicyParser done
Event: 0.397 Loading class java/util/Vector
Event: 0.397 Loading class java/util/Vector done
Event: 0.397 Loading class java/io/StreamTokenizer
Event: 0.398 Loading class java/io/StreamTokenizer done
Event: 0.398 Loading class java/nio/channels/SelectableChannel
Event: 0.398 Loading class java/nio/channels/SelectableChannel done
Event: 0.398 Loading class sun/nio/ch/IOStatus
Event: 0.398 Loading class sun/nio/ch/IOStatus done
Event: 0.398 Loading class sun/security/provider/PolicyParser$GrantEntry
Event: 0.398 Loading class sun/security/provider/PolicyParser$GrantEntry done
Event: 0.398 Loading class java/util/LinkedList
Event: 0.399 Loading class java/util/AbstractSequentialList
Event: 0.399 Loading class java/util/AbstractSequentialList done
Event: 0.399 Loading class java/util/LinkedList done
Event: 0.399 Loading class sun/security/provider/PolicyParser$PermissionEntry
Event: 0.399 Loading class sun/security/provider/PolicyParser$PermissionEntry done
Event: 0.399 Loading class sun/security/util/PropertyExpander
Event: 0.399 Loading class sun/security/util/PropertyExpander done

Classes unloaded (0 events):
No events

Classes redefined (0 events):
No events

Internal exceptions (3 events):
Event: 0.279 Thread 0x000002b58fd95070 Exception <a 'java/lang/NoSuchMethodError'{0x000000074e72e5a0}: 'void java.lang.invoke.DirectMethodHandle$Holder.invokeStatic(java.lang.Object, java.lang.Object, java.lang.Object)'> (0x000000074e72e5a0) 
thrown [s\open\src\hotspot\share\interpreter\linkResolver.cpp, line 766]
Event: 0.285 Thread 0x000002b58fd95070 Exception <a 'java/lang/NoSuchMethodError'{0x000000074e7472b8}: 'java.lang.Object java.lang.invoke.Invokers$Holder.invokeExact_MT(java.lang.Object, java.lang.Object, java.lang.Object, java.lang.Object, java.lang.Object)'> (0x000000074e7472b8) 
thrown [s\open\src\hotspot\share\interpreter\linkResolver.cpp, line 766]
Event: 0.306 Thread 0x000002b5b4a180d0 Exception <a 'java/lang/NoSuchMethodError'{0x000000074e776d20}: 'void java.lang.invoke.DirectMethodHandle$Holder.invokeStatic(java.lang.Object, java.lang.Object)'> (0x000000074e776d20) 
thrown [s\open\src\hotspot\share\interpreter\linkResolver.cpp, line 766]

VM Operations (6 events):
Event: 0.138 Executing VM operation: HandshakeAllThreads
Event: 0.138 Executing VM operation: HandshakeAllThreads done
Event: 0.296 Executing VM operation: HandshakeAllThreads
Event: 0.296 Executing VM operation: HandshakeAllThreads done
Event: 0.361 Executing VM operation: HandshakeAllThreads
Event: 0.361 Executing VM operation: HandshakeAllThreads done

Events (20 events):
Event: 0.029 Thread 0x000002b5b0221de0 Thread added: 0x000002b5b0221de0
Event: 0.029 Thread 0x000002b5b0222a40 Thread added: 0x000002b5b0222a40
Event: 0.044 Thread 0x000002b5b023bb10 Thread added: 0x000002b5b023bb10
Event: 0.044 Thread 0x000002b5b023d530 Thread added: 0x000002b5b023d530
Event: 0.044 Thread 0x000002b5b023ded0 Thread added: 0x000002b5b023ded0
Event: 0.044 Thread 0x000002b5b023e870 Thread added: 0x000002b5b023e870
Event: 0.044 Thread 0x000002b5b023f540 Thread added: 0x000002b5b023f540
Event: 0.046 Thread 0x000002b5b0240e40 Thread added: 0x000002b5b0240e40
Event: 0.049 Thread 0x000002b5b024ec50 Thread added: 0x000002b5b024ec50
Event: 0.131 Thread 0x000002b58fe49750 Thread added: 0x000002b58fe49750
Event: 0.153 Loaded shared library C:\Program Files\Java\jdk-18.0.1.1\bin\zip.dll
Event: 0.156 Loaded shared library C:\Program Files\Java\jdk-18.0.1.1\bin\instrument.dll
Event: 0.162 Loaded shared library C:\Program Files\Java\jdk-18.0.1.1\bin\net.dll
Event: 0.164 Loaded shared library C:\Program Files\Java\jdk-18.0.1.1\bin\nio.dll
Event: 0.167 Loaded shared library C:\Program Files\Java\jdk-18.0.1.1\bin\zip.dll
Event: 0.218 Thread 0x000002b5b49b1bf0 Thread added: 0x000002b5b49b1bf0
Event: 0.290 Loaded shared library C:\Program Files\JetBrains\IntelliJ IDEA Community Edition 2024.1.2\bin\breakgen64.dll
Event: 0.291 Thread 0x000002b5b4a180d0 Thread added: 0x000002b5b4a180d0
Event: 0.291 Thread 0x000002b5b4a18590 Thread added: 0x000002b5b4a18590
Event: 0.357 Loaded shared library C:\Program Files\Java\jdk-18.0.1.1\bin\jimage.dll


Dynamic libraries:
0x00007ff76fa60000 - 0x00007ff76fa70000 	C:\Program Files\Java\jdk-18.0.1.1\bin\java.exe
0x00007ff8a31a0000 - 0x00007ff8a33a7000 	C:\WINDOWS\SYSTEM32\ntdll.dll
0x00007ff8a2300000 - 0x00007ff8a23bd000 	C:\WINDOWS\System32\KERNEL32.DLL
0x00007ff8a0950000 - 0x00007ff8a0cc2000 	C:\WINDOWS\System32\KERNELBASE.dll
0x00007ff8a0cd0000 - 0x00007ff8a0de1000 	C:\WINDOWS\System32\ucrtbase.dll
0x00007ff89cc10000 - 0x00007ff89cc2a000 	C:\Program Files\Java\jdk-18.0.1.1\bin\VCRUNTIME140.dll
0x00007ff89d8d0000 - 0x00007ff89d8e8000 	C:\Program Files\Java\jdk-18.0.1.1\bin\jli.dll
0x00007ff8a1f90000 - 0x00007ff8a203c000 	C:\WINDOWS\System32\ADVAPI32.dll
0x00007ff8a23c0000 - 0x00007ff8a2463000 	C:\WINDOWS\System32\msvcrt.dll
0x00007ff8a13e0000 - 0x00007ff8a147d000 	C:\WINDOWS\System32\sechost.dll
0x00007ff8a25c0000 - 0x00007ff8a26e1000 	C:\WINDOWS\System32\RPCRT4.dll
0x00007ff8a1960000 - 0x00007ff8a1b0c000 	C:\WINDOWS\System32\USER32.dll
0x00007ff8a0920000 - 0x00007ff8a0946000 	C:\WINDOWS\System32\win32u.dll
0x00007ff8a2040000 - 0x00007ff8a2069000 	C:\WINDOWS\System32\GDI32.dll
0x00007ff8a0df0000 - 0x00007ff8a0f02000 	C:\WINDOWS\System32\gdi32full.dll
0x00007ff8a0fd0000 - 0x00007ff8a106d000 	C:\WINDOWS\System32\msvcp_win.dll
0x00007ff86c080000 - 0x00007ff86c325000 	C:\WINDOWS\WinSxS\amd64_microsoft.windows.common-controls_6595b64144ccf1df_6.0.21996.1_none_7d6b053978bcd706\COMCTL32.dll
0x00007ff8994c0000 - 0x00007ff8994ca000 	C:\WINDOWS\SYSTEM32\VERSION.dll
0x00007ff8a2470000 - 0x00007ff8a24a1000 	C:\WINDOWS\System32\IMM32.DLL
0x00007ff89cbf0000 - 0x00007ff89cbfc000 	C:\Program Files\Java\jdk-18.0.1.1\bin\vcruntime140_1.dll
0x00007ff86efe0000 - 0x00007ff86f06d000 	C:\Program Files\Java\jdk-18.0.1.1\bin\msvcp140.dll
0x00007ff8473e0000 - 0x00007ff847ff0000 	C:\Program Files\Java\jdk-18.0.1.1\bin\server\jvm.dll
0x00007ff8a1bf0000 - 0x00007ff8a1bf8000 	C:\WINDOWS\System32\PSAPI.DLL
0x00007ff87e2a0000 - 0x00007ff87e2a9000 	C:\WINDOWS\SYSTEM32\WSOCK32.dll
0x00007ff8a18f0000 - 0x00007ff8a195f000 	C:\WINDOWS\System32\WS2_32.dll
0x00007ff8996d0000 - 0x00007ff899703000 	C:\WINDOWS\SYSTEM32\WINMM.dll
0x00007ff89f7f0000 - 0x00007ff89f807000 	C:\WINDOWS\SYSTEM32\kernel.appcore.dll
0x00007ff89cb50000 - 0x00007ff89cb5a000 	C:\Program Files\Java\jdk-18.0.1.1\bin\jimage.dll
0x00007ff89e250000 - 0x00007ff89e471000 	C:\WINDOWS\SYSTEM32\DBGHELP.DLL
0x00007ff880720000 - 0x00007ff880751000 	C:\WINDOWS\SYSTEM32\dbgcore.DLL
0x00007ff8a08a0000 - 0x00007ff8a0920000 	C:\WINDOWS\System32\bcryptPrimitives.dll
0x00007ff89cb20000 - 0x00007ff89cb2e000 	C:\Program Files\Java\jdk-18.0.1.1\bin\instrument.dll
0x00007ff89caf0000 - 0x00007ff89cb15000 	C:\Program Files\Java\jdk-18.0.1.1\bin\java.dll
0x00007ff844250000 - 0x00007ff844326000 	C:\Program Files\Java\jdk-18.0.1.1\bin\jsvml.dll
0x00007ff8a26f0000 - 0x00007ff8a2e59000 	C:\WINDOWS\System32\SHELL32.dll
0x00007ff89e880000 - 0x00007ff89f0d8000 	C:\WINDOWS\SYSTEM32\windows.storage.dll
0x00007ff8a1c10000 - 0x00007ff8a1f85000 	C:\WINDOWS\System32\combase.dll
0x00007ff89e710000 - 0x00007ff89e876000 	C:\WINDOWS\SYSTEM32\wintypes.dll
0x00007ff8a2210000 - 0x00007ff8a22fa000 	C:\WINDOWS\System32\SHCORE.dll
0x00007ff8a1b90000 - 0x00007ff8a1bed000 	C:\WINDOWS\System32\shlwapi.dll
0x00007ff8a05f0000 - 0x00007ff8a0611000 	C:\WINDOWS\SYSTEM32\profapi.dll
0x00007ff894f20000 - 0x00007ff894f38000 	C:\Program Files\Java\jdk-18.0.1.1\bin\zip.dll
0x00007ff89cad0000 - 0x00007ff89cae3000 	C:\Program Files\Java\jdk-18.0.1.1\bin\net.dll
0x00007ff89a4e0000 - 0x00007ff89a5ec000 	C:\WINDOWS\SYSTEM32\WINHTTP.dll
0x00007ff89fc70000 - 0x00007ff89fcd7000 	C:\WINDOWS\system32\mswsock.dll
0x00007ff89cab0000 - 0x00007ff89cac6000 	C:\Program Files\Java\jdk-18.0.1.1\bin\nio.dll
0x00007ff883990000 - 0x00007ff8839aa000 	C:\Program Files\JetBrains\IntelliJ IDEA Community Edition 2024.1.2\bin\breakgen64.dll

dbghelp: loaded successfully - version: 4.0.5 - missing functions: none
symbol engine: initialized successfully - sym options: 0x614 - pdb path: .;C:\Program Files\Java\jdk-18.0.1.1\bin;C:\WINDOWS\SYSTEM32;C:\WINDOWS\WinSxS\amd64_microsoft.windows.common-controls_6595b64144ccf1df_6.0.21996.1_none_7d6b053978bcd706;C:\Program Files\Java\jdk-18.0.1.1\bin\server;C:\Program Files\JetBrains\IntelliJ IDEA Community Edition 2024.1.2\bin

VM Arguments:
jvm_args: -javaagent:C:\Program Files\JetBrains\IntelliJ IDEA Community Edition 2024.1.2\lib\idea_rt.jar=4642:C:\Program Files\JetBrains\IntelliJ IDEA Community Edition 2024.1.2\bin -Dfile.encoding=UTF-8 -Dsun.stdout.encoding=UTF-8 -Dsun.stderr.encoding=UTF-8 
java_command: com.vms.medxbid.SpringSecurityJwtApplication
java_class_path (initial): D:\medxbid-api\target\classes;C:\Users\varma\.m2\repository\org\springframework\boot\spring-boot-starter-web\3.2.5\spring-boot-starter-web-3.2.5.jar;C:\Users\varma\.m2\repository\org\springframework\boot\spring-boot-starter\3.2.5\spring-boot-starter-3.2.5.jar;C:\Users\varma\.m2\repository\org\springframework\boot\spring-boot\3.2.5\spring-boot-3.2.5.jar;C:\Users\varma\.m2\repository\org\springframework\boot\spring-boot-autoconfigure\3.2.5\spring-boot-autoconfigure-3.2.5.jar;C:\Users\varma\.m2\repository\org\springframework\boot\spring-boot-starter-logging\3.2.5\spring-boot-starter-logging-3.2.5.jar;C:\Users\varma\.m2\repository\ch\qos\logback\logback-classic\1.4.14\logback-classic-1.4.14.jar;C:\Users\varma\.m2\repository\ch\qos\logback\logback-core\1.4.14\logback-core-1.4.14.jar;C:\Users\varma\.m2\repository\org\apache\logging\log4j\log4j-to-slf4j\2.21.1\log4j-to-slf4j-2.21.1.jar;C:\Users\varma\.m2\repository\org\apache\logging\log4j\log4j-api\2.21.1\log4j-api-2.21.1.jar;C:\Users\varma\.m2\repository\org\slf4j\jul-to-slf4j\2.0.13\jul-to-slf4j-2.0.13.jar;C:\Users\varma\.m2\repository\jakarta\annotation\jakarta.annotation-api\2.1.1\jakarta.annotation-api-2.1.1.jar;C:\Users\varma\.m2\repository\org\yaml\snakeyaml\2.2\snakeyaml-2.2.jar;C:\Users\varma\.m2\repository\org\springframework\boot\spring-boot-starter-json\3.2.5\spring-boot-starter-json-3.2.5.jar;C:\Users\varma\.m2\repository\com\fasterxml\jackson\datatype\jackson-datatype-jdk8\2.15.4\jackson-datatype-jdk8-2.15.4.jar;C:\Users\varma\.m2\repository\com\fasterxml\jackson\datatype\jackson-datatype-jsr310\2.15.4\jackson-datatype-jsr310-2.15.4.jar;C:\Users\varma\.m2\repository\com\fasterxml\jackson\module\jackson-module-parameter-names\2.15.4\jackson-module-parameter-names-2.15.4.jar;C:\Users\varma\.m2\repository\org\springframework\boot\spring-boot-starter-tomcat\3.2.5\spring-boot-starter-tomcat-3.2.5.jar;C:\Users\varma\.m2\repository\org\apache\tomcat\embed\tomcat-embed-core\10.1.20\tomcat-embed-core-10.1.20.jar;C:\Users\varma\.m2\repository\org\apache\tomcat\embed\tomcat-embed-el\10.1.20\tomcat-embed-el-10.1.20.jar;C:\Users\varma\.m2\repository\org\apache\tomcat\embed\tomcat-embed-websocket\10.1.20\tomcat-embed-websocket-10.1.20.jar;C:\Users\varma\.m2\repository\org\springframework\spring-web\6.1.6\spring-web-6.1.6.jar;C:\Users\varma\.m2\repository\org\springframework\spring-beans\6.1.6\spring-beans-6.1.6.jar;C:\Users\varma\.m2\repository\io\micrometer\micrometer-observation\1.12.5\micrometer-observation-1.12.5.jar;C:\Users\varma\.m2\repository\io\micrometer\micrometer-commons\1.12.5\micrometer-commons-1.12.5.jar;C:\Users\varma\.m2\repository\org\springframework\spring-webmvc\6.1.6\spring-webmvc-6.1.6.jar;C:\Users\varma\.m2\repository\org\springframework\spring-context\6.1.6\spring-context-6.1.6.jar;C:\Users\varma\.m2\repository\org\springframework\spring-expression\6.1.6\spring-expression-6.1.6.jar;C:\Users\varma\.m2\repository\org\springframework\boot\spring-boot-starter-security\3.2.5\spring-boot-starter-security-3.2.5.jar;C:\Users\varma\.m2\repository\org\springframework\spring-aop\6.1.6\spring-aop-6.1.6.jar;C:\Users\varma\.m2\repository\org\springframework\security\spring-security-config\6.2.4\spring-security-config-6.2.4.jar;C:\Users\varma\.m2\repository\org\springframework\security\spring-security-web\6.2.4\spring-security-web-6.2.4.jar;C:\Users\varma\.m2\repository\org\springframework\boot\spring-boot-starter-data-jpa\3.2.5\spring-boot-starter-data-jpa-3.2.5.jar;C:\Users\varma\.m2\repository\org\springframework\boot\spring-boot-starter-aop\3.2.5\spring-boot-starter-aop-3.2.5.jar;C:\Users\varma\.m2\repository\org\aspectj\aspectjweaver\1.9.22\aspectjweaver-1.9.22.jar;C:\Users\varma\.m2\repository\org\springframework\boot\spring-boot-starter-jdbc\3.2.5\spring-boot-starter-jdbc-3.2.5.jar;C:\Users\varma\.m2\repository\com\zaxxer\HikariCP\5.0.1\HikariCP-5.0.1.jar;C:\Users\varma\.m2\repository\org\springframework\spring-jdbc\6.1.6\spring-jdbc-6.1.6.jar;C:\Users\varma\.m2\repository\org\hibernate\orm\hibernate-core\6.4.4.Final\hibernate-core-6.4.4.Final.jar;C:\Users\varma\.m2\repository\jakarta\persistence\jakarta.persistence-api\3.1.0\jakarta.persistence-api-3.1.0.jar;C:\Users\varma\.m2\repository\jakarta\transaction\jakarta.transaction-api\2.0.1\jakarta.transaction-api-2.0.1.jar;C:\Users\varma\.m2\repository\org\jboss\logging\jboss-logging\3.5.3.Final\jboss-logging-3.5.3.Final.jar;C:\Users\varma\.m2\repository\org\hibernate\common\hibernate-commons-annotations\6.0.6.Final\hibernate-commons-annotations-6.0.6.Final.jar;C:\Users\varma\.m2\repository\io\smallrye\jandex\3.1.2\jandex-3.1.2.jar;C:\Users\varma\.m2\repository\com\fasterxml\classmate\1.6.0\classmate-1.6.0.jar;C:\Users\varma\.m2\repository\net\bytebuddy\byte-buddy\1.14.13\byte-buddy-1.14.13.jar;C:\Users\varma\.m2\repository\org\glassfish\jaxb\jaxb-runtime\4.0.5\jaxb-runtime-4.0.5.jar;C:\Users\varma\.m2\repository\org\glassfish\jaxb\jaxb-core\4.0.5\jaxb-core-4.0.5.jar;C:\Users\varma\.m2\repository\org\eclipse\angus\angus-activation\2.0.2\angus-activation-2.0.2.jar;C:\Users\varma\.m2\repository\org\glassfish\jaxb\txw2\4.0.5\txw2-4.0.5.jar;C:\Users\varma\.m2\repository\com\sun\istack\istack-commons-runtime\4.1.2\istack-commons-runtime-4.1.2.jar;C:\Users\varma\.m2\repository\jakarta\inject\jakarta.inject-api\2.0.1\jakarta.inject-api-2.0.1.jar;C:\Users\varma\.m2\repository\org\antlr\antlr4-runtime\4.13.0\antlr4-runtime-4.13.0.jar;C:\Users\varma\.m2\repository\org\springframework\data\spring-data-jpa\3.2.5\spring-data-jpa-3.2.5.jar;C:\Users\varma\.m2\repository\org\springframework\data\spring-data-commons\3.2.5\spring-data-commons-3.2.5.jar;C:\Users\varma\.m2\repository\org\springframework\spring-orm\6.1.6\spring-orm-6.1.6.jar;C:\Users\varma\.m2\repository\org\springframework\spring-tx\6.1.6\spring-tx-6.1.6.jar;C:\Users\varma\.m2\repository\org\slf4j\slf4j-api\2.0.13\slf4j-api-2.0.13.jar;C:\Users\varma\.m2\repository\org\springframework\spring-aspects\6.1.6\spring-aspects-6.1.6.jar;C:\Users\varma\.m2\repository\io\jsonwebtoken\jjwt\0.9.1\jjwt-0.9.1.jar;C:\Users\varma\.m2\repository\com\fasterxml\jackson\core\jackson-databind\2.15.4\jackson-databind-2.15.4.jar;C:\Users\varma\.m2\repository\com\fasterxml\jackson\core\jackson-annotations\2.15.4\jackson-annotations-2.15.4.jar;C:\Users\varma\.m2\repository\com\fasterxml\jackson\core\jackson-core\2.15.4\jackson-core-2.15.4.jar;C:\Users\varma\.m2\repository\javax\xml\bind\jaxb-api\2.3.0\jaxb-api-2.3.0.jar;C:\Users\varma\.m2\repository\jakarta\xml\bind\jakarta.xml.bind-api\4.0.2\jakarta.xml.bind-api-4.0.2.jar;C:\Users\varma\.m2\repository\jakarta\activation\jakarta.activation-api\2.1.3\jakarta.activation-api-2.1.3.jar;C:\Users\varma\.m2\repository\org\springframework\spring-core\6.1.6\spring-core-6.1.6.jar;C:\Users\varma\.m2\repository\org\springframework\spring-jcl\6.1.6\spring-jcl-6.1.6.jar;C:\Users\varma\.m2\repository\org\springframework\security\spring-security-core\6.2.4\spring-security-core-6.2.4.jar;C:\Users\varma\.m2\repository\org\springframework\security\spring-security-crypto\6.2.4\spring-security-crypto-6.2.4.jar;C:\Users\varma\.m2\repository\org\postgresql\postgresql\42.7.3\postgresql-42.7.3.jar;C:\Users\varma\.m2\repository\org\checkerframework\checker-qual\3.42.0\checker-qual-3.42.0.jar
Launcher Type: SUN_STANDARD

[Global flags]
     intx CICompilerCount                          = 4                                         {product} {ergonomic}
     uint ConcGCThreads                            = 2                                         {product} {ergonomic}
     uint G1ConcRefinementThreads                  = 8                                         {product} {ergonomic}
   size_t G1HeapRegionSize                         = 2097152                                   {product} {ergonomic}
    uintx GCDrainStackTargetSize                   = 64                                        {product} {ergonomic}
   size_t InitialHeapSize                          = 199229440                                 {product} {ergonomic}
   size_t MarkStackSize                            = 4194304                                   {product} {ergonomic}
   size_t MaxHeapSize                              = 3170893824                                {product} {ergonomic}
   size_t MaxNewSize                               = 1902116864                                {product} {ergonomic}
   size_t MinHeapDeltaBytes                        = 2097152                                   {product} {ergonomic}
   size_t MinHeapSize                              = 8388608                                   {product} {ergonomic}
    uintx NonNMethodCodeHeapSize                   = 5839372                                {pd product} {ergonomic}
    uintx NonProfiledCodeHeapSize                  = 122909434                              {pd product} {ergonomic}
    uintx ProfiledCodeHeapSize                     = 122909434                              {pd product} {ergonomic}
    uintx ReservedCodeCacheSize                    = 251658240                              {pd product} {ergonomic}
     bool SegmentedCodeCache                       = true                                      {product} {ergonomic}
   size_t SoftMaxHeapSize                          = 3170893824                             {manageable} {ergonomic}
     bool UseCompressedClassPointers               = true                           {product lp64_product} {ergonomic}
     bool UseCompressedOops                        = true                           {product lp64_product} {ergonomic}
     bool UseG1GC                                  = true                                      {product} {ergonomic}
     bool UseLargePagesIndividualAllocation        = false                                  {pd product} {ergonomic}

Logging:
Log output configuration:
 #0: stdout all=warning uptime,level,tags foldmultilines=false
 #1: stderr all=off uptime,level,tags foldmultilines=false

Environment Variables:
JAVA_HOME=C:\Program Files\Java\jdk-18.0.1.1
CLASSPATH=C:\mysql-connector-j-8.1.0.jar;.;
PATH=C:\Windows\System32;C:\Program Files\nodejs\;C:\Program Files\HP\HP One Agent;C:\Android Emulator;C:\Android Emulator\cmdline-tools\tools;C:\Android Emulator\cmdline-tools\tools\bin;C:\Program Files\MySQL\MySQL Server 8.0\bin;C:\Users\varma\Downloads\platform-tools-latest-windows\platform-tools;C:\Program Files\Java\jdk-18.0.1.1\bin;C:\Users\varma\AppData\Local\Programs\Microsoft VS Code\bin;C:\Users\varma\AppData\Roaming\npm;C:\Program Files\Git\bin;;C:\Program Files\JetBrains\IntelliJ IDEA Community Edition 2024.1.2\bin;
USERNAME=varma
OS=Windows_NT
PROCESSOR_IDENTIFIER=Intel64 Family 6 Model 142 Stepping 12, GenuineIntel



---------------  S Y S T E M  ---------------

OS:
 Windows 10 , 64 bit Build 21996 (10.0.21996.1)
OS uptime: 0 days 7:35 hours

CPU: total 8 (initial active 8) (4 cores per cpu, 2 threads per core) family 6 model 142 stepping 12 microcode 0xea, cx8, cmov, fxsr, ht, mmx, 3dnowpref, sse, sse2, sse3, ssse3, sse4.1, sse4.2, popcnt, lzcnt, tsc, tscinvbit, avx, avx2, aes, erms, clmul, bmi1, bmi2, adx, fma, vzeroupper, clflush, clflushopt

Memory: 4k page, system-wide physical 12091M (1461M free)
TotalPageFile size 16091M (AvailPageFile size 14M)
current process WorkingSet (physical memory assigned to process): 46M, peak: 46M
current process commit charge ("private bytes"): 280M, peak: 280M

vm_info: Java HotSpot(TM) 64-Bit Server VM (18.0.1.1+2-6) for windows-amd64 JRE (18.0.1.1+2-6), built on Apr 25 2022 21:53:15 by "mach5one" with MS VC++ 16.8 / 16.9 (VS2019)

END.
