#
# There is insufficient memory for the Java Runtime Environment to continue.
# Native memory allocation (malloc) failed to allocate 1986736 bytes. Error detail: Chunk::new
# Possible reasons:
#   The system is out of physical RAM or swap space
#   This process is running with CompressedOops enabled, and the Java Heap may be blocking the growth of the native heap
# Possible solutions:
#   Reduce memory load on the system
#   Increase physical memory or swap space
#   Check if swap backing store is full
#   Decrease Java heap size (-Xmx/-Xms)
#   Decrease number of Java threads
#   Decrease Java thread stack sizes (-Xss)
#   Set larger code cache with -XX:ReservedCodeCacheSize=
#   JVM is running with Unscaled Compressed Oops mode in which the Java heap is
#     placed in the first 4GB address space. The Java Heap base address is the
#     maximum limit for the native heap growth. Please use -XX:HeapBaseMinAddress
#     to set the Java Heap base and to place the Java Heap above 4GB virtual address.
# This output file may be truncated or incomplete.
#
#  Out of Memory Error (arena.cpp:191), pid=12660, tid=14536
#
# JRE version: OpenJDK Runtime Environment Temurin-17.0.11+9 (17.0.11+9) (build 17.0.11+9)
# Java VM: OpenJDK 64-Bit Server VM Temurin-17.0.11+9 (17.0.11+9, mixed mode, tiered, compressed oops, compressed class ptrs, parallel gc, windows-amd64)
# No core dump will be written. Minidumps are not enabled by default on client versions of Windows
#

---------------  S U M M A R Y ------------

Command Line: --add-modules=ALL-SYSTEM --add-opens=java.base/java.util=ALL-UNNAMED --add-opens=java.base/java.lang=ALL-UNNAMED --add-opens=java.base/sun.nio.fs=ALL-UNNAMED -Declipse.application=org.eclipse.jdt.ls.core.id1 -Dosgi.bundles.defaultStartLevel=4 -Declipse.product=org.eclipse.jdt.ls.core.product -Djava.import.generatesMetadataFilesAtProjectRoot=false -DDetectVMInstallationsJob.disabled=true -Dfile.encoding=utf8 -XX:+UseParallelGC -XX:GCTimeRatio=4 -XX:AdaptiveSizePolicyWeight=90 -Dsun.zip.disableMemoryMapping=true -Xmx1G -Xms100m -Xlog:disable -javaagent:c:\Users\varma\.vscode\extensions\redhat.java-1.31.0-win32-x64\lombok\lombok-1.18.32.jar -XX:+HeapDumpOnOutOfMemoryError -XX:HeapDumpPath=c:\Users\varma\AppData\Roaming\Code\User\workspaceStorage\bdf171c65d0104ca5f6174ad7a05614d\redhat.java -Daether.dependencyCollector.impl=bf c:\Users\varma\.vscode\extensions\redhat.java-1.31.0-win32-x64\server\plugins\org.eclipse.equinox.launcher_1.6.800.v20240513-1750.jar -configuration c:\Users\varma\AppData\Roaming\Code\User\globalStorage\redhat.java\1.31.0\config_win -data c:\Users\varma\AppData\Roaming\Code\User\workspaceStorage\bdf171c65d0104ca5f6174ad7a05614d\redhat.java\jdt_ws --pipe=\\.\pipe\lsp-021bfdf86958bdb8759692ea23052729-sock

Host: Intel(R) Core(TM) i5-10210U CPU @ 1.60GHz, 8 cores, 11G,  Windows 10 , 64 bit Build 21996 (10.0.21996.1)
Time: Tue Jun 18 09:24:47 2024 India Standard Time elapsed time: 33.783249 seconds (0d 0h 0m 33s)

---------------  T H R E A D  ---------------

Current thread (0x0000020e5504b6c0):  JavaThread "C2 CompilerThread0" daemon [_thread_in_native, id=14536, stack(0x0000007382c00000,0x0000007382d00000)]


Current CompileTask:
C2:  33783 8106   !   4       org.eclipse.jdt.internal.core.JarPackageFragmentRoot::computeChildren (612 bytes)

Stack: [0x0000007382c00000,0x0000007382d00000]
Native frames: (J=compiled Java code, j=interpreted, Vv=VM code, C=native code)
V  [jvm.dll+0x67d429]
V  [jvm.dll+0x834b7a]
V  [jvm.dll+0x83663e]
V  [jvm.dll+0x836ca3]
V  [jvm.dll+0x247dbf]
V  [jvm.dll+0xac534]
V  [jvm.dll+0xacb7c]
V  [jvm.dll+0x3665f2]
V  [jvm.dll+0x330bba]
V  [jvm.dll+0x33005a]
V  [jvm.dll+0x21a471]
V  [jvm.dll+0x2198b1]
V  [jvm.dll+0x1a534d]
V  [jvm.dll+0x2295cd]
V  [jvm.dll+0x22779c]
V  [jvm.dll+0x7e9d07]
V  [jvm.dll+0x7e410a]
V  [jvm.dll+0x67c315]
C  [ucrtbase.dll+0x26c0c]
C  [KERNEL32.DLL+0x154e0]
C  [ntdll.dll+0x485b]


---------------  P R O C E S S  ---------------

Threads class SMR info:
_java_thread_list=0x0000020e57a6b300, length=50, elements={
0x0000020e3c0015c0, 0x0000020e4fe97a40, 0x0000020e4fe98dc0, 0x0000020e3c0b8f60,
0x0000020e3c0b9830, 0x0000020e3c0ba300, 0x0000020e3c0bcbe0, 0x0000020e5504b6c0,
0x0000020e5504bfd0, 0x0000020e5504d0c0, 0x0000020e5515a3a0, 0x0000020e55fc0530,
0x0000020e5679e760, 0x0000020e566c52c0, 0x0000020e5643b0d0, 0x0000020e553764c0,
0x0000020e56ba4ac0, 0x0000020e562a4df0, 0x0000020e562a5810, 0x0000020e562a5300,
0x0000020e562a39b0, 0x0000020e562a3ec0, 0x0000020e562a43d0, 0x0000020e562a2570,
0x0000020e562a2a80, 0x0000020e562a48e0, 0x0000020e562a2f90, 0x0000020e586988e0,
0x0000020e58691980, 0x0000020e58694200, 0x0000020e586923a0, 0x0000020e58695130,
0x0000020e58694710, 0x0000020e58696f90, 0x0000020e58695b50, 0x0000020e58696570,
0x0000020e58694c20, 0x0000020e58696060, 0x0000020e586979b0, 0x0000020e58697ec0,
0x0000020e58696a80, 0x0000020e5ac2d3c0, 0x0000020e5a588a40, 0x0000020e58691e90,
0x0000020e58699300, 0x0000020e586932d0, 0x0000020e562a2060, 0x0000020e586937e0,
0x0000020e59673de0, 0x0000020e59672eb0
}

Java Threads: ( => current thread )
  0x0000020e3c0015c0 JavaThread "main" [_thread_blocked, id=21032, stack(0x0000007382300000,0x0000007382400000)]
  0x0000020e4fe97a40 JavaThread "Reference Handler" daemon [_thread_blocked, id=8968, stack(0x0000007382600000,0x0000007382700000)]
  0x0000020e4fe98dc0 JavaThread "Finalizer" daemon [_thread_blocked, id=14452, stack(0x0000007382700000,0x0000007382800000)]
  0x0000020e3c0b8f60 JavaThread "Signal Dispatcher" daemon [_thread_blocked, id=19212, stack(0x0000007382800000,0x0000007382900000)]
  0x0000020e3c0b9830 JavaThread "Attach Listener" daemon [_thread_blocked, id=18596, stack(0x0000007382900000,0x0000007382a00000)]
  0x0000020e3c0ba300 JavaThread "Service Thread" daemon [_thread_blocked, id=13568, stack(0x0000007382a00000,0x0000007382b00000)]
  0x0000020e3c0bcbe0 JavaThread "Monitor Deflation Thread" daemon [_thread_blocked, id=4148, stack(0x0000007382b00000,0x0000007382c00000)]
=>0x0000020e5504b6c0 JavaThread "C2 CompilerThread0" daemon [_thread_in_native, id=14536, stack(0x0000007382c00000,0x0000007382d00000)]
  0x0000020e5504bfd0 JavaThread "C1 CompilerThread0" daemon [_thread_blocked, id=12740, stack(0x0000007382d00000,0x0000007382e00000)]
  0x0000020e5504d0c0 JavaThread "Sweeper thread" daemon [_thread_blocked, id=3704, stack(0x0000007382e00000,0x0000007382f00000)]
  0x0000020e5515a3a0 JavaThread "Common-Cleaner" daemon [_thread_blocked, id=20036, stack(0x0000007382f00000,0x0000007383000000)]
  0x0000020e55fc0530 JavaThread "Notification Thread" daemon [_thread_blocked, id=21116, stack(0x0000007383100000,0x0000007383200000)]
  0x0000020e5679e760 JavaThread "Active Thread: Equinox Container: d03fa059-ed10-49e6-be6e-5525b5cf82ab" [_thread_blocked, id=19888, stack(0x0000007383900000,0x0000007383a00000)]
  0x0000020e566c52c0 JavaThread "Framework Event Dispatcher: Equinox Container: d03fa059-ed10-49e6-be6e-5525b5cf82ab" daemon [_thread_blocked, id=3168, stack(0x0000007383800000,0x0000007383900000)]
  0x0000020e5643b0d0 JavaThread "Start Level: Equinox Container: d03fa059-ed10-49e6-be6e-5525b5cf82ab" daemon [_thread_blocked, id=19520, stack(0x0000007383a00000,0x0000007383b00000)]
  0x0000020e553764c0 JavaThread "Bundle File Closer" daemon [_thread_blocked, id=3032, stack(0x0000007383d00000,0x0000007383e00000)]
  0x0000020e56ba4ac0 JavaThread "SCR Component Actor" daemon [_thread_blocked, id=8552, stack(0x0000007383c00000,0x0000007383d00000)]
  0x0000020e562a4df0 JavaThread "Worker-JM" [_thread_blocked, id=14564, stack(0x0000007384000000,0x0000007384100000)]
  0x0000020e562a5810 JavaThread "" [_thread_blocked, id=13252, stack(0x0000007383f00000,0x0000007384000000)]
  0x0000020e562a5300 
[error occurred during error reporting (printing all threads), id 0xc0000005, EXCEPTION_ACCESS_VIOLATION (0xc0000005) at pc=0x00007ffdad88c95d]

VM state: at safepoint (normal execution)

VM Mutex/Monitor currently owned by a thread:  ([mutex/lock_event])
[0x0000020e3bffc6a0] Threads_lock - owner thread: 0x0000020e3c0b6500
[0x0000020e3bffc730] Heap_lock - owner thread: 0x0000020e59673de0

Heap address: 0x00000000c0000000, size: 1024 MB, Compressed Oops mode: 32-bit

CDS archive(s) not mapped
Compressed class space mapped at: 0x0000000100000000-0x0000000140000000, reserved size: 1073741824
Narrow klass base: 0x0000000000000000, Narrow klass shift: 3, Narrow klass range: 0x140000000

GC Precious Log:
 CPUs: 8 total, 8 available
 Memory: 12091M
 Large Page Support: Disabled
 NUMA Support: Disabled
 Compressed Oops: Enabled (32-bit)
 Alignments: Space 512K, Generation 512K, Heap 2M
 Heap Min Capacity: 100M
 Heap Initial Capacity: 100M
 Heap Max Capacity: 1G
 Pre-touch: Disabled
 Parallel Workers: 8

Heap:
 PSYoungGen      total 20992K, used 20912K [0x00000000eab00000, 0x00000000ec200000, 0x0000000100000000)
  eden space 19456K, 100% used [0x00000000eab00000,0x00000000ebe00000,0x00000000ebe00000)
  from space 1536K, 94% used [0x00000000ebe80000,0x00000000ebfec010,0x00000000ec000000)
  to   space 2048K, 43% used [0x00000000ec000000,0x00000000ec0e1010,0x00000000ec200000)
 ParOldGen       total 69120K, used 68609K [0x00000000c0000000, 0x00000000c4380000, 0x00000000eab00000)
  object space 69120K, 99% used [0x00000000c0000000,0x00000000c43006f0,0x00000000c4380000)
 Metaspace       used 64204K, committed 65536K, reserved 1114112K
  class space    used 6846K, committed 7424K, reserved 1048576K

Card table byte_map: [0x0000020e3b8b0000,0x0000020e3bac0000] _byte_map_base: 0x0000020e3b2b0000

Marking Bits: (ParMarkBitMap*) 0x00007ffdae09d820
 Begin Bits: [0x0000020e4dca0000, 0x0000020e4eca0000)
 End Bits:   [0x0000020e4eca0000, 0x0000020e4fca0000)

Polling page: 0x0000020e39df0000

Metaspace:

Usage:
  Non-class:     56.01 MB used.
      Class:      6.69 MB used.
       Both:     62.70 MB used.

Virtual space:
  Non-class space:       64.00 MB reserved,      56.75 MB ( 89%) committed,  1 nodes.
      Class space:        1.00 GB reserved,       7.25 MB ( <1%) committed,  1 nodes.
             Both:        1.06 GB reserved,      64.00 MB (  6%) committed. 

Chunk freelists:
   Non-Class:  6.34 MB
       Class:  8.60 MB
        Both:  14.94 MB

MaxMetaspaceSize: unlimited
CompressedClassSpaceSize: 1.00 GB
Initial GC threshold: 21.00 MB
Current GC threshold: 97.31 MB
CDS: off
MetaspaceReclaimPolicy: balanced
 - commit_granule_bytes: 65536.
 - commit_granule_words: 8192.
 - virtual_space_node_default_size: 8388608.
 - enlarge_chunks_in_place: 1.
 - new_chunks_are_fully_committed: 0.
 - uncommit_free_chunks: 1.
 - use_allocation_guard: 0.
 - handle_deallocations: 1.


Internal statistics:

num_allocs_failed_limit: 9.
num_arena_births: 824.
num_arena_deaths: 14.
num_vsnodes_births: 2.
num_vsnodes_deaths: 0.
num_space_committed: 1024.
num_space_uncommitted: 0.
num_chunks_returned_to_freelist: 23.
num_chunks_taken_from_freelist: 3411.
num_chunk_merges: 11.
num_chunk_splits: 2122.
num_chunks_enlarged: 1232.
num_inconsistent_stats: 0.

CodeHeap 'non-profiled nmethods': size=120000Kb used=4503Kb max_used=4769Kb free=115496Kb
 bounds [0x0000020e46770000, 0x0000020e46c20000, 0x0000020e4dca0000]
CodeHeap 'profiled nmethods': size=120000Kb used=13959Kb max_used=15295Kb free=106040Kb
 bounds [0x0000020e3eca0000, 0x0000020e3fba0000, 0x0000020e461d0000]
CodeHeap 'non-nmethods': size=5760Kb used=1344Kb max_used=1401Kb free=4415Kb
 bounds [0x0000020e461d0000, 0x0000020e46440000, 0x0000020e46770000]
 total_blobs=7429 nmethods=6743 adapters=599
 compilation: enabled
              stopped_count=0, restarted_count=0
 full_count=0

Compilation events (20 events):
Event: 33.747 Thread 0x0000020e5a588a40 nmethod 8275 0x0000020e46848c90 code [0x0000020e46848e00, 0x0000020e46848ef8]
Event: 33.747 Thread 0x0000020e5a588a40 8276       4       com.sun.org.apache.xerces.internal.util.XMLAttributesImpl::setSpecified (11 bytes)
Event: 33.748 Thread 0x0000020e5a588a40 nmethod 8276 0x0000020e46848990 code [0x0000020e46848b00, 0x0000020e46848bd8]
Event: 33.749 Thread 0x0000020e5ac2d3c0 nmethod 8269 0x0000020e46b9f690 code [0x0000020e46b9f840, 0x0000020e46b9fc78]
Event: 33.752 Thread 0x0000020e5504bfd0 nmethod 8272 0x0000020e3f5e2510 code [0x0000020e3f5e3000, 0x0000020e3f5e9ae8]
Event: 33.752 Thread 0x0000020e5504bfd0 8278       3       org.eclipse.core.runtime.Path::computeLength (100 bytes)
Event: 33.753 Thread 0x0000020e5504bfd0 nmethod 8278 0x0000020e3ee4e890 code [0x0000020e3ee4ea60, 0x0000020e3ee4efb8]
Event: 33.753 Thread 0x0000020e5504bfd0 8273       3       java.util.regex.Pattern::nextEscaped (19 bytes)
Event: 33.753 Thread 0x0000020e5504bfd0 nmethod 8273 0x0000020e3f085210 code [0x0000020e3f0853a0, 0x0000020e3f0854d8]
Event: 33.753 Thread 0x0000020e5504bfd0 8279       3       java.io.File::getParent (65 bytes)
Event: 33.754 Thread 0x0000020e5504bfd0 nmethod 8279 0x0000020e3f00fa10 code [0x0000020e3f00fc40, 0x0000020e3f010338]
Event: 33.754 Thread 0x0000020e5504bfd0 8277       3       org.eclipse.core.runtime.jobs.Job::getState (5 bytes)
Event: 33.754 Thread 0x0000020e5504bfd0 nmethod 8277 0x0000020e3f12c790 code [0x0000020e3f12c920, 0x0000020e3f12ca68]
Event: 33.754 Thread 0x0000020e5504bfd0 8280       3       java.util.IdentityHashMap$IdentityHashMapIterator::<init> (63 bytes)
Event: 33.754 Thread 0x0000020e5504bfd0 nmethod 8280 0x0000020e3f5dd690 code [0x0000020e3f5dd840, 0x0000020e3f5dda78]
Event: 33.754 Thread 0x0000020e5504bfd0 8274       3       java.lang.ThreadLocal::<init> (12 bytes)
Event: 33.755 Thread 0x0000020e5504bfd0 nmethod 8274 0x0000020e3f732690 code [0x0000020e3f732840, 0x0000020e3f732a68]
Event: 33.759 Thread 0x0000020e5ac2d3c0 8281       4       org.codehaus.plexus.util.xml.pull.MXParser::isWhitespace (114 bytes)
Event: 33.760 Thread 0x0000020e5504bfd0 8282       3       org.apache.maven.model.io.xpp3.MavenXpp3ReaderEx::nextTag (64 bytes)
Event: 33.762 Thread 0x0000020e5a588a40 8283       4       org.eclipse.jdt.internal.compiler.parser.Scanner::scanIdentifier (480 bytes)

GC Heap History (20 events):
Event: 33.080 GC heap before
{Heap before GC invocations=60 (full 3):
 PSYoungGen      total 20992K, used 20800K [0x00000000eab00000, 0x00000000ec100000, 0x0000000100000000)
  eden space 19968K, 100% used [0x00000000eab00000,0x00000000ebe80000,0x00000000ebe80000)
  from space 1024K, 81% used [0x00000000ec000000,0x00000000ec0d0000,0x00000000ec100000)
  to   space 1024K, 0% used [0x00000000ebf00000,0x00000000ebf00000,0x00000000ec000000)
 ParOldGen       total 68608K, used 56844K [0x00000000c0000000, 0x00000000c4300000, 0x00000000eab00000)
  object space 68608K, 82% used [0x00000000c0000000,0x00000000c3783128,0x00000000c4300000)
 Metaspace       used 60975K, committed 62144K, reserved 1114112K
  class space    used 6525K, committed 7040K, reserved 1048576K
}
Event: 33.082 GC heap after
{Heap after GC invocations=60 (full 3):
 PSYoungGen      total 20992K, used 544K [0x00000000eab00000, 0x00000000ec080000, 0x0000000100000000)
  eden space 19968K, 0% used [0x00000000eab00000,0x00000000eab00000,0x00000000ebe80000)
  from space 1024K, 53% used [0x00000000ebf00000,0x00000000ebf88000,0x00000000ec000000)
  to   space 512K, 0% used [0x00000000ec000000,0x00000000ec000000,0x00000000ec080000)
 ParOldGen       total 68608K, used 57809K [0x00000000c0000000, 0x00000000c4300000, 0x00000000eab00000)
  object space 68608K, 84% used [0x00000000c0000000,0x00000000c3874638,0x00000000c4300000)
 Metaspace       used 60975K, committed 62144K, reserved 1114112K
  class space    used 6525K, committed 7040K, reserved 1048576K
}
Event: 33.142 GC heap before
{Heap before GC invocations=61 (full 3):
 PSYoungGen      total 20992K, used 20512K [0x00000000eab00000, 0x00000000ec080000, 0x0000000100000000)
  eden space 19968K, 100% used [0x00000000eab00000,0x00000000ebe80000,0x00000000ebe80000)
  from space 1024K, 53% used [0x00000000ebf00000,0x00000000ebf88000,0x00000000ec000000)
  to   space 512K, 0% used [0x00000000ec000000,0x00000000ec000000,0x00000000ec080000)
 ParOldGen       total 68608K, used 57809K [0x00000000c0000000, 0x00000000c4300000, 0x00000000eab00000)
  object space 68608K, 84% used [0x00000000c0000000,0x00000000c3874638,0x00000000c4300000)
 Metaspace       used 61193K, committed 62400K, reserved 1114112K
  class space    used 6557K, committed 7040K, reserved 1048576K
}
Event: 33.145 GC heap after
{Heap after GC invocations=61 (full 3):
 PSYoungGen      total 19968K, used 512K [0x00000000eab00000, 0x00000000ec280000, 0x0000000100000000)
  eden space 19456K, 0% used [0x00000000eab00000,0x00000000eab00000,0x00000000ebe00000)
  from space 512K, 100% used [0x00000000ec000000,0x00000000ec080000,0x00000000ec080000)
  to   space 2048K, 0% used [0x00000000ebe00000,0x00000000ebe00000,0x00000000ec000000)
 ParOldGen       total 68608K, used 59038K [0x00000000c0000000, 0x00000000c4300000, 0x00000000eab00000)
  object space 68608K, 86% used [0x00000000c0000000,0x00000000c39a7b48,0x00000000c4300000)
 Metaspace       used 61193K, committed 62400K, reserved 1114112K
  class space    used 6557K, committed 7040K, reserved 1048576K
}
Event: 33.211 GC heap before
{Heap before GC invocations=62 (full 3):
 PSYoungGen      total 19968K, used 19968K [0x00000000eab00000, 0x00000000ec280000, 0x0000000100000000)
  eden space 19456K, 100% used [0x00000000eab00000,0x00000000ebe00000,0x00000000ebe00000)
  from space 512K, 100% used [0x00000000ec000000,0x00000000ec080000,0x00000000ec080000)
  to   space 2048K, 0% used [0x00000000ebe00000,0x00000000ebe00000,0x00000000ec000000)
 ParOldGen       total 68608K, used 59038K [0x00000000c0000000, 0x00000000c4300000, 0x00000000eab00000)
  object space 68608K, 86% used [0x00000000c0000000,0x00000000c39a7b48,0x00000000c4300000)
 Metaspace       used 61495K, committed 62656K, reserved 1114112K
  class space    used 6587K, committed 7040K, reserved 1048576K
}
Event: 33.213 GC heap after
{Heap after GC invocations=62 (full 3):
 PSYoungGen      total 20480K, used 653K [0x00000000eab00000, 0x00000000ec100000, 0x0000000100000000)
  eden space 19456K, 0% used [0x00000000eab00000,0x00000000eab00000,0x00000000ebe00000)
  from space 1024K, 63% used [0x00000000ebe00000,0x00000000ebea35b0,0x00000000ebf00000)
  to   space 1536K, 0% used [0x00000000ebf80000,0x00000000ebf80000,0x00000000ec100000)
 ParOldGen       total 68608K, used 59510K [0x00000000c0000000, 0x00000000c4300000, 0x00000000eab00000)
  object space 68608K, 86% used [0x00000000c0000000,0x00000000c3a1db58,0x00000000c4300000)
 Metaspace       used 61495K, committed 62656K, reserved 1114112K
  class space    used 6587K, committed 7040K, reserved 1048576K
}
Event: 33.269 GC heap before
{Heap before GC invocations=63 (full 3):
 PSYoungGen      total 20480K, used 20109K [0x00000000eab00000, 0x00000000ec100000, 0x0000000100000000)
  eden space 19456K, 100% used [0x00000000eab00000,0x00000000ebe00000,0x00000000ebe00000)
  from space 1024K, 63% used [0x00000000ebe00000,0x00000000ebea35b0,0x00000000ebf00000)
  to   space 1536K, 0% used [0x00000000ebf80000,0x00000000ebf80000,0x00000000ec100000)
 ParOldGen       total 68608K, used 59510K [0x00000000c0000000, 0x00000000c4300000, 0x00000000eab00000)
  object space 68608K, 86% used [0x00000000c0000000,0x00000000c3a1db58,0x00000000c4300000)
 Metaspace       used 62535K, committed 63808K, reserved 1114112K
  class space    used 6686K, committed 7168K, reserved 1048576K
}
Event: 33.271 GC heap after
{Heap after GC invocations=63 (full 3):
 PSYoungGen      total 20480K, used 576K [0x00000000eab00000, 0x00000000ec080000, 0x0000000100000000)
  eden space 19456K, 0% used [0x00000000eab00000,0x00000000eab00000,0x00000000ebe00000)
  from space 1024K, 56% used [0x00000000ebf80000,0x00000000ec010020,0x00000000ec080000)
  to   space 1024K, 0% used [0x00000000ebe00000,0x00000000ebe00000,0x00000000ebf00000)
 ParOldGen       total 68608K, used 59942K [0x00000000c0000000, 0x00000000c4300000, 0x00000000eab00000)
  object space 68608K, 87% used [0x00000000c0000000,0x00000000c3a89b78,0x00000000c4300000)
 Metaspace       used 62535K, committed 63808K, reserved 1114112K
  class space    used 6686K, committed 7168K, reserved 1048576K
}
Event: 33.309 GC heap before
{Heap before GC invocations=64 (full 3):
 PSYoungGen      total 20480K, used 20032K [0x00000000eab00000, 0x00000000ec080000, 0x0000000100000000)
  eden space 19456K, 100% used [0x00000000eab00000,0x00000000ebe00000,0x00000000ebe00000)
  from space 1024K, 56% used [0x00000000ebf80000,0x00000000ec010020,0x00000000ec080000)
  to   space 1024K, 0% used [0x00000000ebe00000,0x00000000ebe00000,0x00000000ebf00000)
 ParOldGen       total 68608K, used 59942K [0x00000000c0000000, 0x00000000c4300000, 0x00000000eab00000)
  object space 68608K, 87% used [0x00000000c0000000,0x00000000c3a89b78,0x00000000c4300000)
 Metaspace       used 63181K, committed 64384K, reserved 1114112K
  class space    used 6738K, committed 7232K, reserved 1048576K
}
Event: 33.312 GC heap after
{Heap after GC invocations=64 (full 3):
 PSYoungGen      total 20480K, used 1004K [0x00000000eab00000, 0x00000000ec200000, 0x0000000100000000)
  eden space 19456K, 0% used [0x00000000eab00000,0x00000000eab00000,0x00000000ebe00000)
  from space 1024K, 98% used [0x00000000ebe00000,0x00000000ebefb190,0x00000000ebf00000)
  to   space 2048K, 0% used [0x00000000ec000000,0x00000000ec000000,0x00000000ec200000)
 ParOldGen       total 68608K, used 60391K [0x00000000c0000000, 0x00000000c4300000, 0x00000000eab00000)
  object space 68608K, 88% used [0x00000000c0000000,0x00000000c3af9e08,0x00000000c4300000)
 Metaspace       used 63181K, committed 64384K, reserved 1114112K
  class space    used 6738K, committed 7232K, reserved 1048576K
}
Event: 33.343 GC heap before
{Heap before GC invocations=65 (full 3):
 PSYoungGen      total 20480K, used 20460K [0x00000000eab00000, 0x00000000ec200000, 0x0000000100000000)
  eden space 19456K, 100% used [0x00000000eab00000,0x00000000ebe00000,0x00000000ebe00000)
  from space 1024K, 98% used [0x00000000ebe00000,0x00000000ebefb190,0x00000000ebf00000)
  to   space 2048K, 0% used [0x00000000ec000000,0x00000000ec000000,0x00000000ec200000)
 ParOldGen       total 68608K, used 60391K [0x00000000c0000000, 0x00000000c4300000, 0x00000000eab00000)
  object space 68608K, 88% used [0x00000000c0000000,0x00000000c3af9e08,0x00000000c4300000)
 Metaspace       used 63376K, committed 64576K, reserved 1114112K
  class space    used 6756K, committed 7232K, reserved 1048576K
}
Event: 33.346 GC heap after
{Heap after GC invocations=65 (full 3):
 PSYoungGen      total 20992K, used 1184K [0x00000000eab00000, 0x00000000ec180000, 0x0000000100000000)
  eden space 19456K, 0% used [0x00000000eab00000,0x00000000eab00000,0x00000000ebe00000)
  from space 1536K, 77% used [0x00000000ec000000,0x00000000ec128000,0x00000000ec180000)
  to   space 1536K, 0% used [0x00000000ebe80000,0x00000000ebe80000,0x00000000ec000000)
 ParOldGen       total 68608K, used 61261K [0x00000000c0000000, 0x00000000c4300000, 0x00000000eab00000)
  object space 68608K, 89% used [0x00000000c0000000,0x00000000c3bd3510,0x00000000c4300000)
 Metaspace       used 63376K, committed 64576K, reserved 1114112K
  class space    used 6756K, committed 7232K, reserved 1048576K
}
Event: 33.399 GC heap before
{Heap before GC invocations=66 (full 3):
 PSYoungGen      total 20992K, used 20640K [0x00000000eab00000, 0x00000000ec180000, 0x0000000100000000)
  eden space 19456K, 100% used [0x00000000eab00000,0x00000000ebe00000,0x00000000ebe00000)
  from space 1536K, 77% used [0x00000000ec000000,0x00000000ec128000,0x00000000ec180000)
  to   space 1536K, 0% used [0x00000000ebe80000,0x00000000ebe80000,0x00000000ec000000)
 ParOldGen       total 68608K, used 61261K [0x00000000c0000000, 0x00000000c4300000, 0x00000000eab00000)
  object space 68608K, 89% used [0x00000000c0000000,0x00000000c3bd3510,0x00000000c4300000)
 Metaspace       used 63550K, committed 64768K, reserved 1114112K
  class space    used 6767K, committed 7296K, reserved 1048576K
}
Event: 33.401 GC heap after
{Heap after GC invocations=66 (full 3):
 PSYoungGen      total 20992K, used 1504K [0x00000000eab00000, 0x00000000ec400000, 0x0000000100000000)
  eden space 19456K, 0% used [0x00000000eab00000,0x00000000eab00000,0x00000000ebe00000)
  from space 1536K, 97% used [0x00000000ebe80000,0x00000000ebff8020,0x00000000ec000000)
  to   space 3072K, 0% used [0x00000000ec100000,0x00000000ec100000,0x00000000ec400000)
 ParOldGen       total 68608K, used 62301K [0x00000000c0000000, 0x00000000c4300000, 0x00000000eab00000)
  object space 68608K, 90% used [0x00000000c0000000,0x00000000c3cd7510,0x00000000c4300000)
 Metaspace       used 63550K, committed 64768K, reserved 1114112K
  class space    used 6767K, committed 7296K, reserved 1048576K
}
Event: 33.493 GC heap before
{Heap before GC invocations=67 (full 3):
 PSYoungGen      total 20992K, used 20960K [0x00000000eab00000, 0x00000000ec400000, 0x0000000100000000)
  eden space 19456K, 100% used [0x00000000eab00000,0x00000000ebe00000,0x00000000ebe00000)
  from space 1536K, 97% used [0x00000000ebe80000,0x00000000ebff8020,0x00000000ec000000)
  to   space 3072K, 0% used [0x00000000ec100000,0x00000000ec100000,0x00000000ec400000)
 ParOldGen       total 68608K, used 62301K [0x00000000c0000000, 0x00000000c4300000, 0x00000000eab00000)
  object space 68608K, 90% used [0x00000000c0000000,0x00000000c3cd7510,0x00000000c4300000)
 Metaspace       used 63580K, committed 64768K, reserved 1114112K
  class space    used 6769K, committed 7296K, reserved 1048576K
}
Event: 33.497 GC heap after
{Heap after GC invocations=67 (full 3):
 PSYoungGen      total 20992K, used 1504K [0x00000000eab00000, 0x00000000ec280000, 0x0000000100000000)
  eden space 19456K, 0% used [0x00000000eab00000,0x00000000eab00000,0x00000000ebe00000)
  from space 1536K, 97% used [0x00000000ec100000,0x00000000ec278000,0x00000000ec280000)
  to   space 2048K, 0% used [0x00000000ebe80000,0x00000000ebe80000,0x00000000ec080000)
 ParOldGen       total 68608K, used 63757K [0x00000000c0000000, 0x00000000c4300000, 0x00000000eab00000)
  object space 68608K, 92% used [0x00000000c0000000,0x00000000c3e43540,0x00000000c4300000)
 Metaspace       used 63580K, committed 64768K, reserved 1114112K
  class space    used 6769K, committed 7296K, reserved 1048576K
}
Event: 33.552 GC heap before
{Heap before GC invocations=68 (full 3):
 PSYoungGen      total 20992K, used 20960K [0x00000000eab00000, 0x00000000ec280000, 0x0000000100000000)
  eden space 19456K, 100% used [0x00000000eab00000,0x00000000ebe00000,0x00000000ebe00000)
  from space 1536K, 97% used [0x00000000ec100000,0x00000000ec278000,0x00000000ec280000)
  to   space 2048K, 0% used [0x00000000ebe80000,0x00000000ebe80000,0x00000000ec080000)
 ParOldGen       total 68608K, used 63757K [0x00000000c0000000, 0x00000000c4300000, 0x00000000eab00000)
  object space 68608K, 92% used [0x00000000c0000000,0x00000000c3e43540,0x00000000c4300000)
 Metaspace       used 63583K, committed 64768K, reserved 1114112K
  class space    used 6769K, committed 7296K, reserved 1048576K
}
Event: 33.555 GC heap after
{Heap after GC invocations=68 (full 3):
 PSYoungGen      total 21504K, used 1664K [0x00000000eab00000, 0x00000000ec200000, 0x0000000100000000)
  eden space 19456K, 0% used [0x00000000eab00000,0x00000000eab00000,0x00000000ebe00000)
  from space 2048K, 81% used [0x00000000ebe80000,0x00000000ec020010,0x00000000ec080000)
  to   space 1536K, 0% used [0x00000000ec080000,0x00000000ec080000,0x00000000ec200000)
 ParOldGen       total 68608K, used 65109K [0x00000000c0000000, 0x00000000c4300000, 0x00000000eab00000)
  object space 68608K, 94% used [0x00000000c0000000,0x00000000c3f95540,0x00000000c4300000)
 Metaspace       used 63583K, committed 64768K, reserved 1114112K
  class space    used 6769K, committed 7296K, reserved 1048576K
}
Event: 33.671 GC heap before
{Heap before GC invocations=69 (full 3):
 PSYoungGen      total 21504K, used 21120K [0x00000000eab00000, 0x00000000ec200000, 0x0000000100000000)
  eden space 19456K, 100% used [0x00000000eab00000,0x00000000ebe00000,0x00000000ebe00000)
  from space 2048K, 81% used [0x00000000ebe80000,0x00000000ec020010,0x00000000ec080000)
  to   space 1536K, 0% used [0x00000000ec080000,0x00000000ec080000,0x00000000ec200000)
 ParOldGen       total 68608K, used 65109K [0x00000000c0000000, 0x00000000c4300000, 0x00000000eab00000)
  object space 68608K, 94% used [0x00000000c0000000,0x00000000c3f95540,0x00000000c4300000)
 Metaspace       used 63696K, committed 64896K, reserved 1114112K
  class space    used 6785K, committed 7296K, reserved 1048576K
}
Event: 33.673 GC heap after
{Heap after GC invocations=69 (full 3):
 PSYoungGen      total 20480K, used 800K [0x00000000eab00000, 0x00000000ec180000, 0x0000000100000000)
  eden space 19456K, 0% used [0x00000000eab00000,0x00000000eab00000,0x00000000ebe00000)
  from space 1024K, 78% used [0x00000000ec080000,0x00000000ec148000,0x00000000ec180000)
  to   space 1536K, 0% used [0x00000000ebe80000,0x00000000ebe80000,0x00000000ec000000)
 ParOldGen       total 68608K, used 66693K [0x00000000c0000000, 0x00000000c4300000, 0x00000000eab00000)
  object space 68608K, 97% used [0x00000000c0000000,0x00000000c4121550,0x00000000c4300000)
 Metaspace       used 63696K, committed 64896K, reserved 1114112K
  class space    used 6785K, committed 7296K, reserved 1048576K
}

Dll operation events (10 events):
Event: 0.024 Loaded shared library c:\Users\varma\.vscode\extensions\redhat.java-1.31.0-win32-x64\jre\17.0.11-win32-x86_64\bin\java.dll
Event: 0.219 Loaded shared library c:\Users\varma\.vscode\extensions\redhat.java-1.31.0-win32-x64\jre\17.0.11-win32-x86_64\bin\zip.dll
Event: 0.222 Loaded shared library C:\Users\varma\.vscode\extensions\redhat.java-1.31.0-win32-x64\jre\17.0.11-win32-x86_64\bin\instrument.dll
Event: 0.237 Loaded shared library C:\Users\varma\.vscode\extensions\redhat.java-1.31.0-win32-x64\jre\17.0.11-win32-x86_64\bin\net.dll
Event: 0.239 Loaded shared library C:\Users\varma\.vscode\extensions\redhat.java-1.31.0-win32-x64\jre\17.0.11-win32-x86_64\bin\nio.dll
Event: 0.246 Loaded shared library C:\Users\varma\.vscode\extensions\redhat.java-1.31.0-win32-x64\jre\17.0.11-win32-x86_64\bin\zip.dll
Event: 0.264 Loaded shared library C:\Users\varma\.vscode\extensions\redhat.java-1.31.0-win32-x64\jre\17.0.11-win32-x86_64\bin\jimage.dll
Event: 0.325 Loaded shared library c:\Users\varma\.vscode\extensions\redhat.java-1.31.0-win32-x64\jre\17.0.11-win32-x86_64\bin\verify.dll
Event: 8.086 Loaded shared library C:\Users\varma\AppData\Roaming\Code\User\globalStorage\redhat.java\1.31.0\config_win\org.eclipse.equinox.launcher\org.eclipse.equinox.launcher.win32.win32.x86_64_1.2.1000.v20240507-1834\eclipse_11902.dll
Event: 21.497 Loaded shared library C:\Users\varma\AppData\Local\Temp\jna-111978235\jna18099970910529237813.dll

Deoptimization events (20 events):
Event: 33.585 Thread 0x0000020e58695b50 Uncommon trap: trap_request=0xffffffbe fr.pc=0x0000020e46961238 relative=0x0000000000002b58
Event: 33.585 Thread 0x0000020e58695b50 Uncommon trap: reason=profile_predicate action=maybe_recompile pc=0x0000020e46961238 method=org.eclipse.jdt.internal.core.JarPackageFragmentRoot.computeChildren(Lorg/eclipse/jdt/internal/core/OpenableElementInfo;Lorg/eclipse/core/resources/IResource;)Z @ 
Event: 33.585 Thread 0x0000020e58695b50 DEOPT PACKING pc=0x0000020e46961238 sp=0x00000073852fe4f0
Event: 33.585 Thread 0x0000020e58695b50 DEOPT UNPACKING pc=0x0000020e462266a3 sp=0x00000073852fe4b8 mode 2
Event: 33.649 Thread 0x0000020e58696f90 Uncommon trap: trap_request=0xffffff45 fr.pc=0x0000020e46af1950 relative=0x00000000000003b0
Event: 33.649 Thread 0x0000020e58696f90 Uncommon trap: reason=unstable_if action=reinterpret pc=0x0000020e46af1950 method=com.google.gson.stream.JsonReader.isLiteral(C)Z @ 1 c2
Event: 33.649 Thread 0x0000020e58696f90 DEOPT PACKING pc=0x0000020e46af1950 sp=0x00000073851feb80
Event: 33.649 Thread 0x0000020e58696f90 DEOPT UNPACKING pc=0x0000020e462266a3 sp=0x00000073851fea38 mode 2
Event: 33.729 Thread 0x0000020e58694c20 Uncommon trap: trap_request=0xffffff45 fr.pc=0x0000020e46ae3408 relative=0x0000000000001508
Event: 33.729 Thread 0x0000020e58694c20 Uncommon trap: reason=unstable_if action=reinterpret pc=0x0000020e46ae3408 method=org.eclipse.core.runtime.Path.computeSegmentCount(Ljava/lang/String;)I @ 78 c2
Event: 33.729 Thread 0x0000020e58694c20 DEOPT PACKING pc=0x0000020e46ae3408 sp=0x00000073854fdf30
Event: 33.729 Thread 0x0000020e58694c20 DEOPT UNPACKING pc=0x0000020e462266a3 sp=0x00000073854fde68 mode 2
Event: 33.729 Thread 0x0000020e58694c20 Uncommon trap: trap_request=0xffffff45 fr.pc=0x0000020e46b071d8 relative=0x00000000000001b8
Event: 33.729 Thread 0x0000020e58694c20 Uncommon trap: reason=unstable_if action=reinterpret pc=0x0000020e46b071d8 method=org.eclipse.core.runtime.Path.computeLength()I @ 92 c2
Event: 33.729 Thread 0x0000020e58694c20 DEOPT PACKING pc=0x0000020e46b071d8 sp=0x00000073854fe050
Event: 33.729 Thread 0x0000020e58694c20 DEOPT UNPACKING pc=0x0000020e462266a3 sp=0x00000073854fdfc8 mode 2
Event: 33.732 Thread 0x0000020e58694c20 Uncommon trap: trap_request=0xffffff45 fr.pc=0x0000020e46b8c5ec relative=0x00000000000003cc
Event: 33.732 Thread 0x0000020e58694c20 Uncommon trap: reason=unstable_if action=reinterpret pc=0x0000020e46b8c5ec method=org.eclipse.core.runtime.Path.equals(Ljava/lang/Object;)Z @ 117 c2
Event: 33.732 Thread 0x0000020e58694c20 DEOPT PACKING pc=0x0000020e46b8c5ec sp=0x00000073854fe310
Event: 33.732 Thread 0x0000020e58694c20 DEOPT UNPACKING pc=0x0000020e462266a3 sp=0x00000073854fe2b0 mode 2

Classes unloaded (7 events):
Event: 18.918 Thread 0x0000020e3c0b6500 Unloading class 0x000000010024a400 'java/lang/invoke/LambdaForm$MH+0x000000010024a400'
Event: 18.918 Thread 0x0000020e3c0b6500 Unloading class 0x000000010024a000 'java/lang/invoke/LambdaForm$MH+0x000000010024a000'
Event: 18.918 Thread 0x0000020e3c0b6500 Unloading class 0x0000000100249c00 'java/lang/invoke/LambdaForm$MH+0x0000000100249c00'
Event: 18.918 Thread 0x0000020e3c0b6500 Unloading class 0x0000000100249800 'java/lang/invoke/LambdaForm$MH+0x0000000100249800'
Event: 18.918 Thread 0x0000020e3c0b6500 Unloading class 0x0000000100249400 'java/lang/invoke/LambdaForm$BMH+0x0000000100249400'
Event: 18.918 Thread 0x0000020e3c0b6500 Unloading class 0x0000000100249000 'java/lang/invoke/LambdaForm$DMH+0x0000000100249000'
Event: 18.918 Thread 0x0000020e3c0b6500 Unloading class 0x0000000100244400 'java/lang/invoke/LambdaForm$DMH+0x0000000100244400'

Classes redefined (0 events):
No events

Internal exceptions (20 events):
Event: 33.171 Thread 0x0000020e58696f90 Exception <a 'sun/nio/fs/WindowsException'{0x00000000eb3e4a88}> (0x00000000eb3e4a88) 
thrown [s\src\hotspot\share\prims\jni.cpp, line 516]
Event: 33.172 Thread 0x0000020e58696f90 Exception <a 'sun/nio/fs/WindowsException'{0x00000000eb3e5590}> (0x00000000eb3e5590) 
thrown [s\src\hotspot\share\prims\jni.cpp, line 516]
Event: 33.172 Thread 0x0000020e58696f90 Exception <a 'sun/nio/fs/WindowsException'{0x00000000eb3e6770}> (0x00000000eb3e6770) 
thrown [s\src\hotspot\share\prims\jni.cpp, line 516]
Event: 33.172 Thread 0x0000020e58696f90 Exception <a 'sun/nio/fs/WindowsException'{0x00000000eb3e7070}> (0x00000000eb3e7070) 
thrown [s\src\hotspot\share\prims\jni.cpp, line 516]
Event: 33.173 Thread 0x0000020e58696f90 Exception <a 'sun/nio/fs/WindowsException'{0x00000000eb3e8228}> (0x00000000eb3e8228) 
thrown [s\src\hotspot\share\prims\jni.cpp, line 516]
Event: 33.173 Thread 0x0000020e58696f90 Exception <a 'sun/nio/fs/WindowsException'{0x00000000eb3e8cc8}> (0x00000000eb3e8cc8) 
thrown [s\src\hotspot\share\prims\jni.cpp, line 516]
Event: 33.176 Thread 0x0000020e58696f90 Exception <a 'sun/nio/fs/WindowsException'{0x00000000eb60a330}> (0x00000000eb60a330) 
thrown [s\src\hotspot\share\prims\jni.cpp, line 516]
Event: 33.183 Thread 0x0000020e562a5300 Exception <a 'sun/nio/fs/WindowsException'{0x00000000eb82ca40}> (0x00000000eb82ca40) 
thrown [s\src\hotspot\share\prims\jni.cpp, line 516]
Event: 33.183 Thread 0x0000020e562a5300 Exception <a 'sun/nio/fs/WindowsException'{0x00000000eb82d998}> (0x00000000eb82d998) 
thrown [s\src\hotspot\share\prims\jni.cpp, line 516]
Event: 33.189 Thread 0x0000020e58696f90 Exception <a 'sun/nio/fs/WindowsException'{0x00000000eb6d8a60}> (0x00000000eb6d8a60) 
thrown [s\src\hotspot\share\prims\jni.cpp, line 516]
Event: 33.233 Thread 0x0000020e58691e90 Exception <a 'sun/nio/fs/WindowsException'{0x00000000eb1ba5f0}> (0x00000000eb1ba5f0) 
thrown [s\src\hotspot\share\prims\jni.cpp, line 516]
Event: 33.233 Thread 0x0000020e58691e90 Exception <a 'sun/nio/fs/WindowsException'{0x00000000eb1bae08}> (0x00000000eb1bae08) 
thrown [s\src\hotspot\share\prims\jni.cpp, line 516]
Event: 33.234 Thread 0x0000020e58691e90 Exception <a 'sun/nio/fs/WindowsException'{0x00000000eb1de0c8}> (0x00000000eb1de0c8) 
thrown [s\src\hotspot\share\prims\jni.cpp, line 516]
Event: 33.234 Thread 0x0000020e58691e90 Exception <a 'sun/nio/fs/WindowsException'{0x00000000eb1de8c0}> (0x00000000eb1de8c0) 
thrown [s\src\hotspot\share\prims\jni.cpp, line 516]
Event: 33.237 Thread 0x0000020e58691e90 Exception <a 'java/io/FileNotFoundException'{0x00000000eb221de8}> (0x00000000eb221de8) 
thrown [s\src\hotspot\share\prims\jni.cpp, line 516]
Event: 33.237 Thread 0x0000020e58691e90 Exception <a 'java/io/FileNotFoundException'{0x00000000eb222b60}> (0x00000000eb222b60) 
thrown [s\src\hotspot\share\prims\jni.cpp, line 516]
Event: 33.242 Thread 0x0000020e58691e90 Exception <a 'sun/nio/fs/WindowsException'{0x00000000eb403a40}> (0x00000000eb403a40) 
thrown [s\src\hotspot\share\prims\jni.cpp, line 516]
Event: 33.242 Thread 0x0000020e58691e90 Exception <a 'sun/nio/fs/WindowsException'{0x00000000eb404238}> (0x00000000eb404238) 
thrown [s\src\hotspot\share\prims\jni.cpp, line 516]
Event: 33.626 Thread 0x0000020e58695b50 Exception <a 'java/lang/NoSuchMethodError'{0x00000000eba69c80}: 'int java.lang.invoke.DirectMethodHandle$Holder.invokeSpecialIFC(java.lang.Object, java.lang.Object, java.lang.Object)'> (0x00000000eba69c80) 
thrown [s\src\hotspot\share\interpreter\linkResolver.cpp, line 759]
Event: 33.629 Thread 0x0000020e58695b50 Exception <a 'java/lang/NoSuchMethodError'{0x00000000eba9fb20}: 'int java.lang.invoke.DirectMethodHandle$Holder.invokeStatic(java.lang.Object, java.lang.Object, java.lang.Object, int)'> (0x00000000eba9fb20) 
thrown [s\src\hotspot\share\interpreter\linkResolver.cpp, line 759]

VM Operations (20 events):
Event: 33.211 Executing VM operation: ParallelGCFailedAllocation
Event: 33.213 Executing VM operation: ParallelGCFailedAllocation done
Event: 33.258 Executing VM operation: HandshakeAllThreads
Event: 33.260 Executing VM operation: HandshakeAllThreads done
Event: 33.268 Executing VM operation: HandshakeAllThreads
Event: 33.268 Executing VM operation: HandshakeAllThreads done
Event: 33.269 Executing VM operation: ParallelGCFailedAllocation
Event: 33.272 Executing VM operation: ParallelGCFailedAllocation done
Event: 33.309 Executing VM operation: ParallelGCFailedAllocation
Event: 33.312 Executing VM operation: ParallelGCFailedAllocation done
Event: 33.341 Executing VM operation: ParallelGCFailedAllocation
Event: 33.348 Executing VM operation: ParallelGCFailedAllocation done
Event: 33.399 Executing VM operation: ParallelGCFailedAllocation
Event: 33.402 Executing VM operation: ParallelGCFailedAllocation done
Event: 33.465 Executing VM operation: ParallelGCFailedAllocation
Event: 33.501 Executing VM operation: ParallelGCFailedAllocation done
Event: 33.533 Executing VM operation: ParallelGCFailedAllocation
Event: 33.561 Executing VM operation: ParallelGCFailedAllocation done
Event: 33.671 Executing VM operation: ParallelGCFailedAllocation
Event: 33.674 Executing VM operation: ParallelGCFailedAllocation done

Events (20 events):
Event: 33.179 loading class sun/nio/fs/WindowsFileCopy done
Event: 33.203 loading class java/util/Hashtable$KeySet
Event: 33.203 loading class java/util/Hashtable$KeySet done
Event: 33.251 Thread 0x0000020e586932d0 Thread added: 0x0000020e586932d0
Event: 33.262 loading class java/io/FileReader
Event: 33.262 loading class java/io/FileReader done
Event: 33.263 loading class java/lang/UnsupportedClassVersionError
Event: 33.263 loading class java/lang/UnsupportedClassVersionError done
Event: 33.275 loading class jdk/internal/reflect/UnsafeQualifiedStaticIntegerFieldAccessorImpl
Event: 33.275 loading class jdk/internal/reflect/UnsafeQualifiedStaticIntegerFieldAccessorImpl done
Event: 33.350 Thread 0x0000020e562a2060 Thread added: 0x0000020e562a2060
Event: 33.365 Thread 0x0000020e586937e0 Thread added: 0x0000020e586937e0
Event: 33.416 Thread 0x0000020e59673de0 Thread added: 0x0000020e59673de0
Event: 33.647 loading class java/util/concurrent/CompletionException
Event: 33.647 loading class java/util/concurrent/CompletionException done
Event: 33.650 loading class java/util/regex/Pattern$1
Event: 33.650 loading class java/util/regex/Pattern$1 done
Event: 33.713 loading class jdk/internal/event/SecurityPropertyModificationEvent
Event: 33.713 loading class jdk/internal/event/SecurityPropertyModificationEvent done
Event: 33.727 Thread 0x0000020e59672eb0 Thread added: 0x0000020e59672eb0


Dynamic libraries:
0x00007ff726980000 - 0x00007ff72698e000 	c:\Users\varma\.vscode\extensions\redhat.java-1.31.0-win32-x64\jre\17.0.11-win32-x86_64\bin\java.exe
0x00007ffe12380000 - 0x00007ffe12587000 	C:\WINDOWS\SYSTEM32\ntdll.dll
0x00007ffe119f0000 - 0x00007ffe11aad000 	C:\WINDOWS\System32\KERNEL32.DLL
0x00007ffe0fa80000 - 0x00007ffe0fdf2000 	C:\WINDOWS\System32\KERNELBASE.dll
0x00007ffe10100000 - 0x00007ffe10211000 	C:\WINDOWS\System32\ucrtbase.dll
0x00007ffdf00a0000 - 0x00007ffdf00bb000 	c:\Users\varma\.vscode\extensions\redhat.java-1.31.0-win32-x64\jre\17.0.11-win32-x86_64\bin\VCRUNTIME140.dll
0x00007ffdf0a00000 - 0x00007ffdf0a17000 	c:\Users\varma\.vscode\extensions\redhat.java-1.31.0-win32-x64\jre\17.0.11-win32-x86_64\bin\jli.dll
0x00007ffe117d0000 - 0x00007ffe1197c000 	C:\WINDOWS\System32\USER32.dll
0x00007ffe10220000 - 0x00007ffe10246000 	C:\WINDOWS\System32\win32u.dll
0x00007ffdd9940000 - 0x00007ffdd9be5000 	C:\WINDOWS\WinSxS\amd64_microsoft.windows.common-controls_6595b64144ccf1df_6.0.21996.1_none_7d6b053978bcd706\COMCTL32.dll
0x00007ffe12310000 - 0x00007ffe12339000 	C:\WINDOWS\System32\GDI32.dll
0x00007ffe0fe00000 - 0x00007ffe0ff12000 	C:\WINDOWS\System32\gdi32full.dll
0x00007ffe114e0000 - 0x00007ffe11583000 	C:\WINDOWS\System32\msvcrt.dll
0x00007ffe0f920000 - 0x00007ffe0f9bd000 	C:\WINDOWS\System32\msvcp_win.dll
0x00007ffe10cd0000 - 0x00007ffe10d01000 	C:\WINDOWS\System32\IMM32.DLL
0x00007ffdf0940000 - 0x00007ffdf094c000 	c:\Users\varma\.vscode\extensions\redhat.java-1.31.0-win32-x64\jre\17.0.11-win32-x86_64\bin\vcruntime140_1.dll
0x00007ffdcd150000 - 0x00007ffdcd1dd000 	c:\Users\varma\.vscode\extensions\redhat.java-1.31.0-win32-x64\jre\17.0.11-win32-x86_64\bin\msvcp140.dll
0x00007ffdad500000 - 0x00007ffdae162000 	c:\Users\varma\.vscode\extensions\redhat.java-1.31.0-win32-x64\jre\17.0.11-win32-x86_64\bin\server\jvm.dll
0x00007ffe10250000 - 0x00007ffe102fc000 	C:\WINDOWS\System32\ADVAPI32.dll
0x00007ffe10450000 - 0x00007ffe104ed000 	C:\WINDOWS\System32\sechost.dll
0x00007ffe12020000 - 0x00007ffe12141000 	C:\WINDOWS\System32\RPCRT4.dll
0x00007ffe0f520000 - 0x00007ffe0f56d000 	C:\WINDOWS\SYSTEM32\POWRPROF.dll
0x00007ffde9300000 - 0x00007ffde9309000 	C:\WINDOWS\SYSTEM32\WSOCK32.dll
0x00007ffe08d90000 - 0x00007ffe08d9a000 	C:\WINDOWS\SYSTEM32\VERSION.dll
0x00007ffe11980000 - 0x00007ffe119ef000 	C:\WINDOWS\System32\WS2_32.dll
0x00007ffe08fa0000 - 0x00007ffe08fd3000 	C:\WINDOWS\SYSTEM32\WINMM.dll
0x00007ffe0f340000 - 0x00007ffe0f353000 	C:\WINDOWS\SYSTEM32\UMPDC.dll
0x00007ffe0e9d0000 - 0x00007ffe0e9e7000 	C:\WINDOWS\SYSTEM32\kernel.appcore.dll
0x00007ffded280000 - 0x00007ffded28a000 	c:\Users\varma\.vscode\extensions\redhat.java-1.31.0-win32-x64\jre\17.0.11-win32-x86_64\bin\jimage.dll
0x00007ffe0d430000 - 0x00007ffe0d651000 	C:\WINDOWS\SYSTEM32\DBGHELP.DLL
0x00007ffdee1d0000 - 0x00007ffdee201000 	C:\WINDOWS\SYSTEM32\dbgcore.DLL
0x00007ffe0f8a0000 - 0x00007ffe0f920000 	C:\WINDOWS\System32\bcryptPrimitives.dll
0x00007ffded270000 - 0x00007ffded27e000 	c:\Users\varma\.vscode\extensions\redhat.java-1.31.0-win32-x64\jre\17.0.11-win32-x86_64\bin\instrument.dll
0x00007ffdcd120000 - 0x00007ffdcd145000 	c:\Users\varma\.vscode\extensions\redhat.java-1.31.0-win32-x64\jre\17.0.11-win32-x86_64\bin\java.dll
0x00007ffddbc80000 - 0x00007ffddbc98000 	c:\Users\varma\.vscode\extensions\redhat.java-1.31.0-win32-x64\jre\17.0.11-win32-x86_64\bin\zip.dll
0x00007ffe10d10000 - 0x00007ffe11479000 	C:\WINDOWS\System32\SHELL32.dll
0x00007ffe0da60000 - 0x00007ffe0e2b8000 	C:\WINDOWS\SYSTEM32\windows.storage.dll
0x00007ffe104f0000 - 0x00007ffe10865000 	C:\WINDOWS\System32\combase.dll
0x00007ffe0d8f0000 - 0x00007ffe0da56000 	C:\WINDOWS\SYSTEM32\wintypes.dll
0x00007ffe10300000 - 0x00007ffe103ea000 	C:\WINDOWS\System32\SHCORE.dll
0x00007ffe103f0000 - 0x00007ffe1044d000 	C:\WINDOWS\System32\shlwapi.dll
0x00007ffe0f7d0000 - 0x00007ffe0f7f1000 	C:\WINDOWS\SYSTEM32\profapi.dll
0x00007ffdd5690000 - 0x00007ffdd56a9000 	C:\Users\varma\.vscode\extensions\redhat.java-1.31.0-win32-x64\jre\17.0.11-win32-x86_64\bin\net.dll
0x00007ffe09290000 - 0x00007ffe0939c000 	C:\WINDOWS\SYSTEM32\WINHTTP.dll
0x00007ffe0ee50000 - 0x00007ffe0eeb7000 	C:\WINDOWS\system32\mswsock.dll
0x00007ffdd3a10000 - 0x00007ffdd3a26000 	C:\Users\varma\.vscode\extensions\redhat.java-1.31.0-win32-x64\jre\17.0.11-win32-x86_64\bin\nio.dll
0x00007ffdec870000 - 0x00007ffdec880000 	c:\Users\varma\.vscode\extensions\redhat.java-1.31.0-win32-x64\jre\17.0.11-win32-x86_64\bin\verify.dll
0x00007ffdcce80000 - 0x00007ffdccec4000 	C:\Users\varma\AppData\Roaming\Code\User\globalStorage\redhat.java\1.31.0\config_win\org.eclipse.equinox.launcher\org.eclipse.equinox.launcher.win32.win32.x86_64_1.2.1000.v20240507-1834\eclipse_11902.dll
0x00007ffe10970000 - 0x00007ffe10b0a000 	C:\WINDOWS\System32\ole32.dll
0x00007ffe0f090000 - 0x00007ffe0f0a8000 	C:\WINDOWS\SYSTEM32\CRYPTSP.dll
0x00007ffe0e930000 - 0x00007ffe0e965000 	C:\WINDOWS\system32\rsaenh.dll
0x00007ffe0ef40000 - 0x00007ffe0ef69000 	C:\WINDOWS\SYSTEM32\USERENV.dll
0x00007ffe0f220000 - 0x00007ffe0f247000 	C:\WINDOWS\SYSTEM32\bcrypt.dll
0x00007ffe0f0b0000 - 0x00007ffe0f0bc000 	C:\WINDOWS\SYSTEM32\CRYPTBASE.dll
0x00007ffe0e510000 - 0x00007ffe0e53d000 	C:\WINDOWS\SYSTEM32\IPHLPAPI.DLL
0x00007ffe117b0000 - 0x00007ffe117b9000 	C:\WINDOWS\System32\NSI.dll
0x00007ffe08f20000 - 0x00007ffe08f39000 	C:\WINDOWS\SYSTEM32\dhcpcsvc6.DLL
0x00007ffe09a50000 - 0x00007ffe09a6e000 	C:\WINDOWS\SYSTEM32\dhcpcsvc.DLL
0x00007ffe0e580000 - 0x00007ffe0e665000 	C:\WINDOWS\SYSTEM32\DNSAPI.dll
0x00007ffdd2c50000 - 0x00007ffdd2c95000 	C:\Users\varma\AppData\Local\Temp\jna-111978235\jna18099970910529237813.dll
0x00007ffe117c0000 - 0x00007ffe117c8000 	C:\WINDOWS\System32\PSAPI.DLL

dbghelp: loaded successfully - version: 4.0.5 - missing functions: none
symbol engine: initialized successfully - sym options: 0x614 - pdb path: .;c:\Users\varma\.vscode\extensions\redhat.java-1.31.0-win32-x64\jre\17.0.11-win32-x86_64\bin;C:\WINDOWS\SYSTEM32;C:\WINDOWS\WinSxS\amd64_microsoft.windows.common-controls_6595b64144ccf1df_6.0.21996.1_none_7d6b053978bcd706;c:\Users\varma\.vscode\extensions\redhat.java-1.31.0-win32-x64\jre\17.0.11-win32-x86_64\bin\server;C:\Users\varma\AppData\Roaming\Code\User\globalStorage\redhat.java\1.31.0\config_win\org.eclipse.equinox.launcher\org.eclipse.equinox.launcher.win32.win32.x86_64_1.2.1000.v20240507-1834;C:\Users\varma\AppData\Local\Temp\jna-111978235

VM Arguments:
jvm_args: --add-modules=ALL-SYSTEM --add-opens=java.base/java.util=ALL-UNNAMED --add-opens=java.base/java.lang=ALL-UNNAMED --add-opens=java.base/sun.nio.fs=ALL-UNNAMED -Declipse.application=org.eclipse.jdt.ls.core.id1 -Dosgi.bundles.defaultStartLevel=4 -Declipse.product=org.eclipse.jdt.ls.core.product -Djava.import.generatesMetadataFilesAtProjectRoot=false -DDetectVMInstallationsJob.disabled=true -Dfile.encoding=utf8 -XX:+UseParallelGC -XX:GCTimeRatio=4 -XX:AdaptiveSizePolicyWeight=90 -Dsun.zip.disableMemoryMapping=true -Xmx1G -Xms100m -Xlog:disable -javaagent:c:\Users\varma\.vscode\extensions\redhat.java-1.31.0-win32-x64\lombok\lombok-1.18.32.jar -XX:+HeapDumpOnOutOfMemoryError -XX:HeapDumpPath=c:\Users\varma\AppData\Roaming\Code\User\workspaceStorage\bdf171c65d0104ca5f6174ad7a05614d\redhat.java -Daether.dependencyCollector.impl=bf 
java_command: c:\Users\varma\.vscode\extensions\redhat.java-1.31.0-win32-x64\server\plugins\org.eclipse.equinox.launcher_1.6.800.v20240513-1750.jar -configuration c:\Users\varma\AppData\Roaming\Code\User\globalStorage\redhat.java\1.31.0\config_win -data c:\Users\varma\AppData\Roaming\Code\User\workspaceStorage\bdf171c65d0104ca5f6174ad7a05614d\redhat.java\jdt_ws --pipe=\\.\pipe\lsp-021bfdf86958bdb8759692ea23052729-sock
java_class_path (initial): c:\Users\varma\.vscode\extensions\redhat.java-1.31.0-win32-x64\server\plugins\org.eclipse.equinox.launcher_1.6.800.v20240513-1750.jar
Launcher Type: SUN_STANDARD

[Global flags]
    uintx AdaptiveSizePolicyWeight                 = 90                                        {product} {command line}
     intx CICompilerCount                          = 4                                         {product} {ergonomic}
    uintx GCTimeRatio                              = 4                                         {product} {command line}
     bool HeapDumpOnOutOfMemoryError               = true                                   {manageable} {command line}
    ccstr HeapDumpPath                             = c:\Users\varma\AppData\Roaming\Code\User\workspaceStorage\bdf171c65d0104ca5f6174ad7a05614d\redhat.java         {manageable} {command line}
   size_t InitialHeapSize                          = 104857600                                 {product} {command line}
   size_t MaxHeapSize                              = 1073741824                                {product} {command line}
   size_t MaxNewSize                               = 357564416                                 {product} {ergonomic}
   size_t MinHeapDeltaBytes                        = 524288                                    {product} {ergonomic}
   size_t MinHeapSize                              = 104857600                                 {product} {command line}
   size_t NewSize                                  = 34603008                                  {product} {ergonomic}
    uintx NonNMethodCodeHeapSize                   = 5839372                                {pd product} {ergonomic}
    uintx NonProfiledCodeHeapSize                  = 122909434                              {pd product} {ergonomic}
   size_t OldSize                                  = 70254592                                  {product} {ergonomic}
    uintx ProfiledCodeHeapSize                     = 122909434                              {pd product} {ergonomic}
    uintx ReservedCodeCacheSize                    = 251658240                              {pd product} {ergonomic}
     bool SegmentedCodeCache                       = true                                      {product} {ergonomic}
   size_t SoftMaxHeapSize                          = 1073741824                             {manageable} {ergonomic}
     bool UseCompressedClassPointers               = true                           {product lp64_product} {ergonomic}
     bool UseCompressedOops                        = true                           {product lp64_product} {ergonomic}
     bool UseLargePagesIndividualAllocation        = false                                  {pd product} {ergonomic}
     bool UseParallelGC                            = true                                      {product} {command line}

Logging:
Log output configuration:
 #0: stdout all=off uptime,level,tags
 #1: stderr all=off uptime,level,tags

Environment Variables:
JAVA_HOME=C:\Program Files\Java\jdk-18.0.1.1
CLASSPATH=C:\mysql-connector-j-8.1.0.jar;.;
PATH=C:\Windows\System32;C:\Program Files\nodejs\;C:\Program Files\HP\HP One Agent;C:\Android Emulator;C:\Android Emulator\cmdline-tools\tools;C:\Android Emulator\cmdline-tools\tools\bin;C:\Program Files\MySQL\MySQL Server 8.0\bin;C:\Users\varma\Downloads\platform-tools-latest-windows\platform-tools;C:\Program Files\Java\jdk-18.0.1.1\bin;C:\Users\varma\AppData\Local\Programs\Microsoft VS Code\bin;C:\Users\varma\AppData\Roaming\npm;C:\Program Files\Git\bin;;C:\Program Files\JetBrains\IntelliJ IDEA Community Edition 2024.1.2\bin;
USERNAME=varma
OS=Windows_NT
PROCESSOR_IDENTIFIER=Intel64 Family 6 Model 142 Stepping 12, GenuineIntel
TMP=C:\Users\varma\AppData\Local\Temp
TEMP=C:\Users\varma\AppData\Local\Temp



Periodic native trim disabled


---------------  S Y S T E M  ---------------

OS:
 Windows 10 , 64 bit Build 21996 (10.0.21996.1)
OS uptime: 0 days 18:43 hours

CPU: total 8 (initial active 8) (4 cores per cpu, 2 threads per core) family 6 model 142 stepping 12 microcode 0xea, cx8, cmov, fxsr, ht, mmx, 3dnowpref, sse, sse2, sse3, ssse3, sse4.1, sse4.2, popcnt, lzcnt, tsc, tscinvbit, avx, avx2, aes, erms, clmul, bmi1, bmi2, adx, fma, vzeroupper, clflush, clflushopt
Processor Information for all 8 processors :
  Max Mhz: 2112, Current Mhz: 1609, Mhz Limit: 1605

Memory: 4k page, system-wide physical 12091M (1008M free)
TotalPageFile size 16091M (AvailPageFile size 13M)
current process WorkingSet (physical memory assigned to process): 294M, peak: 294M
current process commit charge ("private bytes"): 343M, peak: 950M

vm_info: OpenJDK 64-Bit Server VM (17.0.11+9) for windows-amd64 JRE (17.0.11+9), built on Apr 17 2024 06:07:48 by "admin" with MS VC++ 16.10 / 16.11 (VS2019)

END.
