#
# There is insufficient memory for the Java Runtime Environment to continue.
# Native memory allocation (malloc) failed to allocate 1008848 bytes. Error detail: Chunk::new
# Possible reasons:
#   The system is out of physical RAM or swap space
#   This process is running with CompressedOops enabled, and the Java Heap may be blocking the growth of the native heap
# Possible solutions:
#   Reduce memory load on the system
#   Increase physical memory or swap space
#   Check if swap backing store is full
#   Decrease Java heap size (-Xmx/-Xms)
#   Decrease number of Java threads
#   Decrease Java thread stack sizes (-Xss)
#   Set larger code cache with -XX:ReservedCodeCacheSize=
#   JVM is running with Unscaled Compressed Oops mode in which the Java heap is
#     placed in the first 4GB address space. The Java Heap base address is the
#     maximum limit for the native heap growth. Please use -XX:HeapBaseMinAddress
#     to set the Java Heap base and to place the Java Heap above 4GB virtual address.
# This output file may be truncated or incomplete.
#
#  Out of Memory Error (arena.cpp:191), pid=14992, tid=19952
#
# JRE version: OpenJDK Runtime Environment Temurin-17.0.11+9 (17.0.11+9) (build 17.0.11+9)
# Java VM: OpenJDK 64-Bit Server VM Temurin-17.0.11+9 (17.0.11+9, mixed mode, tiered, compressed oops, compressed class ptrs, parallel gc, windows-amd64)
# No core dump will be written. Minidumps are not enabled by default on client versions of Windows
#

---------------  S U M M A R Y ------------

Command Line: --add-modules=ALL-SYSTEM --add-opens=java.base/java.util=ALL-UNNAMED --add-opens=java.base/java.lang=ALL-UNNAMED --add-opens=java.base/sun.nio.fs=ALL-UNNAMED -Declipse.application=org.eclipse.jdt.ls.core.id1 -Dosgi.bundles.defaultStartLevel=4 -Declipse.product=org.eclipse.jdt.ls.core.product -Djava.import.generatesMetadataFilesAtProjectRoot=false -DDetectVMInstallationsJob.disabled=true -Dfile.encoding=utf8 -XX:+UseParallelGC -XX:GCTimeRatio=4 -XX:AdaptiveSizePolicyWeight=90 -Dsun.zip.disableMemoryMapping=true -Xmx1G -Xms100m -Xlog:disable -javaagent:c:\Users\varma\.vscode\extensions\redhat.java-1.31.0-win32-x64\lombok\lombok-1.18.32.jar -XX:+HeapDumpOnOutOfMemoryError -XX:HeapDumpPath=c:\Users\varma\AppData\Roaming\Code\User\workspaceStorage\bdf171c65d0104ca5f6174ad7a05614d\redhat.java -Daether.dependencyCollector.impl=bf c:\Users\varma\.vscode\extensions\redhat.java-1.31.0-win32-x64\server\plugins\org.eclipse.equinox.launcher_1.6.800.v20240513-1750.jar -configuration c:\Users\varma\AppData\Roaming\Code\User\globalStorage\redhat.java\1.31.0\config_win -data c:\Users\varma\AppData\Roaming\Code\User\workspaceStorage\bdf171c65d0104ca5f6174ad7a05614d\redhat.java\jdt_ws --pipe=\\.\pipe\lsp-c456f3b7560226aa5c6ab909d8df2280-sock

Host: Intel(R) Core(TM) i5-10210U CPU @ 1.60GHz, 8 cores, 11G,  Windows 10 , 64 bit Build 21996 (10.0.21996.1)
Time: Tue Jun 18 09:25:45 2024 India Standard Time elapsed time: 57.569228 seconds (0d 0h 0m 57s)

---------------  T H R E A D  ---------------

Current thread (0x000001b2fa5d3980):  JavaThread "C2 CompilerThread0" daemon [_thread_in_native, id=19952, stack(0x000000043ed00000,0x000000043ee00000)]


Current CompileTask:
C2:  57569 12848       4       java.lang.ClassLoader::defineClass (43 bytes)

Stack: [0x000000043ed00000,0x000000043ee00000]
Native frames: (J=compiled Java code, j=interpreted, Vv=VM code, C=native code)
V  [jvm.dll+0x67d429]
V  [jvm.dll+0x834b7a]
V  [jvm.dll+0x83663e]
V  [jvm.dll+0x836ca3]
V  [jvm.dll+0x247dbf]
V  [jvm.dll+0xac534]
V  [jvm.dll+0xacb7c]
V  [jvm.dll+0x366647]
V  [jvm.dll+0x1bd272]
V  [jvm.dll+0x21a5c9]
V  [jvm.dll+0x2198b1]
V  [jvm.dll+0x1a534d]
V  [jvm.dll+0x2295cd]
V  [jvm.dll+0x22779c]
V  [jvm.dll+0x7e9d07]
V  [jvm.dll+0x7e410a]
V  [jvm.dll+0x67c315]
C  [ucrtbase.dll+0x26c0c]
C  [KERNEL32.DLL+0x154e0]
C  [ntdll.dll+0x485b]


---------------  P R O C E S S  ---------------

Threads class SMR info:
_java_thread_list=0x000001b2fba2eaa0, length=51, elements={
0x000001b2df49f600, 0x000001b2fa595020, 0x000001b2fa596380, 0x000001b2fa5a75c0,
0x000001b2fa5a8090, 0x000001b2fa5a93f0, 0x000001b2fa5aaa50, 0x000001b2fa5d3980,
0x000001b2fa5c0010, 0x000001b2fa5c11b0, 0x000001b2fa74a510, 0x000001b2fb5a0770,
0x000001b2fbc8ce40, 0x000001b2fbeb21e0, 0x000001b2fc5b0980, 0x000001b2fc4b3790,
0x000001b2fc2ae400, 0x000001b2fc061ee0, 0x000001b2fc063320, 0x000001b2fc0623f0,
0x000001b2fc062900, 0x000001b2fc063d40, 0x000001b2fc065180, 0x000001b2feaae1d0,
0x000001b2feaad7b0, 0x000001b2feaae6e0, 0x000001b2feaacd90, 0x000001b2feaad2a0,
0x000001b2feaadcc0, 0x000001b2fd3102b0, 0x000001b2fd3107c0, 0x000001b2fd30e960,
0x000001b2fd310cd0, 0x000001b2fd3111e0, 0x000001b2fd30fda0, 0x000001b2804b5a80,
0x000001b2fd30ee70, 0x000001b2804b69b0, 0x000001b2fc839090, 0x000001b2fbf9db10,
0x000001b280c36de0, 0x000001b2fc839ab0, 0x000001b2fd30f380, 0x000001b2fc064c70,
0x000001b2804b5f90, 0x000001b2804b64a0, 0x000001b2feb420b0, 0x000001b2fc838670,
0x000001b2fc7ee440, 0x000001b2fc7ef980, 0x000001b2fd30f890
}

Java Threads: ( => current thread )
  0x000001b2df49f600 JavaThread "main" [_thread_blocked, id=20888, stack(0x000000043e300000,0x000000043e400000)]
  0x000001b2fa595020 JavaThread "Reference Handler" daemon [_thread_blocked, id=18808, stack(0x000000043e600000,0x000000043e700000)]
  0x000001b2fa596380 JavaThread "Finalizer" daemon [_thread_blocked, id=19024, stack(0x000000043e700000,0x000000043e800000)]
  0x000001b2fa5a75c0 JavaThread "Signal Dispatcher" daemon [_thread_blocked, id=17980, stack(0x000000043e900000,0x000000043ea00000)]
  0x000001b2fa5a8090 JavaThread "Attach Listener" daemon [_thread_blocked, id=6024, stack(0x000000043ea00000,0x000000043eb00000)]
  0x000001b2fa5a93f0 JavaThread "Service Thread" daemon [_thread_blocked, id=20644, stack(0x000000043eb00000,0x000000043ec00000)]
  0x000001b2fa5aaa50 JavaThread "Monitor Deflation Thread" daemon [_thread_blocked, id=18492, stack(0x000000043ec00000,0x000000043ed00000)]
=>0x000001b2fa5d3980 JavaThread "C2 CompilerThread0" daemon [_thread_in_native, id=19952, stack(0x000000043ed00000,0x000000043ee00000)]
  0x000001b2fa5c0010 JavaThread "C1 CompilerThread0" daemon [_thread_blocked, id=14580, stack(0x000000043ee00000,0x000000043ef00000)]
  0x000001b2fa5c11b0 JavaThread "Sweeper thread" daemon [_thread_blocked, id=10872, stack(0x000000043ef00000,0x000000043f000000)]
  0x000001b2fa74a510 JavaThread "Common-Cleaner" daemon [_thread_blocked, id=20684, stack(0x000000043f000000,0x000000043f100000)]
  0x000001b2fb5a0770 JavaThread "Notification Thread" daemon [_thread_blocked, id=6100, stack(0x000000043f200000,0x000000043f300000)]
  0x000001b2fbc8ce40 JavaThread "Active Thread: Equinox Container: 32c617ae-cb01-4d58-9b44-f1da6c116034" [_thread_blocked, id=20436, stack(0x000000043fb00000,0x000000043fc00000)]
  0x000001b2fbeb21e0 JavaThread "Framework Event Dispatcher: Equinox Container: 32c617ae-cb01-4d58-9b44-f1da6c116034" daemon [_thread_blocked, id=9224, stack(0x000000043fc00000,0x000000043fd00000)]
  0x000001b2fc5b0980 JavaThread "Start Level: Equinox Container: 32c617ae-cb01-4d58-9b44-f1da6c116034" daemon [_thread_blocked, id=3640, stack(0x000000043fd00000,0x000000043fe00000)]
  0x000001b2fc4b3790 JavaThread "Bundle File Closer" daemon [_thread_blocked, id=16244, stack(0x000000043ff00000,0x0000000440000000)]
  0x000001b2fc2ae400 JavaThread "SCR Component Actor" daemon [_thread_blocked, id=14816, stack(0x0000000440000000,0x0000000440100000)]
  0x000001b2fc061ee0 JavaThread "Worker-JM" [_thread_blocked, id=16016, stack(0x000000043f900000,0x000000043fa00000)]
  0x000001b2fc063320 JavaThread "Worker-0" [_thread_blocked, id=12992, stack(0x0000000440100000,0x0000000440200000)]
  0x000001b2fc0623f0 JavaThread "Worker-1" [_thread_blocked, id=2340, stack(0x0000000440200000,0x0000000440300000)]
  0x000001b2fc062900 JavaThread "Java indexing" daemon [_thread_blocked, id=18800, stack(0x0000000440500000,0x0000000440600000)]
  0x000001b2fc063d40 JavaThread "Worker-2" [_thread_blocked, id=20124, stack(0x0000000440600000,0x0000000440700000)]
  0x000001b2fc065180 JavaThread "JNA Cleaner" daemon [_thread_blocked, id=13040, stack(0x0000000440700000,0x0000000440800000)]
  0x000001b2feaae1d0 JavaThread "Thread-2" daemon [_thread_in_native, id=18820, stack(0x0000000440800000,0x0000000440900000)]
  0x000001b2feaad7b0 JavaThread "Thread-3" daemon [_thread_in_native, id=14740, stack(0x0000000440900000,0x0000000440a00000)]
  0x000001b2feaae6e0 JavaThread "Thread-4" daemon [_thread_in_native, id=14200, stack(0x0000000440a00000,0x0000000440b00000)]
  0x000001b2feaacd90 JavaThread "Thread-5" daemon [_thread_in_native, id=20492, stack(0x0000000440b00000,0x0000000440c00000)]
  0x000001b2feaad2a0 JavaThread "Thread-6" daemon [_thread_in_native, id=12708, stack(0x0000000440c00000,0x0000000440d00000)]
  0x000001b2feaadcc0 JavaThread "Thread-7" daemon [_thread_in_native, id=4740, stack(0x0000000440d00000,0x0000000440e00000)]
  0x000001b2fd3102b0 JavaThread "Thread-8" daemon [_thread_in_native, id=16196, stack(0x0000000440e00000,0x0000000440f00000)]
  0x000001b2fd3107c0 JavaThread "Thread-9" daemon [_thread_in_native, id=4528, stack(0x0000000440f00000,0x0000000441000000)]
  0x000001b2fd30e960 JavaThread "Thread-10" daemon [_thread_in_native, id=10776, stack(0x0000000441000000,0x0000000441100000)]
  0x000001b2fd310cd0 JavaThread "pool-2-thread-1" [_thread_blocked, id=9536, stack(0x0000000441100000,0x0000000441200000)]
  0x000001b2fd3111e0 JavaThread "WorkspaceEventsHandler" [_thread_blocked, id=20156, stack(0x0000000441200000,0x0000000441300000)]
  0x000001b2fd30fda0 JavaThread "pool-1-thread-1" [_thread_blocked, id=6568, stack(0x0000000441300000,0x0000000441400000)]
  0x000001b2804b5a80 JavaThread "Worker-3" [_thread_blocked, id=18840, stack(0x0000000441400000,0x0000000441500000)]
  0x000001b2fd30ee70 JavaThread "ForkJoinPool.commonPool-worker-1" daemon [_thread_blocked, id=21336, stack(0x0000000441500000,0x0000000441600000)]
  0x000001b2804b69b0 JavaThread "ForkJoinPool.commonPool-worker-2" daemon [_thread_blocked, id=12920, stack(0x0000000441600000,0x0000000441700000)]
  0x000001b2fc839090 JavaThread "ForkJoinPool.commonPool-worker-3" daemon [_thread_blocked, id=1784, stack(0x0000000441700000,0x0000000441800000)]
  0x000001b2fbf9db10 JavaThread "Worker-4" [_thread_blocked, id=20504, stack(0x0000000441800000,0x0000000441900000)]
  0x000001b280c36de0 JavaThread "ForkJoinPool.commonPool-worker-4" daemon [_thread_blocked, id=17132, stack(0x0000000441900000,0x0000000441a00000)]
  0x000001b2fc839ab0 JavaThread "ForkJoinPool.commonPool-worker-5" daemon [_thread_blocked, id=18484, stack(0x0000000441a00000,0x0000000441b00000)]
  0x000001b2fd30f380 JavaThread "ForkJoinPool.commonPool-worker-6" daemon [_thread_blocked, id=20636, stack(0x0000000441b00000,0x0000000441c00000)]
  0x000001b2fc064c70 JavaThread "ForkJoinPool.commonPool-worker-7" daemon [_thread_blocked, id=18512, stack(0x0000000441c00000,0x0000000441d00000)]
  0x000001b2804b5f90 JavaThread "Worker-5" [_thread_blocked, id=16728, stack(0x0000000441d00000,0x0000000441e00000)]
  0x000001b2804b64a0 JavaThread "Cleaner-0" daemon [_thread_blocked, id=824, stack(0x000000043fa00000,0x000000043fb00000)]
  0x000001b2feb420b0 JavaThread "Java Debug Server" daemon [_thread_in_native, id=11564, stack(0x0000000441e00000,0x0000000441f00000)]
  0x000001b2fc838670 JavaThread "pool-5-thread-1" [_thread_in_vm, id=17872, stack(0x0000000441f00000,0x0000000442000000)]
  0x000001b2fc7ee440 JavaThread "C2 CompilerThread1" daemon [_thread_in_native, id=20768, stack(0x0000000442000000,0x0000000442100000)]
  0x000001b2fc7ef980 JavaThread "C2 CompilerThread2" daemon [_thread_in_native, id=14248, stack(0x0000000442100000,0x0000000442200000)]
  0x000001b2fd30f890 JavaThread "RxSchedulerPurge-1" daemon [_thread_blocked, id=4928, stack(0x0000000442200000,0x0000000442300000)]

Other Threads:
  0x000001b2fa580c20 VMThread "VM Thread" [stack: 0x000000043e500000,0x000000043e600000] [id=2772]
  0x000001b2fb5e2100 WatcherThread [stack: 0x000000043f300000,0x000000043f400000] [id=8404]
  0x000001b2df4b2b40 GCTaskThread "GC Thread#0" [stack: 0x000000043e400000,0x000000043e500000] [id=20004]
  0x000001b2fb99f240 GCTaskThread "GC Thread#1" [stack: 0x000000043f100000,0x000000043f200000] [id=19536]
  0x000001b2fb9a1ac0 GCTaskThread "GC Thread#2" [stack: 0x000000043f400000,0x000000043f500000] [id=20416]
  0x000001b2fa77a5e0 GCTaskThread "GC Thread#3" [stack: 0x000000043f500000,0x000000043f600000] [id=10372]
  0x000001b2fa77a8a0 GCTaskThread "GC Thread#4" [stack: 0x000000043f600000,0x000000043f700000] [id=17252]
  0x000001b2fbd24020 GCTaskThread "GC Thread#5" [stack: 0x000000043f700000,0x000000043f800000] [id=16668]
  0x000001b2fbd242e0 GCTaskThread "GC Thread#6" [stack: 0x000000043f800000,0x000000043f900000] [id=19152]
  0x000001b2fc0d7730 GCTaskThread "GC Thread#7" [stack: 0x000000043fe00000,0x000000043ff00000] [id=21152]

Threads with active compile tasks:
C2 CompilerThread0    57595 12848       4       java.lang.ClassLoader::defineClass (43 bytes)
C2 CompilerThread1    57595 12854   !   4       org.eclipse.osgi.internal.weaving.WovenClassImpl::callHooks (410 bytes)
C2 CompilerThread2    57595 12856   !   4       org.eclipse.osgi.internal.hooks.EclipseLazyStarter::postFindLocalClass (394 bytes)

VM state: not at safepoint (normal execution)

VM Mutex/Monitor currently owned by a thread:  ([mutex/lock_event])
[0x000001b2df4999b0] Metaspace_lock - owner thread: 0x000001b2fc838670

Heap address: 0x00000000c0000000, size: 1024 MB, Compressed Oops mode: 32-bit

CDS archive(s) not mapped
Compressed class space mapped at: 0x0000000100000000-0x0000000140000000, reserved size: 1073741824
Narrow klass base: 0x0000000000000000, Narrow klass shift: 3, Narrow klass range: 0x140000000

GC Precious Log:
 CPUs: 8 total, 8 available
 Memory: 12091M
 Large Page Support: Disabled
 NUMA Support: Disabled
 Compressed Oops: Enabled (32-bit)
 Alignments: Space 512K, Generation 512K, Heap 2M
 Heap Min Capacity: 100M
 Heap Initial Capacity: 100M
 Heap Max Capacity: 1G
 Pre-touch: Disabled
 Parallel Workers: 8

Heap:
 PSYoungGen      total 24064K, used 7504K [0x00000000eab00000, 0x00000000ece00000, 0x0000000100000000)
  eden space 15872K, 34% used [0x00000000eab00000,0x00000000eb045770,0x00000000eba80000)
  from space 8192K, 25% used [0x00000000ebf80000,0x00000000ec18ebd0,0x00000000ec780000)
  to   space 3584K, 0% used [0x00000000eca80000,0x00000000eca80000,0x00000000ece00000)
 ParOldGen       total 699392K, used 342703K [0x00000000c0000000, 0x00000000eab00000, 0x00000000eab00000)
  object space 699392K, 49% used [0x00000000c0000000,0x00000000d4eabef8,0x00000000eab00000)
 Metaspace       used 77865K, committed 79232K, reserved 1179648K
  class space    used 8086K, committed 8640K, reserved 1048576K

Card table byte_map: [0x000001b2f2b00000,0x000001b2f2d10000] _byte_map_base: 0x000001b2f2500000

Marking Bits: (ParMarkBitMap*) 0x00007ffdae09d820
 Begin Bits: [0x000001b2f2e70000, 0x000001b2f3e70000)
 End Bits:   [0x000001b2f3e70000, 0x000001b2f4e70000)

Polling page: 0x000001b2e38f0000

Metaspace:

Usage:
  Non-class:     68.14 MB used.
      Class:      7.90 MB used.
       Both:     76.04 MB used.

Virtual space:
  Non-class space:      128.00 MB reserved,      68.94 MB ( 54%) committed,  2 nodes.
      Class space:        1.00 GB reserved,       8.44 MB ( <1%) committed,  1 nodes.
             Both:        1.12 GB reserved,      77.38 MB (  7%) committed. 

Chunk freelists:
   Non-Class:  10.92 MB
       Class:  7.55 MB
        Both:  18.47 MB

MaxMetaspaceSize: unlimited
CompressedClassSpaceSize: 1.00 GB
Initial GC threshold: 21.00 MB
Current GC threshold: 125.56 MB
CDS: off
MetaspaceReclaimPolicy: balanced
 - commit_granule_bytes: 65536.
 - commit_granule_words: 8192.
 - virtual_space_node_default_size: 8388608.
 - enlarge_chunks_in_place: 1.
 - new_chunks_are_fully_committed: 0.
 - uncommit_free_chunks: 1.
 - use_allocation_guard: 0.
 - handle_deallocations: 1.


Internal statistics:

num_allocs_failed_limit: 9.
num_arena_births: 1008.
num_arena_deaths: 26.
num_vsnodes_births: 3.
num_vsnodes_deaths: 0.
num_space_committed: 1238.
num_space_uncommitted: 0.
num_chunks_returned_to_freelist: 40.
num_chunks_taken_from_freelist: 4422.
num_chunk_merges: 17.
num_chunk_splits: 2649.
num_chunks_enlarged: 1460.
num_inconsistent_stats: 0.

CodeHeap 'non-profiled nmethods': size=120000Kb used=7578Kb max_used=7987Kb free=112422Kb
 bounds [0x000001b2eb3e0000, 0x000001b2ebbb0000, 0x000001b2f2910000]
CodeHeap 'profiled nmethods': size=120000Kb used=21060Kb max_used=22985Kb free=98939Kb
 bounds [0x000001b2e3910000, 0x000001b2e4f90000, 0x000001b2eae40000]
CodeHeap 'non-nmethods': size=5760Kb used=1404Kb max_used=1496Kb free=4355Kb
 bounds [0x000001b2eae40000, 0x000001b2eb0b0000, 0x000001b2eb3e0000]
 total_blobs=10852 nmethods=10089 adapters=675
 compilation: enabled
              stopped_count=0, restarted_count=0
 full_count=0

Compilation events (20 events):
Event: 57.322 Thread 0x000001b2fa5c0010 nmethod 12842 0x000001b2e3b2f510 code [0x000001b2e3b2f6a0, 0x000001b2e3b2f7d8]
Event: 57.325 Thread 0x000001b2fa5c0010 12843       3       java.nio.Bits::unreserveMemory (64 bytes)
Event: 57.326 Thread 0x000001b2fa5c0010 nmethod 12843 0x000001b2e3c43610 code [0x000001b2e3c437e0, 0x000001b2e3c439a8]
Event: 57.326 Thread 0x000001b2fa5c0010 12844       3       org.eclipse.jdt.ls.core.internal.handlers.WorkspaceExecuteCommandHandler$$Lambda$387/0x00000001006075f0::test (12 bytes)
Event: 57.326 Thread 0x000001b2fa5c0010 nmethod 12844 0x000001b2e39bf790 code [0x000001b2e39bf960, 0x000001b2e39bfce8]
Event: 57.326 Thread 0x000001b2fa5c0010 12845       3       org.eclipse.jdt.ls.core.internal.handlers.WorkspaceExecuteCommandHandler::lambda$3 (14 bytes)
Event: 57.326 Thread 0x000001b2fa5c0010 nmethod 12845 0x000001b2e3d54510 code [0x000001b2e3d546c0, 0x000001b2e3d548c8]
Event: 57.331 Thread 0x000001b2fa5c0010 12846       3       com.google.gson.stream.JsonReader::readEscapeCharacter (389 bytes)
Event: 57.333 Thread 0x000001b2fa5c0010 nmethod 12846 0x000001b2e47ded90 code [0x000001b2e47df1e0, 0x000001b2e47e0d28]
Event: 57.336 Thread 0x000001b2fa5d3980 12847       4       com.google.gson.internal.bind.TypeAdapterRuntimeTypeWrapper::read (9 bytes)
Event: 57.343 Thread 0x000001b2fa5d3980 nmethod 12847 0x000001b2ebabaa90 code [0x000001b2ebabac80, 0x000001b2ebabb120]
Event: 57.346 Thread 0x000001b2fa5d3980 12848       4       java.lang.ClassLoader::defineClass (43 bytes)
Event: 57.394 Thread 0x000001b2fa5c0010 12850       3       java.lang.Integer::toString (8 bytes)
Event: 57.394 Thread 0x000001b2fa5c0010 nmethod 12850 0x000001b2e3b56f10 code [0x000001b2e3b570a0, 0x000001b2e3b571e8]
Event: 57.415 Thread 0x000001b2fa5c0010 12853       3       java.util.concurrent.ThreadPoolExecutor::workerCountOf (5 bytes)
Event: 57.415 Thread 0x000001b2fa5c0010 nmethod 12853 0x000001b2e3a6b690 code [0x000001b2e3a6b820, 0x000001b2e3a6b918]
Event: 57.551 Thread 0x000001b2fa5c0010 12857       3       org.eclipse.osgi.internal.loader.BundleLoader::getProviderLoader (77 bytes)
Event: 57.553 Thread 0x000001b2fa5c0010 nmethod 12857 0x000001b2e3c76590 code [0x000001b2e3c76920, 0x000001b2e3c77fc8]
Event: 57.554 Thread 0x000001b2fc7ef980 12856   !   4       org.eclipse.osgi.internal.hooks.EclipseLazyStarter::postFindLocalClass (394 bytes)
Event: 57.554 Thread 0x000001b2fc7ee440 12854   !   4       org.eclipse.osgi.internal.weaving.WovenClassImpl::callHooks (410 bytes)

GC Heap History (20 events):
Event: 54.725 GC heap before
{Heap before GC invocations=450 (full 141):
 PSYoungGen      total 18432K, used 12799K [0x00000000eab00000, 0x00000000ee000000, 0x0000000100000000)
  eden space 12800K, 99% used [0x00000000eab00000,0x00000000eb77fff0,0x00000000eb780000)
  from space 5632K, 0% used [0x00000000eb780000,0x00000000eb780000,0x00000000ebd00000)
  to   space 19968K, 0% used [0x00000000ecc80000,0x00000000ecc80000,0x00000000ee000000)
 ParOldGen       total 307712K, used 307442K [0x00000000c0000000, 0x00000000d2c80000, 0x00000000eab00000)
  object space 307712K, 99% used [0x00000000c0000000,0x00000000d2c3cbd8,0x00000000d2c80000)
 Metaspace       used 75730K, committed 77120K, reserved 1179648K
  class space    used 7851K, committed 8448K, reserved 1048576K
}
Event: 54.911 GC heap after
{Heap after GC invocations=450 (full 141):
 PSYoungGen      total 32768K, used 12799K [0x00000000eab00000, 0x00000000ee000000, 0x0000000100000000)
  eden space 12800K, 99% used [0x00000000eab00000,0x00000000eb77fff0,0x00000000eb780000)
  from space 19968K, 0% used [0x00000000ecc80000,0x00000000ecc80000,0x00000000ee000000)
  to   space 5632K, 0% used [0x00000000eb780000,0x00000000eb780000,0x00000000ebd00000)
 ParOldGen       total 307712K, used 307442K [0x00000000c0000000, 0x00000000d2c80000, 0x00000000eab00000)
  object space 307712K, 99% used [0x00000000c0000000,0x00000000d2c3cbd8,0x00000000d2c80000)
 Metaspace       used 75730K, committed 77120K, reserved 1179648K
  class space    used 7851K, committed 8448K, reserved 1048576K
}
Event: 54.912 GC heap before
{Heap before GC invocations=451 (full 142):
 PSYoungGen      total 32768K, used 12800K [0x00000000eab00000, 0x00000000ee000000, 0x0000000100000000)
  eden space 12800K, 100% used [0x00000000eab00000,0x00000000eb780000,0x00000000eb780000)
  from space 19968K, 0% used [0x00000000ecc80000,0x00000000ecc80000,0x00000000ee000000)
  to   space 5632K, 0% used [0x00000000eb780000,0x00000000eb780000,0x00000000ebd00000)
 ParOldGen       total 307712K, used 307445K [0x00000000c0000000, 0x00000000d2c80000, 0x00000000eab00000)
  object space 307712K, 99% used [0x00000000c0000000,0x00000000d2c3d648,0x00000000d2c80000)
 Metaspace       used 75731K, committed 77120K, reserved 1179648K
  class space    used 7851K, committed 8448K, reserved 1048576K
}
Event: 55.105 GC heap after
{Heap after GC invocations=451 (full 142):
 PSYoungGen      total 18432K, used 12799K [0x00000000eab00000, 0x00000000ee000000, 0x0000000100000000)
  eden space 12800K, 99% used [0x00000000eab00000,0x00000000eb77ffe0,0x00000000eb780000)
  from space 5632K, 0% used [0x00000000eb780000,0x00000000eb780000,0x00000000ebd00000)
  to   space 19968K, 0% used [0x00000000ecc80000,0x00000000ecc80000,0x00000000ee000000)
 ParOldGen       total 307712K, used 307443K [0x00000000c0000000, 0x00000000d2c80000, 0x00000000eab00000)
  object space 307712K, 99% used [0x00000000c0000000,0x00000000d2c3cd68,0x00000000d2c80000)
 Metaspace       used 75731K, committed 77120K, reserved 1179648K
  class space    used 7851K, committed 8448K, reserved 1048576K
}
Event: 55.106 GC heap before
{Heap before GC invocations=452 (full 143):
 PSYoungGen      total 18432K, used 12799K [0x00000000eab00000, 0x00000000ee000000, 0x0000000100000000)
  eden space 12800K, 99% used [0x00000000eab00000,0x00000000eb77fff8,0x00000000eb780000)
  from space 5632K, 0% used [0x00000000eb780000,0x00000000eb780000,0x00000000ebd00000)
  to   space 19968K, 0% used [0x00000000ecc80000,0x00000000ecc80000,0x00000000ee000000)
 ParOldGen       total 307712K, used 307443K [0x00000000c0000000, 0x00000000d2c80000, 0x00000000eab00000)
  object space 307712K, 99% used [0x00000000c0000000,0x00000000d2c3cd68,0x00000000d2c80000)
 Metaspace       used 75731K, committed 77120K, reserved 1179648K
  class space    used 7851K, committed 8448K, reserved 1048576K
}
Event: 55.309 GC heap after
{Heap after GC invocations=452 (full 143):
 PSYoungGen      total 32768K, used 12799K [0x00000000eab00000, 0x00000000ee000000, 0x0000000100000000)
  eden space 12800K, 99% used [0x00000000eab00000,0x00000000eb77fff8,0x00000000eb780000)
  from space 19968K, 0% used [0x00000000ecc80000,0x00000000ecc80000,0x00000000ee000000)
  to   space 5632K, 0% used [0x00000000eb780000,0x00000000eb780000,0x00000000ebd00000)
 ParOldGen       total 307712K, used 307443K [0x00000000c0000000, 0x00000000d2c80000, 0x00000000eab00000)
  object space 307712K, 99% used [0x00000000c0000000,0x00000000d2c3cd68,0x00000000d2c80000)
 Metaspace       used 75731K, committed 77120K, reserved 1179648K
  class space    used 7851K, committed 8448K, reserved 1048576K
}
Event: 55.310 GC heap before
{Heap before GC invocations=453 (full 144):
 PSYoungGen      total 32768K, used 12799K [0x00000000eab00000, 0x00000000ee000000, 0x0000000100000000)
  eden space 12800K, 99% used [0x00000000eab00000,0x00000000eb77fff8,0x00000000eb780000)
  from space 19968K, 0% used [0x00000000ecc80000,0x00000000ecc80000,0x00000000ee000000)
  to   space 5632K, 0% used [0x00000000eb780000,0x00000000eb780000,0x00000000ebd00000)
 ParOldGen       total 307712K, used 307445K [0x00000000c0000000, 0x00000000d2c80000, 0x00000000eab00000)
  object space 307712K, 99% used [0x00000000c0000000,0x00000000d2c3d5a0,0x00000000d2c80000)
 Metaspace       used 75731K, committed 77120K, reserved 1179648K
  class space    used 7851K, committed 8448K, reserved 1048576K
}
Event: 55.545 GC heap after
{Heap after GC invocations=453 (full 144):
 PSYoungGen      total 18432K, used 12799K [0x00000000eab00000, 0x00000000ee000000, 0x0000000100000000)
  eden space 12800K, 99% used [0x00000000eab00000,0x00000000eb77ffb0,0x00000000eb780000)
  from space 5632K, 0% used [0x00000000eb780000,0x00000000eb780000,0x00000000ebd00000)
  to   space 19968K, 0% used [0x00000000ecc80000,0x00000000ecc80000,0x00000000ee000000)
 ParOldGen       total 699392K, used 307442K [0x00000000c0000000, 0x00000000eab00000, 0x00000000eab00000)
  object space 699392K, 43% used [0x00000000c0000000,0x00000000d2c3c8d0,0x00000000eab00000)
 Metaspace       used 75731K, committed 77120K, reserved 1179648K
  class space    used 7851K, committed 8448K, reserved 1048576K
}
Event: 55.546 GC heap before
{Heap before GC invocations=454 (full 144):
 PSYoungGen      total 18432K, used 12799K [0x00000000eab00000, 0x00000000ee000000, 0x0000000100000000)
  eden space 12800K, 99% used [0x00000000eab00000,0x00000000eb77ffe0,0x00000000eb780000)
  from space 5632K, 0% used [0x00000000eb780000,0x00000000eb780000,0x00000000ebd00000)
  to   space 19968K, 0% used [0x00000000ecc80000,0x00000000ecc80000,0x00000000ee000000)
 ParOldGen       total 699392K, used 307442K [0x00000000c0000000, 0x00000000eab00000, 0x00000000eab00000)
  object space 699392K, 43% used [0x00000000c0000000,0x00000000d2c3c8d0,0x00000000eab00000)
 Metaspace       used 75731K, committed 77120K, reserved 1179648K
  class space    used 7851K, committed 8448K, reserved 1048576K
}
Event: 55.568 GC heap after
{Heap after GC invocations=454 (full 144):
 PSYoungGen      total 24576K, used 11228K [0x00000000eab00000, 0x00000000ed780000, 0x0000000100000000)
  eden space 13312K, 0% used [0x00000000eab00000,0x00000000eab00000,0x00000000eb800000)
  from space 11264K, 99% used [0x00000000ecc80000,0x00000000ed7773b0,0x00000000ed780000)
  to   space 14336K, 0% used [0x00000000ebb80000,0x00000000ebb80000,0x00000000ec980000)
 ParOldGen       total 699392K, used 309192K [0x00000000c0000000, 0x00000000eab00000, 0x00000000eab00000)
  object space 699392K, 44% used [0x00000000c0000000,0x00000000d2df22b8,0x00000000eab00000)
 Metaspace       used 75731K, committed 77120K, reserved 1179648K
  class space    used 7851K, committed 8448K, reserved 1048576K
}
Event: 55.823 GC heap before
{Heap before GC invocations=455 (full 144):
 PSYoungGen      total 24576K, used 24540K [0x00000000eab00000, 0x00000000ed780000, 0x0000000100000000)
  eden space 13312K, 99% used [0x00000000eab00000,0x00000000eb7ffff0,0x00000000eb800000)
  from space 11264K, 99% used [0x00000000ecc80000,0x00000000ed7773b0,0x00000000ed780000)
  to   space 14336K, 0% used [0x00000000ebb80000,0x00000000ebb80000,0x00000000ec980000)
 ParOldGen       total 699392K, used 309192K [0x00000000c0000000, 0x00000000eab00000, 0x00000000eab00000)
  object space 699392K, 44% used [0x00000000c0000000,0x00000000d2df22b8,0x00000000eab00000)
 Metaspace       used 75834K, committed 77184K, reserved 1179648K
  class space    used 7858K, committed 8448K, reserved 1048576K
}
Event: 55.837 GC heap after
{Heap after GC invocations=455 (full 144):
 PSYoungGen      total 28160K, used 14328K [0x00000000eab00000, 0x00000000ee180000, 0x0000000100000000)
  eden space 13824K, 0% used [0x00000000eab00000,0x00000000eab00000,0x00000000eb880000)
  from space 14336K, 99% used [0x00000000ebb80000,0x00000000ec97e0a0,0x00000000ec980000)
  to   space 20992K, 0% used [0x00000000ecd00000,0x00000000ecd00000,0x00000000ee180000)
 ParOldGen       total 699392K, used 314004K [0x00000000c0000000, 0x00000000eab00000, 0x00000000eab00000)
  object space 699392K, 44% used [0x00000000c0000000,0x00000000d32a5190,0x00000000eab00000)
 Metaspace       used 75834K, committed 77184K, reserved 1179648K
  class space    used 7858K, committed 8448K, reserved 1048576K
}
Event: 56.908 GC heap before
{Heap before GC invocations=456 (full 144):
 PSYoungGen      total 28160K, used 28152K [0x00000000eab00000, 0x00000000ee180000, 0x0000000100000000)
  eden space 13824K, 100% used [0x00000000eab00000,0x00000000eb880000,0x00000000eb880000)
  from space 14336K, 99% used [0x00000000ebb80000,0x00000000ec97e0a0,0x00000000ec980000)
  to   space 20992K, 0% used [0x00000000ecd00000,0x00000000ecd00000,0x00000000ee180000)
 ParOldGen       total 699392K, used 314004K [0x00000000c0000000, 0x00000000eab00000, 0x00000000eab00000)
  object space 699392K, 44% used [0x00000000c0000000,0x00000000d32a5190,0x00000000eab00000)
 Metaspace       used 75867K, committed 77184K, reserved 1179648K
  class space    used 7860K, committed 8448K, reserved 1048576K
}
Event: 56.925 GC heap after
{Heap after GC invocations=456 (full 144):
 PSYoungGen      total 25088K, used 10357K [0x00000000eab00000, 0x00000000ed780000, 0x0000000100000000)
  eden space 14336K, 0% used [0x00000000eab00000,0x00000000eab00000,0x00000000eb900000)
  from space 10752K, 96% used [0x00000000ecd00000,0x00000000ed71d658,0x00000000ed780000)
  to   space 13824K, 0% used [0x00000000ebc80000,0x00000000ebc80000,0x00000000eca00000)
 ParOldGen       total 699392K, used 326464K [0x00000000c0000000, 0x00000000eab00000, 0x00000000eab00000)
  object space 699392K, 46% used [0x00000000c0000000,0x00000000d3ed0190,0x00000000eab00000)
 Metaspace       used 75867K, committed 77184K, reserved 1179648K
  class space    used 7860K, committed 8448K, reserved 1048576K
}
Event: 57.002 GC heap before
{Heap before GC invocations=457 (full 144):
 PSYoungGen      total 25088K, used 24693K [0x00000000eab00000, 0x00000000ed780000, 0x0000000100000000)
  eden space 14336K, 100% used [0x00000000eab00000,0x00000000eb900000,0x00000000eb900000)
  from space 10752K, 96% used [0x00000000ecd00000,0x00000000ed71d658,0x00000000ed780000)
  to   space 13824K, 0% used [0x00000000ebc80000,0x00000000ebc80000,0x00000000eca00000)
 ParOldGen       total 699392K, used 326464K [0x00000000c0000000, 0x00000000eab00000, 0x00000000eab00000)
  object space 699392K, 46% used [0x00000000c0000000,0x00000000d3ed0190,0x00000000eab00000)
 Metaspace       used 75873K, committed 77248K, reserved 1179648K
  class space    used 7860K, committed 8448K, reserved 1048576K
}
Event: 57.011 GC heap after
{Heap after GC invocations=457 (full 144):
 PSYoungGen      total 28672K, used 13807K [0x00000000eab00000, 0x00000000ee180000, 0x0000000100000000)
  eden space 14848K, 0% used [0x00000000eab00000,0x00000000eab00000,0x00000000eb980000)
  from space 13824K, 99% used [0x00000000ebc80000,0x00000000ec9fbfa0,0x00000000eca00000)
  to   space 20480K, 0% used [0x00000000ecd80000,0x00000000ecd80000,0x00000000ee180000)
 ParOldGen       total 699392K, used 331381K [0x00000000c0000000, 0x00000000eab00000, 0x00000000eab00000)
  object space 699392K, 47% used [0x00000000c0000000,0x00000000d439d678,0x00000000eab00000)
 Metaspace       used 75873K, committed 77248K, reserved 1179648K
  class space    used 7860K, committed 8448K, reserved 1048576K
}
Event: 57.174 GC heap before
{Heap before GC invocations=458 (full 144):
 PSYoungGen      total 28672K, used 28633K [0x00000000eab00000, 0x00000000ee180000, 0x0000000100000000)
  eden space 14848K, 99% used [0x00000000eab00000,0x00000000eb97a638,0x00000000eb980000)
  from space 13824K, 99% used [0x00000000ebc80000,0x00000000ec9fbfa0,0x00000000eca00000)
  to   space 20480K, 0% used [0x00000000ecd80000,0x00000000ecd80000,0x00000000ee180000)
 ParOldGen       total 699392K, used 331381K [0x00000000c0000000, 0x00000000eab00000, 0x00000000eab00000)
  object space 699392K, 47% used [0x00000000c0000000,0x00000000d439d678,0x00000000eab00000)
 Metaspace       used 76126K, committed 77504K, reserved 1179648K
  class space    used 7883K, committed 8448K, reserved 1048576K
}
Event: 57.189 GC heap after
{Heap after GC invocations=458 (full 144):
 PSYoungGen      total 17408K, used 1993K [0x00000000eab00000, 0x00000000ecf80000, 0x0000000100000000)
  eden space 15360K, 0% used [0x00000000eab00000,0x00000000eab00000,0x00000000eba00000)
  from space 2048K, 97% used [0x00000000ecd80000,0x00000000ecf72750,0x00000000ecf80000)
  to   space 8192K, 0% used [0x00000000ebf80000,0x00000000ebf80000,0x00000000ec780000)
 ParOldGen       total 699392K, used 342703K [0x00000000c0000000, 0x00000000eab00000, 0x00000000eab00000)
  object space 699392K, 49% used [0x00000000c0000000,0x00000000d4eabef8,0x00000000eab00000)
 Metaspace       used 76126K, committed 77504K, reserved 1179648K
  class space    used 7883K, committed 8448K, reserved 1048576K
}
Event: 57.504 GC heap before
{Heap before GC invocations=459 (full 144):
 PSYoungGen      total 17408K, used 17353K [0x00000000eab00000, 0x00000000ecf80000, 0x0000000100000000)
  eden space 15360K, 100% used [0x00000000eab00000,0x00000000eba00000,0x00000000eba00000)
  from space 2048K, 97% used [0x00000000ecd80000,0x00000000ecf72750,0x00000000ecf80000)
  to   space 8192K, 0% used [0x00000000ebf80000,0x00000000ebf80000,0x00000000ec780000)
 ParOldGen       total 699392K, used 342703K [0x00000000c0000000, 0x00000000eab00000, 0x00000000eab00000)
  object space 699392K, 49% used [0x00000000c0000000,0x00000000d4eabef8,0x00000000eab00000)
 Metaspace       used 77214K, committed 78592K, reserved 1179648K
  class space    used 7999K, committed 8576K, reserved 1048576K
}
Event: 57.509 GC heap after
{Heap after GC invocations=459 (full 144):
 PSYoungGen      total 24064K, used 2106K [0x00000000eab00000, 0x00000000ece00000, 0x0000000100000000)
  eden space 15872K, 0% used [0x00000000eab00000,0x00000000eab00000,0x00000000eba80000)
  from space 8192K, 25% used [0x00000000ebf80000,0x00000000ec18ebd0,0x00000000ec780000)
  to   space 3584K, 0% used [0x00000000eca80000,0x00000000eca80000,0x00000000ece00000)
 ParOldGen       total 699392K, used 342703K [0x00000000c0000000, 0x00000000eab00000, 0x00000000eab00000)
  object space 699392K, 49% used [0x00000000c0000000,0x00000000d4eabef8,0x00000000eab00000)
 Metaspace       used 77214K, committed 78592K, reserved 1179648K
  class space    used 7999K, committed 8576K, reserved 1048576K
}

Dll operation events (11 events):
Event: 0.012 Loaded shared library c:\Users\varma\.vscode\extensions\redhat.java-1.31.0-win32-x64\jre\17.0.11-win32-x86_64\bin\java.dll
Event: 0.202 Loaded shared library c:\Users\varma\.vscode\extensions\redhat.java-1.31.0-win32-x64\jre\17.0.11-win32-x86_64\bin\zip.dll
Event: 0.206 Loaded shared library C:\Users\varma\.vscode\extensions\redhat.java-1.31.0-win32-x64\jre\17.0.11-win32-x86_64\bin\instrument.dll
Event: 0.223 Loaded shared library C:\Users\varma\.vscode\extensions\redhat.java-1.31.0-win32-x64\jre\17.0.11-win32-x86_64\bin\net.dll
Event: 0.225 Loaded shared library C:\Users\varma\.vscode\extensions\redhat.java-1.31.0-win32-x64\jre\17.0.11-win32-x86_64\bin\nio.dll
Event: 0.236 Loaded shared library C:\Users\varma\.vscode\extensions\redhat.java-1.31.0-win32-x64\jre\17.0.11-win32-x86_64\bin\zip.dll
Event: 0.255 Loaded shared library C:\Users\varma\.vscode\extensions\redhat.java-1.31.0-win32-x64\jre\17.0.11-win32-x86_64\bin\jimage.dll
Event: 0.340 Loaded shared library c:\Users\varma\.vscode\extensions\redhat.java-1.31.0-win32-x64\jre\17.0.11-win32-x86_64\bin\verify.dll
Event: 2.502 Loaded shared library C:\Users\varma\AppData\Roaming\Code\User\globalStorage\redhat.java\1.31.0\config_win\org.eclipse.equinox.launcher\org.eclipse.equinox.launcher.win32.win32.x86_64_1.2.1000.v20240507-1834\eclipse_11902.dll
Event: 7.359 Loaded shared library C:\Users\varma\AppData\Local\Temp\jna-111978235\jna4335068958075738116.dll
Event: 57.406 Loaded shared library C:\Users\varma\.vscode\extensions\redhat.java-1.31.0-win32-x64\jre\17.0.11-win32-x86_64\bin\extnet.dll

Deoptimization events (20 events):
Event: 57.145 Thread 0x000001b280c36de0 Uncommon trap: trap_request=0xffffff45 fr.pc=0x000001b2ebabd0c4 relative=0x0000000000000484
Event: 57.145 Thread 0x000001b280c36de0 Uncommon trap: reason=unstable_if action=reinterpret pc=0x000001b2ebabd0c4 method=org.eclipse.jdt.internal.core.index.DiskIndex.addQueryResult(Lorg/eclipse/jdt/internal/compiler/util/HashtableOfObject;[CLjava/lang/Object;Lorg/eclipse/jdt/internal/core/ind
Event: 57.145 Thread 0x000001b280c36de0 DEOPT PACKING pc=0x000001b2ebabd0c4 sp=0x00000004419fd9d0
Event: 57.145 Thread 0x000001b280c36de0 DEOPT UNPACKING pc=0x000001b2eae966a3 sp=0x00000004419fd920 mode 2
Event: 57.145 Thread 0x000001b280c36de0 Uncommon trap: trap_request=0xffffff45 fr.pc=0x000001b2eb8c9b58 relative=0x0000000000000518
Event: 57.145 Thread 0x000001b280c36de0 Uncommon trap: reason=unstable_if action=reinterpret pc=0x000001b2eb8c9b58 method=org.eclipse.jdt.internal.core.index.DiskIndex.readStreamChars(Ljava/io/InputStream;)[C @ 1 c2
Event: 57.145 Thread 0x000001b280c36de0 DEOPT PACKING pc=0x000001b2eb8c9b58 sp=0x00000004419fd970
Event: 57.145 Thread 0x000001b280c36de0 DEOPT UNPACKING pc=0x000001b2eae966a3 sp=0x00000004419fd8d8 mode 2
Event: 57.319 Thread 0x000001b280c36de0 Uncommon trap: trap_request=0xffffff45 fr.pc=0x000001b2eb9b993c relative=0x00000000000000bc
Event: 57.319 Thread 0x000001b280c36de0 Uncommon trap: reason=unstable_if action=reinterpret pc=0x000001b2eb9b993c method=java.lang.StringConcatHelper.prepend(J[BCLjava/lang/String;)J @ 9 c2
Event: 57.319 Thread 0x000001b280c36de0 DEOPT PACKING pc=0x000001b2eb9b993c sp=0x00000004419fdd20
Event: 57.319 Thread 0x000001b280c36de0 DEOPT UNPACKING pc=0x000001b2eae966a3 sp=0x00000004419fdcb8 mode 2
Event: 57.402 Thread 0x000001b280c36de0 DEOPT PACKING pc=0x000001b2e4e17f29 sp=0x00000004419fd2d0
Event: 57.402 Thread 0x000001b280c36de0 DEOPT UNPACKING pc=0x000001b2eae96e43 sp=0x00000004419fc798 mode 0
Event: 57.468 Thread 0x000001b2fc838670 DEOPT PACKING pc=0x000001b2e4e17f29 sp=0x0000000441ff90d0
Event: 57.468 Thread 0x000001b2fc838670 DEOPT UNPACKING pc=0x000001b2eae96e43 sp=0x0000000441ff8598 mode 0
Event: 57.518 Thread 0x000001b2fc838670 DEOPT PACKING pc=0x000001b2e4e17f29 sp=0x0000000441ff90d0
Event: 57.518 Thread 0x000001b2fc838670 DEOPT UNPACKING pc=0x000001b2eae96e43 sp=0x0000000441ff8598 mode 0
Event: 57.560 Thread 0x000001b2fc838670 DEOPT PACKING pc=0x000001b2e4e17f29 sp=0x0000000441ff7a00
Event: 57.560 Thread 0x000001b2fc838670 DEOPT UNPACKING pc=0x000001b2eae96e43 sp=0x0000000441ff6ec8 mode 0

Classes unloaded (13 events):
Event: 4.281 Thread 0x000001b2fa580c20 Unloading class 0x0000000100250400 'java/lang/invoke/LambdaForm$MH+0x0000000100250400'
Event: 4.281 Thread 0x000001b2fa580c20 Unloading class 0x0000000100250000 'java/lang/invoke/LambdaForm$MH+0x0000000100250000'
Event: 4.281 Thread 0x000001b2fa580c20 Unloading class 0x000000010024bc00 'java/lang/invoke/LambdaForm$MH+0x000000010024bc00'
Event: 4.281 Thread 0x000001b2fa580c20 Unloading class 0x000000010024b800 'java/lang/invoke/LambdaForm$MH+0x000000010024b800'
Event: 4.281 Thread 0x000001b2fa580c20 Unloading class 0x000000010024b400 'java/lang/invoke/LambdaForm$BMH+0x000000010024b400'
Event: 4.281 Thread 0x000001b2fa580c20 Unloading class 0x000000010024b000 'java/lang/invoke/LambdaForm$DMH+0x000000010024b000'
Event: 4.281 Thread 0x000001b2fa580c20 Unloading class 0x0000000100248400 'java/lang/invoke/LambdaForm$DMH+0x0000000100248400'
Event: 15.578 Thread 0x000001b2fa580c20 Unloading class 0x000000010074c400 'java/lang/invoke/LambdaForm$DMH+0x000000010074c400'
Event: 18.503 Thread 0x000001b2fa580c20 Unloading class 0x00000001007c1c00 'java/lang/invoke/LambdaForm$MH+0x00000001007c1c00'
Event: 18.503 Thread 0x000001b2fa580c20 Unloading class 0x00000001007c1800 'java/lang/invoke/LambdaForm$MH+0x00000001007c1800'
Event: 18.503 Thread 0x000001b2fa580c20 Unloading class 0x00000001007c1400 'java/lang/invoke/LambdaForm$MH+0x00000001007c1400'
Event: 18.503 Thread 0x000001b2fa580c20 Unloading class 0x00000001007c0c00 'java/lang/invoke/LambdaForm$DMH+0x00000001007c0c00'
Event: 18.503 Thread 0x000001b2fa580c20 Unloading class 0x000000010075c000 'java/lang/invoke/LambdaForm$DMH+0x000000010075c000'

Classes redefined (0 events):
No events

Internal exceptions (20 events):
Event: 26.961 Thread 0x000001b2804b5a80 Exception <a 'sun/nio/fs/WindowsException'{0x00000000eab451c0}> (0x00000000eab451c0) 
thrown [s\src\hotspot\share\prims\jni.cpp, line 516]
Event: 26.961 Thread 0x000001b2804b5a80 Exception <a 'sun/nio/fs/WindowsException'{0x00000000eab45c40}> (0x00000000eab45c40) 
thrown [s\src\hotspot\share\prims\jni.cpp, line 516]
Event: 26.962 Thread 0x000001b2804b5a80 Exception <a 'sun/nio/fs/WindowsException'{0x00000000eab46b20}> (0x00000000eab46b20) 
thrown [s\src\hotspot\share\prims\jni.cpp, line 516]
Event: 26.962 Thread 0x000001b2804b5a80 Exception <a 'sun/nio/fs/WindowsException'{0x00000000eab47318}> (0x00000000eab47318) 
thrown [s\src\hotspot\share\prims\jni.cpp, line 516]
Event: 26.963 Thread 0x000001b2804b5a80 Exception <a 'sun/nio/fs/WindowsException'{0x00000000eab48c80}> (0x00000000eab48c80) 
thrown [s\src\hotspot\share\prims\jni.cpp, line 516]
Event: 26.963 Thread 0x000001b2804b5a80 Exception <a 'sun/nio/fs/WindowsException'{0x00000000eab66358}> (0x00000000eab66358) 
thrown [s\src\hotspot\share\prims\jni.cpp, line 516]
Event: 26.966 Thread 0x000001b2804b5a80 Exception <a 'sun/nio/fs/WindowsException'{0x00000000eabe0b60}> (0x00000000eabe0b60) 
thrown [s\src\hotspot\share\prims\jni.cpp, line 516]
Event: 26.966 Thread 0x000001b2804b5a80 Exception <a 'sun/nio/fs/WindowsException'{0x00000000eabe1600}> (0x00000000eabe1600) 
thrown [s\src\hotspot\share\prims\jni.cpp, line 516]
Event: 31.794 Thread 0x000001b2804b5a80 Exception <a 'sun/nio/fs/WindowsException'{0x00000000eb70ca40}> (0x00000000eb70ca40) 
thrown [s\src\hotspot\share\prims\jni.cpp, line 516]
Event: 31.795 Thread 0x000001b2804b5a80 Exception <a 'sun/nio/fs/WindowsException'{0x00000000eb70d238}> (0x00000000eb70d238) 
thrown [s\src\hotspot\share\prims\jni.cpp, line 516]
Event: 56.896 Thread 0x000001b2fc062900 Exception <a 'sun/nio/fs/WindowsException'{0x00000000eb847ec8}> (0x00000000eb847ec8) 
thrown [s\src\hotspot\share\prims\jni.cpp, line 516]
Event: 57.163 Thread 0x000001b280c36de0 Exception <a 'sun/nio/fs/WindowsException'{0x00000000eb84aae8}> (0x00000000eb84aae8) 
thrown [s\src\hotspot\share\prims\jni.cpp, line 516]
Event: 57.163 Thread 0x000001b280c36de0 Exception <a 'sun/nio/fs/WindowsException'{0x00000000eb84b5a8}> (0x00000000eb84b5a8) 
thrown [s\src\hotspot\share\prims\jni.cpp, line 516]
Event: 57.164 Thread 0x000001b280c36de0 Exception <a 'sun/nio/fs/WindowsException'{0x00000000eb84c9f0}> (0x00000000eb84c9f0) 
thrown [s\src\hotspot\share\prims\jni.cpp, line 516]
Event: 57.164 Thread 0x000001b280c36de0 Exception <a 'sun/nio/fs/WindowsException'{0x00000000eb84d490}> (0x00000000eb84d490) 
thrown [s\src\hotspot\share\prims\jni.cpp, line 516]
Event: 57.164 Thread 0x000001b280c36de0 Exception <a 'sun/nio/fs/WindowsException'{0x00000000eb84f338}> (0x00000000eb84f338) 
thrown [s\src\hotspot\share\prims\jni.cpp, line 516]
Event: 57.164 Thread 0x000001b280c36de0 Exception <a 'sun/nio/fs/WindowsException'{0x00000000eb84fb30}> (0x00000000eb84fb30) 
thrown [s\src\hotspot\share\prims\jni.cpp, line 516]
Event: 57.166 Thread 0x000001b280c36de0 Exception <a 'sun/nio/fs/WindowsException'{0x00000000eb86f880}> (0x00000000eb86f880) 
thrown [s\src\hotspot\share\prims\jni.cpp, line 516]
Event: 57.167 Thread 0x000001b280c36de0 Exception <a 'sun/nio/fs/WindowsException'{0x00000000eb870320}> (0x00000000eb870320) 
thrown [s\src\hotspot\share\prims\jni.cpp, line 516]
Event: 57.449 Thread 0x000001b2fc838670 Exception <a 'java/io/FileNotFoundException'{0x00000000eb68c220}> (0x00000000eb68c220) 
thrown [s\src\hotspot\share\prims\jni.cpp, line 516]

VM Operations (20 events):
Event: 55.310 Executing VM operation: ParallelGCFailedAllocation
Event: 55.546 Executing VM operation: ParallelGCFailedAllocation done
Event: 55.546 Executing VM operation: ParallelGCFailedAllocation
Event: 55.568 Executing VM operation: ParallelGCFailedAllocation done
Event: 55.626 Executing VM operation: HandshakeAllThreads
Event: 55.627 Executing VM operation: HandshakeAllThreads done
Event: 55.823 Executing VM operation: ParallelGCFailedAllocation
Event: 55.837 Executing VM operation: ParallelGCFailedAllocation done
Event: 56.014 Executing VM operation: HandshakeAllThreads
Event: 56.014 Executing VM operation: HandshakeAllThreads done
Event: 56.908 Executing VM operation: ParallelGCFailedAllocation
Event: 56.925 Executing VM operation: ParallelGCFailedAllocation done
Event: 57.002 Executing VM operation: ParallelGCFailedAllocation
Event: 57.011 Executing VM operation: ParallelGCFailedAllocation done
Event: 57.174 Executing VM operation: ParallelGCFailedAllocation
Event: 57.189 Executing VM operation: ParallelGCFailedAllocation done
Event: 57.504 Executing VM operation: ParallelGCFailedAllocation
Event: 57.509 Executing VM operation: ParallelGCFailedAllocation done
Event: 57.550 Executing VM operation: HandshakeAllThreads
Event: 57.550 Executing VM operation: HandshakeAllThreads done

Events (20 events):
Event: 57.409 loading class sun/net/NetHooks
Event: 57.409 loading class sun/net/NetHooks done
Event: 57.411 Thread 0x000001b2feb420b0 Thread added: 0x000001b2feb420b0
Event: 57.411 loading class java/net/Socket
Event: 57.412 loading class java/net/Socket done
Event: 57.415 Thread 0x000001b2fc838670 Thread added: 0x000001b2fc838670
Event: 57.422 loading class java/net/Socket$SocketInputStream
Event: 57.422 loading class java/net/Socket$SocketInputStream done
Event: 57.422 loading class sun/nio/ch/NioSocketImpl$1
Event: 57.422 loading class sun/nio/ch/NioSocketImpl$1 done
Event: 57.422 loading class java/net/Socket$SocketOutputStream
Event: 57.423 loading class java/net/Socket$SocketOutputStream done
Event: 57.423 loading class sun/nio/ch/NioSocketImpl$2
Event: 57.423 loading class sun/nio/ch/NioSocketImpl$2 done
Event: 57.443 loading class java/lang/VerifyError
Event: 57.443 loading class java/lang/VerifyError done
Event: 57.443 loading class java/lang/ClassCircularityError
Event: 57.443 loading class java/lang/ClassCircularityError done
Event: 57.553 Thread 0x000001b2fc7ee440 Thread added: 0x000001b2fc7ee440
Event: 57.554 Thread 0x000001b2fc7ef980 Thread added: 0x000001b2fc7ef980


Dynamic libraries:
0x00007ff726980000 - 0x00007ff72698e000 	c:\Users\varma\.vscode\extensions\redhat.java-1.31.0-win32-x64\jre\17.0.11-win32-x86_64\bin\java.exe
0x00007ffe12380000 - 0x00007ffe12587000 	C:\WINDOWS\SYSTEM32\ntdll.dll
0x00007ffe119f0000 - 0x00007ffe11aad000 	C:\WINDOWS\System32\KERNEL32.DLL
0x00007ffe0fa80000 - 0x00007ffe0fdf2000 	C:\WINDOWS\System32\KERNELBASE.dll
0x00007ffe10100000 - 0x00007ffe10211000 	C:\WINDOWS\System32\ucrtbase.dll
0x00007ffdf0a00000 - 0x00007ffdf0a17000 	c:\Users\varma\.vscode\extensions\redhat.java-1.31.0-win32-x64\jre\17.0.11-win32-x86_64\bin\jli.dll
0x00007ffe117d0000 - 0x00007ffe1197c000 	C:\WINDOWS\System32\USER32.dll
0x00007ffe10220000 - 0x00007ffe10246000 	C:\WINDOWS\System32\win32u.dll
0x00007ffe12310000 - 0x00007ffe12339000 	C:\WINDOWS\System32\GDI32.dll
0x00007ffe0fe00000 - 0x00007ffe0ff12000 	C:\WINDOWS\System32\gdi32full.dll
0x00007ffe0f920000 - 0x00007ffe0f9bd000 	C:\WINDOWS\System32\msvcp_win.dll
0x00007ffdf00a0000 - 0x00007ffdf00bb000 	c:\Users\varma\.vscode\extensions\redhat.java-1.31.0-win32-x64\jre\17.0.11-win32-x86_64\bin\VCRUNTIME140.dll
0x00007ffdd9940000 - 0x00007ffdd9be5000 	C:\WINDOWS\WinSxS\amd64_microsoft.windows.common-controls_6595b64144ccf1df_6.0.21996.1_none_7d6b053978bcd706\COMCTL32.dll
0x00007ffe114e0000 - 0x00007ffe11583000 	C:\WINDOWS\System32\msvcrt.dll
0x00007ffe10cd0000 - 0x00007ffe10d01000 	C:\WINDOWS\System32\IMM32.DLL
0x00007ffdf0940000 - 0x00007ffdf094c000 	c:\Users\varma\.vscode\extensions\redhat.java-1.31.0-win32-x64\jre\17.0.11-win32-x86_64\bin\vcruntime140_1.dll
0x00007ffdcd150000 - 0x00007ffdcd1dd000 	c:\Users\varma\.vscode\extensions\redhat.java-1.31.0-win32-x64\jre\17.0.11-win32-x86_64\bin\msvcp140.dll
0x00007ffdad500000 - 0x00007ffdae162000 	c:\Users\varma\.vscode\extensions\redhat.java-1.31.0-win32-x64\jre\17.0.11-win32-x86_64\bin\server\jvm.dll
0x00007ffe10250000 - 0x00007ffe102fc000 	C:\WINDOWS\System32\ADVAPI32.dll
0x00007ffe10450000 - 0x00007ffe104ed000 	C:\WINDOWS\System32\sechost.dll
0x00007ffe12020000 - 0x00007ffe12141000 	C:\WINDOWS\System32\RPCRT4.dll
0x00007ffe0f520000 - 0x00007ffe0f56d000 	C:\WINDOWS\SYSTEM32\POWRPROF.dll
0x00007ffde9300000 - 0x00007ffde9309000 	C:\WINDOWS\SYSTEM32\WSOCK32.dll
0x00007ffe11980000 - 0x00007ffe119ef000 	C:\WINDOWS\System32\WS2_32.dll
0x00007ffe08fa0000 - 0x00007ffe08fd3000 	C:\WINDOWS\SYSTEM32\WINMM.dll
0x00007ffe08d90000 - 0x00007ffe08d9a000 	C:\WINDOWS\SYSTEM32\VERSION.dll
0x00007ffe0f340000 - 0x00007ffe0f353000 	C:\WINDOWS\SYSTEM32\UMPDC.dll
0x00007ffe0e9d0000 - 0x00007ffe0e9e7000 	C:\WINDOWS\SYSTEM32\kernel.appcore.dll
0x00007ffded280000 - 0x00007ffded28a000 	c:\Users\varma\.vscode\extensions\redhat.java-1.31.0-win32-x64\jre\17.0.11-win32-x86_64\bin\jimage.dll
0x00007ffe0d430000 - 0x00007ffe0d651000 	C:\WINDOWS\SYSTEM32\DBGHELP.DLL
0x00007ffdee1d0000 - 0x00007ffdee201000 	C:\WINDOWS\SYSTEM32\dbgcore.DLL
0x00007ffe0f8a0000 - 0x00007ffe0f920000 	C:\WINDOWS\System32\bcryptPrimitives.dll
0x00007ffe0a700000 - 0x00007ffe0a70e000 	c:\Users\varma\.vscode\extensions\redhat.java-1.31.0-win32-x64\jre\17.0.11-win32-x86_64\bin\instrument.dll
0x00007ffdcd120000 - 0x00007ffdcd145000 	c:\Users\varma\.vscode\extensions\redhat.java-1.31.0-win32-x64\jre\17.0.11-win32-x86_64\bin\java.dll
0x00007ffddbc80000 - 0x00007ffddbc98000 	c:\Users\varma\.vscode\extensions\redhat.java-1.31.0-win32-x64\jre\17.0.11-win32-x86_64\bin\zip.dll
0x00007ffe10d10000 - 0x00007ffe11479000 	C:\WINDOWS\System32\SHELL32.dll
0x00007ffe0da60000 - 0x00007ffe0e2b8000 	C:\WINDOWS\SYSTEM32\windows.storage.dll
0x00007ffe104f0000 - 0x00007ffe10865000 	C:\WINDOWS\System32\combase.dll
0x00007ffe0d8f0000 - 0x00007ffe0da56000 	C:\WINDOWS\SYSTEM32\wintypes.dll
0x00007ffe10300000 - 0x00007ffe103ea000 	C:\WINDOWS\System32\SHCORE.dll
0x00007ffe103f0000 - 0x00007ffe1044d000 	C:\WINDOWS\System32\shlwapi.dll
0x00007ffe0f7d0000 - 0x00007ffe0f7f1000 	C:\WINDOWS\SYSTEM32\profapi.dll
0x00007ffdd5690000 - 0x00007ffdd56a9000 	C:\Users\varma\.vscode\extensions\redhat.java-1.31.0-win32-x64\jre\17.0.11-win32-x86_64\bin\net.dll
0x00007ffe09290000 - 0x00007ffe0939c000 	C:\WINDOWS\SYSTEM32\WINHTTP.dll
0x00007ffe0ee50000 - 0x00007ffe0eeb7000 	C:\WINDOWS\system32\mswsock.dll
0x00007ffdd3a10000 - 0x00007ffdd3a26000 	C:\Users\varma\.vscode\extensions\redhat.java-1.31.0-win32-x64\jre\17.0.11-win32-x86_64\bin\nio.dll
0x00007ffe0a6f0000 - 0x00007ffe0a700000 	c:\Users\varma\.vscode\extensions\redhat.java-1.31.0-win32-x64\jre\17.0.11-win32-x86_64\bin\verify.dll
0x00007ffdf0950000 - 0x00007ffdf0994000 	C:\Users\varma\AppData\Roaming\Code\User\globalStorage\redhat.java\1.31.0\config_win\org.eclipse.equinox.launcher\org.eclipse.equinox.launcher.win32.win32.x86_64_1.2.1000.v20240507-1834\eclipse_11902.dll
0x00007ffe10970000 - 0x00007ffe10b0a000 	C:\WINDOWS\System32\ole32.dll
0x00007ffe0f090000 - 0x00007ffe0f0a8000 	C:\WINDOWS\SYSTEM32\CRYPTSP.dll
0x00007ffe0e930000 - 0x00007ffe0e965000 	C:\WINDOWS\system32\rsaenh.dll
0x00007ffe0ef40000 - 0x00007ffe0ef69000 	C:\WINDOWS\SYSTEM32\USERENV.dll
0x00007ffe0f220000 - 0x00007ffe0f247000 	C:\WINDOWS\SYSTEM32\bcrypt.dll
0x00007ffe0f0b0000 - 0x00007ffe0f0bc000 	C:\WINDOWS\SYSTEM32\CRYPTBASE.dll
0x00007ffe0e510000 - 0x00007ffe0e53d000 	C:\WINDOWS\SYSTEM32\IPHLPAPI.DLL
0x00007ffe117b0000 - 0x00007ffe117b9000 	C:\WINDOWS\System32\NSI.dll
0x00007ffe08f20000 - 0x00007ffe08f39000 	C:\WINDOWS\SYSTEM32\dhcpcsvc6.DLL
0x00007ffe09a50000 - 0x00007ffe09a6e000 	C:\WINDOWS\SYSTEM32\dhcpcsvc.DLL
0x00007ffe0e580000 - 0x00007ffe0e665000 	C:\WINDOWS\SYSTEM32\DNSAPI.dll
0x00007ffdc8f30000 - 0x00007ffdc8f75000 	C:\Users\varma\AppData\Local\Temp\jna-111978235\jna4335068958075738116.dll
0x00007ffe117c0000 - 0x00007ffe117c8000 	C:\WINDOWS\System32\PSAPI.DLL
0x00007ffe0a4c0000 - 0x00007ffe0a4c9000 	C:\Users\varma\.vscode\extensions\redhat.java-1.31.0-win32-x64\jre\17.0.11-win32-x86_64\bin\extnet.dll

dbghelp: loaded successfully - version: 4.0.5 - missing functions: none
symbol engine: initialized successfully - sym options: 0x614 - pdb path: .;c:\Users\varma\.vscode\extensions\redhat.java-1.31.0-win32-x64\jre\17.0.11-win32-x86_64\bin;C:\WINDOWS\SYSTEM32;C:\WINDOWS\WinSxS\amd64_microsoft.windows.common-controls_6595b64144ccf1df_6.0.21996.1_none_7d6b053978bcd706;c:\Users\varma\.vscode\extensions\redhat.java-1.31.0-win32-x64\jre\17.0.11-win32-x86_64\bin\server;C:\Users\varma\AppData\Roaming\Code\User\globalStorage\redhat.java\1.31.0\config_win\org.eclipse.equinox.launcher\org.eclipse.equinox.launcher.win32.win32.x86_64_1.2.1000.v20240507-1834;C:\Users\varma\AppData\Local\Temp\jna-111978235

VM Arguments:
jvm_args: --add-modules=ALL-SYSTEM --add-opens=java.base/java.util=ALL-UNNAMED --add-opens=java.base/java.lang=ALL-UNNAMED --add-opens=java.base/sun.nio.fs=ALL-UNNAMED -Declipse.application=org.eclipse.jdt.ls.core.id1 -Dosgi.bundles.defaultStartLevel=4 -Declipse.product=org.eclipse.jdt.ls.core.product -Djava.import.generatesMetadataFilesAtProjectRoot=false -DDetectVMInstallationsJob.disabled=true -Dfile.encoding=utf8 -XX:+UseParallelGC -XX:GCTimeRatio=4 -XX:AdaptiveSizePolicyWeight=90 -Dsun.zip.disableMemoryMapping=true -Xmx1G -Xms100m -Xlog:disable -javaagent:c:\Users\varma\.vscode\extensions\redhat.java-1.31.0-win32-x64\lombok\lombok-1.18.32.jar -XX:+HeapDumpOnOutOfMemoryError -XX:HeapDumpPath=c:\Users\varma\AppData\Roaming\Code\User\workspaceStorage\bdf171c65d0104ca5f6174ad7a05614d\redhat.java -Daether.dependencyCollector.impl=bf 
java_command: c:\Users\varma\.vscode\extensions\redhat.java-1.31.0-win32-x64\server\plugins\org.eclipse.equinox.launcher_1.6.800.v20240513-1750.jar -configuration c:\Users\varma\AppData\Roaming\Code\User\globalStorage\redhat.java\1.31.0\config_win -data c:\Users\varma\AppData\Roaming\Code\User\workspaceStorage\bdf171c65d0104ca5f6174ad7a05614d\redhat.java\jdt_ws --pipe=\\.\pipe\lsp-c456f3b7560226aa5c6ab909d8df2280-sock
java_class_path (initial): c:\Users\varma\.vscode\extensions\redhat.java-1.31.0-win32-x64\server\plugins\org.eclipse.equinox.launcher_1.6.800.v20240513-1750.jar
Launcher Type: SUN_STANDARD

[Global flags]
    uintx AdaptiveSizePolicyWeight                 = 90                                        {product} {command line}
     intx CICompilerCount                          = 4                                         {product} {ergonomic}
    uintx GCTimeRatio                              = 4                                         {product} {command line}
     bool HeapDumpOnOutOfMemoryError               = true                                   {manageable} {command line}
    ccstr HeapDumpPath                             = c:\Users\varma\AppData\Roaming\Code\User\workspaceStorage\bdf171c65d0104ca5f6174ad7a05614d\redhat.java         {manageable} {command line}
   size_t InitialHeapSize                          = 104857600                                 {product} {command line}
   size_t MaxHeapSize                              = 1073741824                                {product} {command line}
   size_t MaxNewSize                               = 357564416                                 {product} {ergonomic}
   size_t MinHeapDeltaBytes                        = 524288                                    {product} {ergonomic}
   size_t MinHeapSize                              = 104857600                                 {product} {command line}
   size_t NewSize                                  = 34603008                                  {product} {ergonomic}
    uintx NonNMethodCodeHeapSize                   = 5839372                                {pd product} {ergonomic}
    uintx NonProfiledCodeHeapSize                  = 122909434                              {pd product} {ergonomic}
   size_t OldSize                                  = 70254592                                  {product} {ergonomic}
    uintx ProfiledCodeHeapSize                     = 122909434                              {pd product} {ergonomic}
    uintx ReservedCodeCacheSize                    = 251658240                              {pd product} {ergonomic}
     bool SegmentedCodeCache                       = true                                      {product} {ergonomic}
   size_t SoftMaxHeapSize                          = 1073741824                             {manageable} {ergonomic}
     bool UseCompressedClassPointers               = true                           {product lp64_product} {ergonomic}
     bool UseCompressedOops                        = true                           {product lp64_product} {ergonomic}
     bool UseLargePagesIndividualAllocation        = false                                  {pd product} {ergonomic}
     bool UseParallelGC                            = true                                      {product} {command line}

Logging:
Log output configuration:
 #0: stdout all=off uptime,level,tags
 #1: stderr all=off uptime,level,tags

Environment Variables:
JAVA_HOME=C:\Program Files\Java\jdk-18.0.1.1
CLASSPATH=C:\mysql-connector-j-8.1.0.jar;.;
PATH=C:\Windows\System32;C:\Program Files\nodejs\;C:\Program Files\HP\HP One Agent;C:\Android Emulator;C:\Android Emulator\cmdline-tools\tools;C:\Android Emulator\cmdline-tools\tools\bin;C:\Program Files\MySQL\MySQL Server 8.0\bin;C:\Users\varma\Downloads\platform-tools-latest-windows\platform-tools;C:\Program Files\Java\jdk-18.0.1.1\bin;C:\Users\varma\AppData\Local\Programs\Microsoft VS Code\bin;C:\Users\varma\AppData\Roaming\npm;C:\Program Files\Git\bin;;C:\Program Files\JetBrains\IntelliJ IDEA Community Edition 2024.1.2\bin;
USERNAME=varma
OS=Windows_NT
PROCESSOR_IDENTIFIER=Intel64 Family 6 Model 142 Stepping 12, GenuineIntel
TMP=C:\Users\varma\AppData\Local\Temp
TEMP=C:\Users\varma\AppData\Local\Temp



Periodic native trim disabled


---------------  S Y S T E M  ---------------

OS:
 Windows 10 , 64 bit Build 21996 (10.0.21996.1)
OS uptime: 0 days 18:44 hours

CPU: total 8 (initial active 8) (4 cores per cpu, 2 threads per core) family 6 model 142 stepping 12 microcode 0xea, cx8, cmov, fxsr, ht, mmx, 3dnowpref, sse, sse2, sse3, ssse3, sse4.1, sse4.2, popcnt, lzcnt, tsc, tscinvbit, avx, avx2, aes, erms, clmul, bmi1, bmi2, adx, fma, vzeroupper, clflush, clflushopt
Processor Information for all 8 processors :
  Max Mhz: 2112, Current Mhz: 1609, Mhz Limit: 1605

Memory: 4k page, system-wide physical 12091M (792M free)
TotalPageFile size 16091M (AvailPageFile size 3M)
current process WorkingSet (physical memory assigned to process): 712M, peak: 712M
current process commit charge ("private bytes"): 970M, peak: 997M

vm_info: OpenJDK 64-Bit Server VM (17.0.11+9) for windows-amd64 JRE (17.0.11+9), built on Apr 17 2024 06:07:48 by "admin" with MS VC++ 16.10 / 16.11 (VS2019)

END.
