#
# There is insufficient memory for the Java Runtime Environment to continue.
# Native memory allocation (malloc) failed to allocate 1048576 bytes. Error detail: AllocateHeap
# Possible reasons:
#   The system is out of physical RAM or swap space
#   This process is running with CompressedOops enabled, and the Java Heap may be blocking the growth of the native heap
# Possible solutions:
#   Reduce memory load on the system
#   Increase physical memory or swap space
#   Check if swap backing store is full
#   Decrease Java heap size (-Xmx/-Xms)
#   Decrease number of Java threads
#   Decrease Java thread stack sizes (-Xss)
#   Set larger code cache with -XX:ReservedCodeCacheSize=
#   JVM is running with Unscaled Compressed Oops mode in which the Java heap is
#     placed in the first 4GB address space. The Java Heap base address is the
#     maximum limit for the native heap growth. Please use -XX:HeapBaseMinAddress
#     to set the Java Heap base and to place the Java Heap above 4GB virtual address.
# This output file may be truncated or incomplete.
#
#  Out of Memory Error (allocation.cpp:44), pid=7484, tid=1396
#
# JRE version: OpenJDK Runtime Environment Temurin-17.0.11+9 (17.0.11+9) (build 17.0.11+9)
# Java VM: OpenJDK 64-Bit Server VM Temurin-17.0.11+9 (17.0.11+9, mixed mode, emulated-client, tiered, compressed oops, compressed class ptrs, g1 gc, windows-amd64)
# No core dump will be written. Minidumps are not enabled by default on client versions of Windows
#

---------------  S U M M A R Y ------------

Command Line: -Xmx1024m -Dsts.lsp.client=vscode -Dsts.log.file=/dev/null -XX:TieredStopAtLevel=1 -Xlog:jni+resolve=off -Dspring.config.location=file:c:\Users\varma\.vscode\extensions\vmware.vscode-spring-boot-1.54.0\language-server\BOOT-INF\classes\application.properties org.springframework.ide.vscode.boot.app.BootLanguageServerBootApp

Host: Intel(R) Core(TM) i5-10210U CPU @ 1.60GHz, 8 cores, 11G,  Windows 10 , 64 bit Build 21996 (10.0.21996.1)
Time: Sat Jun  1 13:24:46 2024 India Standard Time elapsed time: 521.634684 seconds (0d 0h 8m 41s)

---------------  T H R E A D  ---------------

Current thread (0x000001a32cd50860):  VMThread "VM Thread" [stack: 0x000000769f700000,0x000000769f800000] [id=1396]

Stack: [0x000000769f700000,0x000000769f800000]
Native frames: (J=compiled Java code, j=interpreted, Vv=VM code, C=native code)
V  [jvm.dll+0x67d429]
V  [jvm.dll+0x834b7a]
V  [jvm.dll+0x83663e]
V  [jvm.dll+0x836ca3]
V  [jvm.dll+0x247dbf]
V  [jvm.dll+0xa6cb3]
V  [jvm.dll+0x2f8ad3]
V  [jvm.dll+0x2f4750]
V  [jvm.dll+0x2dcf67]
V  [jvm.dll+0x31fb67]
V  [jvm.dll+0x83b19b]
V  [jvm.dll+0x83bed2]
V  [jvm.dll+0x83c3ed]
V  [jvm.dll+0x83c7c4]
V  [jvm.dll+0x83c890]
V  [jvm.dll+0x7e410a]
V  [jvm.dll+0x67c315]
C  [ucrtbase.dll+0x26c0c]
C  [KERNEL32.DLL+0x154e0]
C  [ntdll.dll+0x485b]

VM_Operation (0x00000076a0ffebe0): G1CollectFull, mode: safepoint, requested by thread 0x000001a33280b010


---------------  P R O C E S S  ---------------

Threads class SMR info:
_java_thread_list=0x000001a3333f79f0, length=24, elements={
0x000001a3310012d0, 0x000001a331002800, 0x000001a32cd71120, 0x000001a32cd71cb0,
0x000001a32cd73590, 0x000001a32cd73e60, 0x000001a32cd76740, 0x000001a32cd77050,
0x000001a33122f090, 0x000001a331243010, 0x000001a332047860, 0x000001a33280b010,
0x000001a33280c510, 0x000001a31fdee430, 0x000001a33284a020, 0x000001a332877440,
0x000001a3327984c0, 0x000001a3327993f0, 0x000001a332798ee0, 0x000001a33279a830,
0x000001a332799900, 0x000001a33292d950, 0x000001a332929270, 0x000001a33292b5e0
}

Java Threads: ( => current thread )
  0x000001a3310012d0 JavaThread "Reference Handler" daemon [_thread_blocked, id=11036, stack(0x000000769f800000,0x000000769f900000)]
  0x000001a331002800 JavaThread "Finalizer" daemon [_thread_blocked, id=2916, stack(0x000000769f900000,0x000000769fa00000)]
  0x000001a32cd71120 JavaThread "Signal Dispatcher" daemon [_thread_blocked, id=4664, stack(0x000000769fa00000,0x000000769fb00000)]
  0x000001a32cd71cb0 JavaThread "Attach Listener" daemon [_thread_blocked, id=13568, stack(0x000000769fb00000,0x000000769fc00000)]
  0x000001a32cd73590 JavaThread "Service Thread" daemon [_thread_blocked, id=18484, stack(0x000000769fc00000,0x000000769fd00000)]
  0x000001a32cd73e60 JavaThread "Monitor Deflation Thread" daemon [_thread_blocked, id=11012, stack(0x000000769fd00000,0x000000769fe00000)]
  0x000001a32cd76740 JavaThread "C1 CompilerThread0" daemon [_thread_blocked, id=4480, stack(0x000000769fe00000,0x000000769ff00000)]
  0x000001a32cd77050 JavaThread "Sweeper thread" daemon [_thread_blocked, id=19368, stack(0x000000769ff00000,0x00000076a0000000)]
  0x000001a33122f090 JavaThread "Notification Thread" daemon [_thread_blocked, id=17856, stack(0x00000076a0200000,0x00000076a0300000)]
  0x000001a331243010 JavaThread "Common-Cleaner" daemon [_thread_blocked, id=18076, stack(0x00000076a0400000,0x00000076a0500000)]
  0x000001a332047860 JavaThread "boundedElastic-evictor-1" daemon [_thread_blocked, id=4424, stack(0x00000076a0a00000,0x00000076a0b00000)]
  0x000001a33280b010 JavaThread "pool-13-thread-1" [_thread_blocked, id=13576, stack(0x00000076a0f00000,0x00000076a1000000)]
  0x000001a33280c510 JavaThread "LanguageServerApp-lifecycle" [_thread_blocked, id=15412, stack(0x00000076a1000000,0x00000076a1100000)]
  0x000001a31fdee430 JavaThread "DestroyJavaVM" [_thread_blocked, id=11304, stack(0x000000769f000000,0x000000769f100000)]
  0x000001a33284a020 JavaThread "pool-14-thread-1" [_thread_in_native, id=11048, stack(0x00000076a1100000,0x00000076a1200000)]
  0x000001a332877440 JavaThread "Simple-Language-Server main thread" daemon [_thread_blocked, id=2848, stack(0x00000076a1200000,0x00000076a1300000)]
  0x000001a3327984c0 JavaThread "pool-8-thread-1" [_thread_blocked, id=12360, stack(0x00000076a1500000,0x00000076a1600000)]
  0x000001a3327993f0 JavaThread "parallel-1" daemon [_thread_blocked, id=14440, stack(0x00000076a1600000,0x00000076a1700000)]
  0x000001a332798ee0 JavaThread "pool-6-thread-1" [_thread_blocked, id=4320, stack(0x00000076a1700000,0x00000076a1800000)]
  0x000001a33279a830 JavaThread "parallel-2" daemon [_thread_blocked, id=8288, stack(0x00000076a1800000,0x00000076a1900000)]
  0x000001a332799900 JavaThread "parallel-3" daemon [_thread_blocked, id=11208, stack(0x00000076a1900000,0x00000076a1a00000)]
  0x000001a33292d950 JavaThread "Reconciler-1" daemon [_thread_blocked, id=6060, stack(0x00000076a2000000,0x00000076a2100000)]
  0x000001a332929270 JavaThread "parallel-4" daemon [_thread_blocked, id=17864, stack(0x00000076a2200000,0x00000076a2300000)]
  0x000001a33292b5e0 JavaThread "parallel-5" daemon [_thread_blocked, id=6904, stack(0x00000076a2300000,0x00000076a2400000)]

Other Threads:
=>0x000001a32cd50860 VMThread "VM Thread" [stack: 0x000000769f700000,0x000000769f800000] [id=1396]
  0x000001a331231580 WatcherThread [stack: 0x00000076a0300000,0x00000076a0400000] [id=12820]
  0x000001a321f905b0 GCTaskThread "GC Thread#0" [stack: 0x000000769f200000,0x000000769f300000] [id=6984]
  0x000001a331ce00c0 GCTaskThread "GC Thread#1" [stack: 0x00000076a0500000,0x00000076a0600000] [id=6868]
  0x000001a331ce0380 GCTaskThread "GC Thread#2" [stack: 0x00000076a0600000,0x00000076a0700000] [id=14980]
  0x000001a331ce0640 GCTaskThread "GC Thread#3" [stack: 0x00000076a0700000,0x00000076a0800000] [id=10328]
  0x000001a331ef7c80 GCTaskThread "GC Thread#4" [stack: 0x00000076a0800000,0x00000076a0900000] [id=12072]
  0x000001a331efa570 GCTaskThread "GC Thread#5" [stack: 0x00000076a0900000,0x00000076a0a00000] [id=3796]
  0x000001a3321298c0 GCTaskThread "GC Thread#6" [stack: 0x00000076a0c00000,0x00000076a0d00000] [id=7664]
  0x000001a332129b80 GCTaskThread "GC Thread#7" [stack: 0x00000076a0d00000,0x00000076a0e00000] [id=17872]
  0x000001a321f99410 ConcurrentGCThread "G1 Main Marker" [stack: 0x000000769f300000,0x000000769f400000] [id=19232]
  0x000001a321f99d40 ConcurrentGCThread "G1 Conc#0" [stack: 0x000000769f400000,0x000000769f500000] [id=4668]
  0x000001a33220d460 ConcurrentGCThread "G1 Conc#1" [stack: 0x00000076a0e00000,0x00000076a0f00000] [id=5828]
  0x000001a32200e1a0 ConcurrentGCThread "G1 Refine#0" [stack: 0x000000769f500000,0x000000769f600000] [id=1672]
  0x000001a32200eae0 ConcurrentGCThread "G1 Service" [stack: 0x000000769f600000,0x000000769f700000] [id=18892]

Threads with active compile tasks:

VM state: at safepoint (normal execution)

VM Mutex/Monitor currently owned by a thread:  ([mutex/lock_event])
[0x000001a31fd2f520] Threads_lock - owner thread: 0x000001a32cd50860
[0x000001a321f48360] Heap_lock - owner thread: 0x000001a33280b010

Heap address: 0x00000000c0000000, size: 1024 MB, Compressed Oops mode: 32-bit

CDS archive(s) not mapped
Compressed class space mapped at: 0x0000000100000000-0x0000000140000000, reserved size: 1073741824
Narrow klass base: 0x0000000000000000, Narrow klass shift: 3, Narrow klass range: 0x140000000

GC Precious Log:
 CPUs: 8 total, 8 available
 Memory: 12091M
 Large Page Support: Disabled
 NUMA Support: Disabled
 Compressed Oops: Enabled (32-bit)
 Heap Region Size: 1M
 Heap Min Capacity: 8M
 Heap Initial Capacity: 190M
 Heap Max Capacity: 1G
 Pre-touch: Disabled
 Parallel Workers: 8
 Concurrent Workers: 2
 Concurrent Refinement Workers: 8
 Periodic GC: Disabled

Heap:
 garbage-first heap   total 81920K, used 35535K [0x00000000c0000000, 0x0000000100000000)
  region size 1024K, 1 young (1024K), 0 survivors (0K)
 Metaspace       used 57769K, committed 58560K, reserved 1114112K
  class space    used 7136K, committed 7424K, reserved 1048576K

Heap Regions: E=young(eden), S=young(survivor), O=old, HS=humongous(starts), HC=humongous(continues), CS=collection set, F=free, OA=open archive, CA=closed archive, TAMS=top-at-mark-start (previous, next)
|   0|0x00000000c0000000, 0x00000000c0100000, 0x00000000c0100000|100%|HS|  |TAMS 0x00000000c0100000, 0x00000000c0000000| Untracked 
|   1|0x00000000c0100000, 0x00000000c0200000, 0x00000000c0200000|100%|HC|  |TAMS 0x00000000c0200000, 0x00000000c0100000| Untracked 
|   2|0x00000000c0200000, 0x00000000c0300000, 0x00000000c0300000|100%|HC|  |TAMS 0x00000000c0300000, 0x00000000c0200000| Untracked 
|   3|0x00000000c0300000, 0x00000000c0400000, 0x00000000c0400000|100%|HC|  |TAMS 0x00000000c0400000, 0x00000000c0300000| Untracked 
|   4|0x00000000c0400000, 0x00000000c0500000, 0x00000000c0500000|100%|HS|  |TAMS 0x00000000c0500000, 0x00000000c0400000| Untracked 
|   5|0x00000000c0500000, 0x00000000c0600000, 0x00000000c0600000|100%|HC|  |TAMS 0x00000000c0600000, 0x00000000c0500000| Untracked 
|   6|0x00000000c0600000, 0x00000000c0700000, 0x00000000c0700000|100%| O|  |TAMS 0x00000000c0700000, 0x00000000c0600000| Untracked 
|   7|0x00000000c0700000, 0x00000000c0800000, 0x00000000c0800000|100%| O|  |TAMS 0x00000000c0800000, 0x00000000c0700000| Untracked 
|   8|0x00000000c0800000, 0x00000000c08ffe88, 0x00000000c0900000| 99%| O|  |TAMS 0x00000000c08ffe88, 0x00000000c0800000| Untracked 
|   9|0x00000000c0900000, 0x00000000c0a00000, 0x00000000c0a00000|100%| O|  |TAMS 0x00000000c0a00000, 0x00000000c0900000| Untracked 
|  10|0x00000000c0a00000, 0x00000000c0b00000, 0x00000000c0b00000|100%| O|  |TAMS 0x00000000c0b00000, 0x00000000c0a00000| Untracked 
|  11|0x00000000c0b00000, 0x00000000c0bfffe0, 0x00000000c0c00000| 99%| O|  |TAMS 0x00000000c0bfffe0, 0x00000000c0b00000| Untracked 
|  12|0x00000000c0c00000, 0x00000000c0cffff8, 0x00000000c0d00000| 99%| O|  |TAMS 0x00000000c0cffff8, 0x00000000c0c00000| Untracked 
|  13|0x00000000c0d00000, 0x00000000c0e00000, 0x00000000c0e00000|100%| O|  |TAMS 0x00000000c0e00000, 0x00000000c0d00000| Untracked 
|  14|0x00000000c0e00000, 0x00000000c0effff8, 0x00000000c0f00000| 99%| O|  |TAMS 0x00000000c0effff8, 0x00000000c0e00000| Untracked 
|  15|0x00000000c0f00000, 0x00000000c1000000, 0x00000000c1000000|100%| O|  |TAMS 0x00000000c1000000, 0x00000000c0f00000| Untracked 
|  16|0x00000000c1000000, 0x00000000c10ffff0, 0x00000000c1100000| 99%| O|  |TAMS 0x00000000c10ffff0, 0x00000000c1000000| Untracked 
|  17|0x00000000c1100000, 0x00000000c11fffc0, 0x00000000c1200000| 99%| O|  |TAMS 0x00000000c11fffc0, 0x00000000c1100000| Untracked 
|  18|0x00000000c1200000, 0x00000000c12fffe8, 0x00000000c1300000| 99%| O|  |TAMS 0x00000000c12fffe8, 0x00000000c1200000| Untracked 
|  19|0x00000000c1300000, 0x00000000c1400000, 0x00000000c1400000|100%| O|  |TAMS 0x00000000c1400000, 0x00000000c1300000| Untracked 
|  20|0x00000000c1400000, 0x00000000c14ff560, 0x00000000c1500000| 99%| O|  |TAMS 0x00000000c14ff560, 0x00000000c1400000| Untracked 
|  21|0x00000000c1500000, 0x00000000c1600000, 0x00000000c1600000|100%| O|  |TAMS 0x00000000c1600000, 0x00000000c1500000| Untracked 
|  22|0x00000000c1600000, 0x00000000c1700000, 0x00000000c1700000|100%| O|  |TAMS 0x00000000c1700000, 0x00000000c1600000| Untracked 
|  23|0x00000000c1700000, 0x00000000c1800000, 0x00000000c1800000|100%|HS|  |TAMS 0x00000000c1800000, 0x00000000c1700000| Untracked 
|  24|0x00000000c1800000, 0x00000000c18ffff8, 0x00000000c1900000| 99%| O|  |TAMS 0x00000000c18ffff8, 0x00000000c1800000| Untracked 
|  25|0x00000000c1900000, 0x00000000c19fffa0, 0x00000000c1a00000| 99%| O|  |TAMS 0x00000000c19fffa0, 0x00000000c1900000| Untracked 
|  26|0x00000000c1a00000, 0x00000000c1afffc8, 0x00000000c1b00000| 99%| O|  |TAMS 0x00000000c1afffc8, 0x00000000c1a00000| Untracked 
|  27|0x00000000c1b00000, 0x00000000c1bfff10, 0x00000000c1c00000| 99%| O|  |TAMS 0x00000000c1bfff10, 0x00000000c1b00000| Untracked 
|  28|0x00000000c1c00000, 0x00000000c1cf8f10, 0x00000000c1d00000| 97%| O|  |TAMS 0x00000000c1cf8f10, 0x00000000c1c00000| Untracked 
|  29|0x00000000c1d00000, 0x00000000c1dffff8, 0x00000000c1e00000| 99%| O|  |TAMS 0x00000000c1dffff8, 0x00000000c1d00000| Untracked 
|  30|0x00000000c1e00000, 0x00000000c1ec3eb0, 0x00000000c1f00000| 76%| O|  |TAMS 0x00000000c1e00000, 0x00000000c1e00000| Untracked 
|  31|0x00000000c1f00000, 0x00000000c1f02298, 0x00000000c2000000|  0%| O|  |TAMS 0x00000000c1f00000, 0x00000000c1f00000| Untracked 
|  32|0x00000000c2000000, 0x00000000c20f5ba8, 0x00000000c2100000| 95%| O|  |TAMS 0x00000000c20f5ba8, 0x00000000c2000000| Untracked 
|  33|0x00000000c2100000, 0x00000000c2100000, 0x00000000c2200000|  0%| F|  |TAMS 0x00000000c2100000, 0x00000000c2100000| Untracked 
|  34|0x00000000c2200000, 0x00000000c2200000, 0x00000000c2300000|  0%| F|  |TAMS 0x00000000c2200000, 0x00000000c2200000| Untracked 
|  35|0x00000000c2300000, 0x00000000c2400000, 0x00000000c2400000|100%| O|  |TAMS 0x00000000c2400000, 0x00000000c2300000| Untracked 
|  36|0x00000000c2400000, 0x00000000c24ffff0, 0x00000000c2500000| 99%| O|  |TAMS 0x00000000c24ffff0, 0x00000000c2400000| Untracked 
|  37|0x00000000c2500000, 0x00000000c2500000, 0x00000000c2600000|  0%| F|  |TAMS 0x00000000c2500000, 0x00000000c2500000| Untracked 
|  38|0x00000000c2600000, 0x00000000c2600000, 0x00000000c2700000|  0%| F|  |TAMS 0x00000000c2600000, 0x00000000c2600000| Untracked 
|  39|0x00000000c2700000, 0x00000000c2700000, 0x00000000c2800000|  0%| F|  |TAMS 0x00000000c2700000, 0x00000000c2700000| Untracked 
|  40|0x00000000c2800000, 0x00000000c2800000, 0x00000000c2900000|  0%| F|  |TAMS 0x00000000c2800000, 0x00000000c2800000| Untracked 
|  41|0x00000000c2900000, 0x00000000c2900000, 0x00000000c2a00000|  0%| F|  |TAMS 0x00000000c2900000, 0x00000000c2900000| Untracked 
|  42|0x00000000c2a00000, 0x00000000c2a00000, 0x00000000c2b00000|  0%| F|  |TAMS 0x00000000c2a00000, 0x00000000c2a00000| Untracked 
|  43|0x00000000c2b00000, 0x00000000c2b00000, 0x00000000c2c00000|  0%| F|  |TAMS 0x00000000c2b00000, 0x00000000c2b00000| Untracked 
|  44|0x00000000c2c00000, 0x00000000c2c00000, 0x00000000c2d00000|  0%| F|  |TAMS 0x00000000c2c00000, 0x00000000c2c00000| Untracked 
|  45|0x00000000c2d00000, 0x00000000c2d00000, 0x00000000c2e00000|  0%| F|  |TAMS 0x00000000c2d00000, 0x00000000c2d00000| Untracked 
|  46|0x00000000c2e00000, 0x00000000c2e00000, 0x00000000c2f00000|  0%| F|  |TAMS 0x00000000c2e00000, 0x00000000c2e00000| Untracked 
|  47|0x00000000c2f00000, 0x00000000c2f00000, 0x00000000c3000000|  0%| F|  |TAMS 0x00000000c2f00000, 0x00000000c2f00000| Untracked 
|  48|0x00000000c3000000, 0x00000000c3000000, 0x00000000c3100000|  0%| F|  |TAMS 0x00000000c3000000, 0x00000000c3000000| Untracked 
|  49|0x00000000c3100000, 0x00000000c3100000, 0x00000000c3200000|  0%| F|  |TAMS 0x00000000c3100000, 0x00000000c3100000| Untracked 
|  50|0x00000000c3200000, 0x00000000c3200000, 0x00000000c3300000|  0%| F|  |TAMS 0x00000000c3200000, 0x00000000c3200000| Untracked 
|  51|0x00000000c3300000, 0x00000000c3300000, 0x00000000c3400000|  0%| F|  |TAMS 0x00000000c3300000, 0x00000000c3300000| Untracked 
|  52|0x00000000c3400000, 0x00000000c3400000, 0x00000000c3500000|  0%| F|  |TAMS 0x00000000c3400000, 0x00000000c3400000| Untracked 
|  53|0x00000000c3500000, 0x00000000c3500000, 0x00000000c3600000|  0%| F|  |TAMS 0x00000000c3500000, 0x00000000c3500000| Untracked 
|  54|0x00000000c3600000, 0x00000000c3600000, 0x00000000c3700000|  0%| F|  |TAMS 0x00000000c3600000, 0x00000000c3600000| Untracked 
|  55|0x00000000c3700000, 0x00000000c3700000, 0x00000000c3800000|  0%| F|  |TAMS 0x00000000c3700000, 0x00000000c3700000| Untracked 
|  56|0x00000000c3800000, 0x00000000c3800000, 0x00000000c3900000|  0%| F|  |TAMS 0x00000000c3800000, 0x00000000c3800000| Untracked 
|  57|0x00000000c3900000, 0x00000000c3900000, 0x00000000c3a00000|  0%| F|  |TAMS 0x00000000c3900000, 0x00000000c3900000| Untracked 
|  58|0x00000000c3a00000, 0x00000000c3a00000, 0x00000000c3b00000|  0%| F|  |TAMS 0x00000000c3a00000, 0x00000000c3a00000| Untracked 
|  59|0x00000000c3b00000, 0x00000000c3b00000, 0x00000000c3c00000|  0%| F|  |TAMS 0x00000000c3b00000, 0x00000000c3b00000| Untracked 
|  60|0x00000000c3c00000, 0x00000000c3d00000, 0x00000000c3d00000|100%| O|  |TAMS 0x00000000c3d00000, 0x00000000c3c00000| Untracked 
|  61|0x00000000c3d00000, 0x00000000c3d00000, 0x00000000c3e00000|  0%| F|  |TAMS 0x00000000c3d00000, 0x00000000c3d00000| Untracked 
|  62|0x00000000c3e00000, 0x00000000c3e00000, 0x00000000c3f00000|  0%| F|  |TAMS 0x00000000c3e00000, 0x00000000c3e00000| Untracked 
|  63|0x00000000c3f00000, 0x00000000c3f00000, 0x00000000c4000000|  0%| F|  |TAMS 0x00000000c3f00000, 0x00000000c3f00000| Untracked 
|  64|0x00000000c4000000, 0x00000000c4000000, 0x00000000c4100000|  0%| F|  |TAMS 0x00000000c4000000, 0x00000000c4000000| Untracked 
|  65|0x00000000c4100000, 0x00000000c4100000, 0x00000000c4200000|  0%| F|  |TAMS 0x00000000c4100000, 0x00000000c4100000| Untracked 
|  66|0x00000000c4200000, 0x00000000c4200000, 0x00000000c4300000|  0%| F|  |TAMS 0x00000000c4200000, 0x00000000c4200000| Untracked 
|  67|0x00000000c4300000, 0x00000000c4300000, 0x00000000c4400000|  0%| F|  |TAMS 0x00000000c4300000, 0x00000000c4300000| Untracked 
|  68|0x00000000c4400000, 0x00000000c4400000, 0x00000000c4500000|  0%| F|  |TAMS 0x00000000c4400000, 0x00000000c4400000| Untracked 
|  69|0x00000000c4500000, 0x00000000c4500000, 0x00000000c4600000|  0%| F|  |TAMS 0x00000000c4500000, 0x00000000c4500000| Untracked 
|  70|0x00000000c4600000, 0x00000000c4600000, 0x00000000c4700000|  0%| F|  |TAMS 0x00000000c4600000, 0x00000000c4600000| Untracked 
|  71|0x00000000c4700000, 0x00000000c4700000, 0x00000000c4800000|  0%| F|  |TAMS 0x00000000c4700000, 0x00000000c4700000| Untracked 
|  72|0x00000000c4800000, 0x00000000c4800000, 0x00000000c4900000|  0%| F|  |TAMS 0x00000000c4800000, 0x00000000c4800000| Untracked 
| 150|0x00000000c9600000, 0x00000000c9600000, 0x00000000c9700000|  0%| F|  |TAMS 0x00000000c9600000, 0x00000000c9600000| Untracked 
| 151|0x00000000c9700000, 0x00000000c9700000, 0x00000000c9800000|  0%| F|  |TAMS 0x00000000c9700000, 0x00000000c9700000| Untracked 
| 152|0x00000000c9800000, 0x00000000c9800000, 0x00000000c9900000|  0%| F|  |TAMS 0x00000000c9800000, 0x00000000c9800000| Untracked 
| 153|0x00000000c9900000, 0x00000000c9900000, 0x00000000c9a00000|  0%| F|  |TAMS 0x00000000c9900000, 0x00000000c9900000| Untracked 
| 154|0x00000000c9a00000, 0x00000000c9a00000, 0x00000000c9b00000|  0%| F|  |TAMS 0x00000000c9a00000, 0x00000000c9a00000| Untracked 
| 188|0x00000000cbc00000, 0x00000000cbc00000, 0x00000000cbd00000|  0%| F|  |TAMS 0x00000000cbc00000, 0x00000000cbc00000| Untracked 
| 189|0x00000000cbd00000, 0x00000000cbd15d10, 0x00000000cbe00000|  8%| E|  |TAMS 0x00000000cbd00000, 0x00000000cbd00000| Complete 

Card table byte_map: [0x000001a327f00000,0x000001a328100000] _byte_map_base: 0x000001a327900000

Marking Bits (Prev, Next): (CMBitMap*) 0x000001a321f90b20, (CMBitMap*) 0x000001a321f90ae0
 Prev Bits: [0x000001a329300000, 0x000001a32a300000)
 Next Bits: [0x000001a328300000, 0x000001a329300000)

Polling page: 0x000001a31fe70000

Metaspace:

Usage:
  Non-class:     49.45 MB used.
      Class:      6.97 MB used.
       Both:     56.42 MB used.

Virtual space:
  Non-class space:       64.00 MB reserved,      49.94 MB ( 78%) committed,  1 nodes.
      Class space:        1.00 GB reserved,       7.25 MB ( <1%) committed,  1 nodes.
             Both:        1.06 GB reserved,      57.19 MB (  5%) committed. 

Chunk freelists:
   Non-Class:  13.84 MB
       Class:  8.83 MB
        Both:  22.67 MB

MaxMetaspaceSize: unlimited
CompressedClassSpaceSize: 1.00 GB
Initial GC threshold: 21.00 MB
Current GC threshold: 95.25 MB
CDS: off
MetaspaceReclaimPolicy: balanced
 - commit_granule_bytes: 65536.
 - commit_granule_words: 8192.
 - virtual_space_node_default_size: 8388608.
 - enlarge_chunks_in_place: 1.
 - new_chunks_are_fully_committed: 0.
 - uncommit_free_chunks: 1.
 - use_allocation_guard: 0.
 - handle_deallocations: 1.


Internal statistics:

num_allocs_failed_limit: 6.
num_arena_births: 630.
num_arena_deaths: 216.
num_vsnodes_births: 2.
num_vsnodes_deaths: 0.
num_space_committed: 915.
num_space_uncommitted: 0.
num_chunks_returned_to_freelist: 256.
num_chunks_taken_from_freelist: 2427.
num_chunk_merges: 87.
num_chunk_splits: 1714.
num_chunks_enlarged: 1297.
num_inconsistent_stats: 0.

CodeCache: size=49152Kb used=9361Kb max_used=10941Kb free=39791Kb
 bounds [0x000001a324bf0000, 0x000001a3256a0000, 0x000001a327bf0000]
 total_blobs=5840 nmethods=5173 adapters=592
 compilation: enabled
              stopped_count=0, restarted_count=0
 full_count=0

Compilation events (20 events):
Event: 320.320 Thread 0x000001a32cd76740 5168       1       sun.nio.ch.Util::isBufferTooLarge (8 bytes)
Event: 320.320 Thread 0x000001a32cd76740 nmethod 5168 0x000001a32515a690 code [0x000001a32515a820, 0x000001a32515a8f8]
Event: 320.320 Thread 0x000001a32cd76740 5169       1       sun.nio.ch.Util$BufferCache::offerFirst (73 bytes)
Event: 320.320 Thread 0x000001a32cd76740 nmethod 5169 0x000001a32515a190 code [0x000001a32515a340, 0x000001a32515a558]
Event: 320.320 Thread 0x000001a32cd76740 5166       1       java.nio.DirectByteBuffer::base (2 bytes)
Event: 320.320 Thread 0x000001a32cd76740 nmethod 5166 0x000001a325159e90 code [0x000001a32515a020, 0x000001a32515a0f8]
Event: 328.180 Thread 0x000001a32cd76740 5170       1       java.lang.ProcessImpl::needsEscaping (169 bytes)
Event: 328.181 Thread 0x000001a32cd76740 nmethod 5170 0x000001a325159110 code [0x000001a325159360, 0x000001a325159a68]
Event: 328.181 Thread 0x000001a32cd76740 5171       1       java.lang.ProcessImpl::unQuote (40 bytes)
Event: 328.181 Thread 0x000001a32cd76740 nmethod 5171 0x000001a325158c10 code [0x000001a325158dc0, 0x000001a325158f88]
Event: 358.833 Thread 0x000001a32cd76740 5172  s    1       java.io.BufferedOutputStream::flush (12 bytes)
Event: 358.858 Thread 0x000001a32cd76740 nmethod 5172 0x000001a325158790 code [0x000001a325158940, 0x000001a325158b18]
Event: 368.866 Thread 0x000001a32cd76740 5173       1       java.util.concurrent.locks.AbstractQueuedSynchronizer$ConditionObject::canReacquire (38 bytes)
Event: 368.867 Thread 0x000001a32cd76740 nmethod 5173 0x000001a325158390 code [0x000001a325158520, 0x000001a325158698]
Event: 379.211 Thread 0x000001a32cd76740 5174       1       java.util.concurrent.ThreadPoolExecutor::isShutdown (12 bytes)
Event: 379.211 Thread 0x000001a32cd76740 nmethod 5174 0x000001a325158090 code [0x000001a325158220, 0x000001a325158318]
Event: 403.100 Thread 0x000001a32cd76740 5175       1       java.util.concurrent.ScheduledThreadPoolExecutor::canRunInCurrentRunState (61 bytes)
Event: 403.100 Thread 0x000001a32cd76740 nmethod 5175 0x000001a325157a90 code [0x000001a325157c60, 0x000001a325157f38]
Event: 429.918 Thread 0x000001a32cd76740 5176       1       java.lang.invoke.LambdaForm$MH/0x000000010008ec00::invoke (148 bytes)
Event: 429.919 Thread 0x000001a32cd76740 nmethod 5176 0x000001a325157010 code [0x000001a325157240, 0x000001a325157648]

GC Heap History (20 events):
Event: 419.864 GC heap before
{Heap before GC invocations=50 (full 34):
 garbage-first heap   total 81920K, used 35535K [0x00000000c0000000, 0x0000000100000000)
  region size 1024K, 1 young (1024K), 0 survivors (0K)
 Metaspace       used 57769K, committed 58560K, reserved 1114112K
  class space    used 7136K, committed 7424K, reserved 1048576K
}
Event: 419.891 GC heap after
{Heap after GC invocations=51 (full 35):
 garbage-first heap   total 81920K, used 35535K [0x00000000c0000000, 0x0000000100000000)
  region size 1024K, 0 young (0K), 0 survivors (0K)
 Metaspace       used 57769K, committed 58560K, reserved 1114112K
  class space    used 7136K, committed 7424K, reserved 1048576K
}
Event: 430.138 GC heap before
{Heap before GC invocations=51 (full 35):
 garbage-first heap   total 81920K, used 35535K [0x00000000c0000000, 0x0000000100000000)
  region size 1024K, 1 young (1024K), 0 survivors (0K)
 Metaspace       used 57769K, committed 58560K, reserved 1114112K
  class space    used 7136K, committed 7424K, reserved 1048576K
}
Event: 430.200 GC heap after
{Heap after GC invocations=52 (full 36):
 garbage-first heap   total 81920K, used 35535K [0x00000000c0000000, 0x0000000100000000)
  region size 1024K, 0 young (0K), 0 survivors (0K)
 Metaspace       used 57769K, committed 58560K, reserved 1114112K
  class space    used 7136K, committed 7424K, reserved 1048576K
}
Event: 440.350 GC heap before
{Heap before GC invocations=52 (full 36):
 garbage-first heap   total 81920K, used 35535K [0x00000000c0000000, 0x0000000100000000)
  region size 1024K, 1 young (1024K), 0 survivors (0K)
 Metaspace       used 57769K, committed 58560K, reserved 1114112K
  class space    used 7136K, committed 7424K, reserved 1048576K
}
Event: 440.380 GC heap after
{Heap after GC invocations=53 (full 37):
 garbage-first heap   total 81920K, used 35535K [0x00000000c0000000, 0x0000000100000000)
  region size 1024K, 0 young (0K), 0 survivors (0K)
 Metaspace       used 57769K, committed 58560K, reserved 1114112K
  class space    used 7136K, committed 7424K, reserved 1048576K
}
Event: 450.504 GC heap before
{Heap before GC invocations=53 (full 37):
 garbage-first heap   total 81920K, used 35535K [0x00000000c0000000, 0x0000000100000000)
  region size 1024K, 1 young (1024K), 0 survivors (0K)
 Metaspace       used 57769K, committed 58560K, reserved 1114112K
  class space    used 7136K, committed 7424K, reserved 1048576K
}
Event: 450.535 GC heap after
{Heap after GC invocations=54 (full 38):
 garbage-first heap   total 81920K, used 35535K [0x00000000c0000000, 0x0000000100000000)
  region size 1024K, 0 young (0K), 0 survivors (0K)
 Metaspace       used 57769K, committed 58560K, reserved 1114112K
  class space    used 7136K, committed 7424K, reserved 1048576K
}
Event: 460.645 GC heap before
{Heap before GC invocations=54 (full 38):
 garbage-first heap   total 81920K, used 35535K [0x00000000c0000000, 0x0000000100000000)
  region size 1024K, 1 young (1024K), 0 survivors (0K)
 Metaspace       used 57769K, committed 58560K, reserved 1114112K
  class space    used 7136K, committed 7424K, reserved 1048576K
}
Event: 460.668 GC heap after
{Heap after GC invocations=55 (full 39):
 garbage-first heap   total 81920K, used 35535K [0x00000000c0000000, 0x0000000100000000)
  region size 1024K, 0 young (0K), 0 survivors (0K)
 Metaspace       used 57769K, committed 58560K, reserved 1114112K
  class space    used 7136K, committed 7424K, reserved 1048576K
}
Event: 470.882 GC heap before
{Heap before GC invocations=55 (full 39):
 garbage-first heap   total 81920K, used 35535K [0x00000000c0000000, 0x0000000100000000)
  region size 1024K, 1 young (1024K), 0 survivors (0K)
 Metaspace       used 57769K, committed 58560K, reserved 1114112K
  class space    used 7136K, committed 7424K, reserved 1048576K
}
Event: 470.941 GC heap after
{Heap after GC invocations=56 (full 40):
 garbage-first heap   total 81920K, used 35535K [0x00000000c0000000, 0x0000000100000000)
  region size 1024K, 0 young (0K), 0 survivors (0K)
 Metaspace       used 57769K, committed 58560K, reserved 1114112K
  class space    used 7136K, committed 7424K, reserved 1048576K
}
Event: 481.136 GC heap before
{Heap before GC invocations=56 (full 40):
 garbage-first heap   total 81920K, used 35535K [0x00000000c0000000, 0x0000000100000000)
  region size 1024K, 1 young (1024K), 0 survivors (0K)
 Metaspace       used 57769K, committed 58560K, reserved 1114112K
  class space    used 7136K, committed 7424K, reserved 1048576K
}
Event: 481.169 GC heap after
{Heap after GC invocations=57 (full 41):
 garbage-first heap   total 81920K, used 35535K [0x00000000c0000000, 0x0000000100000000)
  region size 1024K, 0 young (0K), 0 survivors (0K)
 Metaspace       used 57769K, committed 58560K, reserved 1114112K
  class space    used 7136K, committed 7424K, reserved 1048576K
}
Event: 491.298 GC heap before
{Heap before GC invocations=57 (full 41):
 garbage-first heap   total 81920K, used 35535K [0x00000000c0000000, 0x0000000100000000)
  region size 1024K, 1 young (1024K), 0 survivors (0K)
 Metaspace       used 57769K, committed 58560K, reserved 1114112K
  class space    used 7136K, committed 7424K, reserved 1048576K
}
Event: 491.328 GC heap after
{Heap after GC invocations=58 (full 42):
 garbage-first heap   total 81920K, used 35535K [0x00000000c0000000, 0x0000000100000000)
  region size 1024K, 0 young (0K), 0 survivors (0K)
 Metaspace       used 57769K, committed 58560K, reserved 1114112K
  class space    used 7136K, committed 7424K, reserved 1048576K
}
Event: 501.431 GC heap before
{Heap before GC invocations=58 (full 42):
 garbage-first heap   total 81920K, used 35535K [0x00000000c0000000, 0x0000000100000000)
  region size 1024K, 1 young (1024K), 0 survivors (0K)
 Metaspace       used 57769K, committed 58560K, reserved 1114112K
  class space    used 7136K, committed 7424K, reserved 1048576K
}
Event: 501.465 GC heap after
{Heap after GC invocations=59 (full 43):
 garbage-first heap   total 81920K, used 35535K [0x00000000c0000000, 0x0000000100000000)
  region size 1024K, 0 young (0K), 0 survivors (0K)
 Metaspace       used 57769K, committed 58560K, reserved 1114112K
  class space    used 7136K, committed 7424K, reserved 1048576K
}
Event: 511.574 GC heap before
{Heap before GC invocations=59 (full 43):
 garbage-first heap   total 81920K, used 35535K [0x00000000c0000000, 0x0000000100000000)
  region size 1024K, 1 young (1024K), 0 survivors (0K)
 Metaspace       used 57769K, committed 58560K, reserved 1114112K
  class space    used 7136K, committed 7424K, reserved 1048576K
}
Event: 511.600 GC heap after
{Heap after GC invocations=60 (full 44):
 garbage-first heap   total 81920K, used 35535K [0x00000000c0000000, 0x0000000100000000)
  region size 1024K, 0 young (0K), 0 survivors (0K)
 Metaspace       used 57769K, committed 58560K, reserved 1114112K
  class space    used 7136K, committed 7424K, reserved 1048576K
}

Dll operation events (10 events):
Event: 0.019 Loaded shared library c:\Users\varma\.vscode\extensions\redhat.java-1.31.0-win32-x64\jre\17.0.11-win32-x86_64\bin\java.dll
Event: 1.107 Loaded shared library C:\Users\varma\.vscode\extensions\redhat.java-1.31.0-win32-x64\jre\17.0.11-win32-x86_64\bin\net.dll
Event: 1.168 Loaded shared library C:\Users\varma\.vscode\extensions\redhat.java-1.31.0-win32-x64\jre\17.0.11-win32-x86_64\bin\nio.dll
Event: 1.237 Loaded shared library C:\Users\varma\.vscode\extensions\redhat.java-1.31.0-win32-x64\jre\17.0.11-win32-x86_64\bin\zip.dll
Event: 2.495 Loaded shared library C:\Users\varma\.vscode\extensions\redhat.java-1.31.0-win32-x64\jre\17.0.11-win32-x86_64\bin\jimage.dll
Event: 7.306 Loaded shared library c:\Users\varma\.vscode\extensions\redhat.java-1.31.0-win32-x64\jre\17.0.11-win32-x86_64\bin\verify.dll
Event: 13.426 Loaded shared library C:\Users\varma\.vscode\extensions\redhat.java-1.31.0-win32-x64\jre\17.0.11-win32-x86_64\bin\management.dll
Event: 13.442 Loaded shared library C:\Users\varma\.vscode\extensions\redhat.java-1.31.0-win32-x64\jre\17.0.11-win32-x86_64\bin\management_ext.dll
Event: 16.161 Loaded shared library C:\Users\varma\.vscode\extensions\redhat.java-1.31.0-win32-x64\jre\17.0.11-win32-x86_64\bin\sunmscapi.dll
Event: 16.957 Loaded shared library C:\Users\varma\.vscode\extensions\redhat.java-1.31.0-win32-x64\jre\17.0.11-win32-x86_64\bin\extnet.dll

Deoptimization events (10 events):
Event: 14.430 Thread 0x000001a33284a020 DEOPT PACKING pc=0x000001a3251aec81 sp=0x00000076a11fdb80
Event: 14.430 Thread 0x000001a33284a020 DEOPT UNPACKING pc=0x000001a324c47143 sp=0x00000076a11fd010 mode 3
Event: 14.512 Thread 0x000001a332877440 DEOPT PACKING pc=0x000001a32518d717 sp=0x00000076a12ff160
Event: 14.512 Thread 0x000001a332877440 DEOPT UNPACKING pc=0x000001a324c47143 sp=0x00000076a12fe5b8 mode 3
Event: 16.316 Thread 0x000001a33292ed90 DEOPT PACKING pc=0x000001a324e67e8c sp=0x00000076a24faa90
Event: 16.316 Thread 0x000001a33292ed90 DEOPT UNPACKING pc=0x000001a324c47143 sp=0x00000076a24f9f58 mode 0
Event: 18.312 Thread 0x000001a33292e880 DEOPT PACKING pc=0x000001a32535a924 sp=0x00000076a1ffece0
Event: 18.312 Thread 0x000001a33292e880 DEOPT UNPACKING pc=0x000001a324c47143 sp=0x00000076a1ffe1c8 mode 0
Event: 18.312 Thread 0x000001a332799e10 DEOPT PACKING pc=0x000001a32535a924 sp=0x00000076a1aff1d0
Event: 18.312 Thread 0x000001a332799e10 DEOPT UNPACKING pc=0x000001a324c47143 sp=0x00000076a1afe6b8 mode 0

Classes unloaded (20 events):
Event: 83.778 Thread 0x000001a32cd50860 Unloading class 0x0000000100094800 'java/lang/invoke/LambdaForm$MH+0x0000000100094800'
Event: 83.778 Thread 0x000001a32cd50860 Unloading class 0x0000000100094400 'java/lang/invoke/LambdaForm$MH+0x0000000100094400'
Event: 83.778 Thread 0x000001a32cd50860 Unloading class 0x000000010008e800 'java/lang/invoke/LambdaForm$MH+0x000000010008e800'
Event: 83.778 Thread 0x000001a32cd50860 Unloading class 0x000000010008e400 'java/lang/invoke/LambdaForm$MH+0x000000010008e400'
Event: 83.778 Thread 0x000001a32cd50860 Unloading class 0x000000010008e000 'java/lang/invoke/LambdaForm$MH+0x000000010008e000'
Event: 83.778 Thread 0x000001a32cd50860 Unloading class 0x000000010008dc00 'java/lang/invoke/LambdaForm$MH+0x000000010008dc00'
Event: 83.778 Thread 0x000001a32cd50860 Unloading class 0x000000010008d800 'java/lang/invoke/LambdaForm$MH+0x000000010008d800'
Event: 83.778 Thread 0x000001a32cd50860 Unloading class 0x000000010008d400 'java/lang/invoke/LambdaForm$MH+0x000000010008d400'
Event: 83.778 Thread 0x000001a32cd50860 Unloading class 0x000000010008cc00 'java/lang/invoke/LambdaForm$MH+0x000000010008cc00'
Event: 83.778 Thread 0x000001a32cd50860 Unloading class 0x000000010008c800 'java/lang/invoke/LambdaForm$MH+0x000000010008c800'
Event: 83.778 Thread 0x000001a32cd50860 Unloading class 0x000000010008c000 'java/lang/invoke/LambdaForm$MH+0x000000010008c000'
Event: 83.778 Thread 0x000001a32cd50860 Unloading class 0x000000010008bc00 'java/lang/invoke/LambdaForm$MH+0x000000010008bc00'
Event: 83.778 Thread 0x000001a32cd50860 Unloading class 0x000000010008ac00 'java/lang/invoke/LambdaForm$MH+0x000000010008ac00'
Event: 83.778 Thread 0x000001a32cd50860 Unloading class 0x000000010008a400 'java/lang/invoke/LambdaForm$MH+0x000000010008a400'
Event: 83.778 Thread 0x000001a32cd50860 Unloading class 0x000000010008a000 'java/lang/invoke/LambdaForm$MH+0x000000010008a000'
Event: 83.778 Thread 0x000001a32cd50860 Unloading class 0x0000000100089c00 'java/lang/invoke/LambdaForm$MH+0x0000000100089c00'
Event: 83.778 Thread 0x000001a32cd50860 Unloading class 0x0000000100089800 'java/lang/invoke/LambdaForm$MH+0x0000000100089800'
Event: 83.778 Thread 0x000001a32cd50860 Unloading class 0x0000000100089400 'java/lang/invoke/LambdaForm$MH+0x0000000100089400'
Event: 83.778 Thread 0x000001a32cd50860 Unloading class 0x0000000100088c00 'java/lang/invoke/LambdaForm$MH+0x0000000100088c00'
Event: 83.778 Thread 0x000001a32cd50860 Unloading class 0x0000000100088400 'java/lang/invoke/LambdaForm$MH+0x0000000100088400'

Classes redefined (0 events):
No events

Internal exceptions (20 events):
Event: 15.575 Thread 0x000001a332798ee0 Exception <a 'sun/nio/fs/WindowsException'{0x00000000c9955090}> (0x00000000c9955090) 
thrown [s\src\hotspot\share\prims\jni.cpp, line 516]
Event: 15.576 Thread 0x000001a332798ee0 Exception <a 'sun/nio/fs/WindowsException'{0x00000000c9955998}> (0x00000000c9955998) 
thrown [s\src\hotspot\share\prims\jni.cpp, line 516]
Event: 15.578 Thread 0x000001a332798ee0 Exception <a 'sun/nio/fs/WindowsException'{0x00000000c9956368}> (0x00000000c9956368) 
thrown [s\src\hotspot\share\prims\jni.cpp, line 516]
Event: 15.579 Thread 0x000001a332798ee0 Exception <a 'sun/nio/fs/WindowsException'{0x00000000c9956da8}> (0x00000000c9956da8) 
thrown [s\src\hotspot\share\prims\jni.cpp, line 516]
Event: 15.668 Thread 0x000001a33292d950 Exception <a 'java/lang/NoSuchMethodError'{0x00000000c98226b0}: 'java.lang.Object java.lang.invoke.DirectMethodHandle$Holder.newInvokeSpecial(java.lang.Object, java.lang.Object, java.lang.Object, java.lang.Object, java.lang.Object, long)'> (0x00000000c98226b0) 
thrown [s\src\hotspot\share\interpreter\linkResolver.cpp, line 759]
Event: 15.669 Thread 0x000001a33292d950 Exception <a 'java/lang/NoSuchMethodError'{0x00000000c97008d0}: 'java.lang.Object java.lang.invoke.DirectMethodHandle$Holder.invokeSpecial(java.lang.Object, java.lang.Object, java.lang.Object, java.lang.Object, java.lang.Object, java.lang.Object, long)'> (0x00000000c97008d0) 
thrown [s\src\hotspot\share\interpreter\linkResolver.cpp, line 759]
Event: 15.739 Thread 0x000001a33292ed90 Exception <a 'java/lang/NoSuchMethodError'{0x00000000c965f140}: 'void java.lang.invoke.DirectMethodHandle$Holder.invokeVirtual(java.lang.Object, java.lang.Object, java.lang.Object, java.lang.Object)'> (0x00000000c965f140) 
thrown [s\src\hotspot\share\interpreter\linkResolver.cpp, line 759]
Event: 16.026 Thread 0x000001a33292ed90 Exception <a 'java/lang/NoSuchMethodError'{0x00000000c3fee8d8}: 'java.lang.Object java.lang.invoke.DirectMethodHandle$Holder.invokeStatic(java.lang.Object, java.lang.Object, int, java.lang.Object)'> (0x00000000c3fee8d8) 
thrown [s\src\hotspot\share\interpreter\linkResolver.cpp, line 759]
Event: 16.027 Thread 0x000001a33292ed90 Exception <a 'java/lang/NoSuchMethodError'{0x00000000c3ff4cb8}: 'java.lang.Object java.lang.invoke.DirectMethodHandle$Holder.newInvokeSpecial(java.lang.Object, java.lang.Object, int)'> (0x00000000c3ff4cb8) 
thrown [s\src\hotspot\share\interpreter\linkResolver.cpp, line 759]
Event: 16.296 Thread 0x000001a33292ed90 Exception <a 'sun/nio/fs/WindowsException'{0x00000000c31406d0}> (0x00000000c31406d0) 
thrown [s\src\hotspot\share\prims\jni.cpp, line 516]
Event: 16.476 Thread 0x000001a33292f7b0 Exception <a 'java/lang/NoSuchMethodError'{0x00000000c9690310}: 'java.lang.Object java.lang.invoke.Invokers$Holder.invoke_MT(java.lang.Object, java.lang.Object, java.lang.Object)'> (0x00000000c9690310) 
thrown [s\src\hotspot\share\interpreter\linkResolver.cpp, line 759]
Event: 17.754 Thread 0x000001a33292f7b0 Exception <a 'java/lang/IncompatibleClassChangeError'{0x00000000c3d88df8}: Found class java.lang.Object, but interface was expected> (0x00000000c3d88df8) 
thrown [s\src\hotspot\share\interpreter\linkResolver.cpp, line 826]
Event: 17.845 Thread 0x000001a33292f7b0 Exception <a 'java/lang/NoSuchMethodError'{0x00000000c48d1350}: 'int java.lang.invoke.DirectMethodHandle$Holder.invokeSpecialIFC(java.lang.Object, java.lang.Object, java.lang.Object)'> (0x00000000c48d1350) 
thrown [s\src\hotspot\share\interpreter\linkResolver.cpp, line 759]
Event: 18.040 Thread 0x000001a33292f7b0 Exception <a 'java/lang/NoSuchMethodError'{0x00000000c41ee118}: 'int java.lang.invoke.DirectMethodHandle$Holder.invokeStatic(java.lang.Object, int, java.lang.Object)'> (0x00000000c41ee118) 
thrown [s\src\hotspot\share\interpreter\linkResolver.cpp, line 759]
Event: 37.249 Thread 0x000001a33292e880 Exception <a 'java/lang/NoSuchMethodError'{0x00000000c42c9c20}: 'int java.lang.invoke.DirectMethodHandle$Holder.invokeVirtual(java.lang.Object, java.lang.Object, int)'> (0x00000000c42c9c20) 
thrown [s\src\hotspot\share\interpreter\linkResolver.cpp, line 759]
Event: 73.369 Thread 0x000001a33280b010 Exception <a 'java/lang/NoSuchMethodError'{0x00000000c42817b0}: 'void java.lang.invoke.DirectMethodHandle$Holder.invokeStatic(java.lang.Object, long)'> (0x00000000c42817b0) 
thrown [s\src\hotspot\share\interpreter\linkResolver.cpp, line 759]
Event: 73.370 Thread 0x000001a33280b010 Exception <a 'java/lang/NoSuchMethodError'{0x00000000c4286b60}: 'java.lang.Object java.lang.invoke.DirectMethodHandle$Holder.newInvokeSpecial(java.lang.Object, long)'> (0x00000000c4286b60) 
thrown [s\src\hotspot\share\interpreter\linkResolver.cpp, line 759]
Event: 319.028 Thread 0x000001a33292de60 Exception <a 'java/io/IOException'{0x00000000cbd529c8}> (0x00000000cbd529c8) 
thrown [s\src\hotspot\share\prims\jni.cpp, line 516]
Event: 319.417 Thread 0x000001a33292d440 Exception <a 'java/io/IOException'{0x00000000cbd5e650}> (0x00000000cbd5e650) 
thrown [s\src\hotspot\share\prims\jni.cpp, line 516]
Event: 320.319 Thread 0x000001a33292baf0 Exception <a 'java/io/IOException'{0x00000000cbd631f0}> (0x00000000cbd631f0) 
thrown [s\src\hotspot\share\prims\jni.cpp, line 516]

VM Operations (20 events):
Event: 421.011 Executing VM operation: HandshakeAllThreads done
Event: 430.138 Executing VM operation: G1CollectFull
Event: 430.201 Executing VM operation: G1CollectFull done
Event: 440.350 Executing VM operation: G1CollectFull
Event: 440.380 Executing VM operation: G1CollectFull done
Event: 450.504 Executing VM operation: G1CollectFull
Event: 450.535 Executing VM operation: G1CollectFull done
Event: 460.645 Executing VM operation: G1CollectFull
Event: 460.668 Executing VM operation: G1CollectFull done
Event: 470.882 Executing VM operation: G1CollectFull
Event: 470.941 Executing VM operation: G1CollectFull done
Event: 481.136 Executing VM operation: G1CollectFull
Event: 481.169 Executing VM operation: G1CollectFull done
Event: 491.298 Executing VM operation: G1CollectFull
Event: 491.328 Executing VM operation: G1CollectFull done
Event: 501.431 Executing VM operation: G1CollectFull
Event: 501.466 Executing VM operation: G1CollectFull done
Event: 511.574 Executing VM operation: G1CollectFull
Event: 511.600 Executing VM operation: G1CollectFull done
Event: 521.633 Executing VM operation: G1CollectFull

Events (20 events):
Event: 319.022 loading class sun/nio/ch/SocketOptionRegistry$LazyInitialization done
Event: 319.022 loading class sun/nio/ch/OptionKey
Event: 319.022 loading class sun/nio/ch/OptionKey done
Event: 319.022 loading class sun/nio/ch/ExtendedSocketOption
Event: 319.022 loading class sun/nio/ch/ExtendedSocketOption done
Event: 319.022 loading class sun/nio/ch/ExtendedSocketOption$1
Event: 319.022 loading class sun/nio/ch/ExtendedSocketOption$1 done
Event: 319.022 loading class sun/security/ssl/Alert
Event: 319.026 loading class sun/security/ssl/Alert done
Event: 319.026 loading class sun/security/ssl/Alert$AlertConsumer
Event: 319.027 loading class sun/security/ssl/Alert$AlertConsumer done
Event: 319.027 loading class sun/security/ssl/Alert$Level
Event: 319.027 loading class sun/security/ssl/Alert$Level done
Event: 319.028 loading class sun/net/ConnectionResetException
Event: 319.028 loading class sun/net/ConnectionResetException done
Event: 379.033 Thread 0x000001a332929c90 Thread exited: 0x000001a332929c90
Event: 379.422 Thread 0x000001a33292d440 Thread exited: 0x000001a33292d440
Event: 379.422 Thread 0x000001a33292a6b0 Thread exited: 0x000001a33292a6b0
Event: 380.320 Thread 0x000001a33292de60 Thread exited: 0x000001a33292de60
Event: 380.336 Thread 0x000001a33292baf0 Thread exited: 0x000001a33292baf0


Dynamic libraries:
0x00007ff7f4590000 - 0x00007ff7f459e000 	c:\Users\varma\.vscode\extensions\redhat.java-1.31.0-win32-x64\jre\17.0.11-win32-x86_64\bin\java.exe
0x00007ffa90e60000 - 0x00007ffa91067000 	C:\WINDOWS\SYSTEM32\ntdll.dll
0x00007ffa8ff30000 - 0x00007ffa8ffed000 	C:\WINDOWS\System32\KERNEL32.DLL
0x00007ffa8e4f0000 - 0x00007ffa8e862000 	C:\WINDOWS\System32\KERNELBASE.dll
0x00007ffa8ec10000 - 0x00007ffa8ed21000 	C:\WINDOWS\System32\ucrtbase.dll
0x00007ffa6e510000 - 0x00007ffa6e527000 	c:\Users\varma\.vscode\extensions\redhat.java-1.31.0-win32-x64\jre\17.0.11-win32-x86_64\bin\jli.dll
0x00007ffa8f300000 - 0x00007ffa8f4ac000 	C:\WINDOWS\System32\USER32.dll
0x00007ffa8e870000 - 0x00007ffa8e896000 	C:\WINDOWS\System32\win32u.dll
0x00007ffa90c90000 - 0x00007ffa90cb9000 	C:\WINDOWS\System32\GDI32.dll
0x00007ffa8e9c0000 - 0x00007ffa8ead2000 	C:\WINDOWS\System32\gdi32full.dll
0x00007ffa8e920000 - 0x00007ffa8e9bd000 	C:\WINDOWS\System32\msvcp_win.dll
0x00007ffa6e240000 - 0x00007ffa6e25b000 	c:\Users\varma\.vscode\extensions\redhat.java-1.31.0-win32-x64\jre\17.0.11-win32-x86_64\bin\VCRUNTIME140.dll
0x00007ffa59d90000 - 0x00007ffa5a035000 	C:\WINDOWS\WinSxS\amd64_microsoft.windows.common-controls_6595b64144ccf1df_6.0.21996.1_none_7d6b053978bcd706\COMCTL32.dll
0x00007ffa8f250000 - 0x00007ffa8f2f3000 	C:\WINDOWS\System32\msvcrt.dll
0x00007ffa8f210000 - 0x00007ffa8f241000 	C:\WINDOWS\System32\IMM32.DLL
0x00007ffa8a800000 - 0x00007ffa8a80c000 	c:\Users\varma\.vscode\extensions\redhat.java-1.31.0-win32-x64\jre\17.0.11-win32-x86_64\bin\vcruntime140_1.dll
0x00007ffa47930000 - 0x00007ffa479bd000 	c:\Users\varma\.vscode\extensions\redhat.java-1.31.0-win32-x64\jre\17.0.11-win32-x86_64\bin\msvcp140.dll
0x00007ffa30f00000 - 0x00007ffa31b62000 	c:\Users\varma\.vscode\extensions\redhat.java-1.31.0-win32-x64\jre\17.0.11-win32-x86_64\bin\server\jvm.dll
0x00007ffa8f840000 - 0x00007ffa8f8ec000 	C:\WINDOWS\System32\ADVAPI32.dll
0x00007ffa909f0000 - 0x00007ffa90a8d000 	C:\WINDOWS\System32\sechost.dll
0x00007ffa8f4b0000 - 0x00007ffa8f5d1000 	C:\WINDOWS\System32\RPCRT4.dll
0x00007ffa8e0b0000 - 0x00007ffa8e0fd000 	C:\WINDOWS\SYSTEM32\POWRPROF.dll
0x00007ffa698e0000 - 0x00007ffa698e9000 	C:\WINDOWS\SYSTEM32\WSOCK32.dll
0x00007ffa8ed30000 - 0x00007ffa8ed9f000 	C:\WINDOWS\System32\WS2_32.dll
0x00007ffa87a60000 - 0x00007ffa87a93000 	C:\WINDOWS\SYSTEM32\WINMM.dll
0x00007ffa879c0000 - 0x00007ffa879ca000 	C:\WINDOWS\SYSTEM32\VERSION.dll
0x00007ffa8e090000 - 0x00007ffa8e0a3000 	C:\WINDOWS\SYSTEM32\UMPDC.dll
0x00007ffa8d4b0000 - 0x00007ffa8d4c7000 	C:\WINDOWS\SYSTEM32\kernel.appcore.dll
0x00007ffa87ae0000 - 0x00007ffa87aea000 	c:\Users\varma\.vscode\extensions\redhat.java-1.31.0-win32-x64\jre\17.0.11-win32-x86_64\bin\jimage.dll
0x00007ffa8bbd0000 - 0x00007ffa8bdf1000 	C:\WINDOWS\SYSTEM32\DBGHELP.DLL
0x00007ffa6e740000 - 0x00007ffa6e771000 	C:\WINDOWS\SYSTEM32\dbgcore.DLL
0x00007ffa8e8a0000 - 0x00007ffa8e920000 	C:\WINDOWS\System32\bcryptPrimitives.dll
0x00007ffa56ff0000 - 0x00007ffa57015000 	c:\Users\varma\.vscode\extensions\redhat.java-1.31.0-win32-x64\jre\17.0.11-win32-x86_64\bin\java.dll
0x00007ffa5c8f0000 - 0x00007ffa5c908000 	c:\Users\varma\.vscode\extensions\redhat.java-1.31.0-win32-x64\jre\17.0.11-win32-x86_64\bin\zip.dll
0x00007ffa900a0000 - 0x00007ffa90809000 	C:\WINDOWS\System32\SHELL32.dll
0x00007ffa8c540000 - 0x00007ffa8cd98000 	C:\WINDOWS\SYSTEM32\windows.storage.dll
0x00007ffa8fbb0000 - 0x00007ffa8ff25000 	C:\WINDOWS\System32\combase.dll
0x00007ffa8c3d0000 - 0x00007ffa8c536000 	C:\WINDOWS\SYSTEM32\wintypes.dll
0x00007ffa90900000 - 0x00007ffa909ea000 	C:\WINDOWS\System32\SHCORE.dll
0x00007ffa908a0000 - 0x00007ffa908fd000 	C:\WINDOWS\System32\shlwapi.dll
0x00007ffa8e2b0000 - 0x00007ffa8e2d1000 	C:\WINDOWS\SYSTEM32\profapi.dll
0x00007ffa5c030000 - 0x00007ffa5c049000 	C:\Users\varma\.vscode\extensions\redhat.java-1.31.0-win32-x64\jre\17.0.11-win32-x86_64\bin\net.dll
0x00007ffa87e30000 - 0x00007ffa87f3c000 	C:\WINDOWS\SYSTEM32\WINHTTP.dll
0x00007ffa8d930000 - 0x00007ffa8d997000 	C:\WINDOWS\system32\mswsock.dll
0x00007ffa58a80000 - 0x00007ffa58a96000 	C:\Users\varma\.vscode\extensions\redhat.java-1.31.0-win32-x64\jre\17.0.11-win32-x86_64\bin\nio.dll
0x00007ffa71dc0000 - 0x00007ffa71dd0000 	c:\Users\varma\.vscode\extensions\redhat.java-1.31.0-win32-x64\jre\17.0.11-win32-x86_64\bin\verify.dll
0x00007ffa8db70000 - 0x00007ffa8db88000 	C:\WINDOWS\SYSTEM32\CRYPTSP.dll
0x00007ffa8d410000 - 0x00007ffa8d445000 	C:\WINDOWS\system32\rsaenh.dll
0x00007ffa8da20000 - 0x00007ffa8da49000 	C:\WINDOWS\SYSTEM32\USERENV.dll
0x00007ffa8dcf0000 - 0x00007ffa8dd17000 	C:\WINDOWS\SYSTEM32\bcrypt.dll
0x00007ffa8db90000 - 0x00007ffa8db9c000 	C:\WINDOWS\SYSTEM32\CRYPTBASE.dll
0x00007ffa8cff0000 - 0x00007ffa8d01d000 	C:\WINDOWS\SYSTEM32\IPHLPAPI.DLL
0x00007ffa8fba0000 - 0x00007ffa8fba9000 	C:\WINDOWS\System32\NSI.dll
0x00007ffa87aa0000 - 0x00007ffa87ab9000 	C:\WINDOWS\SYSTEM32\dhcpcsvc6.DLL
0x00007ffa88410000 - 0x00007ffa8842e000 	C:\WINDOWS\SYSTEM32\dhcpcsvc.DLL
0x00007ffa8d060000 - 0x00007ffa8d145000 	C:\WINDOWS\SYSTEM32\DNSAPI.dll
0x00007ffa6d480000 - 0x00007ffa6d489000 	C:\Users\varma\.vscode\extensions\redhat.java-1.31.0-win32-x64\jre\17.0.11-win32-x86_64\bin\management.dll
0x00007ffa6c170000 - 0x00007ffa6c17b000 	C:\Users\varma\.vscode\extensions\redhat.java-1.31.0-win32-x64\jre\17.0.11-win32-x86_64\bin\management_ext.dll
0x00007ffa90c80000 - 0x00007ffa90c88000 	C:\WINDOWS\System32\PSAPI.DLL
0x00007ffa71a80000 - 0x00007ffa71a8e000 	C:\Users\varma\.vscode\extensions\redhat.java-1.31.0-win32-x64\jre\17.0.11-win32-x86_64\bin\sunmscapi.dll
0x00007ffa8e380000 - 0x00007ffa8e4e5000 	C:\WINDOWS\System32\CRYPT32.dll
0x00007ffa8dcc0000 - 0x00007ffa8dce8000 	C:\WINDOWS\SYSTEM32\ncrypt.dll
0x00007ffa8dc80000 - 0x00007ffa8dcb7000 	C:\WINDOWS\SYSTEM32\NTASN1.dll
0x00007ffa718f0000 - 0x00007ffa718fa000 	C:\Windows\System32\rasadhlp.dll
0x00007ffa86690000 - 0x00007ffa86711000 	C:\WINDOWS\System32\fwpuclnt.dll
0x00007ffa8b4f0000 - 0x00007ffa8b4f9000 	C:\Users\varma\.vscode\extensions\redhat.java-1.31.0-win32-x64\jre\17.0.11-win32-x86_64\bin\extnet.dll

dbghelp: loaded successfully - version: 4.0.5 - missing functions: none
symbol engine: initialized successfully - sym options: 0x614 - pdb path: .;c:\Users\varma\.vscode\extensions\redhat.java-1.31.0-win32-x64\jre\17.0.11-win32-x86_64\bin;C:\WINDOWS\SYSTEM32;C:\WINDOWS\WinSxS\amd64_microsoft.windows.common-controls_6595b64144ccf1df_6.0.21996.1_none_7d6b053978bcd706;c:\Users\varma\.vscode\extensions\redhat.java-1.31.0-win32-x64\jre\17.0.11-win32-x86_64\bin\server

VM Arguments:
jvm_args: -Xmx1024m -Dsts.lsp.client=vscode -Dsts.log.file=/dev/null -XX:TieredStopAtLevel=1 -Xlog:jni+resolve=off -Dspring.config.location=file:c:\Users\varma\.vscode\extensions\vmware.vscode-spring-boot-1.54.0\language-server\BOOT-INF\classes\application.properties 
java_command: org.springframework.ide.vscode.boot.app.BootLanguageServerBootApp
java_class_path (initial): c:\Users\varma\.vscode\extensions\vmware.vscode-spring-boot-1.54.0\language-server\BOOT-INF\classes;c:\Users\varma\.vscode\extensions\vmware.vscode-spring-boot-1.54.0\language-server\BOOT-INF\lib\annotations-24.1.0.jar;c:\Users\varma\.vscode\extensions\vmware.vscode-spring-boot-1.54.0\language-server\BOOT-INF\lib\antlr4-runtime-4.13.1.jar;c:\Users\varma\.vscode\extensions\vmware.vscode-spring-boot-1.54.0\language-server\BOOT-INF\lib\asm-9.7.jar;c:\Users\varma\.vscode\extensions\vmware.vscode-spring-boot-1.54.0\language-server\BOOT-INF\lib\asm-analysis-9.7.jar;c:\Users\varma\.vscode\extensions\vmware.vscode-spring-boot-1.54.0\language-server\BOOT-INF\lib\asm-tree-9.7.jar;c:\Users\varma\.vscode\extensions\vmware.vscode-spring-boot-1.54.0\language-server\BOOT-INF\lib\asm-util-9.7.jar;c:\Users\varma\.vscode\extensions\vmware.vscode-spring-boot-1.54.0\language-server\BOOT-INF\lib\caffeine-3.1.8.jar;c:\Users\varma\.vscode\extensions\vmware.vscode-spring-boot-1.54.0\language-server\BOOT-INF\lib\checker-qual-3.12.0.jar;c:\Users\varma\.vscode\extensions\vmware.vscode-spring-boot-1.54.0\language-server\BOOT-INF\lib\classgraph-4.8.149.jar;c:\Users\varma\.vscode\extensions\vmware.vscode-spring-boot-1.54.0\language-server\BOOT-INF\lib\commons-codec-1.16.1.jar;c:\Users\varma\.vscode\extensions\vmware.vscode-spring-boot-1.54.0\language-server\BOOT-INF\lib\commons-compress-1.26.1.jar;c:\Users\varma\.vscode\extensions\vmware.vscode-spring-boot-1.54.0\language-server\BOOT-INF\lib\commons-io-2.4.jar;c:\Users\varma\.vscode\extensions\vmware.vscode-spring-boot-1.54.0\language-server\BOOT-INF\lib\commons-java-1.54.0-SNAPSHOT.jar;c:\Users\varma\.vscode\extensions\vmware.vscode-spring-boot-1.54.0\language-server\BOOT-INF\lib\commons-lang3-3.13.0.jar;c:\Users\varma\.vscode\extensions\vmware.vscode-spring-boot-1.54.0\language-server\BOOT-INF\lib\commons-language-server-1.54.0-SNAPSHOT.jar;c:\Users\varma\.vscode\extensions\vmware.vscode-spring-boot-1.54.0\language
Launcher Type: SUN_STANDARD

[Global flags]
     intx CICompilerCount                          = 4                                         {product} {ergonomic}
     uint ConcGCThreads                            = 2                                         {product} {ergonomic}
     uint G1ConcRefinementThreads                  = 8                                         {product} {ergonomic}
   size_t G1HeapRegionSize                         = 1048576                                   {product} {ergonomic}
    uintx GCDrainStackTargetSize                   = 64                                        {product} {ergonomic}
   size_t InitialHeapSize                          = 199229440                                 {product} {ergonomic}
   size_t MarkStackSize                            = 4194304                                   {product} {ergonomic}
   size_t MaxHeapSize                              = 1073741824                                {product} {command line}
   size_t MaxNewSize                               = 643825664                                 {product} {ergonomic}
   size_t MinHeapDeltaBytes                        = 1048576                                   {product} {ergonomic}
   size_t MinHeapSize                              = 8388608                                   {product} {ergonomic}
    uintx NonProfiledCodeHeapSize                  = 0                                      {pd product} {ergonomic}
     bool ProfileInterpreter                       = false                                  {pd product} {command line}
    uintx ProfiledCodeHeapSize                     = 0                                      {pd product} {ergonomic}
   size_t SoftMaxHeapSize                          = 1073741824                             {manageable} {ergonomic}
     intx TieredStopAtLevel                        = 1                                         {product} {command line}
     bool UseCompressedClassPointers               = true                           {product lp64_product} {ergonomic}
     bool UseCompressedOops                        = true                           {product lp64_product} {ergonomic}
     bool UseG1GC                                  = true                                      {product} {ergonomic}
     bool UseLargePagesIndividualAllocation        = false                                  {pd product} {ergonomic}

Logging:
Log output configuration:
 #0: stdout all=warning,jni+resolve=off uptime,level,tags
 #1: stderr all=off uptime,level,tags

Environment Variables:
JAVA_HOME=C:\Program Files\Java\jdk-18.0.1.1
CLASSPATH=C:\mysql-connector-j-8.1.0.jar;.;
PATH=C:\Windows\System32;C:\Program Files\nodejs\;C:\Program Files\HP\HP One Agent;C:\Android Emulator;C:\Android Emulator\cmdline-tools\tools;C:\Android Emulator\cmdline-tools\tools\bin;C:\Program Files\Java\jdk-18.0.1.1\bin;C:\Users\varma\AppData\Local\Programs\Microsoft VS Code\bin;C:\Users\varma\AppData\Roaming\npm;C:\Program Files\Git\bin;
USERNAME=varma
OS=Windows_NT
PROCESSOR_IDENTIFIER=Intel64 Family 6 Model 142 Stepping 12, GenuineIntel
TMP=C:\Users\varma\AppData\Local\Temp
TEMP=C:\Users\varma\AppData\Local\Temp



Periodic native trim disabled


---------------  S Y S T E M  ---------------

OS:
 Windows 10 , 64 bit Build 21996 (10.0.21996.1)
OS uptime: 0 days 1:18 hours

CPU: total 8 (initial active 8) (4 cores per cpu, 2 threads per core) family 6 model 142 stepping 12 microcode 0xea, cx8, cmov, fxsr, ht, mmx, 3dnowpref, sse, sse2, sse3, ssse3, sse4.1, sse4.2, popcnt, lzcnt, tsc, tscinvbit, avx, avx2, aes, erms, clmul, bmi1, bmi2, adx, fma, vzeroupper, clflush, clflushopt
Processor Information for all 8 processors :
  Max Mhz: 2112, Current Mhz: 1609, Mhz Limit: 1605

Memory: 4k page, system-wide physical 12091M (678M free)
TotalPageFile size 16091M (AvailPageFile size 5M)
current process WorkingSet (physical memory assigned to process): 205M, peak: 207M
current process commit charge ("private bytes"): 244M, peak: 299M

vm_info: OpenJDK 64-Bit Server VM (17.0.11+9) for windows-amd64 JRE (17.0.11+9), built on Apr 17 2024 06:07:48 by "admin" with MS VC++ 16.10 / 16.11 (VS2019)

END.
