#
# There is insufficient memory for the Java Runtime Environment to continue.
# Native memory allocation (malloc) failed to allocate 907136 bytes. Error detail: Chunk::new
# Possible reasons:
#   The system is out of physical RAM or swap space
#   This process is running with CompressedOops enabled, and the Java Heap may be blocking the growth of the native heap
# Possible solutions:
#   Reduce memory load on the system
#   Increase physical memory or swap space
#   Check if swap backing store is full
#   Decrease Java heap size (-Xmx/-Xms)
#   Decrease number of Java threads
#   Decrease Java thread stack sizes (-Xss)
#   Set larger code cache with -XX:ReservedCodeCacheSize=
#   JVM is running with Zero Based Compressed Oops mode in which the Java heap is
#     placed in the first 32GB address space. The Java Heap base address is the
#     maximum limit for the native heap growth. Please use -XX:HeapBaseMinAddress
#     to set the Java Heap base and to place the Java Heap above 32GB virtual address.
# This output file may be truncated or incomplete.
#
#  Out of Memory Error (arena.cpp:191), pid=18552, tid=4168
#
# JRE version: OpenJDK Runtime Environment Temurin-17.0.11+9 (17.0.11+9) (build 17.0.11+9)
# Java VM: OpenJDK 64-Bit Server VM Temurin-17.0.11+9 (17.0.11+9, mixed mode, tiered, compressed oops, compressed class ptrs, g1 gc, windows-amd64)
# No core dump will be written. Minidumps are not enabled by default on client versions of Windows
#

---------------  S U M M A R Y ------------

Command Line: -XX:+ShowCodeDetailsInExceptionMessages com.vms.medxbid.SpringSecurityJwtApplication

Host: Intel(R) Core(TM) i5-10210U CPU @ 1.60GHz, 8 cores, 11G,  Windows 10 , 64 bit Build 21996 (10.0.21996.1)
Time: Mon Jun  3 11:21:49 2024 India Standard Time elapsed time: 1.928171 seconds (0d 0h 0m 1s)

---------------  T H R E A D  ---------------

Current thread (0x0000028a53058690):  JavaThread "C2 CompilerThread0" daemon [_thread_in_native, id=4168, stack(0x000000e435400000,0x000000e435500000)]


Current CompileTask:
C2:   1928 1603       4       jdk.internal.org.objectweb.asm.Frame::execute (2318 bytes)

Stack: [0x000000e435400000,0x000000e435500000]
Native frames: (J=compiled Java code, j=interpreted, Vv=VM code, C=native code)
V  [jvm.dll+0x67d429]
V  [jvm.dll+0x834b7a]
V  [jvm.dll+0x83663e]
V  [jvm.dll+0x836ca3]
V  [jvm.dll+0x247dbf]
V  [jvm.dll+0xac534]
V  [jvm.dll+0xacb7c]
V  [jvm.dll+0x2af2cf]
V  [jvm.dll+0x5848b7]
V  [jvm.dll+0x222d82]
V  [jvm.dll+0x22317f]
V  [jvm.dll+0x21c2a0]
V  [jvm.dll+0x2197a1]
V  [jvm.dll+0x1a534d]
V  [jvm.dll+0x2295cd]
V  [jvm.dll+0x22779c]
V  [jvm.dll+0x7e9d07]
V  [jvm.dll+0x7e410a]
V  [jvm.dll+0x67c315]
C  [ucrtbase.dll+0x26c0c]
C  [KERNEL32.DLL+0x154e0]
C  [ntdll.dll+0x485b]


---------------  P R O C E S S  ---------------

Threads class SMR info:
_java_thread_list=0x0000028a53f8cd30, length=14, elements={
0x0000028a3338cc70, 0x0000028a4ee23430, 0x0000028a4ee261d0, 0x0000028a4ee28630,
0x0000028a530483c0, 0x0000028a53048c90, 0x0000028a5304b570, 0x0000028a53058690,
0x0000028a5305abc0, 0x0000028a5305d0f0, 0x0000028a531ad890, 0x0000028a531c52c0,
0x0000028a532d4510, 0x0000028a53f00070
}

Java Threads: ( => current thread )
  0x0000028a3338cc70 JavaThread "main" [_thread_in_vm, id=4988, stack(0x000000e434700000,0x000000e434800000)]
  0x0000028a4ee23430 JavaThread "Reference Handler" daemon [_thread_blocked, id=13844, stack(0x000000e434e00000,0x000000e434f00000)]
  0x0000028a4ee261d0 JavaThread "Finalizer" daemon [_thread_blocked, id=6912, stack(0x000000e434f00000,0x000000e435000000)]
  0x0000028a4ee28630 JavaThread "Signal Dispatcher" daemon [_thread_blocked, id=6432, stack(0x000000e435000000,0x000000e435100000)]
  0x0000028a530483c0 JavaThread "Attach Listener" daemon [_thread_blocked, id=15316, stack(0x000000e435100000,0x000000e435200000)]
  0x0000028a53048c90 JavaThread "Service Thread" daemon [_thread_blocked, id=9676, stack(0x000000e435200000,0x000000e435300000)]
  0x0000028a5304b570 JavaThread "Monitor Deflation Thread" daemon [_thread_blocked, id=16368, stack(0x000000e435300000,0x000000e435400000)]
=>0x0000028a53058690 JavaThread "C2 CompilerThread0" daemon [_thread_in_native, id=4168, stack(0x000000e435400000,0x000000e435500000)]
  0x0000028a5305abc0 JavaThread "C1 CompilerThread0" daemon [_thread_blocked, id=12424, stack(0x000000e435500000,0x000000e435600000)]
  0x0000028a5305d0f0 JavaThread "Sweeper thread" daemon [_thread_blocked, id=14116, stack(0x000000e435600000,0x000000e435700000)]
  0x0000028a531ad890 JavaThread "Notification Thread" daemon [_thread_blocked, id=3776, stack(0x000000e435700000,0x000000e435800000)]
  0x0000028a531c52c0 JavaThread "Common-Cleaner" daemon [_thread_blocked, id=4020, stack(0x000000e435900000,0x000000e435a00000)]
  0x0000028a532d4510 JavaThread "C2 CompilerThread1" daemon [_thread_blocked, id=2632, stack(0x000000e435a00000,0x000000e435b00000)]
  0x0000028a53f00070 JavaThread "background-preinit" [_thread_blocked, id=18016, stack(0x000000e435f00000,0x000000e436000000)]

Other Threads:
  0x0000028a4ee1c8d0 VMThread "VM Thread" [stack: 0x000000e434d00000,0x000000e434e00000] [id=11604]
  0x0000028a531c1010 WatcherThread [stack: 0x000000e435800000,0x000000e435900000] [id=10032]
  0x0000028a333ec7f0 GCTaskThread "GC Thread#0" [stack: 0x000000e434800000,0x000000e434900000] [id=5920]
  0x0000028a544e3750 GCTaskThread "GC Thread#1" [stack: 0x000000e435b00000,0x000000e435c00000] [id=3616]
  0x0000028a53dae140 GCTaskThread "GC Thread#2" [stack: 0x000000e435c00000,0x000000e435d00000] [id=18088]
  0x0000028a53dae400 GCTaskThread "GC Thread#3" [stack: 0x000000e435d00000,0x000000e435e00000] [id=17164]
  0x0000028a54053470 GCTaskThread "GC Thread#4" [stack: 0x000000e435e00000,0x000000e435f00000] [id=9544]
  0x0000028a542e8050 GCTaskThread "GC Thread#5" [stack: 0x000000e436000000,0x000000e436100000] [id=12184]
  0x0000028a548b9c60 GCTaskThread "GC Thread#6" [stack: 0x000000e436100000,0x000000e436200000] [id=11688]
  0x0000028a543ae840 GCTaskThread "GC Thread#7" [stack: 0x000000e436200000,0x000000e436300000] [id=9812]
  0x0000028a333f9350 ConcurrentGCThread "G1 Main Marker" [stack: 0x000000e434900000,0x000000e434a00000] [id=9908]
  0x0000028a333f9c80 ConcurrentGCThread "G1 Conc#0" [stack: 0x000000e434a00000,0x000000e434b00000] [id=352]
  0x0000028a3344e7d0 ConcurrentGCThread "G1 Refine#0" [stack: 0x000000e434b00000,0x000000e434c00000] [id=13156]
  0x0000028a4ec94840 ConcurrentGCThread "G1 Service" [stack: 0x000000e434c00000,0x000000e434d00000] [id=18820]

Threads with active compile tasks:
C2 CompilerThread0     1947 1603       4       jdk.internal.org.objectweb.asm.Frame::execute (2318 bytes)
C2 CompilerThread1     1947 1696   !   4       java.util.zip.Inflater::inflate (418 bytes)

VM state: at safepoint (normal execution)

VM Mutex/Monitor currently owned by a thread:  ([mutex/lock_event])
[0x0000028a33387740] Threads_lock - owner thread: 0x0000028a4ee1c8d0
[0x0000028a33388040] Heap_lock - owner thread: 0x0000028a53f00070

Heap address: 0x0000000743000000, size: 3024 MB, Compressed Oops mode: Zero based, Oop shift amount: 3

CDS archive(s) not mapped
Compressed class space mapped at: 0x0000000800000000-0x0000000840000000, reserved size: 1073741824
Narrow klass base: 0x0000000800000000, Narrow klass shift: 0, Narrow klass range: 0x40000000

GC Precious Log:
 CPUs: 8 total, 8 available
 Memory: 12091M
 Large Page Support: Disabled
 NUMA Support: Disabled
 Compressed Oops: Enabled (Zero based)
 Heap Region Size: 2M
 Heap Min Capacity: 8M
 Heap Initial Capacity: 190M
 Heap Max Capacity: 3024M
 Pre-touch: Disabled
 Parallel Workers: 8
 Concurrent Workers: 2
 Concurrent Refinement Workers: 8
 Periodic GC: Disabled

Heap:
 garbage-first heap   total 194560K, used 15879K [0x0000000743000000, 0x0000000800000000)
  region size 2048K, 5 young (10240K), 1 survivors (2048K)
 Metaspace       used 21277K, committed 21504K, reserved 1114112K
  class space    used 2453K, committed 2560K, reserved 1048576K

Heap Regions: E=young(eden), S=young(survivor), O=old, HS=humongous(starts), HC=humongous(continues), CS=collection set, F=free, OA=open archive, CA=closed archive, TAMS=top-at-mark-start (previous, next)
|   0|0x0000000743000000, 0x0000000743200000, 0x0000000743200000|100%| O|  |TAMS 0x0000000743000000, 0x0000000743200000| Untracked 
|   1|0x0000000743200000, 0x0000000743400000, 0x0000000743400000|100%| O|  |TAMS 0x0000000743200000, 0x0000000743400000| Untracked 
|   2|0x0000000743400000, 0x0000000743600000, 0x0000000743600000|100%| O|  |TAMS 0x0000000743400000, 0x0000000743600000| Untracked 
|   3|0x0000000743600000, 0x0000000743654c00, 0x0000000743800000| 16%| O|  |TAMS 0x0000000743600000, 0x0000000743654c00| Untracked 
|   4|0x0000000743800000, 0x0000000743800000, 0x0000000743a00000|  0%| F|  |TAMS 0x0000000743800000, 0x0000000743800000| Untracked 
|   5|0x0000000743a00000, 0x0000000743a00000, 0x0000000743c00000|  0%| F|  |TAMS 0x0000000743a00000, 0x0000000743a00000| Untracked 
|   6|0x0000000743c00000, 0x0000000743c00000, 0x0000000743e00000|  0%| F|  |TAMS 0x0000000743c00000, 0x0000000743c00000| Untracked 
|   7|0x0000000743e00000, 0x0000000743e00000, 0x0000000744000000|  0%| F|  |TAMS 0x0000000743e00000, 0x0000000743e00000| Untracked 
|   8|0x0000000744000000, 0x0000000744000000, 0x0000000744200000|  0%| F|  |TAMS 0x0000000744000000, 0x0000000744000000| Untracked 
|   9|0x0000000744200000, 0x0000000744200000, 0x0000000744400000|  0%| F|  |TAMS 0x0000000744200000, 0x0000000744200000| Untracked 
|  10|0x0000000744400000, 0x0000000744400000, 0x0000000744600000|  0%| F|  |TAMS 0x0000000744400000, 0x0000000744400000| Untracked 
|  11|0x0000000744600000, 0x0000000744600000, 0x0000000744800000|  0%| F|  |TAMS 0x0000000744600000, 0x0000000744600000| Untracked 
|  12|0x0000000744800000, 0x0000000744800000, 0x0000000744a00000|  0%| F|  |TAMS 0x0000000744800000, 0x0000000744800000| Untracked 
|  13|0x0000000744a00000, 0x0000000744a00000, 0x0000000744c00000|  0%| F|  |TAMS 0x0000000744a00000, 0x0000000744a00000| Untracked 
|  14|0x0000000744c00000, 0x0000000744c00000, 0x0000000744e00000|  0%| F|  |TAMS 0x0000000744c00000, 0x0000000744c00000| Untracked 
|  15|0x0000000744e00000, 0x0000000744e00000, 0x0000000745000000|  0%| F|  |TAMS 0x0000000744e00000, 0x0000000744e00000| Untracked 
|  16|0x0000000745000000, 0x0000000745000000, 0x0000000745200000|  0%| F|  |TAMS 0x0000000745000000, 0x0000000745000000| Untracked 
|  17|0x0000000745200000, 0x0000000745200000, 0x0000000745400000|  0%| F|  |TAMS 0x0000000745200000, 0x0000000745200000| Untracked 
|  18|0x0000000745400000, 0x0000000745400000, 0x0000000745600000|  0%| F|  |TAMS 0x0000000745400000, 0x0000000745400000| Untracked 
|  19|0x0000000745600000, 0x0000000745600000, 0x0000000745800000|  0%| F|  |TAMS 0x0000000745600000, 0x0000000745600000| Untracked 
|  20|0x0000000745800000, 0x0000000745800000, 0x0000000745a00000|  0%| F|  |TAMS 0x0000000745800000, 0x0000000745800000| Untracked 
|  21|0x0000000745a00000, 0x0000000745a00000, 0x0000000745c00000|  0%| F|  |TAMS 0x0000000745a00000, 0x0000000745a00000| Untracked 
|  22|0x0000000745c00000, 0x0000000745c00000, 0x0000000745e00000|  0%| F|  |TAMS 0x0000000745c00000, 0x0000000745c00000| Untracked 
|  23|0x0000000745e00000, 0x0000000745e00000, 0x0000000746000000|  0%| F|  |TAMS 0x0000000745e00000, 0x0000000745e00000| Untracked 
|  24|0x0000000746000000, 0x0000000746000000, 0x0000000746200000|  0%| F|  |TAMS 0x0000000746000000, 0x0000000746000000| Untracked 
|  25|0x0000000746200000, 0x0000000746200000, 0x0000000746400000|  0%| F|  |TAMS 0x0000000746200000, 0x0000000746200000| Untracked 
|  26|0x0000000746400000, 0x0000000746400000, 0x0000000746600000|  0%| F|  |TAMS 0x0000000746400000, 0x0000000746400000| Untracked 
|  27|0x0000000746600000, 0x0000000746600000, 0x0000000746800000|  0%| F|  |TAMS 0x0000000746600000, 0x0000000746600000| Untracked 
|  28|0x0000000746800000, 0x0000000746800000, 0x0000000746a00000|  0%| F|  |TAMS 0x0000000746800000, 0x0000000746800000| Untracked 
|  29|0x0000000746a00000, 0x0000000746a00000, 0x0000000746c00000|  0%| F|  |TAMS 0x0000000746a00000, 0x0000000746a00000| Untracked 
|  30|0x0000000746c00000, 0x0000000746c00000, 0x0000000746e00000|  0%| F|  |TAMS 0x0000000746c00000, 0x0000000746c00000| Untracked 
|  31|0x0000000746e00000, 0x0000000746e00000, 0x0000000747000000|  0%| F|  |TAMS 0x0000000746e00000, 0x0000000746e00000| Untracked 
|  32|0x0000000747000000, 0x0000000747000000, 0x0000000747200000|  0%| F|  |TAMS 0x0000000747000000, 0x0000000747000000| Untracked 
|  33|0x0000000747200000, 0x0000000747200000, 0x0000000747400000|  0%| F|  |TAMS 0x0000000747200000, 0x0000000747200000| Untracked 
|  34|0x0000000747400000, 0x0000000747400000, 0x0000000747600000|  0%| F|  |TAMS 0x0000000747400000, 0x0000000747400000| Untracked 
|  35|0x0000000747600000, 0x0000000747600000, 0x0000000747800000|  0%| F|  |TAMS 0x0000000747600000, 0x0000000747600000| Untracked 
|  36|0x0000000747800000, 0x0000000747800000, 0x0000000747a00000|  0%| F|  |TAMS 0x0000000747800000, 0x0000000747800000| Untracked 
|  37|0x0000000747a00000, 0x0000000747a00000, 0x0000000747c00000|  0%| F|  |TAMS 0x0000000747a00000, 0x0000000747a00000| Untracked 
|  38|0x0000000747c00000, 0x0000000747c00000, 0x0000000747e00000|  0%| F|  |TAMS 0x0000000747c00000, 0x0000000747c00000| Untracked 
|  39|0x0000000747e00000, 0x0000000747e00000, 0x0000000748000000|  0%| F|  |TAMS 0x0000000747e00000, 0x0000000747e00000| Untracked 
|  40|0x0000000748000000, 0x0000000748000000, 0x0000000748200000|  0%| F|  |TAMS 0x0000000748000000, 0x0000000748000000| Untracked 
|  41|0x0000000748200000, 0x0000000748200000, 0x0000000748400000|  0%| F|  |TAMS 0x0000000748200000, 0x0000000748200000| Untracked 
|  42|0x0000000748400000, 0x0000000748400000, 0x0000000748600000|  0%| F|  |TAMS 0x0000000748400000, 0x0000000748400000| Untracked 
|  43|0x0000000748600000, 0x0000000748600000, 0x0000000748800000|  0%| F|  |TAMS 0x0000000748600000, 0x0000000748600000| Untracked 
|  44|0x0000000748800000, 0x0000000748800000, 0x0000000748a00000|  0%| F|  |TAMS 0x0000000748800000, 0x0000000748800000| Untracked 
|  45|0x0000000748a00000, 0x0000000748a00000, 0x0000000748c00000|  0%| F|  |TAMS 0x0000000748a00000, 0x0000000748a00000| Untracked 
|  46|0x0000000748c00000, 0x0000000748c00000, 0x0000000748e00000|  0%| F|  |TAMS 0x0000000748c00000, 0x0000000748c00000| Untracked 
|  47|0x0000000748e00000, 0x0000000748e00000, 0x0000000749000000|  0%| F|  |TAMS 0x0000000748e00000, 0x0000000748e00000| Untracked 
|  48|0x0000000749000000, 0x0000000749000000, 0x0000000749200000|  0%| F|  |TAMS 0x0000000749000000, 0x0000000749000000| Untracked 
|  49|0x0000000749200000, 0x0000000749200000, 0x0000000749400000|  0%| F|  |TAMS 0x0000000749200000, 0x0000000749200000| Untracked 
|  50|0x0000000749400000, 0x0000000749400000, 0x0000000749600000|  0%| F|  |TAMS 0x0000000749400000, 0x0000000749400000| Untracked 
|  51|0x0000000749600000, 0x0000000749600000, 0x0000000749800000|  0%| F|  |TAMS 0x0000000749600000, 0x0000000749600000| Untracked 
|  52|0x0000000749800000, 0x0000000749800000, 0x0000000749a00000|  0%| F|  |TAMS 0x0000000749800000, 0x0000000749800000| Untracked 
|  53|0x0000000749a00000, 0x0000000749a00000, 0x0000000749c00000|  0%| F|  |TAMS 0x0000000749a00000, 0x0000000749a00000| Untracked 
|  54|0x0000000749c00000, 0x0000000749c00000, 0x0000000749e00000|  0%| F|  |TAMS 0x0000000749c00000, 0x0000000749c00000| Untracked 
|  55|0x0000000749e00000, 0x0000000749e00000, 0x000000074a000000|  0%| F|  |TAMS 0x0000000749e00000, 0x0000000749e00000| Untracked 
|  56|0x000000074a000000, 0x000000074a000000, 0x000000074a200000|  0%| F|  |TAMS 0x000000074a000000, 0x000000074a000000| Untracked 
|  57|0x000000074a200000, 0x000000074a200000, 0x000000074a400000|  0%| F|  |TAMS 0x000000074a200000, 0x000000074a200000| Untracked 
|  58|0x000000074a400000, 0x000000074a400000, 0x000000074a600000|  0%| F|  |TAMS 0x000000074a400000, 0x000000074a400000| Untracked 
|  59|0x000000074a600000, 0x000000074a600000, 0x000000074a800000|  0%| F|  |TAMS 0x000000074a600000, 0x000000074a600000| Untracked 
|  60|0x000000074a800000, 0x000000074a800000, 0x000000074aa00000|  0%| F|  |TAMS 0x000000074a800000, 0x000000074a800000| Untracked 
|  61|0x000000074aa00000, 0x000000074aa00000, 0x000000074ac00000|  0%| F|  |TAMS 0x000000074aa00000, 0x000000074aa00000| Untracked 
|  62|0x000000074ac00000, 0x000000074ac00000, 0x000000074ae00000|  0%| F|  |TAMS 0x000000074ac00000, 0x000000074ac00000| Untracked 
|  63|0x000000074ae00000, 0x000000074ae00000, 0x000000074b000000|  0%| F|  |TAMS 0x000000074ae00000, 0x000000074ae00000| Untracked 
|  64|0x000000074b000000, 0x000000074b000000, 0x000000074b200000|  0%| F|  |TAMS 0x000000074b000000, 0x000000074b000000| Untracked 
|  65|0x000000074b200000, 0x000000074b200000, 0x000000074b400000|  0%| F|  |TAMS 0x000000074b200000, 0x000000074b200000| Untracked 
|  66|0x000000074b400000, 0x000000074b400000, 0x000000074b600000|  0%| F|  |TAMS 0x000000074b400000, 0x000000074b400000| Untracked 
|  67|0x000000074b600000, 0x000000074b600000, 0x000000074b800000|  0%| F|  |TAMS 0x000000074b600000, 0x000000074b600000| Untracked 
|  68|0x000000074b800000, 0x000000074b800000, 0x000000074ba00000|  0%| F|  |TAMS 0x000000074b800000, 0x000000074b800000| Untracked 
|  69|0x000000074ba00000, 0x000000074ba00000, 0x000000074bc00000|  0%| F|  |TAMS 0x000000074ba00000, 0x000000074ba00000| Untracked 
|  70|0x000000074bc00000, 0x000000074bc00000, 0x000000074be00000|  0%| F|  |TAMS 0x000000074bc00000, 0x000000074bc00000| Untracked 
|  71|0x000000074be00000, 0x000000074be00000, 0x000000074c000000|  0%| F|  |TAMS 0x000000074be00000, 0x000000074be00000| Untracked 
|  72|0x000000074c000000, 0x000000074c000000, 0x000000074c200000|  0%| F|  |TAMS 0x000000074c000000, 0x000000074c000000| Untracked 
|  73|0x000000074c200000, 0x000000074c200000, 0x000000074c400000|  0%| F|  |TAMS 0x000000074c200000, 0x000000074c200000| Untracked 
|  74|0x000000074c400000, 0x000000074c400000, 0x000000074c600000|  0%| F|  |TAMS 0x000000074c400000, 0x000000074c400000| Untracked 
|  75|0x000000074c600000, 0x000000074c600000, 0x000000074c800000|  0%| F|  |TAMS 0x000000074c600000, 0x000000074c600000| Untracked 
|  76|0x000000074c800000, 0x000000074c800000, 0x000000074ca00000|  0%| F|  |TAMS 0x000000074c800000, 0x000000074c800000| Untracked 
|  77|0x000000074ca00000, 0x000000074ca00000, 0x000000074cc00000|  0%| F|  |TAMS 0x000000074ca00000, 0x000000074ca00000| Untracked 
|  78|0x000000074cc00000, 0x000000074cc00000, 0x000000074ce00000|  0%| F|  |TAMS 0x000000074cc00000, 0x000000074cc00000| Untracked 
|  79|0x000000074ce00000, 0x000000074ce33a70, 0x000000074d000000|  0%| F|CS|TAMS 0x000000074ce00000, 0x000000074ce00000| Untracked 
|  80|0x000000074d000000, 0x000000074d000000, 0x000000074d200000|  0%| F|CS|TAMS 0x000000074d000000, 0x000000074d000000| Untracked 
|  81|0x000000074d200000, 0x000000074d200000, 0x000000074d400000|  0%| F|  |TAMS 0x000000074d200000, 0x000000074d200000| Untracked 
|  82|0x000000074d400000, 0x000000074d400000, 0x000000074d600000|  0%| F|  |TAMS 0x000000074d400000, 0x000000074d400000| Untracked 
|  83|0x000000074d600000, 0x000000074d600000, 0x000000074d800000|  0%| F|  |TAMS 0x000000074d600000, 0x000000074d600000| Untracked 
|  84|0x000000074d800000, 0x000000074d800000, 0x000000074da00000|  0%| F|  |TAMS 0x000000074d800000, 0x000000074d800000| Untracked 
|  85|0x000000074da00000, 0x000000074da00000, 0x000000074dc00000|  0%| F|  |TAMS 0x000000074da00000, 0x000000074da00000| Untracked 
|  86|0x000000074dc00000, 0x000000074dc00000, 0x000000074de00000|  0%| F|  |TAMS 0x000000074dc00000, 0x000000074dc00000| Untracked 
|  87|0x000000074de00000, 0x000000074de00000, 0x000000074e000000|  0%| F|  |TAMS 0x000000074de00000, 0x000000074de00000| Untracked 
|  88|0x000000074e000000, 0x000000074e000000, 0x000000074e200000|  0%| F|  |TAMS 0x000000074e000000, 0x000000074e000000| Untracked 
|  89|0x000000074e200000, 0x000000074e265700, 0x000000074e400000| 19%| S|CS|TAMS 0x000000074e200000, 0x000000074e200000| Complete 
|  90|0x000000074e400000, 0x000000074e600000, 0x000000074e600000|100%| S|CS|TAMS 0x000000074e400000, 0x000000074e400000| Complete 
|  91|0x000000074e600000, 0x000000074e600000, 0x000000074e800000|  0%| F|  |TAMS 0x000000074e600000, 0x000000074e600000| Untracked 
|  92|0x000000074e800000, 0x000000074e800000, 0x000000074ea00000|  0%| F|  |TAMS 0x000000074e800000, 0x000000074e800000| Untracked 
|  93|0x000000074ea00000, 0x000000074ea00000, 0x000000074ec00000|  0%| F|  |TAMS 0x000000074ea00000, 0x000000074ea00000| Untracked 
|  94|0x000000074ec00000, 0x000000074ec00000, 0x000000074ee00000|  0%| F|  |TAMS 0x000000074ec00000, 0x000000074ec00000| Untracked 

Card table byte_map: [0x0000028a45950000,0x0000028a45f40000] _byte_map_base: 0x0000028a41f38000

Marking Bits (Prev, Next): (CMBitMap*) 0x0000028a333ecd20, (CMBitMap*) 0x0000028a333ecd60
 Prev Bits: [0x0000028a46530000, 0x0000028a49470000)
 Next Bits: [0x0000028a49470000, 0x0000028a4c3b0000)

Polling page: 0x0000028a32b50000

Metaspace:

Usage:
  Non-class:     18.39 MB used.
      Class:      2.40 MB used.
       Both:     20.78 MB used.

Virtual space:
  Non-class space:       64.00 MB reserved,      18.56 MB ( 29%) committed,  1 nodes.
      Class space:        1.00 GB reserved,       2.50 MB ( <1%) committed,  1 nodes.
             Both:        1.06 GB reserved,      21.06 MB (  2%) committed. 

Chunk freelists:
   Non-Class:  12.92 MB
       Class:  13.39 MB
        Both:  26.31 MB

MaxMetaspaceSize: unlimited
CompressedClassSpaceSize: 1.00 GB
Initial GC threshold: 21.00 MB
Current GC threshold: 21.31 MB
CDS: off
MetaspaceReclaimPolicy: balanced
 - commit_granule_bytes: 65536.
 - commit_granule_words: 8192.
 - virtual_space_node_default_size: 8388608.
 - enlarge_chunks_in_place: 1.
 - new_chunks_are_fully_committed: 0.
 - uncommit_free_chunks: 1.
 - use_allocation_guard: 0.
 - handle_deallocations: 1.


Internal statistics:

num_allocs_failed_limit: 3.
num_arena_births: 182.
num_arena_deaths: 0.
num_vsnodes_births: 2.
num_vsnodes_deaths: 0.
num_space_committed: 337.
num_space_uncommitted: 0.
num_chunks_returned_to_freelist: 3.
num_chunks_taken_from_freelist: 626.
num_chunk_merges: 3.
num_chunk_splits: 433.
num_chunks_enlarged: 343.
num_inconsistent_stats: 0.

CodeHeap 'non-profiled nmethods': size=120000Kb used=661Kb max_used=661Kb free=119338Kb
 bounds [0x0000028a3db00000, 0x0000028a3dd70000, 0x0000028a45030000]
CodeHeap 'profiled nmethods': size=120000Kb used=3241Kb max_used=3241Kb free=116758Kb
 bounds [0x0000028a36030000, 0x0000028a36360000, 0x0000028a3d560000]
CodeHeap 'non-nmethods': size=5760Kb used=1185Kb max_used=1209Kb free=4574Kb
 bounds [0x0000028a3d560000, 0x0000028a3d7d0000, 0x0000028a3db00000]
 total_blobs=2204 nmethods=1719 adapters=397
 compilation: enabled
              stopped_count=0, restarted_count=0
 full_count=0

Compilation events (20 events):
Event: 1.904 Thread 0x0000028a532d4510 1691 % !   4       java.util.concurrent.ConcurrentHashMap::transfer @ 372 (850 bytes)
Event: 1.909 Thread 0x0000028a5305abc0 1692       1       java.lang.invoke.MethodHandleImpl$IntrinsicMethodHandle::getTarget (5 bytes)
Event: 1.909 Thread 0x0000028a5305abc0 nmethod 1692 0x0000028a3dba2290 code [0x0000028a3dba2420, 0x0000028a3dba24f8]
Event: 1.915 Thread 0x0000028a5305abc0 1693       3       java.lang.PublicMethods$Key::hashCode (19 bytes)
Event: 1.915 Thread 0x0000028a5305abc0 nmethod 1693 0x0000028a36345e10 code [0x0000028a36345fc0, 0x0000028a36346158]
Event: 1.915 Thread 0x0000028a5305abc0 1694       3       jdk.internal.reflect.ReflectionFactory::getExecutableSharedParameterTypes (11 bytes)
Event: 1.915 Thread 0x0000028a5305abc0 nmethod 1694 0x0000028a36346210 code [0x0000028a363463c0, 0x0000028a36346628]
Event: 1.915 Thread 0x0000028a5305abc0 1695       3       java.lang.reflect.ReflectAccess::getExecutableSharedParameterTypes (5 bytes)
Event: 1.915 Thread 0x0000028a5305abc0 nmethod 1695 0x0000028a36346790 code [0x0000028a36346940, 0x0000028a36346b08]
Event: 1.915 Thread 0x0000028a5305abc0 1697       3       java.lang.reflect.Method::<init> (68 bytes)
Event: 1.916 Thread 0x0000028a5305abc0 nmethod 1697 0x0000028a36346c10 code [0x0000028a36346de0, 0x0000028a363473d8]
Event: 1.916 Thread 0x0000028a5305abc0 1698       3       java.lang.StringLatin1::getChar (9 bytes)
Event: 1.916 Thread 0x0000028a5305abc0 nmethod 1698 0x0000028a36347510 code [0x0000028a363476a0, 0x0000028a363477b8]
Event: 1.918 Thread 0x0000028a5305abc0 1700       3       java.lang.reflect.Method::copy (84 bytes)
Event: 1.918 Thread 0x0000028a5305abc0 nmethod 1700 0x0000028a36347890 code [0x0000028a36347a60, 0x0000028a36347eb8]
Event: 1.919 Thread 0x0000028a5305abc0 1701       3       java.lang.Class::getInterfaces (6 bytes)
Event: 1.919 Thread 0x0000028a5305abc0 nmethod 1701 0x0000028a36348010 code [0x0000028a363481a0, 0x0000028a363482e8]
Event: 1.919 Thread 0x0000028a5305abc0 1702       3       java.lang.Class::getGenericInfo (52 bytes)
Event: 1.920 Thread 0x0000028a5305abc0 nmethod 1702 0x0000028a36348390 code [0x0000028a36348620, 0x0000028a36349408]
Event: 1.920 Thread 0x0000028a5305abc0 1703       3       org.springframework.core.ResolvableType::asVariableResolver (18 bytes)

GC Heap History (4 events):
Event: 1.167 GC heap before
{Heap before GC invocations=0 (full 0):
 garbage-first heap   total 194560K, used 22528K [0x0000000743000000, 0x0000000800000000)
  region size 2048K, 11 young (22528K), 0 survivors (0K)
 Metaspace       used 12512K, committed 12672K, reserved 1114112K
  class space    used 1365K, committed 1472K, reserved 1048576K
}
Event: 1.174 GC heap after
{Heap after GC invocations=1 (full 0):
 garbage-first heap   total 194560K, used 6480K [0x0000000743000000, 0x0000000800000000)
  region size 2048K, 2 young (4096K), 2 survivors (4096K)
 Metaspace       used 12512K, committed 12672K, reserved 1114112K
  class space    used 1365K, committed 1472K, reserved 1048576K
}
Event: 1.872 GC heap before
{Heap before GC invocations=1 (full 0):
 garbage-first heap   total 194560K, used 31056K [0x0000000743000000, 0x0000000800000000)
  region size 2048K, 14 young (28672K), 2 survivors (4096K)
 Metaspace       used 19788K, committed 19968K, reserved 1114112K
  class space    used 2247K, committed 2304K, reserved 1048576K
}
Event: 1.879 GC heap after
{Heap after GC invocations=2 (full 0):
 garbage-first heap   total 194560K, used 8737K [0x0000000743000000, 0x0000000800000000)
  region size 2048K, 2 young (4096K), 2 survivors (4096K)
 Metaspace       used 19788K, committed 19968K, reserved 1114112K
  class space    used 2247K, committed 2304K, reserved 1048576K
}

Dll operation events (5 events):
Event: 0.006 Loaded shared library C:\Users\varma\.vscode\extensions\redhat.java-1.31.0-win32-x64\jre\17.0.11-win32-x86_64\bin\java.dll
Event: 0.139 Loaded shared library C:\Users\varma\.vscode\extensions\redhat.java-1.31.0-win32-x64\jre\17.0.11-win32-x86_64\bin\net.dll
Event: 0.141 Loaded shared library C:\Users\varma\.vscode\extensions\redhat.java-1.31.0-win32-x64\jre\17.0.11-win32-x86_64\bin\nio.dll
Event: 0.147 Loaded shared library C:\Users\varma\.vscode\extensions\redhat.java-1.31.0-win32-x64\jre\17.0.11-win32-x86_64\bin\zip.dll
Event: 0.287 Loaded shared library C:\Users\varma\.vscode\extensions\redhat.java-1.31.0-win32-x64\jre\17.0.11-win32-x86_64\bin\jimage.dll

Deoptimization events (20 events):
Event: 1.838 Thread 0x0000028a53f00070 DEOPT PACKING pc=0x0000028a362e4718 sp=0x000000e435ffadd0
Event: 1.839 Thread 0x0000028a53f00070 DEOPT UNPACKING pc=0x0000028a3d5b7143 sp=0x000000e435ffa2d8 mode 0
Event: 1.883 Thread 0x0000028a53f00070 DEOPT PACKING pc=0x0000028a362e4718 sp=0x000000e435ffa220
Event: 1.883 Thread 0x0000028a53f00070 DEOPT UNPACKING pc=0x0000028a3d5b7143 sp=0x000000e435ff9728 mode 0
Event: 1.885 Thread 0x0000028a3338cc70 Uncommon trap: trap_request=0xffffff45 fr.pc=0x0000028a3db728b0 relative=0x0000000000001110
Event: 1.885 Thread 0x0000028a3338cc70 Uncommon trap: reason=unstable_if action=reinterpret pc=0x0000028a3db728b0 method=java.util.concurrent.ConcurrentHashMap.putVal(Ljava/lang/Object;Ljava/lang/Object;Z)Ljava/lang/Object; @ 231 c2
Event: 1.885 Thread 0x0000028a3338cc70 DEOPT PACKING pc=0x0000028a3db728b0 sp=0x000000e4347fe920
Event: 1.885 Thread 0x0000028a3338cc70 DEOPT UNPACKING pc=0x0000028a3d5b69a3 sp=0x000000e4347fe890 mode 2
Event: 1.904 Thread 0x0000028a3338cc70 Uncommon trap: trap_request=0xffffff45 fr.pc=0x0000028a3db96300 relative=0x00000000000001c0
Event: 1.904 Thread 0x0000028a3338cc70 Uncommon trap: reason=unstable_if action=reinterpret pc=0x0000028a3db96300 method=java.util.concurrent.ConcurrentHashMap.addCount(JI)V @ 171 c2
Event: 1.904 Thread 0x0000028a3338cc70 DEOPT PACKING pc=0x0000028a3db96300 sp=0x000000e4347fd2a0
Event: 1.904 Thread 0x0000028a3338cc70 DEOPT UNPACKING pc=0x0000028a3d5b69a3 sp=0x000000e4347fd1e0 mode 2
Event: 1.904 Thread 0x0000028a3338cc70 Uncommon trap: trap_request=0xffffff45 fr.pc=0x0000028a3db9ae50 relative=0x00000000000012f0
Event: 1.904 Thread 0x0000028a3338cc70 Uncommon trap: reason=unstable_if action=reinterpret pc=0x0000028a3db9ae50 method=java.util.concurrent.ConcurrentHashMap.transfer([Ljava/util/concurrent/ConcurrentHashMap$Node;[Ljava/util/concurrent/ConcurrentHashMap$Node;)V @ 273 c2
Event: 1.904 Thread 0x0000028a3338cc70 DEOPT PACKING pc=0x0000028a3db9ae50 sp=0x000000e4347fd120
Event: 1.904 Thread 0x0000028a3338cc70 DEOPT UNPACKING pc=0x0000028a3d5b69a3 sp=0x000000e4347fd0a8 mode 2
Event: 1.915 Thread 0x0000028a3338cc70 Uncommon trap: trap_request=0xffffffde fr.pc=0x0000028a3dba0284 relative=0x0000000000000344
Event: 1.915 Thread 0x0000028a3338cc70 Uncommon trap: reason=class_check action=maybe_recompile pc=0x0000028a3dba0284 method=java.util.HashMap.getNode(Ljava/lang/Object;)Ljava/util/HashMap$Node; @ 128 c2
Event: 1.915 Thread 0x0000028a3338cc70 DEOPT PACKING pc=0x0000028a3dba0284 sp=0x000000e4347fe0f0
Event: 1.915 Thread 0x0000028a3338cc70 DEOPT UNPACKING pc=0x0000028a3d5b69a3 sp=0x000000e4347fe008 mode 2

Classes unloaded (0 events):
No events

Classes redefined (0 events):
No events

Internal exceptions (20 events):
Event: 1.215 Thread 0x0000028a3338cc70 Exception <a 'java/lang/NoSuchMethodError'{0x000000074ed1e288}: 'java.lang.Object java.lang.invoke.DirectMethodHandle$Holder.invokeSpecial(java.lang.Object, java.lang.Object, java.lang.Object, java.lang.Object, java.lang.Object, java.lang.Object, int)'> (0x000000074ed1e288) 
thrown [s\src\hotspot\share\interpreter\linkResolver.cpp, line 759]
Event: 1.216 Thread 0x0000028a3338cc70 Exception <a 'java/lang/NoSuchMethodError'{0x000000074ed287f0}: 'java.lang.Object java.lang.invoke.DirectMethodHandle$Holder.newInvokeSpecial(java.lang.Object, java.lang.Object, java.lang.Object, java.lang.Object, java.lang.Object, java.lang.Object, int)'> (0x000000074ed287f0) 
thrown [s\src\hotspot\share\interpreter\linkResolver.cpp, line 759]
Event: 1.217 Thread 0x0000028a3338cc70 Exception <a 'java/lang/NoSuchMethodError'{0x000000074ed2d830}: 'java.lang.Object java.lang.invoke.DirectMethodHandle$Holder.invokeSpecial(java.lang.Object, java.lang.Object, java.lang.Object, java.lang.Object, java.lang.Object, java.lang.Object, java.lang.Object, int)'> (0x000000074ed2d830) 
thrown [s\src\hotspot\share\interpreter\linkResolver.cpp, line 759]
Event: 1.295 Thread 0x0000028a3338cc70 Exception <a 'java/lang/NoSuchMethodError'{0x000000074ea59d88}: 'int java.lang.invoke.DirectMethodHandle$Holder.invokeInterface(java.lang.Object, java.lang.Object)'> (0x000000074ea59d88) 
thrown [s\src\hotspot\share\interpreter\linkResolver.cpp, line 759]
Event: 1.372 Thread 0x0000028a3338cc70 Exception <a 'java/lang/NoSuchMethodError'{0x000000074eb58c80}: 'java.lang.Object java.lang.invoke.DirectMethodHandle$Holder.invokeSpecial(java.lang.Object, java.lang.Object, java.lang.Object, int, java.lang.Object)'> (0x000000074eb58c80) 
thrown [s\src\hotspot\share\interpreter\linkResolver.cpp, line 759]
Event: 1.374 Thread 0x0000028a3338cc70 Exception <a 'java/lang/NoSuchMethodError'{0x000000074eb612e0}: 'java.lang.Object java.lang.invoke.DirectMethodHandle$Holder.newInvokeSpecial(java.lang.Object, java.lang.Object, java.lang.Object, int, java.lang.Object)'> (0x000000074eb612e0) 
thrown [s\src\hotspot\share\interpreter\linkResolver.cpp, line 759]
Event: 1.378 Thread 0x0000028a3338cc70 Exception <a 'java/lang/NoSuchMethodError'{0x000000074eb775e0}: 'java.lang.Object java.lang.invoke.DirectMethodHandle$Holder.newInvokeSpecial(java.lang.Object, int, java.lang.Object)'> (0x000000074eb775e0) 
thrown [s\src\hotspot\share\interpreter\linkResolver.cpp, line 759]
Event: 1.380 Thread 0x0000028a3338cc70 Exception <a 'java/lang/NoSuchMethodError'{0x000000074eb7c2c0}: 'int java.lang.invoke.DirectMethodHandle$Holder.invokeSpecialIFC(java.lang.Object, java.lang.Object, java.lang.Object, java.lang.Object)'> (0x000000074eb7c2c0) 
thrown [s\src\hotspot\share\interpreter\linkResolver.cpp, line 759]
Event: 1.420 Thread 0x0000028a3338cc70 Exception <a 'java/lang/NoSuchMethodError'{0x000000074e86c188}: 'void java.lang.invoke.DirectMethodHandle$Holder.invokeInterface(java.lang.Object, java.lang.Object, java.lang.Object)'> (0x000000074e86c188) 
thrown [s\src\hotspot\share\interpreter\linkResolver.cpp, line 759]
Event: 1.459 Thread 0x0000028a3338cc70 Exception <a 'java/lang/NoSuchMethodError'{0x000000074e8ef528}: 'void java.lang.invoke.DirectMethodHandle$Holder.invokeStaticInit(java.lang.Object, java.lang.Object, java.lang.Object)'> (0x000000074e8ef528) 
thrown [s\src\hotspot\share\interpreter\linkResolver.cpp, line 759]
Event: 1.470 Thread 0x0000028a3338cc70 Exception <a 'java/lang/NoSuchMethodError'{0x000000074e934620}: 'java.lang.Object java.lang.invoke.DirectMethodHandle$Holder.invokeStatic(java.lang.Object, java.lang.Object, long, java.lang.Object)'> (0x000000074e934620) 
thrown [s\src\hotspot\share\interpreter\linkResolver.cpp, line 759]
Event: 1.470 Thread 0x0000028a3338cc70 Exception <a 'java/lang/NoSuchMethodError'{0x000000074e9380b8}: 'java.lang.Object java.lang.invoke.DirectMethodHandle$Holder.invokeStaticInit(java.lang.Object, java.lang.Object, long, java.lang.Object)'> (0x000000074e9380b8) 
thrown [s\src\hotspot\share\interpreter\linkResolver.cpp, line 759]
Event: 1.471 Thread 0x0000028a3338cc70 Exception <a 'java/lang/NoSuchMethodError'{0x000000074e93e838}: 'java.lang.Object java.lang.invoke.DirectMethodHandle$Holder.newInvokeSpecial(java.lang.Object, java.lang.Object, long)'> (0x000000074e93e838) 
thrown [s\src\hotspot\share\interpreter\linkResolver.cpp, line 759]
Event: 1.471 Thread 0x0000028a3338cc70 Exception <a 'java/lang/NoSuchMethodError'{0x000000074e9423a8}: 'java.lang.Object java.lang.invoke.Invokers$Holder.linkToTargetMethod(java.lang.Object, long, java.lang.Object)'> (0x000000074e9423a8) 
thrown [s\src\hotspot\share\interpreter\linkResolver.cpp, line 759]
Event: 1.497 Thread 0x0000028a3338cc70 Exception <a 'java/lang/NoSuchMethodError'{0x000000074e98c850}: 'void java.lang.invoke.DirectMethodHandle$Holder.invokeSpecial(java.lang.Object, java.lang.Object, java.lang.Object, java.lang.Object, java.lang.Object)'> (0x000000074e98c850) 
thrown [s\src\hotspot\share\interpreter\linkResolver.cpp, line 759]
Event: 1.499 Thread 0x0000028a3338cc70 Exception <a 'java/lang/NoSuchMethodError'{0x000000074e997ef8}: 'void java.lang.invoke.DirectMethodHandle$Holder.invokeVirtual(java.lang.Object, java.lang.Object, java.lang.Object, java.lang.Object)'> (0x000000074e997ef8) 
thrown [s\src\hotspot\share\interpreter\linkResolver.cpp, line 759]
Event: 1.558 Thread 0x0000028a3338cc70 Exception <a 'java/lang/NoSuchMethodError'{0x000000074e6e5838}: 'void java.lang.invoke.DirectMethodHandle$Holder.invokeSpecial(java.lang.Object, java.lang.Object, java.lang.Object)'> (0x000000074e6e5838) 
thrown [s\src\hotspot\share\interpreter\linkResolver.cpp, line 759]
Event: 1.563 Thread 0x0000028a3338cc70 Exception <a 'java/lang/NoSuchMethodError'{0x000000074e6fe148}: 'java.lang.Object java.lang.invoke.DirectMethodHandle$Holder.invokeVirtual(java.lang.Object, java.lang.Object, java.lang.Object)'> (0x000000074e6fe148) 
thrown [s\src\hotspot\share\interpreter\linkResolver.cpp, line 759]
Event: 1.619 Thread 0x0000028a3338cc70 Exception <a 'java/lang/IncompatibleClassChangeError'{0x000000074e7fc620}: Found class java.lang.Object, but interface was expected> (0x000000074e7fc620) 
thrown [s\src\hotspot\share\interpreter\linkResolver.cpp, line 826]
Event: 1.620 Thread 0x0000028a53f00070 Exception <a 'java/lang/NoClassDefFoundError'{0x000000074e415f18}: jakarta/validation/Validation> (0x000000074e415f18) 
thrown [s\src\hotspot\share\classfile\systemDictionary.cpp, line 245]

VM Operations (20 events):
Event: 0.300 Executing VM operation: HandshakeAllThreads
Event: 0.300 Executing VM operation: HandshakeAllThreads done
Event: 0.530 Executing VM operation: HandshakeAllThreads
Event: 0.530 Executing VM operation: HandshakeAllThreads done
Event: 0.956 Executing VM operation: HandshakeAllThreads
Event: 0.956 Executing VM operation: HandshakeAllThreads done
Event: 1.166 Executing VM operation: G1CollectForAllocation
Event: 1.174 Executing VM operation: G1CollectForAllocation done
Event: 1.332 Executing VM operation: HandshakeAllThreads
Event: 1.332 Executing VM operation: HandshakeAllThreads done
Event: 1.553 Executing VM operation: HandshakeAllThreads
Event: 1.553 Executing VM operation: HandshakeAllThreads done
Event: 1.782 Executing VM operation: ICBufferFull
Event: 1.782 Executing VM operation: ICBufferFull done
Event: 1.824 Executing VM operation: HandshakeAllThreads
Event: 1.824 Executing VM operation: HandshakeAllThreads done
Event: 1.872 Executing VM operation: G1CollectForAllocation
Event: 1.879 Executing VM operation: G1CollectForAllocation done
Event: 1.882 Executing VM operation: HandshakeAllThreads
Event: 1.882 Executing VM operation: HandshakeAllThreads done

Events (20 events):
Event: 1.916 loading class java/util/TreeMap$Values
Event: 1.916 loading class java/util/TreeMap$Values done
Event: 1.916 loading class java/beans/SimpleBeanInfo
Event: 1.917 loading class java/beans/SimpleBeanInfo done
Event: 1.917 loading class java/util/TreeMap$ValueIterator
Event: 1.917 loading class java/util/TreeMap$ValueIterator done
Event: 1.918 loading class com/sun/beans/TypeResolver
Event: 1.918 loading class com/sun/beans/TypeResolver done
Event: 1.918 loading class com/sun/beans/WeakCache
Event: 1.918 loading class com/sun/beans/WeakCache done
Event: 1.919 loading class sun/reflect/generics/scope/MethodScope
Event: 1.919 loading class sun/reflect/generics/scope/MethodScope done
Event: 1.919 loading class sun/reflect/generics/repository/MethodRepository
Event: 1.919 loading class sun/reflect/generics/repository/MethodRepository done
Event: 1.919 loading class com/sun/beans/WildcardTypeImpl
Event: 1.919 loading class com/sun/beans/WildcardTypeImpl done
Event: 1.919 loading class java/util/AbstractList$ListItr
Event: 1.920 loading class java/util/AbstractList$Itr
Event: 1.920 loading class java/util/AbstractList$Itr done
Event: 1.920 loading class java/util/AbstractList$ListItr done


Dynamic libraries:
0x00007ff60d2a0000 - 0x00007ff60d2ae000 	C:\Users\varma\.vscode\extensions\redhat.java-1.31.0-win32-x64\jre\17.0.11-win32-x86_64\bin\java.exe
0x00007ffbde320000 - 0x00007ffbde527000 	C:\WINDOWS\SYSTEM32\ntdll.dll
0x00007ffbdd1a0000 - 0x00007ffbdd25d000 	C:\WINDOWS\System32\KERNEL32.DLL
0x00007ffbdb990000 - 0x00007ffbdbd02000 	C:\WINDOWS\System32\KERNELBASE.dll
0x00007ffbdbd10000 - 0x00007ffbdbe21000 	C:\WINDOWS\System32\ucrtbase.dll
0x00007ffb7fc70000 - 0x00007ffb7fc8b000 	C:\Users\varma\.vscode\extensions\redhat.java-1.31.0-win32-x64\jre\17.0.11-win32-x86_64\bin\VCRUNTIME140.dll
0x00007ffb882a0000 - 0x00007ffb882b7000 	C:\Users\varma\.vscode\extensions\redhat.java-1.31.0-win32-x64\jre\17.0.11-win32-x86_64\bin\jli.dll
0x00007ffbdd480000 - 0x00007ffbdd62c000 	C:\WINDOWS\System32\USER32.dll
0x00007ffbdb840000 - 0x00007ffbdb866000 	C:\WINDOWS\System32\win32u.dll
0x00007ffba6d70000 - 0x00007ffba7015000 	C:\WINDOWS\WinSxS\amd64_microsoft.windows.common-controls_6595b64144ccf1df_6.0.21996.1_none_7d6b053978bcd706\COMCTL32.dll
0x00007ffbdd260000 - 0x00007ffbdd303000 	C:\WINDOWS\System32\msvcrt.dll
0x00007ffbdde70000 - 0x00007ffbdde99000 	C:\WINDOWS\System32\GDI32.dll
0x00007ffbdb870000 - 0x00007ffbdb982000 	C:\WINDOWS\System32\gdi32full.dll
0x00007ffbdbeb0000 - 0x00007ffbdbf4d000 	C:\WINDOWS\System32\msvcp_win.dll
0x00007ffbdd140000 - 0x00007ffbdd171000 	C:\WINDOWS\System32\IMM32.DLL
0x00007ffbb99b0000 - 0x00007ffbb99bc000 	C:\Users\varma\.vscode\extensions\redhat.java-1.31.0-win32-x64\jre\17.0.11-win32-x86_64\bin\vcruntime140_1.dll
0x00007ffb0faa0000 - 0x00007ffb0fb2d000 	C:\Users\varma\.vscode\extensions\redhat.java-1.31.0-win32-x64\jre\17.0.11-win32-x86_64\bin\msvcp140.dll
0x00007ffb0ee30000 - 0x00007ffb0fa92000 	C:\Users\varma\.vscode\extensions\redhat.java-1.31.0-win32-x64\jre\17.0.11-win32-x86_64\bin\server\jvm.dll
0x00007ffbddfa0000 - 0x00007ffbde04c000 	C:\WINDOWS\System32\ADVAPI32.dll
0x00007ffbdd310000 - 0x00007ffbdd3ad000 	C:\WINDOWS\System32\sechost.dll
0x00007ffbdc7f0000 - 0x00007ffbdc911000 	C:\WINDOWS\System32\RPCRT4.dll
0x00007ffbdb570000 - 0x00007ffbdb5bd000 	C:\WINDOWS\SYSTEM32\POWRPROF.dll
0x00007ffbb99c0000 - 0x00007ffbb99c9000 	C:\WINDOWS\SYSTEM32\WSOCK32.dll
0x00007ffbdd3b0000 - 0x00007ffbdd41f000 	C:\WINDOWS\System32\WS2_32.dll
0x00007ffbd5280000 - 0x00007ffbd52b3000 	C:\WINDOWS\SYSTEM32\WINMM.dll
0x00007ffbd4f20000 - 0x00007ffbd4f2a000 	C:\WINDOWS\SYSTEM32\VERSION.dll
0x00007ffbdb4a0000 - 0x00007ffbdb4b3000 	C:\WINDOWS\SYSTEM32\UMPDC.dll
0x00007ffbda970000 - 0x00007ffbda987000 	C:\WINDOWS\SYSTEM32\kernel.appcore.dll
0x00007ffba8970000 - 0x00007ffba897a000 	C:\Users\varma\.vscode\extensions\redhat.java-1.31.0-win32-x64\jre\17.0.11-win32-x86_64\bin\jimage.dll
0x00007ffbd93f0000 - 0x00007ffbd9611000 	C:\WINDOWS\SYSTEM32\DBGHELP.DLL
0x00007ffbbb980000 - 0x00007ffbbb9b1000 	C:\WINDOWS\SYSTEM32\dbgcore.DLL
0x00007ffbdbe30000 - 0x00007ffbdbeb0000 	C:\WINDOWS\System32\bcryptPrimitives.dll
0x00007ffb7fb70000 - 0x00007ffb7fb95000 	C:\Users\varma\.vscode\extensions\redhat.java-1.31.0-win32-x64\jre\17.0.11-win32-x86_64\bin\java.dll
0x00007ffb7fc50000 - 0x00007ffb7fc68000 	C:\Users\varma\.vscode\extensions\redhat.java-1.31.0-win32-x64\jre\17.0.11-win32-x86_64\bin\zip.dll
0x00007ffbdd6e0000 - 0x00007ffbdde49000 	C:\WINDOWS\System32\SHELL32.dll
0x00007ffbd9a00000 - 0x00007ffbda258000 	C:\WINDOWS\SYSTEM32\windows.storage.dll
0x00007ffbdc470000 - 0x00007ffbdc7e5000 	C:\WINDOWS\System32\combase.dll
0x00007ffbd9890000 - 0x00007ffbd99f6000 	C:\WINDOWS\SYSTEM32\wintypes.dll
0x00007ffbde050000 - 0x00007ffbde13a000 	C:\WINDOWS\System32\SHCORE.dll
0x00007ffbdc1f0000 - 0x00007ffbdc24d000 	C:\WINDOWS\System32\shlwapi.dll
0x00007ffbdb770000 - 0x00007ffbdb791000 	C:\WINDOWS\SYSTEM32\profapi.dll
0x00007ffb7fb50000 - 0x00007ffb7fb69000 	C:\Users\varma\.vscode\extensions\redhat.java-1.31.0-win32-x64\jre\17.0.11-win32-x86_64\bin\net.dll
0x00007ffbd5170000 - 0x00007ffbd527c000 	C:\WINDOWS\SYSTEM32\WINHTTP.dll
0x00007ffbdadf0000 - 0x00007ffbdae57000 	C:\WINDOWS\system32\mswsock.dll
0x00007ffb77940000 - 0x00007ffb77956000 	C:\Users\varma\.vscode\extensions\redhat.java-1.31.0-win32-x64\jre\17.0.11-win32-x86_64\bin\nio.dll

dbghelp: loaded successfully - version: 4.0.5 - missing functions: none
symbol engine: initialized successfully - sym options: 0x614 - pdb path: .;C:\Users\varma\.vscode\extensions\redhat.java-1.31.0-win32-x64\jre\17.0.11-win32-x86_64\bin;C:\WINDOWS\SYSTEM32;C:\WINDOWS\WinSxS\amd64_microsoft.windows.common-controls_6595b64144ccf1df_6.0.21996.1_none_7d6b053978bcd706;C:\Users\varma\.vscode\extensions\redhat.java-1.31.0-win32-x64\jre\17.0.11-win32-x86_64\bin\server

VM Arguments:
jvm_args: -XX:+ShowCodeDetailsInExceptionMessages 
java_command: com.vms.medxbid.SpringSecurityJwtApplication
java_class_path (initial): D:\medxbid-api\target\classes;C:\Users\varma\.m2\repository\org\springframework\boot\spring-boot-starter-web\3.2.5\spring-boot-starter-web-3.2.5.jar;C:\Users\varma\.m2\repository\org\springframework\boot\spring-boot-starter\3.2.5\spring-boot-starter-3.2.5.jar;C:\Users\varma\.m2\repository\org\springframework\boot\spring-boot\3.2.5\spring-boot-3.2.5.jar;C:\Users\varma\.m2\repository\org\springframework\boot\spring-boot-autoconfigure\3.2.5\spring-boot-autoconfigure-3.2.5.jar;C:\Users\varma\.m2\repository\org\springframework\boot\spring-boot-starter-logging\3.2.5\spring-boot-starter-logging-3.2.5.jar;C:\Users\varma\.m2\repository\ch\qos\logback\logback-classic\1.4.14\logback-classic-1.4.14.jar;C:\Users\varma\.m2\repository\ch\qos\logback\logback-core\1.4.14\logback-core-1.4.14.jar;C:\Users\varma\.m2\repository\org\apache\logging\log4j\log4j-to-slf4j\2.21.1\log4j-to-slf4j-2.21.1.jar;C:\Users\varma\.m2\repository\org\apache\logging\log4j\log4j-api\2.21.1\log4j-api-2.21.1.jar;C:\Users\varma\.m2\repository\org\slf4j\jul-to-slf4j\2.0.13\jul-to-slf4j-2.0.13.jar;C:\Users\varma\.m2\repository\jakarta\annotation\jakarta.annotation-api\2.1.1\jakarta.annotation-api-2.1.1.jar;C:\Users\varma\.m2\repository\org\yaml\snakeyaml\2.2\snakeyaml-2.2.jar;C:\Users\varma\.m2\repository\org\springframework\boot\spring-boot-starter-json\3.2.5\spring-boot-starter-json-3.2.5.jar;C:\Users\varma\.m2\repository\com\fasterxml\jackson\datatype\jackson-datatype-jdk8\2.15.4\jackson-datatype-jdk8-2.15.4.jar;C:\Users\varma\.m2\repository\com\fasterxml\jackson\datatype\jackson-datatype-jsr310\2.15.4\jackson-datatype-jsr310-2.15.4.jar;C:\Users\varma\.m2\repository\com\fasterxml\jackson\module\jackson-module-parameter-names\2.15.4\jackson-module-parameter-names-2.15.4.jar;C:\Users\varma\.m2\repository\org\springframework\boot\spring-boot-starter-tomcat\3.2.5\spring-boot-starter-tomcat-3.2.5.jar;C:\Users\varma\.m2\repository\org\apache\tomcat\embed\tomcat-embed-core\10.1.20\tomca
Launcher Type: SUN_STANDARD

[Global flags]
     intx CICompilerCount                          = 4                                         {product} {ergonomic}
     uint ConcGCThreads                            = 2                                         {product} {ergonomic}
     uint G1ConcRefinementThreads                  = 8                                         {product} {ergonomic}
   size_t G1HeapRegionSize                         = 2097152                                   {product} {ergonomic}
    uintx GCDrainStackTargetSize                   = 64                                        {product} {ergonomic}
   size_t InitialHeapSize                          = 199229440                                 {product} {ergonomic}
   size_t MarkStackSize                            = 4194304                                   {product} {ergonomic}
   size_t MaxHeapSize                              = 3170893824                                {product} {ergonomic}
   size_t MaxNewSize                               = 1902116864                                {product} {ergonomic}
   size_t MinHeapDeltaBytes                        = 2097152                                   {product} {ergonomic}
   size_t MinHeapSize                              = 8388608                                   {product} {ergonomic}
    uintx NonNMethodCodeHeapSize                   = 5839372                                {pd product} {ergonomic}
    uintx NonProfiledCodeHeapSize                  = 122909434                              {pd product} {ergonomic}
    uintx ProfiledCodeHeapSize                     = 122909434                              {pd product} {ergonomic}
    uintx ReservedCodeCacheSize                    = 251658240                              {pd product} {ergonomic}
     bool SegmentedCodeCache                       = true                                      {product} {ergonomic}
     bool ShowCodeDetailsInExceptionMessages       = true                                   {manageable} {command line}
   size_t SoftMaxHeapSize                          = 3170893824                             {manageable} {ergonomic}
     bool UseCompressedClassPointers               = true                           {product lp64_product} {ergonomic}
     bool UseCompressedOops                        = true                           {product lp64_product} {ergonomic}
     bool UseG1GC                                  = true                                      {product} {ergonomic}
     bool UseLargePagesIndividualAllocation        = false                                  {pd product} {ergonomic}

Logging:
Log output configuration:
 #0: stdout all=warning uptime,level,tags
 #1: stderr all=off uptime,level,tags

Environment Variables:
JAVA_HOME=C:\Program Files\Java\jdk-18.0.1.1
CLASSPATH=C:\mysql-connector-j-8.1.0.jar;.;
PATH=C:\Windows\System32;C:\Program Files\nodejs\;C:\Program Files\HP\HP One Agent;C:\Android Emulator;C:\Android Emulator\cmdline-tools\tools;C:\Android Emulator\cmdline-tools\tools\bin;C:\Program Files\Java\jdk-18.0.1.1\bin;C:\Users\varma\AppData\Local\Programs\Microsoft VS Code\bin;C:\Users\varma\AppData\Roaming\npm;C:\Program Files\Git\bin;
USERNAME=varma
LANG=en_US.UTF-8
OS=Windows_NT
PROCESSOR_IDENTIFIER=Intel64 Family 6 Model 142 Stepping 12, GenuineIntel
TMP=C:\Users\varma\AppData\Local\Temp
TEMP=C:\Users\varma\AppData\Local\Temp



Periodic native trim disabled


---------------  S Y S T E M  ---------------

OS:
 Windows 10 , 64 bit Build 21996 (10.0.21996.1)
OS uptime: 0 days 1:37 hours

CPU: total 8 (initial active 8) (4 cores per cpu, 2 threads per core) family 6 model 142 stepping 12 microcode 0xea, cx8, cmov, fxsr, ht, mmx, 3dnowpref, sse, sse2, sse3, ssse3, sse4.1, sse4.2, popcnt, lzcnt, tsc, tscinvbit, avx, avx2, aes, erms, clmul, bmi1, bmi2, adx, fma, vzeroupper, clflush, clflushopt
Processor Information for all 8 processors :
  Max Mhz: 2112, Current Mhz: 1609, Mhz Limit: 1605

Memory: 4k page, system-wide physical 12091M (726M free)
TotalPageFile size 16091M (AvailPageFile size 4M)
current process WorkingSet (physical memory assigned to process): 113M, peak: 113M
current process commit charge ("private bytes"): 310M, peak: 310M

vm_info: OpenJDK 64-Bit Server VM (17.0.11+9) for windows-amd64 JRE (17.0.11+9), built on Apr 17 2024 06:07:48 by "admin" with MS VC++ 16.10 / 16.11 (VS2019)

END.
